[0.101s] DEBUG:colcon:Command line arguments: ['/usr/bin/colcon', 'build']
[0.101s] DEBUG:colcon:Parsed command line arguments: Namespace(log_base=None, log_level=None, verb_name='build', build_base='build', install_base='install', merge_install=False, symlink_install=False, test_result_base=None, continue_on_error=False, executor='parallel', parallel_workers=8, event_handlers=None, ignore_user_meta=False, metas=['./colcon.meta'], base_paths=['.'], packages_ignore=None, packages_ignore_regex=None, paths=None, packages_up_to=None, packages_up_to_regex=None, packages_above=None, packages_above_and_dependencies=None, packages_above_depth=None, packages_select_by_dep=None, packages_skip_by_dep=None, packages_skip_up_to=None, packages_select_build_failed=False, packages_skip_build_finished=False, packages_select_test_failures=False, packages_skip_test_passed=False, packages_select=None, packages_skip=None, packages_select_regex=None, packages_skip_regex=None, packages_start=None, packages_end=None, allow_overriding=[], cmake_args=None, cmake_target=None, cmake_target_skip_unavailable=False, cmake_clean_cache=False, cmake_clean_first=False, cmake_force_configure=False, ament_cmake_args=None, catkin_cmake_args=None, catkin_skip_building_tests=False, verb_parser=<colcon_defaults.argument_parser.defaults.DefaultArgumentsDecorator object at 0x7f68a0eec400>, verb_extension=<colcon_core.verb.build.BuildVerb object at 0x7f68a1065ba0>, main=<bound method BuildVerb.main of <colcon_core.verb.build.BuildVerb object at 0x7f68a1065ba0>>)
[0.247s] Level 1:colcon.colcon_core.package_discovery:discover_packages(colcon_meta) check parameters
[0.247s] Level 1:colcon.colcon_core.package_discovery:discover_packages(recursive) check parameters
[0.247s] Level 1:colcon.colcon_core.package_discovery:discover_packages(ignore) check parameters
[0.247s] Level 1:colcon.colcon_core.package_discovery:discover_packages(path) check parameters
[0.247s] Level 1:colcon.colcon_core.package_discovery:discover_packages(colcon_meta) discover
[0.247s] Level 1:colcon.colcon_core.package_discovery:discover_packages(recursive) discover
[0.247s] INFO:colcon.colcon_core.package_discovery:Crawling recursively for packages in '/home/veljkogalovic/robot_ws/NewWorkspace'
[0.247s] Level 1:colcon.colcon_core.package_identification:_identify(.) by extensions ['ignore', 'ignore_ament_install']
[0.247s] Level 1:colcon.colcon_core.package_identification:_identify(.) by extension 'ignore'
[0.247s] Level 1:colcon.colcon_core.package_identification:_identify(.) by extension 'ignore_ament_install'
[0.248s] Level 1:colcon.colcon_core.package_identification:_identify(.) by extensions ['colcon_pkg']
[0.248s] Level 1:colcon.colcon_core.package_identification:_identify(.) by extension 'colcon_pkg'
[0.248s] Level 1:colcon.colcon_core.package_identification:_identify(.) by extensions ['colcon_meta']
[0.248s] Level 1:colcon.colcon_core.package_identification:_identify(.) by extension 'colcon_meta'
[0.248s] Level 1:colcon.colcon_core.package_identification:_identify(.) by extensions ['ros']
[0.248s] Level 1:colcon.colcon_core.package_identification:_identify(.) by extension 'ros'
[0.288s] Level 1:colcon.colcon_core.package_identification:_identify(.) by extensions ['cmake', 'python']
[0.289s] Level 1:colcon.colcon_core.package_identification:_identify(.) by extension 'cmake'
[0.289s] Level 1:colcon.colcon_core.package_identification:_identify(.) by extension 'python'
[0.289s] Level 1:colcon.colcon_core.package_identification:_identify(.) by extensions ['python_setup_py']
[0.289s] Level 1:colcon.colcon_core.package_identification:_identify(.) by extension 'python_setup_py'
[0.289s] Level 1:colcon.colcon_core.package_identification:_identify(build) by extensions ['ignore', 'ignore_ament_install']
[0.289s] Level 1:colcon.colcon_core.package_identification:_identify(build) by extension 'ignore'
[0.289s] Level 1:colcon.colcon_core.package_identification:_identify(build) ignored
[0.289s] Level 1:colcon.colcon_core.package_identification:_identify(install) by extensions ['ignore', 'ignore_ament_install']
[0.289s] Level 1:colcon.colcon_core.package_identification:_identify(install) by extension 'ignore'
[0.289s] Level 1:colcon.colcon_core.package_identification:_identify(install) ignored
[0.289s] Level 1:colcon.colcon_core.package_identification:_identify(log) by extensions ['ignore', 'ignore_ament_install']
[0.290s] Level 1:colcon.colcon_core.package_identification:_identify(log) by extension 'ignore'
[0.290s] Level 1:colcon.colcon_core.package_identification:_identify(log) ignored
[0.290s] Level 1:colcon.colcon_core.package_identification:_identify(src) by extensions ['ignore', 'ignore_ament_install']
[0.290s] Level 1:colcon.colcon_core.package_identification:_identify(src) by extension 'ignore'
[0.290s] Level 1:colcon.colcon_core.package_identification:_identify(src) by extension 'ignore_ament_install'
[0.290s] Level 1:colcon.colcon_core.package_identification:_identify(src) by extensions ['colcon_pkg']
[0.290s] Level 1:colcon.colcon_core.package_identification:_identify(src) by extension 'colcon_pkg'
[0.290s] Level 1:colcon.colcon_core.package_identification:_identify(src) by extensions ['colcon_meta']
[0.290s] Level 1:colcon.colcon_core.package_identification:_identify(src) by extension 'colcon_meta'
[0.290s] Level 1:colcon.colcon_core.package_identification:_identify(src) by extensions ['ros']
[0.290s] Level 1:colcon.colcon_core.package_identification:_identify(src) by extension 'ros'
[0.290s] Level 1:colcon.colcon_core.package_identification:_identify(src) by extensions ['cmake', 'python']
[0.290s] Level 1:colcon.colcon_core.package_identification:_identify(src) by extension 'cmake'
[0.290s] Level 1:colcon.colcon_core.package_identification:_identify(src) by extension 'python'
[0.290s] Level 1:colcon.colcon_core.package_identification:_identify(src) by extensions ['python_setup_py']
[0.290s] Level 1:colcon.colcon_core.package_identification:_identify(src) by extension 'python_setup_py'
[0.290s] Level 1:colcon.colcon_core.package_identification:_identify(src/lidar_msgs) by extensions ['ignore', 'ignore_ament_install']
[0.290s] Level 1:colcon.colcon_core.package_identification:_identify(src/lidar_msgs) by extension 'ignore'
[0.290s] Level 1:colcon.colcon_core.package_identification:_identify(src/lidar_msgs) by extension 'ignore_ament_install'
[0.290s] Level 1:colcon.colcon_core.package_identification:_identify(src/lidar_msgs) by extensions ['colcon_pkg']
[0.290s] Level 1:colcon.colcon_core.package_identification:_identify(src/lidar_msgs) by extension 'colcon_pkg'
[0.290s] Level 1:colcon.colcon_core.package_identification:_identify(src/lidar_msgs) by extensions ['colcon_meta']
[0.290s] Level 1:colcon.colcon_core.package_identification:_identify(src/lidar_msgs) by extension 'colcon_meta'
[0.291s] Level 1:colcon.colcon_core.package_identification:_identify(src/lidar_msgs) by extensions ['ros']
[0.291s] Level 1:colcon.colcon_core.package_identification:_identify(src/lidar_msgs) by extension 'ros'
[0.293s] DEBUG:colcon.colcon_core.package_identification:Package 'src/lidar_msgs' with type 'ros.ament_cmake' and name 'lidar_msgs'
[0.293s] Level 1:colcon.colcon_core.package_identification:_identify(src/lidar_pkg) by extensions ['ignore', 'ignore_ament_install']
[0.293s] Level 1:colcon.colcon_core.package_identification:_identify(src/lidar_pkg) by extension 'ignore'
[0.293s] Level 1:colcon.colcon_core.package_identification:_identify(src/lidar_pkg) by extension 'ignore_ament_install'
[0.293s] Level 1:colcon.colcon_core.package_identification:_identify(src/lidar_pkg) by extensions ['colcon_pkg']
[0.294s] Level 1:colcon.colcon_core.package_identification:_identify(src/lidar_pkg) by extension 'colcon_pkg'
[0.294s] Level 1:colcon.colcon_core.package_identification:_identify(src/lidar_pkg) by extensions ['colcon_meta']
[0.294s] Level 1:colcon.colcon_core.package_identification:_identify(src/lidar_pkg) by extension 'colcon_meta'
[0.294s] Level 1:colcon.colcon_core.package_identification:_identify(src/lidar_pkg) by extensions ['ros']
[0.294s] Level 1:colcon.colcon_core.package_identification:_identify(src/lidar_pkg) by extension 'ros'
[0.294s] DEBUG:colcon.colcon_core.package_identification:Package 'src/lidar_pkg' with type 'ros.ament_cmake' and name 'lidar_pkg'
[0.295s] Level 1:colcon.colcon_core.package_discovery:discover_packages(recursive) using defaults
[0.295s] Level 1:colcon.colcon_core.package_discovery:discover_packages(ignore) discover
[0.295s] Level 1:colcon.colcon_core.package_discovery:discover_packages(ignore) using defaults
[0.295s] Level 1:colcon.colcon_core.package_discovery:discover_packages(path) discover
[0.295s] Level 1:colcon.colcon_core.package_discovery:discover_packages(path) using defaults
[0.314s] Level 1:colcon.colcon_core.package_discovery:discover_packages(prefix_path) check parameters
[0.314s] Level 1:colcon.colcon_core.package_discovery:discover_packages(prefix_path) discover
[0.316s] DEBUG:colcon.colcon_installed_package_information.package_discovery:Found 273 installed packages in /opt/ros/humble
[0.317s] Level 1:colcon.colcon_core.package_discovery:discover_packages(prefix_path) using defaults
[0.351s] Level 5:colcon.colcon_core.verb:set package 'lidar_msgs' build argument 'cmake_args' from command line to 'None'
[0.351s] Level 5:colcon.colcon_core.verb:set package 'lidar_msgs' build argument 'cmake_target' from command line to 'None'
[0.351s] Level 5:colcon.colcon_core.verb:set package 'lidar_msgs' build argument 'cmake_target_skip_unavailable' from command line to 'False'
[0.351s] Level 5:colcon.colcon_core.verb:set package 'lidar_msgs' build argument 'cmake_clean_cache' from command line to 'False'
[0.351s] Level 5:colcon.colcon_core.verb:set package 'lidar_msgs' build argument 'cmake_clean_first' from command line to 'False'
[0.351s] Level 5:colcon.colcon_core.verb:set package 'lidar_msgs' build argument 'cmake_force_configure' from command line to 'False'
[0.351s] Level 5:colcon.colcon_core.verb:set package 'lidar_msgs' build argument 'ament_cmake_args' from command line to 'None'
[0.351s] Level 5:colcon.colcon_core.verb:set package 'lidar_msgs' build argument 'catkin_cmake_args' from command line to 'None'
[0.351s] Level 5:colcon.colcon_core.verb:set package 'lidar_msgs' build argument 'catkin_skip_building_tests' from command line to 'False'
[0.352s] DEBUG:colcon.colcon_core.verb:Building package 'lidar_msgs' with the following arguments: {'ament_cmake_args': None, 'build_base': '/home/veljkogalovic/robot_ws/NewWorkspace/build/lidar_msgs', 'catkin_cmake_args': None, 'catkin_skip_building_tests': False, 'cmake_args': None, 'cmake_clean_cache': False, 'cmake_clean_first': False, 'cmake_force_configure': False, 'cmake_target': None, 'cmake_target_skip_unavailable': False, 'install_base': '/home/veljkogalovic/robot_ws/NewWorkspace/install/lidar_msgs', 'merge_install': False, 'path': '/home/veljkogalovic/robot_ws/NewWorkspace/src/lidar_msgs', 'symlink_install': False, 'test_result_base': None}
[0.352s] Level 5:colcon.colcon_core.verb:set package 'lidar_pkg' build argument 'cmake_args' from command line to 'None'
[0.352s] Level 5:colcon.colcon_core.verb:set package 'lidar_pkg' build argument 'cmake_target' from command line to 'None'
[0.352s] Level 5:colcon.colcon_core.verb:set package 'lidar_pkg' build argument 'cmake_target_skip_unavailable' from command line to 'False'
[0.352s] Level 5:colcon.colcon_core.verb:set package 'lidar_pkg' build argument 'cmake_clean_cache' from command line to 'False'
[0.352s] Level 5:colcon.colcon_core.verb:set package 'lidar_pkg' build argument 'cmake_clean_first' from command line to 'False'
[0.352s] Level 5:colcon.colcon_core.verb:set package 'lidar_pkg' build argument 'cmake_force_configure' from command line to 'False'
[0.352s] Level 5:colcon.colcon_core.verb:set package 'lidar_pkg' build argument 'ament_cmake_args' from command line to 'None'
[0.352s] Level 5:colcon.colcon_core.verb:set package 'lidar_pkg' build argument 'catkin_cmake_args' from command line to 'None'
[0.352s] Level 5:colcon.colcon_core.verb:set package 'lidar_pkg' build argument 'catkin_skip_building_tests' from command line to 'False'
[0.352s] DEBUG:colcon.colcon_core.verb:Building package 'lidar_pkg' with the following arguments: {'ament_cmake_args': None, 'build_base': '/home/veljkogalovic/robot_ws/NewWorkspace/build/lidar_pkg', 'catkin_cmake_args': None, 'catkin_skip_building_tests': False, 'cmake_args': None, 'cmake_clean_cache': False, 'cmake_clean_first': False, 'cmake_force_configure': False, 'cmake_target': None, 'cmake_target_skip_unavailable': False, 'install_base': '/home/veljkogalovic/robot_ws/NewWorkspace/install/lidar_pkg', 'merge_install': False, 'path': '/home/veljkogalovic/robot_ws/NewWorkspace/src/lidar_pkg', 'symlink_install': False, 'test_result_base': None}
[0.352s] INFO:colcon.colcon_core.executor:Executing jobs using 'parallel' executor
[0.353s] DEBUG:colcon.colcon_parallel_executor.executor.parallel:run_until_complete
[0.353s] INFO:colcon.colcon_ros.task.ament_cmake.build:Building ROS package in '/home/veljkogalovic/robot_ws/NewWorkspace/src/lidar_msgs' with build type 'ament_cmake'
[0.354s] INFO:colcon.colcon_cmake.task.cmake.build:Building CMake package in '/home/veljkogalovic/robot_ws/NewWorkspace/src/lidar_msgs'
[0.356s] INFO:colcon.colcon_core.plugin_system:Skipping extension 'colcon_core.shell.bat': Not used on non-Windows systems
[0.356s] INFO:colcon.colcon_core.shell:Skip shell extension 'powershell' for command environment: Not usable outside of PowerShell
[0.356s] DEBUG:colcon.colcon_core.shell:Skip shell extension 'dsv' for command environment
[0.365s] DEBUG:colcon.colcon_core.event_handler.log_command:Invoking command in '/home/veljkogalovic/robot_ws/NewWorkspace/build/lidar_msgs': CMAKE_PREFIX_PATH=/opt/ros/humble DEBUGINFOD_URLS=ima:enforcing https://debuginfod.fedoraproject.org/ ima:ignore PS1=📦[\u@ros2-env \W]$ /usr/bin/cmake --build /home/veljkogalovic/robot_ws/NewWorkspace/build/lidar_msgs -- -j8 -l8
[0.718s] DEBUG:colcon.colcon_core.event_handler.log_command:Invoked command in '/home/veljkogalovic/robot_ws/NewWorkspace/build/lidar_msgs' returned '0': CMAKE_PREFIX_PATH=/opt/ros/humble DEBUGINFOD_URLS=ima:enforcing https://debuginfod.fedoraproject.org/ ima:ignore PS1=📦[\u@ros2-env \W]$ /usr/bin/cmake --build /home/veljkogalovic/robot_ws/NewWorkspace/build/lidar_msgs -- -j8 -l8
[0.732s] DEBUG:colcon.colcon_core.event_handler.log_command:Invoking command in '/home/veljkogalovic/robot_ws/NewWorkspace/build/lidar_msgs': CMAKE_PREFIX_PATH=/opt/ros/humble DEBUGINFOD_URLS=ima:enforcing https://debuginfod.fedoraproject.org/ ima:ignore PS1=📦[\u@ros2-env \W]$ /usr/bin/cmake --install /home/veljkogalovic/robot_ws/NewWorkspace/build/lidar_msgs
[0.829s] Level 1:colcon.colcon_core.environment:create_environment_scripts_only(lidar_msgs)
[0.830s] DEBUG:colcon.colcon_core.event_handler.log_command:Invoked command in '/home/veljkogalovic/robot_ws/NewWorkspace/build/lidar_msgs' returned '0': CMAKE_PREFIX_PATH=/opt/ros/humble DEBUGINFOD_URLS=ima:enforcing https://debuginfod.fedoraproject.org/ ima:ignore PS1=📦[\u@ros2-env \W]$ /usr/bin/cmake --install /home/veljkogalovic/robot_ws/NewWorkspace/build/lidar_msgs
[0.835s] Level 1:colcon.colcon_core.environment:checking '/home/veljkogalovic/robot_ws/NewWorkspace/install/lidar_msgs' for CMake module files
[0.836s] Level 1:colcon.colcon_core.environment:checking '/home/veljkogalovic/robot_ws/NewWorkspace/install/lidar_msgs' for CMake config files
[0.837s] Level 1:colcon.colcon_core.shell:create_environment_hook('lidar_msgs', 'cmake_prefix_path')
[0.837s] INFO:colcon.colcon_core.shell:Creating environment hook '/home/veljkogalovic/robot_ws/NewWorkspace/install/lidar_msgs/share/lidar_msgs/hook/cmake_prefix_path.ps1'
[0.839s] INFO:colcon.colcon_core.shell:Creating environment descriptor '/home/veljkogalovic/robot_ws/NewWorkspace/install/lidar_msgs/share/lidar_msgs/hook/cmake_prefix_path.dsv'
[0.839s] INFO:colcon.colcon_core.shell:Creating environment hook '/home/veljkogalovic/robot_ws/NewWorkspace/install/lidar_msgs/share/lidar_msgs/hook/cmake_prefix_path.sh'
[0.841s] Level 1:colcon.colcon_core.environment:checking '/home/veljkogalovic/robot_ws/NewWorkspace/install/lidar_msgs/lib'
[0.842s] Level 1:colcon.colcon_core.shell:create_environment_hook('lidar_msgs', 'ld_library_path_lib')
[0.842s] INFO:colcon.colcon_core.shell:Creating environment hook '/home/veljkogalovic/robot_ws/NewWorkspace/install/lidar_msgs/share/lidar_msgs/hook/ld_library_path_lib.ps1'
[0.843s] INFO:colcon.colcon_core.shell:Creating environment descriptor '/home/veljkogalovic/robot_ws/NewWorkspace/install/lidar_msgs/share/lidar_msgs/hook/ld_library_path_lib.dsv'
[0.843s] INFO:colcon.colcon_core.shell:Creating environment hook '/home/veljkogalovic/robot_ws/NewWorkspace/install/lidar_msgs/share/lidar_msgs/hook/ld_library_path_lib.sh'
[0.844s] Level 1:colcon.colcon_core.environment:checking '/home/veljkogalovic/robot_ws/NewWorkspace/install/lidar_msgs/bin'
[0.844s] Level 1:colcon.colcon_core.environment:checking '/home/veljkogalovic/robot_ws/NewWorkspace/install/lidar_msgs/lib/pkgconfig/lidar_msgs.pc'
[0.845s] Level 1:colcon.colcon_core.environment:checking '/home/veljkogalovic/robot_ws/NewWorkspace/install/lidar_msgs/lib/python3.10/site-packages'
[0.846s] Level 1:colcon.colcon_core.environment:checking '/home/veljkogalovic/robot_ws/NewWorkspace/install/lidar_msgs/bin'
[0.846s] INFO:colcon.colcon_core.shell:Creating package script '/home/veljkogalovic/robot_ws/NewWorkspace/install/lidar_msgs/share/lidar_msgs/package.ps1'
[0.849s] INFO:colcon.colcon_core.shell:Creating package descriptor '/home/veljkogalovic/robot_ws/NewWorkspace/install/lidar_msgs/share/lidar_msgs/package.dsv'
[0.850s] INFO:colcon.colcon_core.shell:Creating package script '/home/veljkogalovic/robot_ws/NewWorkspace/install/lidar_msgs/share/lidar_msgs/package.sh'
[0.851s] INFO:colcon.colcon_core.shell:Creating package script '/home/veljkogalovic/robot_ws/NewWorkspace/install/lidar_msgs/share/lidar_msgs/package.bash'
[0.853s] INFO:colcon.colcon_core.shell:Creating package script '/home/veljkogalovic/robot_ws/NewWorkspace/install/lidar_msgs/share/lidar_msgs/package.zsh'
[0.854s] Level 1:colcon.colcon_core.environment:create_file_with_runtime_dependencies(/home/veljkogalovic/robot_ws/NewWorkspace/install/lidar_msgs/share/colcon-core/packages/lidar_msgs)
[0.856s] Level 1:colcon.colcon_core.environment:create_environment_scripts_only(lidar_msgs)
[0.856s] Level 1:colcon.colcon_core.environment:checking '/home/veljkogalovic/robot_ws/NewWorkspace/install/lidar_msgs' for CMake module files
[0.857s] Level 1:colcon.colcon_core.environment:checking '/home/veljkogalovic/robot_ws/NewWorkspace/install/lidar_msgs' for CMake config files
[0.858s] Level 1:colcon.colcon_core.shell:create_environment_hook('lidar_msgs', 'cmake_prefix_path')
[0.858s] INFO:colcon.colcon_core.shell:Creating environment hook '/home/veljkogalovic/robot_ws/NewWorkspace/install/lidar_msgs/share/lidar_msgs/hook/cmake_prefix_path.ps1'
[0.859s] INFO:colcon.colcon_core.shell:Creating environment descriptor '/home/veljkogalovic/robot_ws/NewWorkspace/install/lidar_msgs/share/lidar_msgs/hook/cmake_prefix_path.dsv'
[0.860s] INFO:colcon.colcon_core.shell:Creating environment hook '/home/veljkogalovic/robot_ws/NewWorkspace/install/lidar_msgs/share/lidar_msgs/hook/cmake_prefix_path.sh'
[0.861s] Level 1:colcon.colcon_core.environment:checking '/home/veljkogalovic/robot_ws/NewWorkspace/install/lidar_msgs/lib'
[0.861s] Level 1:colcon.colcon_core.shell:create_environment_hook('lidar_msgs', 'ld_library_path_lib')
[0.861s] INFO:colcon.colcon_core.shell:Creating environment hook '/home/veljkogalovic/robot_ws/NewWorkspace/install/lidar_msgs/share/lidar_msgs/hook/ld_library_path_lib.ps1'
[0.862s] INFO:colcon.colcon_core.shell:Creating environment descriptor '/home/veljkogalovic/robot_ws/NewWorkspace/install/lidar_msgs/share/lidar_msgs/hook/ld_library_path_lib.dsv'
[0.863s] INFO:colcon.colcon_core.shell:Creating environment hook '/home/veljkogalovic/robot_ws/NewWorkspace/install/lidar_msgs/share/lidar_msgs/hook/ld_library_path_lib.sh'
[0.864s] Level 1:colcon.colcon_core.environment:checking '/home/veljkogalovic/robot_ws/NewWorkspace/install/lidar_msgs/bin'
[0.864s] Level 1:colcon.colcon_core.environment:checking '/home/veljkogalovic/robot_ws/NewWorkspace/install/lidar_msgs/lib/pkgconfig/lidar_msgs.pc'
[0.864s] Level 1:colcon.colcon_core.environment:checking '/home/veljkogalovic/robot_ws/NewWorkspace/install/lidar_msgs/lib/python3.10/site-packages'
[0.865s] Level 1:colcon.colcon_core.environment:checking '/home/veljkogalovic/robot_ws/NewWorkspace/install/lidar_msgs/bin'
[0.865s] INFO:colcon.colcon_core.shell:Creating package script '/home/veljkogalovic/robot_ws/NewWorkspace/install/lidar_msgs/share/lidar_msgs/package.ps1'
[0.867s] INFO:colcon.colcon_core.shell:Creating package descriptor '/home/veljkogalovic/robot_ws/NewWorkspace/install/lidar_msgs/share/lidar_msgs/package.dsv'
[0.868s] INFO:colcon.colcon_core.shell:Creating package script '/home/veljkogalovic/robot_ws/NewWorkspace/install/lidar_msgs/share/lidar_msgs/package.sh'
[0.869s] INFO:colcon.colcon_core.shell:Creating package script '/home/veljkogalovic/robot_ws/NewWorkspace/install/lidar_msgs/share/lidar_msgs/package.bash'
[0.869s] INFO:colcon.colcon_core.shell:Creating package script '/home/veljkogalovic/robot_ws/NewWorkspace/install/lidar_msgs/share/lidar_msgs/package.zsh'
[0.870s] Level 1:colcon.colcon_core.environment:create_file_with_runtime_dependencies(/home/veljkogalovic/robot_ws/NewWorkspace/install/lidar_msgs/share/colcon-core/packages/lidar_msgs)
[0.870s] INFO:colcon.colcon_ros.task.ament_cmake.build:Building ROS package in '/home/veljkogalovic/robot_ws/NewWorkspace/src/lidar_pkg' with build type 'ament_cmake'
[0.871s] INFO:colcon.colcon_cmake.task.cmake.build:Building CMake package in '/home/veljkogalovic/robot_ws/NewWorkspace/src/lidar_pkg'
[0.872s] INFO:colcon.colcon_core.shell:Skip shell extension 'powershell' for command environment: Not usable outside of PowerShell
[0.872s] DEBUG:colcon.colcon_core.shell:Skip shell extension 'dsv' for command environment
[0.890s] DEBUG:colcon.colcon_core.event_handler.log_command:Invoking command in '/home/veljkogalovic/robot_ws/NewWorkspace/build/lidar_pkg': AMENT_PREFIX_PATH=/home/veljkogalovic/robot_ws/NewWorkspace/install/lidar_msgs:${AMENT_PREFIX_PATH} CMAKE_PREFIX_PATH=/home/veljkogalovic/robot_ws/NewWorkspace/install/lidar_msgs:/opt/ros/humble DEBUGINFOD_URLS=ima:enforcing https://debuginfod.fedoraproject.org/ ima:ignore LD_LIBRARY_PATH=/home/veljkogalovic/robot_ws/NewWorkspace/install/lidar_msgs/lib:${LD_LIBRARY_PATH} PS1=📦[\u@ros2-env \W]$ PYTHONPATH=/home/veljkogalovic/robot_ws/NewWorkspace/install/lidar_msgs/local/lib/python3.10/dist-packages:${PYTHONPATH} /usr/bin/cmake --build /home/veljkogalovic/robot_ws/NewWorkspace/build/lidar_pkg -- -j8 -l8
[1.357s] DEBUG:colcon.colcon_core.event_handler.log_command:Invoked command in '/home/veljkogalovic/robot_ws/NewWorkspace/build/lidar_pkg' returned '0': AMENT_PREFIX_PATH=/home/veljkogalovic/robot_ws/NewWorkspace/install/lidar_msgs:${AMENT_PREFIX_PATH} CMAKE_PREFIX_PATH=/home/veljkogalovic/robot_ws/NewWorkspace/install/lidar_msgs:/opt/ros/humble DEBUGINFOD_URLS=ima:enforcing https://debuginfod.fedoraproject.org/ ima:ignore LD_LIBRARY_PATH=/home/veljkogalovic/robot_ws/NewWorkspace/install/lidar_msgs/lib:${LD_LIBRARY_PATH} PS1=📦[\u@ros2-env \W]$ PYTHONPATH=/home/veljkogalovic/robot_ws/NewWorkspace/install/lidar_msgs/local/lib/python3.10/dist-packages:${PYTHONPATH} /usr/bin/cmake --build /home/veljkogalovic/robot_ws/NewWorkspace/build/lidar_pkg -- -j8 -l8
[1.359s] DEBUG:colcon.colcon_core.event_handler.log_command:Invoking command in '/home/veljkogalovic/robot_ws/NewWorkspace/build/lidar_pkg': AMENT_PREFIX_PATH=/home/veljkogalovic/robot_ws/NewWorkspace/install/lidar_msgs:${AMENT_PREFIX_PATH} CMAKE_PREFIX_PATH=/home/veljkogalovic/robot_ws/NewWorkspace/install/lidar_msgs:/opt/ros/humble DEBUGINFOD_URLS=ima:enforcing https://debuginfod.fedoraproject.org/ ima:ignore LD_LIBRARY_PATH=/home/veljkogalovic/robot_ws/NewWorkspace/install/lidar_msgs/lib:${LD_LIBRARY_PATH} PS1=📦[\u@ros2-env \W]$ PYTHONPATH=/home/veljkogalovic/robot_ws/NewWorkspace/install/lidar_msgs/local/lib/python3.10/dist-packages:${PYTHONPATH} /usr/bin/cmake --install /home/veljkogalovic/robot_ws/NewWorkspace/build/lidar_pkg
[1.372s] Level 1:colcon.colcon_core.environment:create_environment_scripts_only(lidar_pkg)
[1.372s] Level 1:colcon.colcon_core.environment:checking '/home/veljkogalovic/robot_ws/NewWorkspace/install/lidar_pkg' for CMake module files
[1.373s] DEBUG:colcon.colcon_core.event_handler.log_command:Invoked command in '/home/veljkogalovic/robot_ws/NewWorkspace/build/lidar_pkg' returned '0': AMENT_PREFIX_PATH=/home/veljkogalovic/robot_ws/NewWorkspace/install/lidar_msgs:${AMENT_PREFIX_PATH} CMAKE_PREFIX_PATH=/home/veljkogalovic/robot_ws/NewWorkspace/install/lidar_msgs:/opt/ros/humble DEBUGINFOD_URLS=ima:enforcing https://debuginfod.fedoraproject.org/ ima:ignore LD_LIBRARY_PATH=/home/veljkogalovic/robot_ws/NewWorkspace/install/lidar_msgs/lib:${LD_LIBRARY_PATH} PS1=📦[\u@ros2-env \W]$ PYTHONPATH=/home/veljkogalovic/robot_ws/NewWorkspace/install/lidar_msgs/local/lib/python3.10/dist-packages:${PYTHONPATH} /usr/bin/cmake --install /home/veljkogalovic/robot_ws/NewWorkspace/build/lidar_pkg
[1.374s] Level 1:colcon.colcon_core.environment:checking '/home/veljkogalovic/robot_ws/NewWorkspace/install/lidar_pkg' for CMake config files
[1.374s] Level 1:colcon.colcon_core.shell:create_environment_hook('lidar_pkg', 'cmake_prefix_path')
[1.375s] INFO:colcon.colcon_core.shell:Creating environment hook '/home/veljkogalovic/robot_ws/NewWorkspace/install/lidar_pkg/share/lidar_pkg/hook/cmake_prefix_path.ps1'
[1.376s] INFO:colcon.colcon_core.shell:Creating environment descriptor '/home/veljkogalovic/robot_ws/NewWorkspace/install/lidar_pkg/share/lidar_pkg/hook/cmake_prefix_path.dsv'
[1.376s] INFO:colcon.colcon_core.shell:Creating environment hook '/home/veljkogalovic/robot_ws/NewWorkspace/install/lidar_pkg/share/lidar_pkg/hook/cmake_prefix_path.sh'
[1.377s] Level 1:colcon.colcon_core.environment:checking '/home/veljkogalovic/robot_ws/NewWorkspace/install/lidar_pkg/lib'
[1.377s] Level 1:colcon.colcon_core.environment:checking '/home/veljkogalovic/robot_ws/NewWorkspace/install/lidar_pkg/bin'
[1.378s] Level 1:colcon.colcon_core.environment:checking '/home/veljkogalovic/robot_ws/NewWorkspace/install/lidar_pkg/lib/pkgconfig/lidar_pkg.pc'
[1.378s] Level 1:colcon.colcon_core.environment:checking '/home/veljkogalovic/robot_ws/NewWorkspace/install/lidar_pkg/lib/python3.10/site-packages'
[1.379s] Level 1:colcon.colcon_core.environment:checking '/home/veljkogalovic/robot_ws/NewWorkspace/install/lidar_pkg/bin'
[1.379s] INFO:colcon.colcon_core.shell:Creating package script '/home/veljkogalovic/robot_ws/NewWorkspace/install/lidar_pkg/share/lidar_pkg/package.ps1'
[1.380s] INFO:colcon.colcon_core.shell:Creating package descriptor '/home/veljkogalovic/robot_ws/NewWorkspace/install/lidar_pkg/share/lidar_pkg/package.dsv'
[1.381s] INFO:colcon.colcon_core.shell:Creating package script '/home/veljkogalovic/robot_ws/NewWorkspace/install/lidar_pkg/share/lidar_pkg/package.sh'
[1.382s] INFO:colcon.colcon_core.shell:Creating package script '/home/veljkogalovic/robot_ws/NewWorkspace/install/lidar_pkg/share/lidar_pkg/package.bash'
[1.382s] INFO:colcon.colcon_core.shell:Creating package script '/home/veljkogalovic/robot_ws/NewWorkspace/install/lidar_pkg/share/lidar_pkg/package.zsh'
[1.383s] Level 1:colcon.colcon_core.environment:create_file_with_runtime_dependencies(/home/veljkogalovic/robot_ws/NewWorkspace/install/lidar_pkg/share/colcon-core/packages/lidar_pkg)
[1.384s] Level 1:colcon.colcon_core.environment:create_environment_scripts_only(lidar_pkg)
[1.384s] Level 1:colcon.colcon_core.environment:checking '/home/veljkogalovic/robot_ws/NewWorkspace/install/lidar_pkg' for CMake module files
[1.385s] Level 1:colcon.colcon_core.environment:checking '/home/veljkogalovic/robot_ws/NewWorkspace/install/lidar_pkg' for CMake config files
[1.385s] Level 1:colcon.colcon_core.shell:create_environment_hook('lidar_pkg', 'cmake_prefix_path')
[1.386s] INFO:colcon.colcon_core.shell:Creating environment hook '/home/veljkogalovic/robot_ws/NewWorkspace/install/lidar_pkg/share/lidar_pkg/hook/cmake_prefix_path.ps1'
[1.386s] INFO:colcon.colcon_core.shell:Creating environment descriptor '/home/veljkogalovic/robot_ws/NewWorkspace/install/lidar_pkg/share/lidar_pkg/hook/cmake_prefix_path.dsv'
[1.387s] INFO:colcon.colcon_core.shell:Creating environment hook '/home/veljkogalovic/robot_ws/NewWorkspace/install/lidar_pkg/share/lidar_pkg/hook/cmake_prefix_path.sh'
[1.388s] Level 1:colcon.colcon_core.environment:checking '/home/veljkogalovic/robot_ws/NewWorkspace/install/lidar_pkg/lib'
[1.388s] Level 1:colcon.colcon_core.environment:checking '/home/veljkogalovic/robot_ws/NewWorkspace/install/lidar_pkg/bin'
[1.388s] Level 1:colcon.colcon_core.environment:checking '/home/veljkogalovic/robot_ws/NewWorkspace/install/lidar_pkg/lib/pkgconfig/lidar_pkg.pc'
[1.388s] Level 1:colcon.colcon_core.environment:checking '/home/veljkogalovic/robot_ws/NewWorkspace/install/lidar_pkg/lib/python3.10/site-packages'
[1.389s] Level 1:colcon.colcon_core.environment:checking '/home/veljkogalovic/robot_ws/NewWorkspace/install/lidar_pkg/bin'
[1.389s] INFO:colcon.colcon_core.shell:Creating package script '/home/veljkogalovic/robot_ws/NewWorkspace/install/lidar_pkg/share/lidar_pkg/package.ps1'
[1.390s] INFO:colcon.colcon_core.shell:Creating package descriptor '/home/veljkogalovic/robot_ws/NewWorkspace/install/lidar_pkg/share/lidar_pkg/package.dsv'
[1.391s] INFO:colcon.colcon_core.shell:Creating package script '/home/veljkogalovic/robot_ws/NewWorkspace/install/lidar_pkg/share/lidar_pkg/package.sh'
[1.391s] INFO:colcon.colcon_core.shell:Creating package script '/home/veljkogalovic/robot_ws/NewWorkspace/install/lidar_pkg/share/lidar_pkg/package.bash'
[1.392s] INFO:colcon.colcon_core.shell:Creating package script '/home/veljkogalovic/robot_ws/NewWorkspace/install/lidar_pkg/share/lidar_pkg/package.zsh'
[1.392s] Level 1:colcon.colcon_core.environment:create_file_with_runtime_dependencies(/home/veljkogalovic/robot_ws/NewWorkspace/install/lidar_pkg/share/colcon-core/packages/lidar_pkg)
[1.392s] DEBUG:colcon.colcon_parallel_executor.executor.parallel:closing loop
[1.393s] DEBUG:colcon.colcon_parallel_executor.executor.parallel:loop closed
[1.393s] DEBUG:colcon.colcon_parallel_executor.executor.parallel:run_until_complete finished with '0'
[1.393s] DEBUG:colcon.colcon_core.event_reactor:joining thread
[1.400s] INFO:colcon.colcon_core.plugin_system:Skipping extension 'colcon_notification.desktop_notification.notify_send': Could not find 'notify-send'
[1.400s] INFO:colcon.colcon_core.plugin_system:Skipping extension 'colcon_notification.desktop_notification.terminal_notifier': Not used on non-Darwin systems
[1.400s] INFO:colcon.colcon_core.plugin_system:Skipping extension 'colcon_notification.desktop_notification.win32': Not used on non-Windows systems
[1.400s] INFO:colcon.colcon_notification.desktop_notification:Sending desktop notification using 'notify2'
[1.446s] DEBUG:colcon.colcon_core.event_reactor:joined thread
[1.447s] INFO:colcon.colcon_core.shell:Creating prefix script '/home/veljkogalovic/robot_ws/NewWorkspace/install/local_setup.ps1'
[1.449s] INFO:colcon.colcon_core.shell:Creating prefix util module '/home/veljkogalovic/robot_ws/NewWorkspace/install/_local_setup_util_ps1.py'
[1.452s] INFO:colcon.colcon_core.shell:Creating prefix chain script '/home/veljkogalovic/robot_ws/NewWorkspace/install/setup.ps1'
[1.454s] INFO:colcon.colcon_core.shell:Creating prefix script '/home/veljkogalovic/robot_ws/NewWorkspace/install/local_setup.sh'
[1.456s] INFO:colcon.colcon_core.shell:Creating prefix util module '/home/veljkogalovic/robot_ws/NewWorkspace/install/_local_setup_util_sh.py'
[1.457s] INFO:colcon.colcon_core.shell:Creating prefix chain script '/home/veljkogalovic/robot_ws/NewWorkspace/install/setup.sh'
[1.459s] INFO:colcon.colcon_core.shell:Creating prefix script '/home/veljkogalovic/robot_ws/NewWorkspace/install/local_setup.bash'
[1.460s] INFO:colcon.colcon_core.shell:Creating prefix chain script '/home/veljkogalovic/robot_ws/NewWorkspace/install/setup.bash'
[1.461s] INFO:colcon.colcon_core.shell:Creating prefix script '/home/veljkogalovic/robot_ws/NewWorkspace/install/local_setup.zsh'
[1.463s] INFO:colcon.colcon_core.shell:Creating prefix chain script '/home/veljkogalovic/robot_ws/NewWorkspace/install/setup.zsh'
