[0.989s] Invoking command in '/home/nemanja/pfe/letnji_2026/lk-s-2026-miloje-slam/src/my_robot_slam': DEBUGINFOD_URLS=https://debuginfod.ubuntu.com PYTHONPATH=/home/nemanja/pfe/letnji_2026/lk-s-2026-miloje-slam/build/my_robot_slam/prefix_override:/usr/lib/python3/dist-packages/colcon_core/task/python/colcon_distutils_commands:/home/nemanja/pfe/letnji_2026/lk-s-2026-miloje-slam/install/my_robot_slam/lib/python3.12/site-packages:${PYTHONPATH} /usr/bin/python3 -W ignore:setup.py install is deprecated -W ignore:easy_install command is deprecated setup.py egg_info --egg-base ../../build/my_robot_slam build --build-base /home/nemanja/pfe/letnji_2026/lk-s-2026-miloje-slam/build/my_robot_slam/build install --record /home/nemanja/pfe/letnji_2026/lk-s-2026-miloje-slam/build/my_robot_slam/install.log --install-scripts $base/lib/my_robot_slam --single-version-externally-managed install_data
[1.311s] running egg_info
[1.332s] writing ../../build/my_robot_slam/my_robot_slam.egg-info/PKG-INFO
[1.332s] writing dependency_links to ../../build/my_robot_slam/my_robot_slam.egg-info/dependency_links.txt
[1.332s] writing entry points to ../../build/my_robot_slam/my_robot_slam.egg-info/entry_points.txt
[1.333s] writing requirements to ../../build/my_robot_slam/my_robot_slam.egg-info/requires.txt
[1.333s] writing top-level names to ../../build/my_robot_slam/my_robot_slam.egg-info/top_level.txt
[1.376s] reading manifest file '../../build/my_robot_slam/my_robot_slam.egg-info/SOURCES.txt'
[1.377s] writing manifest file '../../build/my_robot_slam/my_robot_slam.egg-info/SOURCES.txt'
[1.377s] running build
[1.377s] running build_py
[1.378s] copying my_robot_slam/enkoder_sim.py -> /home/nemanja/pfe/letnji_2026/lk-s-2026-miloje-slam/build/my_robot_slam/build/lib/my_robot_slam
[1.378s] running install
[1.386s] running install_lib
[1.408s] copying /home/nemanja/pfe/letnji_2026/lk-s-2026-miloje-slam/build/my_robot_slam/build/lib/my_robot_slam/enkoder_sim.py -> /home/nemanja/pfe/letnji_2026/lk-s-2026-miloje-slam/install/my_robot_slam/lib/python3.12/site-packages/my_robot_slam
[1.408s] byte-compiling /home/nemanja/pfe/letnji_2026/lk-s-2026-miloje-slam/install/my_robot_slam/lib/python3.12/site-packages/my_robot_slam/enkoder_sim.py to enkoder_sim.cpython-312.pyc
[1.409s] running install_data
[1.409s] running install_egg_info
[1.433s] removing '/home/nemanja/pfe/letnji_2026/lk-s-2026-miloje-slam/install/my_robot_slam/lib/python3.12/site-packages/my_robot_slam-0.0.0-py3.12.egg-info' (and everything under it)
[1.434s] Copying ../../build/my_robot_slam/my_robot_slam.egg-info to /home/nemanja/pfe/letnji_2026/lk-s-2026-miloje-slam/install/my_robot_slam/lib/python3.12/site-packages/my_robot_slam-0.0.0-py3.12.egg-info
[1.434s] running install_scripts
[1.589s] Installing battery_monitor script to /home/nemanja/pfe/letnji_2026/lk-s-2026-miloje-slam/install/my_robot_slam/lib/my_robot_slam
[1.589s] Installing desni_motor script to /home/nemanja/pfe/letnji_2026/lk-s-2026-miloje-slam/install/my_robot_slam/lib/my_robot_slam
[1.589s] Installing enkoder_sim script to /home/nemanja/pfe/letnji_2026/lk-s-2026-miloje-slam/install/my_robot_slam/lib/my_robot_slam
[1.589s] Installing komunikacija script to /home/nemanja/pfe/letnji_2026/lk-s-2026-miloje-slam/install/my_robot_slam/lib/my_robot_slam
[1.590s] Installing levi_motor script to /home/nemanja/pfe/letnji_2026/lk-s-2026-miloje-slam/install/my_robot_slam/lib/my_robot_slam
[1.590s] Installing mock_laser script to /home/nemanja/pfe/letnji_2026/lk-s-2026-miloje-slam/install/my_robot_slam/lib/my_robot_slam
[1.590s] Installing motion_planner script to /home/nemanja/pfe/letnji_2026/lk-s-2026-miloje-slam/install/my_robot_slam/lib/my_robot_slam
[1.590s] Installing odometrija script to /home/nemanja/pfe/letnji_2026/lk-s-2026-miloje-slam/install/my_robot_slam/lib/my_robot_slam
[1.590s] Installing path_planner script to /home/nemanja/pfe/letnji_2026/lk-s-2026-miloje-slam/install/my_robot_slam/lib/my_robot_slam
[1.590s] Installing slam_processor script to /home/nemanja/pfe/letnji_2026/lk-s-2026-miloje-slam/install/my_robot_slam/lib/my_robot_slam
[1.591s] writing list of installed files to '/home/nemanja/pfe/letnji_2026/lk-s-2026-miloje-slam/build/my_robot_slam/install.log'
[1.645s] Invoked command in '/home/nemanja/pfe/letnji_2026/lk-s-2026-miloje-slam/src/my_robot_slam' returned '0': DEBUGINFOD_URLS=https://debuginfod.ubuntu.com PYTHONPATH=/home/nemanja/pfe/letnji_2026/lk-s-2026-miloje-slam/build/my_robot_slam/prefix_override:/usr/lib/python3/dist-packages/colcon_core/task/python/colcon_distutils_commands:/home/nemanja/pfe/letnji_2026/lk-s-2026-miloje-slam/install/my_robot_slam/lib/python3.12/site-packages:${PYTHONPATH} /usr/bin/python3 -W ignore:setup.py install is deprecated -W ignore:easy_install command is deprecated setup.py egg_info --egg-base ../../build/my_robot_slam build --build-base /home/nemanja/pfe/letnji_2026/lk-s-2026-miloje-slam/build/my_robot_slam/build install --record /home/nemanja/pfe/letnji_2026/lk-s-2026-miloje-slam/build/my_robot_slam/install.log --install-scripts $base/lib/my_robot_slam --single-version-externally-managed install_data
