running develop
running egg_info
creating my_robot_slam.egg-info
writing my_robot_slam.egg-info/PKG-INFO
writing dependency_links to my_robot_slam.egg-info/dependency_links.txt
writing entry points to my_robot_slam.egg-info/entry_points.txt
writing requirements to my_robot_slam.egg-info/requires.txt
writing top-level names to my_robot_slam.egg-info/top_level.txt
writing manifest file 'my_robot_slam.egg-info/SOURCES.txt'
reading manifest file 'my_robot_slam.egg-info/SOURCES.txt'
writing manifest file 'my_robot_slam.egg-info/SOURCES.txt'
running build_ext
Creating /home/nemanja/pfe/letnji_2026/lk-s-2026-miloje-slam/install/my_robot_slam/lib/python3.12/site-packages/my-robot-slam.egg-link (link to .)
Installing battery_monitor script to /home/nemanja/pfe/letnji_2026/lk-s-2026-miloje-slam/install/my_robot_slam/lib/my_robot_slam
Installing desni_motor script to /home/nemanja/pfe/letnji_2026/lk-s-2026-miloje-slam/install/my_robot_slam/lib/my_robot_slam
Installing komunikacija script to /home/nemanja/pfe/letnji_2026/lk-s-2026-miloje-slam/install/my_robot_slam/lib/my_robot_slam
Installing levi_motor script to /home/nemanja/pfe/letnji_2026/lk-s-2026-miloje-slam/install/my_robot_slam/lib/my_robot_slam
Installing mock_laser script to /home/nemanja/pfe/letnji_2026/lk-s-2026-miloje-slam/install/my_robot_slam/lib/my_robot_slam
Installing motion_planner script to /home/nemanja/pfe/letnji_2026/lk-s-2026-miloje-slam/install/my_robot_slam/lib/my_robot_slam
Installing odom_publisher script to /home/nemanja/pfe/letnji_2026/lk-s-2026-miloje-slam/install/my_robot_slam/lib/my_robot_slam
Installing path_planner script to /home/nemanja/pfe/letnji_2026/lk-s-2026-miloje-slam/install/my_robot_slam/lib/my_robot_slam
Installing slam_processor script to /home/nemanja/pfe/letnji_2026/lk-s-2026-miloje-slam/install/my_robot_slam/lib/my_robot_slam

Installed /home/nemanja/pfe/letnji_2026/lk-s-2026-miloje-slam/build/my_robot_slam
running symlink_data
creating /home/nemanja/pfe/letnji_2026/lk-s-2026-miloje-slam/install/my_robot_slam/share/ament_index
creating /home/nemanja/pfe/letnji_2026/lk-s-2026-miloje-slam/install/my_robot_slam/share/ament_index/resource_index
creating /home/nemanja/pfe/letnji_2026/lk-s-2026-miloje-slam/install/my_robot_slam/share/ament_index/resource_index/packages
symbolically linking /home/nemanja/pfe/letnji_2026/lk-s-2026-miloje-slam/build/my_robot_slam/resource/my_robot_slam -> /home/nemanja/pfe/letnji_2026/lk-s-2026-miloje-slam/install/my_robot_slam/share/ament_index/resource_index/packages
symbolically linking /home/nemanja/pfe/letnji_2026/lk-s-2026-miloje-slam/build/my_robot_slam/package.xml -> /home/nemanja/pfe/letnji_2026/lk-s-2026-miloje-slam/install/my_robot_slam/share/my_robot_slam
