[1.398s] Invoking command in '/home/nemanja/pfe/letnji_2026/lk-s-2026-miloje-slam/build/my_robot_slam': DEBUGINFOD_URLS=https://debuginfod.ubuntu.com PYTHONPATH=/home/nemanja/pfe/letnji_2026/lk-s-2026-miloje-slam/build/my_robot_slam/prefix_override:/usr/lib/python3/dist-packages/colcon_core/task/python/colcon_distutils_commands:/home/nemanja/pfe/letnji_2026/lk-s-2026-miloje-slam/install/my_robot_slam/lib/python3.12/site-packages:${PYTHONPATH} /usr/bin/python3 -W ignore:setup.py install is deprecated -W ignore:easy_install command is deprecated setup.py develop --editable --build-directory /home/nemanja/pfe/letnji_2026/lk-s-2026-miloje-slam/build/my_robot_slam/build --no-deps symlink_data
[1.796s] running develop
[2.014s] running egg_info
[2.014s] creating my_robot_slam.egg-info
[2.036s] writing my_robot_slam.egg-info/PKG-INFO
[2.036s] writing dependency_links to my_robot_slam.egg-info/dependency_links.txt
[2.036s] writing entry points to my_robot_slam.egg-info/entry_points.txt
[2.036s] writing requirements to my_robot_slam.egg-info/requires.txt
[2.036s] writing top-level names to my_robot_slam.egg-info/top_level.txt
[2.036s] writing manifest file 'my_robot_slam.egg-info/SOURCES.txt'
[2.080s] reading manifest file 'my_robot_slam.egg-info/SOURCES.txt'
[2.080s] writing manifest file 'my_robot_slam.egg-info/SOURCES.txt'
[2.104s] running build_ext
[2.104s] Creating /home/nemanja/pfe/letnji_2026/lk-s-2026-miloje-slam/install/my_robot_slam/lib/python3.12/site-packages/my-robot-slam.egg-link (link to .)
[2.105s] Installing battery_monitor script to /home/nemanja/pfe/letnji_2026/lk-s-2026-miloje-slam/install/my_robot_slam/lib/my_robot_slam
[2.105s] Installing desni_motor script to /home/nemanja/pfe/letnji_2026/lk-s-2026-miloje-slam/install/my_robot_slam/lib/my_robot_slam
[2.105s] Installing komunikacija script to /home/nemanja/pfe/letnji_2026/lk-s-2026-miloje-slam/install/my_robot_slam/lib/my_robot_slam
[2.105s] Installing levi_motor script to /home/nemanja/pfe/letnji_2026/lk-s-2026-miloje-slam/install/my_robot_slam/lib/my_robot_slam
[2.105s] Installing mock_laser script to /home/nemanja/pfe/letnji_2026/lk-s-2026-miloje-slam/install/my_robot_slam/lib/my_robot_slam
[2.105s] Installing motion_planner script to /home/nemanja/pfe/letnji_2026/lk-s-2026-miloje-slam/install/my_robot_slam/lib/my_robot_slam
[2.106s] Installing odom_publisher script to /home/nemanja/pfe/letnji_2026/lk-s-2026-miloje-slam/install/my_robot_slam/lib/my_robot_slam
[2.106s] Installing path_planner script to /home/nemanja/pfe/letnji_2026/lk-s-2026-miloje-slam/install/my_robot_slam/lib/my_robot_slam
[2.106s] Installing slam_processor script to /home/nemanja/pfe/letnji_2026/lk-s-2026-miloje-slam/install/my_robot_slam/lib/my_robot_slam
[2.106s] 
[2.106s] Installed /home/nemanja/pfe/letnji_2026/lk-s-2026-miloje-slam/build/my_robot_slam
[2.106s] running symlink_data
[2.106s] creating /home/nemanja/pfe/letnji_2026/lk-s-2026-miloje-slam/install/my_robot_slam/share/ament_index
[2.107s] creating /home/nemanja/pfe/letnji_2026/lk-s-2026-miloje-slam/install/my_robot_slam/share/ament_index/resource_index
[2.107s] creating /home/nemanja/pfe/letnji_2026/lk-s-2026-miloje-slam/install/my_robot_slam/share/ament_index/resource_index/packages
[2.107s] symbolically linking /home/nemanja/pfe/letnji_2026/lk-s-2026-miloje-slam/build/my_robot_slam/resource/my_robot_slam -> /home/nemanja/pfe/letnji_2026/lk-s-2026-miloje-slam/install/my_robot_slam/share/ament_index/resource_index/packages
[2.107s] symbolically linking /home/nemanja/pfe/letnji_2026/lk-s-2026-miloje-slam/build/my_robot_slam/package.xml -> /home/nemanja/pfe/letnji_2026/lk-s-2026-miloje-slam/install/my_robot_slam/share/my_robot_slam
[2.155s] Invoked command in '/home/nemanja/pfe/letnji_2026/lk-s-2026-miloje-slam/build/my_robot_slam' returned '0': DEBUGINFOD_URLS=https://debuginfod.ubuntu.com PYTHONPATH=/home/nemanja/pfe/letnji_2026/lk-s-2026-miloje-slam/build/my_robot_slam/prefix_override:/usr/lib/python3/dist-packages/colcon_core/task/python/colcon_distutils_commands:/home/nemanja/pfe/letnji_2026/lk-s-2026-miloje-slam/install/my_robot_slam/lib/python3.12/site-packages:${PYTHONPATH} /usr/bin/python3 -W ignore:setup.py install is deprecated -W ignore:easy_install command is deprecated setup.py develop --editable --build-directory /home/nemanja/pfe/letnji_2026/lk-s-2026-miloje-slam/build/my_robot_slam/build --no-deps symlink_data
