[33mCMake Warning (dev) in CMakeLists.txt:
  No project() command is present.  The top-level CMakeLists.txt file must
  contain a literal, direct call to the project() command.  Add a line of
  code such as

    project(ProjectName)

  near the top of the file, but after cmake_minimum_required().

  CMake is pretending there is a "project(Project)" command on the first
  line.
This warning is for project developers.  Use -Wno-dev to suppress it.
[0m
[33mCMake Warning (dev) in CMakeLists.txt:
  cmake_minimum_required() should be called prior to this top-level project()
  call.  Please see the cmake-commands(7) manual for usage documentation of
  both commands.
This warning is for project developers.  Use -Wno-dev to suppress it.
[0m
-- The C compiler identification is GNU 13.3.0
-- The CXX compiler identification is GNU 13.3.0
-- Detecting C compiler ABI info
-- Detecting C compiler ABI info - done
-- Check for working C compiler: /usr/bin/cc - skipped
-- Detecting C compile features
-- Detecting C compile features - done
-- Detecting CXX compiler ABI info
-- Detecting CXX compiler ABI info - done
-- Check for working CXX compiler: /usr/bin/c++ - skipped
-- Detecting CXX compile features
-- Detecting CXX compile features - done
-- Found rosidl_default_generators: 1.6.1 (/opt/ros/jazzy/share/rosidl_default_generators/cmake)
-- Found Python3: /usr/bin/python3 (found version "3.12.3") found components: Interpreter 
[33mCMake Warning (dev) at /opt/ros/jazzy/share/ament_cmake_core/cmake/core/list_append_unique.cmake:30 (if):
  Policy CMP0057 is not set: Support new IN_LIST if() operator.  Run "cmake
  --help-policy CMP0057" for policy details.  Use the cmake_policy command to
  set the policy and suppress this warning.

  IN_LIST will be interpreted as an operator when the policy is set to NEW.
  Since the policy is not set the OLD behavior will be used.
Call Stack (most recent call first):
  /opt/ros/jazzy/share/ament_cmake_core/cmake/index/ament_index_get_resources.cmake:51 (list_append_unique)
  /opt/ros/jazzy/share/rosidl_core_generators/cmake/rosidl_core_generators-extras.cmake:5 (ament_index_get_resources)
  /opt/ros/jazzy/share/rosidl_core_generators/cmake/rosidl_core_generatorsConfig.cmake:41 (include)
  /opt/ros/jazzy/share/rosidl_default_generators/cmake/ament_cmake_export_dependencies-extras.cmake:21 (find_package)
  /opt/ros/jazzy/share/rosidl_default_generators/cmake/rosidl_default_generatorsConfig.cmake:41 (include)
  CMakeLists.txt:1 (find_package)
This warning is for project developers.  Use -Wno-dev to suppress it.
[0m
[31mCMake Error at /opt/ros/jazzy/share/ament_cmake_core/cmake/core/list_append_unique.cmake:30 (if):
  if given arguments:

    "NOT" "element" "IN_LIST" "paths_to_search"

  Unknown arguments specified
Call Stack (most recent call first):
  /opt/ros/jazzy/share/ament_cmake_core/cmake/index/ament_index_get_resources.cmake:51 (list_append_unique)
  /opt/ros/jazzy/share/rosidl_core_generators/cmake/rosidl_core_generators-extras.cmake:5 (ament_index_get_resources)
  /opt/ros/jazzy/share/rosidl_core_generators/cmake/rosidl_core_generatorsConfig.cmake:41 (include)
  /opt/ros/jazzy/share/rosidl_default_generators/cmake/ament_cmake_export_dependencies-extras.cmake:21 (find_package)
  /opt/ros/jazzy/share/rosidl_default_generators/cmake/rosidl_default_generatorsConfig.cmake:41 (include)
  CMakeLists.txt:1 (find_package)

[0m
[31mCMake Error in CMakeLists.txt:
  No cmake_minimum_required command is present.  A line of code such as

    cmake_minimum_required(VERSION 3.28)

  should be added at the top of the file.  The version specified may be lower
  if you wish to support older CMake versions for this project.  For more
  information run "cmake --help-policy CMP0000".

[0m
-- Configuring incomplete, errors occurred!
