[0.020s] Invoking command in '/home/nemanja/pfe/letnji_2026/lk-s-2026-miloje-slam/build/my_robot_slam': DEBUGINFOD_URLS=https://debuginfod.ubuntu.com /usr/bin/cmake /home/nemanja/pfe/letnji_2026/lk-s-2026-miloje-slam/src/my_robot_slam -DCMAKE_INSTALL_PREFIX=/home/nemanja/pfe/letnji_2026/lk-s-2026-miloje-slam/install/my_robot_slam
[0.163s] [33mCMake Warning (dev) in CMakeLists.txt:
[0.163s]   No project() command is present.  The top-level CMakeLists.txt file must
[0.164s]   contain a literal, direct call to the project() command.  Add a line of
[0.164s]   code such as
[0.164s] 
[0.164s]     project(ProjectName)
[0.164s] 
[0.164s]   near the top of the file, but after cmake_minimum_required().
[0.164s] 
[0.164s]   CMake is pretending there is a "project(Project)" command on the first
[0.165s]   line.
[0.165s] This warning is for project developers.  Use -Wno-dev to suppress it.
[0.165s] [0m
[0.165s] [33mCMake Warning (dev) in CMakeLists.txt:
[0.165s]   cmake_minimum_required() should be called prior to this top-level project()
[0.165s]   call.  Please see the cmake-commands(7) manual for usage documentation of
[0.165s]   both commands.
[0.165s] This warning is for project developers.  Use -Wno-dev to suppress it.
[0.165s] [0m
[0.326s] -- The C compiler identification is GNU 13.3.0
[0.479s] -- The CXX compiler identification is GNU 13.3.0
[0.520s] -- Detecting C compiler ABI info
[0.719s] -- Detecting C compiler ABI info - done
[0.740s] -- Check for working C compiler: /usr/bin/cc - skipped
[0.741s] -- Detecting C compile features
[0.742s] -- Detecting C compile features - done
[0.763s] -- Detecting CXX compiler ABI info
[0.936s] -- Detecting CXX compiler ABI info - done
[0.955s] -- Check for working CXX compiler: /usr/bin/c++ - skipped
[0.955s] -- Detecting CXX compile features
[0.956s] -- Detecting CXX compile features - done
[0.975s] -- Found rosidl_default_generators: 1.6.1 (/opt/ros/jazzy/share/rosidl_default_generators/cmake)
[1.235s] -- Found Python3: /usr/bin/python3 (found version "3.12.3") found components: Interpreter 
[1.376s] [33mCMake Warning (dev) at /opt/ros/jazzy/share/ament_cmake_core/cmake/core/list_append_unique.cmake:30 (if):
[1.377s]   Policy CMP0057 is not set: Support new IN_LIST if() operator.  Run "cmake
[1.377s]   --help-policy CMP0057" for policy details.  Use the cmake_policy command to
[1.377s]   set the policy and suppress this warning.
[1.377s] 
[1.377s]   IN_LIST will be interpreted as an operator when the policy is set to NEW.
[1.378s]   Since the policy is not set the OLD behavior will be used.
[1.378s] Call Stack (most recent call first):
[1.378s]   /opt/ros/jazzy/share/ament_cmake_core/cmake/index/ament_index_get_resources.cmake:51 (list_append_unique)
[1.378s]   /opt/ros/jazzy/share/rosidl_core_generators/cmake/rosidl_core_generators-extras.cmake:5 (ament_index_get_resources)
[1.379s]   /opt/ros/jazzy/share/rosidl_core_generators/cmake/rosidl_core_generatorsConfig.cmake:41 (include)
[1.379s]   /opt/ros/jazzy/share/rosidl_default_generators/cmake/ament_cmake_export_dependencies-extras.cmake:21 (find_package)
[1.379s]   /opt/ros/jazzy/share/rosidl_default_generators/cmake/rosidl_default_generatorsConfig.cmake:41 (include)
[1.379s]   CMakeLists.txt:1 (find_package)
[1.379s] This warning is for project developers.  Use -Wno-dev to suppress it.
[1.379s] [0m
[1.380s] [31mCMake Error at /opt/ros/jazzy/share/ament_cmake_core/cmake/core/list_append_unique.cmake:30 (if):
[1.380s]   if given arguments:
[1.380s] 
[1.380s]     "NOT" "element" "IN_LIST" "paths_to_search"
[1.380s] 
[1.381s]   Unknown arguments specified
[1.381s] Call Stack (most recent call first):
[1.381s]   /opt/ros/jazzy/share/ament_cmake_core/cmake/index/ament_index_get_resources.cmake:51 (list_append_unique)
[1.381s]   /opt/ros/jazzy/share/rosidl_core_generators/cmake/rosidl_core_generators-extras.cmake:5 (ament_index_get_resources)
[1.381s]   /opt/ros/jazzy/share/rosidl_core_generators/cmake/rosidl_core_generatorsConfig.cmake:41 (include)
[1.382s]   /opt/ros/jazzy/share/rosidl_default_generators/cmake/ament_cmake_export_dependencies-extras.cmake:21 (find_package)
[1.382s]   /opt/ros/jazzy/share/rosidl_default_generators/cmake/rosidl_default_generatorsConfig.cmake:41 (include)
[1.382s]   CMakeLists.txt:1 (find_package)
[1.382s] 
[1.382s] [0m
[1.383s] [31mCMake Error in CMakeLists.txt:
[1.383s]   No cmake_minimum_required command is present.  A line of code such as
[1.383s] 
[1.383s]     cmake_minimum_required(VERSION 3.28)
[1.384s] 
[1.385s]   should be added at the top of the file.  The version specified may be lower
[1.385s]   if you wish to support older CMake versions for this project.  For more
[1.385s]   information run "cmake --help-policy CMP0000".
[1.386s] 
[1.386s] [0m
[1.386s] -- Configuring incomplete, errors occurred!
[1.386s] Invoked command in '/home/nemanja/pfe/letnji_2026/lk-s-2026-miloje-slam/build/my_robot_slam' returned '1': DEBUGINFOD_URLS=https://debuginfod.ubuntu.com /usr/bin/cmake /home/nemanja/pfe/letnji_2026/lk-s-2026-miloje-slam/src/my_robot_slam -DCMAKE_INSTALL_PREFIX=/home/nemanja/pfe/letnji_2026/lk-s-2026-miloje-slam/install/my_robot_slam
