/usr/local/lib/python3.10/dist-packages/my_robot_slam/__init__.py
/usr/local/lib/python3.10/dist-packages/my_robot_slam/battery_monitor.py
/usr/local/lib/python3.10/dist-packages/my_robot_slam/desni_motor.py
/usr/local/lib/python3.10/dist-packages/my_robot_slam/enkoder_sim.py
/usr/local/lib/python3.10/dist-packages/my_robot_slam/komunikacija.py
/usr/local/lib/python3.10/dist-packages/my_robot_slam/levi_motor.py
/usr/local/lib/python3.10/dist-packages/my_robot_slam/mock_laser.py
/usr/local/lib/python3.10/dist-packages/my_robot_slam/motion_planner.py
/usr/local/lib/python3.10/dist-packages/my_robot_slam/odometrija.py
/usr/local/lib/python3.10/dist-packages/my_robot_slam/path_planner.py
/usr/local/lib/python3.10/dist-packages/my_robot_slam/slam_processor.py
/usr/local/lib/python3.10/dist-packages/my_robot_slam/1LidarReading.py
/usr/local/lib/python3.10/dist-packages/my_robot_slam/__pycache__/__init__.cpython-310.pyc
/usr/local/lib/python3.10/dist-packages/my_robot_slam/__pycache__/battery_monitor.cpython-310.pyc
/usr/local/lib/python3.10/dist-packages/my_robot_slam/__pycache__/desni_motor.cpython-310.pyc
/usr/local/lib/python3.10/dist-packages/my_robot_slam/__pycache__/enkoder_sim.cpython-310.pyc
/usr/local/lib/python3.10/dist-packages/my_robot_slam/__pycache__/komunikacija.cpython-310.pyc
/usr/local/lib/python3.10/dist-packages/my_robot_slam/__pycache__/levi_motor.cpython-310.pyc
/usr/local/lib/python3.10/dist-packages/my_robot_slam/__pycache__/mock_laser.cpython-310.pyc
/usr/local/lib/python3.10/dist-packages/my_robot_slam/__pycache__/motion_planner.cpython-310.pyc
/usr/local/lib/python3.10/dist-packages/my_robot_slam/__pycache__/odometrija.cpython-310.pyc
/usr/local/lib/python3.10/dist-packages/my_robot_slam/__pycache__/path_planner.cpython-310.pyc
/usr/local/lib/python3.10/dist-packages/my_robot_slam/__pycache__/slam_processor.cpython-310.pyc
/usr/local/lib/python3.10/dist-packages/my_robot_slam/__pycache__/1LidarReading.cpython-310.pyc
/usr/local/share/ament_index/resource_index/packages/my_robot_slam
/usr/local/share/my_robot_slam/package.xml
/usr/local/share/my_robot_slam/launch
/usr/local/share/my_robot_slam/config
/usr/local/lib/python3.10/dist-packages/my_robot_slam-0.0.0.egg-info/PKG-INFO
/usr/local/lib/python3.10/dist-packages/my_robot_slam-0.0.0.egg-info/zip-safe
/usr/local/lib/python3.10/dist-packages/my_robot_slam-0.0.0.egg-info/dependency_links.txt
/usr/local/lib/python3.10/dist-packages/my_robot_slam-0.0.0.egg-info/entry_points.txt
/usr/local/lib/python3.10/dist-packages/my_robot_slam-0.0.0.egg-info/requires.txt
/usr/local/lib/python3.10/dist-packages/my_robot_slam-0.0.0.egg-info/top_level.txt
/usr/local/lib/python3.10/dist-packages/my_robot_slam-0.0.0.egg-info/SOURCES.txt
/usr/lib/my_robot_slam/battery_monitor
/usr/lib/my_robot_slam/desni_motor
/usr/lib/my_robot_slam/enkoder_sim
/usr/lib/my_robot_slam/komunikacija
/usr/lib/my_robot_slam/levi_motor
/usr/lib/my_robot_slam/mock_laser
/usr/lib/my_robot_slam/motion_planner
/usr/lib/my_robot_slam/odometrija
/usr/lib/my_robot_slam/path_planner
/usr/lib/my_robot_slam/slam_processor
