[0.134s] DEBUG:colcon:Command line arguments: ['/usr/bin/colcon', 'build']
[0.134s] DEBUG:colcon:Parsed command line arguments: Namespace(log_base=None, log_level=None, verb_name='build', build_base='build', install_base='install', merge_install=False, symlink_install=False, test_result_base=None, continue_on_error=False, executor='parallel', parallel_workers=12, event_handlers=None, ignore_user_meta=False, metas=['./colcon.meta'], base_paths=['.'], packages_ignore=None, packages_ignore_regex=None, paths=None, packages_up_to=None, packages_up_to_regex=None, packages_above=None, packages_above_and_dependencies=None, packages_above_depth=None, packages_select_by_dep=None, packages_skip_by_dep=None, packages_skip_up_to=None, packages_select_build_failed=False, packages_skip_build_finished=False, packages_select_test_failures=False, packages_skip_test_passed=False, packages_select=None, packages_skip=None, packages_select_regex=None, packages_skip_regex=None, packages_start=None, packages_end=None, allow_overriding=[], cmake_args=None, cmake_target=None, cmake_target_skip_unavailable=False, cmake_clean_cache=False, cmake_clean_first=False, cmake_force_configure=False, ament_cmake_args=None, catkin_cmake_args=None, catkin_skip_building_tests=False, mixin_files=None, mixin=None, verb_parser=<colcon_mixin.mixin.mixin_argument.MixinArgumentDecorator object at 0x721be94a9640>, verb_extension=<colcon_core.verb.build.BuildVerb object at 0x721be94a8bf0>, main=<bound method BuildVerb.main of <colcon_core.verb.build.BuildVerb object at 0x721be94a8bf0>>, mixin_verb=('build',))
[0.179s] Level 1:colcon.colcon_core.package_discovery:discover_packages(colcon_meta) check parameters
[0.179s] Level 1:colcon.colcon_core.package_discovery:discover_packages(recursive) check parameters
[0.179s] Level 1:colcon.colcon_core.package_discovery:discover_packages(ignore) check parameters
[0.179s] Level 1:colcon.colcon_core.package_discovery:discover_packages(path) check parameters
[0.179s] Level 1:colcon.colcon_core.package_discovery:discover_packages(colcon_meta) discover
[0.179s] Level 1:colcon.colcon_core.package_discovery:discover_packages(recursive) discover
[0.179s] INFO:colcon.colcon_core.package_discovery:Crawling recursively for packages in '/home/nemanja/pfe/letnji_2026/lk-s-2026-miloje-slam'
[0.179s] Level 1:colcon.colcon_core.package_identification:_identify(.) by extensions ['ignore', 'ignore_ament_install']
[0.180s] Level 1:colcon.colcon_core.package_identification:_identify(.) by extension 'ignore'
[0.180s] Level 1:colcon.colcon_core.package_identification:_identify(.) by extension 'ignore_ament_install'
[0.180s] Level 1:colcon.colcon_core.package_identification:_identify(.) by extensions ['colcon_pkg']
[0.180s] Level 1:colcon.colcon_core.package_identification:_identify(.) by extension 'colcon_pkg'
[0.180s] Level 1:colcon.colcon_core.package_identification:_identify(.) by extensions ['colcon_meta']
[0.180s] Level 1:colcon.colcon_core.package_identification:_identify(.) by extension 'colcon_meta'
[0.180s] Level 1:colcon.colcon_core.package_identification:_identify(.) by extensions ['ros']
[0.180s] Level 1:colcon.colcon_core.package_identification:_identify(.) by extension 'ros'
[0.212s] Level 1:colcon.colcon_core.package_identification:_identify(.) by extensions ['cmake', 'python']
[0.212s] Level 1:colcon.colcon_core.package_identification:_identify(.) by extension 'cmake'
[0.212s] Level 1:colcon.colcon_core.package_identification:_identify(.) by extension 'python'
[0.213s] Level 1:colcon.colcon_core.package_identification:_identify(.) by extensions ['python_setup_py']
[0.213s] Level 1:colcon.colcon_core.package_identification:_identify(.) by extension 'python_setup_py'
[0.213s] Level 1:colcon.colcon_core.package_identification:_identify(build) by extensions ['ignore', 'ignore_ament_install']
[0.213s] Level 1:colcon.colcon_core.package_identification:_identify(build) by extension 'ignore'
[0.213s] Level 1:colcon.colcon_core.package_identification:_identify(build) ignored
[0.213s] Level 1:colcon.colcon_core.package_identification:_identify(install) by extensions ['ignore', 'ignore_ament_install']
[0.213s] Level 1:colcon.colcon_core.package_identification:_identify(install) by extension 'ignore'
[0.213s] Level 1:colcon.colcon_core.package_identification:_identify(install) ignored
[0.214s] Level 1:colcon.colcon_core.package_identification:_identify(log) by extensions ['ignore', 'ignore_ament_install']
[0.214s] Level 1:colcon.colcon_core.package_identification:_identify(log) by extension 'ignore'
[0.214s] Level 1:colcon.colcon_core.package_identification:_identify(log) ignored
[0.214s] Level 1:colcon.colcon_core.package_identification:_identify(src) by extensions ['ignore', 'ignore_ament_install']
[0.214s] Level 1:colcon.colcon_core.package_identification:_identify(src) by extension 'ignore'
[0.214s] Level 1:colcon.colcon_core.package_identification:_identify(src) by extension 'ignore_ament_install'
[0.214s] Level 1:colcon.colcon_core.package_identification:_identify(src) by extensions ['colcon_pkg']
[0.214s] Level 1:colcon.colcon_core.package_identification:_identify(src) by extension 'colcon_pkg'
[0.214s] Level 1:colcon.colcon_core.package_identification:_identify(src) by extensions ['colcon_meta']
[0.214s] Level 1:colcon.colcon_core.package_identification:_identify(src) by extension 'colcon_meta'
[0.214s] Level 1:colcon.colcon_core.package_identification:_identify(src) by extensions ['ros']
[0.214s] Level 1:colcon.colcon_core.package_identification:_identify(src) by extension 'ros'
[0.214s] Level 1:colcon.colcon_core.package_identification:_identify(src) by extensions ['cmake', 'python']
[0.214s] Level 1:colcon.colcon_core.package_identification:_identify(src) by extension 'cmake'
[0.214s] Level 1:colcon.colcon_core.package_identification:_identify(src) by extension 'python'
[0.214s] Level 1:colcon.colcon_core.package_identification:_identify(src) by extensions ['python_setup_py']
[0.215s] Level 1:colcon.colcon_core.package_identification:_identify(src) by extension 'python_setup_py'
[0.215s] Level 1:colcon.colcon_core.package_identification:_identify(src/my_robot_slam) by extensions ['ignore', 'ignore_ament_install']
[0.215s] Level 1:colcon.colcon_core.package_identification:_identify(src/my_robot_slam) by extension 'ignore'
[0.215s] Level 1:colcon.colcon_core.package_identification:_identify(src/my_robot_slam) by extension 'ignore_ament_install'
[0.215s] Level 1:colcon.colcon_core.package_identification:_identify(src/my_robot_slam) by extensions ['colcon_pkg']
[0.215s] Level 1:colcon.colcon_core.package_identification:_identify(src/my_robot_slam) by extension 'colcon_pkg'
[0.215s] Level 1:colcon.colcon_core.package_identification:_identify(src/my_robot_slam) by extensions ['colcon_meta']
[0.215s] Level 1:colcon.colcon_core.package_identification:_identify(src/my_robot_slam) by extension 'colcon_meta'
[0.215s] Level 1:colcon.colcon_core.package_identification:_identify(src/my_robot_slam) by extensions ['ros']
[0.215s] Level 1:colcon.colcon_core.package_identification:_identify(src/my_robot_slam) by extension 'ros'
[0.218s] DEBUG:colcon.colcon_core.package_identification:Package 'src/my_robot_slam' with type 'ros.ament_python' and name 'my_robot_slam'
[0.218s] Level 1:colcon.colcon_core.package_discovery:discover_packages(recursive) using defaults
[0.219s] Level 1:colcon.colcon_core.package_discovery:discover_packages(ignore) discover
[0.219s] Level 1:colcon.colcon_core.package_discovery:discover_packages(ignore) using defaults
[0.219s] Level 1:colcon.colcon_core.package_discovery:discover_packages(path) discover
[0.219s] Level 1:colcon.colcon_core.package_discovery:discover_packages(path) using defaults
[0.241s] Level 1:colcon.colcon_core.package_discovery:discover_packages(prefix_path) check parameters
[0.241s] Level 1:colcon.colcon_core.package_discovery:discover_packages(prefix_path) discover
[0.244s] DEBUG:colcon.colcon_installed_package_information.package_discovery:Found 287 installed packages in /opt/ros/jazzy
[0.247s] Level 1:colcon.colcon_core.package_discovery:discover_packages(prefix_path) using defaults
[0.294s] Level 5:colcon.colcon_core.verb:set package 'my_robot_slam' build argument 'cmake_args' from command line to 'None'
[0.294s] Level 5:colcon.colcon_core.verb:set package 'my_robot_slam' build argument 'cmake_target' from command line to 'None'
[0.295s] Level 5:colcon.colcon_core.verb:set package 'my_robot_slam' build argument 'cmake_target_skip_unavailable' from command line to 'False'
[0.295s] Level 5:colcon.colcon_core.verb:set package 'my_robot_slam' build argument 'cmake_clean_cache' from command line to 'False'
[0.295s] Level 5:colcon.colcon_core.verb:set package 'my_robot_slam' build argument 'cmake_clean_first' from command line to 'False'
[0.295s] Level 5:colcon.colcon_core.verb:set package 'my_robot_slam' build argument 'cmake_force_configure' from command line to 'False'
[0.295s] Level 5:colcon.colcon_core.verb:set package 'my_robot_slam' build argument 'ament_cmake_args' from command line to 'None'
[0.295s] Level 5:colcon.colcon_core.verb:set package 'my_robot_slam' build argument 'catkin_cmake_args' from command line to 'None'
[0.295s] Level 5:colcon.colcon_core.verb:set package 'my_robot_slam' build argument 'catkin_skip_building_tests' from command line to 'False'
[0.295s] DEBUG:colcon.colcon_core.verb:Building package 'my_robot_slam' with the following arguments: {'ament_cmake_args': None, 'build_base': '/home/nemanja/pfe/letnji_2026/lk-s-2026-miloje-slam/build/my_robot_slam', 'catkin_cmake_args': None, 'catkin_skip_building_tests': False, 'cmake_args': None, 'cmake_clean_cache': False, 'cmake_clean_first': False, 'cmake_force_configure': False, 'cmake_target': None, 'cmake_target_skip_unavailable': False, 'install_base': '/home/nemanja/pfe/letnji_2026/lk-s-2026-miloje-slam/install/my_robot_slam', 'merge_install': False, 'path': '/home/nemanja/pfe/letnji_2026/lk-s-2026-miloje-slam/src/my_robot_slam', 'symlink_install': False, 'test_result_base': None}
[0.295s] INFO:colcon.colcon_core.executor:Executing jobs using 'parallel' executor
[0.296s] DEBUG:colcon.colcon_parallel_executor.executor.parallel:run_until_complete
[0.296s] INFO:colcon.colcon_ros.task.ament_python.build:Building ROS package in '/home/nemanja/pfe/letnji_2026/lk-s-2026-miloje-slam/src/my_robot_slam' with build type 'ament_python'
[0.296s] Level 1:colcon.colcon_core.shell:create_environment_hook('my_robot_slam', 'ament_prefix_path')
[0.299s] INFO:colcon.colcon_core.plugin_system:Skipping extension 'colcon_core.shell.bat': Not used on non-Windows systems
[0.299s] INFO:colcon.colcon_core.shell:Creating environment hook '/home/nemanja/pfe/letnji_2026/lk-s-2026-miloje-slam/install/my_robot_slam/share/my_robot_slam/hook/ament_prefix_path.ps1'
[0.300s] INFO:colcon.colcon_core.shell:Creating environment descriptor '/home/nemanja/pfe/letnji_2026/lk-s-2026-miloje-slam/install/my_robot_slam/share/my_robot_slam/hook/ament_prefix_path.dsv'
[0.300s] INFO:colcon.colcon_core.shell:Creating environment hook '/home/nemanja/pfe/letnji_2026/lk-s-2026-miloje-slam/install/my_robot_slam/share/my_robot_slam/hook/ament_prefix_path.sh'
[0.301s] INFO:colcon.colcon_core.shell:Skip shell extension 'powershell' for command environment: Not usable outside of PowerShell
[0.301s] DEBUG:colcon.colcon_core.shell:Skip shell extension 'dsv' for command environment
[0.557s] INFO:colcon.colcon_core.task.python.build:Building Python package in '/home/nemanja/pfe/letnji_2026/lk-s-2026-miloje-slam/src/my_robot_slam'
[0.558s] INFO:colcon.colcon_core.shell:Skip shell extension 'powershell' for command environment: Not usable outside of PowerShell
[0.558s] DEBUG:colcon.colcon_core.shell:Skip shell extension 'dsv' for command environment
[1.264s] DEBUG:colcon.colcon_core.task.python.build:Available setuptools commands: register, install_egg_info, sdist, alias, editable_wheel, bdist_rpm, install, saveopts, install_data, bdist_dumb, upload_docs, build, init_catalog, test, egg_info, bdist_wheel, install_lib, build_py, update_catalog, build_ext, upload, install_scripts, build_clib, extract_messages, setopt, clean, build_scripts, easy_install, symlink_data, install_headers, bdist_egg, compile_catalog, rotate, bdist, develop, dist_info, check
[1.268s] DEBUG:colcon.colcon_core.event_handler.log_command:Invoking command in '/home/nemanja/pfe/letnji_2026/lk-s-2026-miloje-slam/src/my_robot_slam': DEBUGINFOD_URLS=https://debuginfod.ubuntu.com PYTHONPATH=/home/nemanja/pfe/letnji_2026/lk-s-2026-miloje-slam/build/my_robot_slam/prefix_override:/usr/lib/python3/dist-packages/colcon_core/task/python/colcon_distutils_commands:/home/nemanja/pfe/letnji_2026/lk-s-2026-miloje-slam/install/my_robot_slam/lib/python3.12/site-packages:${PYTHONPATH} /usr/bin/python3 -W ignore:setup.py install is deprecated -W ignore:easy_install command is deprecated setup.py egg_info --egg-base ../../build/my_robot_slam build --build-base /home/nemanja/pfe/letnji_2026/lk-s-2026-miloje-slam/build/my_robot_slam/build install --record /home/nemanja/pfe/letnji_2026/lk-s-2026-miloje-slam/build/my_robot_slam/install.log --install-scripts $base/lib/my_robot_slam --single-version-externally-managed install_data
[1.920s] DEBUG:colcon.colcon_core.event_handler.log_command:Invoked command in '/home/nemanja/pfe/letnji_2026/lk-s-2026-miloje-slam/src/my_robot_slam' returned '0': DEBUGINFOD_URLS=https://debuginfod.ubuntu.com PYTHONPATH=/home/nemanja/pfe/letnji_2026/lk-s-2026-miloje-slam/build/my_robot_slam/prefix_override:/usr/lib/python3/dist-packages/colcon_core/task/python/colcon_distutils_commands:/home/nemanja/pfe/letnji_2026/lk-s-2026-miloje-slam/install/my_robot_slam/lib/python3.12/site-packages:${PYTHONPATH} /usr/bin/python3 -W ignore:setup.py install is deprecated -W ignore:easy_install command is deprecated setup.py egg_info --egg-base ../../build/my_robot_slam build --build-base /home/nemanja/pfe/letnji_2026/lk-s-2026-miloje-slam/build/my_robot_slam/build install --record /home/nemanja/pfe/letnji_2026/lk-s-2026-miloje-slam/build/my_robot_slam/install.log --install-scripts $base/lib/my_robot_slam --single-version-externally-managed install_data
[1.922s] Level 1:colcon.colcon_core.environment:checking '/home/nemanja/pfe/letnji_2026/lk-s-2026-miloje-slam/install/my_robot_slam' for CMake module files
[1.923s] Level 1:colcon.colcon_core.environment:checking '/home/nemanja/pfe/letnji_2026/lk-s-2026-miloje-slam/install/my_robot_slam' for CMake config files
[1.924s] Level 1:colcon.colcon_core.environment:checking '/home/nemanja/pfe/letnji_2026/lk-s-2026-miloje-slam/install/my_robot_slam/lib'
[1.924s] Level 1:colcon.colcon_core.environment:checking '/home/nemanja/pfe/letnji_2026/lk-s-2026-miloje-slam/install/my_robot_slam/bin'
[1.924s] Level 1:colcon.colcon_core.environment:checking '/home/nemanja/pfe/letnji_2026/lk-s-2026-miloje-slam/install/my_robot_slam/lib/pkgconfig/my_robot_slam.pc'
[1.924s] Level 1:colcon.colcon_core.environment:checking '/home/nemanja/pfe/letnji_2026/lk-s-2026-miloje-slam/install/my_robot_slam/lib/python3.12/site-packages'
[1.924s] Level 1:colcon.colcon_core.shell:create_environment_hook('my_robot_slam', 'pythonpath')
[1.925s] INFO:colcon.colcon_core.shell:Creating environment hook '/home/nemanja/pfe/letnji_2026/lk-s-2026-miloje-slam/install/my_robot_slam/share/my_robot_slam/hook/pythonpath.ps1'
[1.925s] INFO:colcon.colcon_core.shell:Creating environment descriptor '/home/nemanja/pfe/letnji_2026/lk-s-2026-miloje-slam/install/my_robot_slam/share/my_robot_slam/hook/pythonpath.dsv'
[1.925s] INFO:colcon.colcon_core.shell:Creating environment hook '/home/nemanja/pfe/letnji_2026/lk-s-2026-miloje-slam/install/my_robot_slam/share/my_robot_slam/hook/pythonpath.sh'
[1.926s] Level 1:colcon.colcon_core.environment:checking '/home/nemanja/pfe/letnji_2026/lk-s-2026-miloje-slam/install/my_robot_slam/bin'
[1.926s] Level 1:colcon.colcon_core.environment:create_environment_scripts_only(my_robot_slam)
[1.927s] INFO:colcon.colcon_core.shell:Creating package script '/home/nemanja/pfe/letnji_2026/lk-s-2026-miloje-slam/install/my_robot_slam/share/my_robot_slam/package.ps1'
[1.928s] INFO:colcon.colcon_core.shell:Creating package descriptor '/home/nemanja/pfe/letnji_2026/lk-s-2026-miloje-slam/install/my_robot_slam/share/my_robot_slam/package.dsv'
[1.928s] INFO:colcon.colcon_core.shell:Creating package script '/home/nemanja/pfe/letnji_2026/lk-s-2026-miloje-slam/install/my_robot_slam/share/my_robot_slam/package.sh'
[1.929s] INFO:colcon.colcon_core.shell:Creating package script '/home/nemanja/pfe/letnji_2026/lk-s-2026-miloje-slam/install/my_robot_slam/share/my_robot_slam/package.bash'
[1.930s] INFO:colcon.colcon_core.shell:Creating package script '/home/nemanja/pfe/letnji_2026/lk-s-2026-miloje-slam/install/my_robot_slam/share/my_robot_slam/package.zsh'
[1.931s] Level 1:colcon.colcon_core.environment:create_file_with_runtime_dependencies(/home/nemanja/pfe/letnji_2026/lk-s-2026-miloje-slam/install/my_robot_slam/share/colcon-core/packages/my_robot_slam)
[1.931s] DEBUG:colcon.colcon_parallel_executor.executor.parallel:closing loop
[1.931s] DEBUG:colcon.colcon_parallel_executor.executor.parallel:loop closed
[1.932s] DEBUG:colcon.colcon_parallel_executor.executor.parallel:run_until_complete finished with '0'
[1.932s] DEBUG:colcon.colcon_core.event_reactor:joining thread
[1.938s] INFO:colcon.colcon_core.plugin_system:Skipping extension 'colcon_notification.desktop_notification.terminal_notifier': Not used on non-Darwin systems
[1.939s] INFO:colcon.colcon_core.plugin_system:Skipping extension 'colcon_notification.desktop_notification.win32': Not used on non-Windows systems
[1.939s] INFO:colcon.colcon_notification.desktop_notification:Sending desktop notification using 'notify2'
[1.965s] DEBUG:colcon.colcon_core.event_reactor:joined thread
[1.966s] INFO:colcon.colcon_core.shell:Creating prefix script '/home/nemanja/pfe/letnji_2026/lk-s-2026-miloje-slam/install/local_setup.ps1'
[1.967s] INFO:colcon.colcon_core.shell:Creating prefix util module '/home/nemanja/pfe/letnji_2026/lk-s-2026-miloje-slam/install/_local_setup_util_ps1.py'
[1.969s] INFO:colcon.colcon_core.shell:Creating prefix chain script '/home/nemanja/pfe/letnji_2026/lk-s-2026-miloje-slam/install/setup.ps1'
[1.970s] INFO:colcon.colcon_core.shell:Creating prefix script '/home/nemanja/pfe/letnji_2026/lk-s-2026-miloje-slam/install/local_setup.sh'
[1.971s] INFO:colcon.colcon_core.shell:Creating prefix util module '/home/nemanja/pfe/letnji_2026/lk-s-2026-miloje-slam/install/_local_setup_util_sh.py'
[1.973s] INFO:colcon.colcon_core.shell:Creating prefix chain script '/home/nemanja/pfe/letnji_2026/lk-s-2026-miloje-slam/install/setup.sh'
[1.974s] INFO:colcon.colcon_core.shell:Creating prefix script '/home/nemanja/pfe/letnji_2026/lk-s-2026-miloje-slam/install/local_setup.bash'
[1.975s] INFO:colcon.colcon_core.shell:Creating prefix chain script '/home/nemanja/pfe/letnji_2026/lk-s-2026-miloje-slam/install/setup.bash'
[1.976s] INFO:colcon.colcon_core.shell:Creating prefix script '/home/nemanja/pfe/letnji_2026/lk-s-2026-miloje-slam/install/local_setup.zsh'
[1.977s] INFO:colcon.colcon_core.shell:Creating prefix chain script '/home/nemanja/pfe/letnji_2026/lk-s-2026-miloje-slam/install/setup.zsh'
