[0.009s] Invoking command in '/home/veljkogalovic/robot_ws/NewWorkspace/build/lidar_pkg': CMAKE_PREFIX_PATH=/home/veljkogalovic/robot_ws/NewWorkspace/install/lidar_msgs:/home/veljkogalovic/robot_ws/NewWorkspace/install/lidar_pkg:/opt/ros/humble DEBUGINFOD_URLS=ima:enforcing https://debuginfod.fedoraproject.org/ ima:ignore PS1=📦[\u@ros2-env \W]$ /usr/bin/cmake --build /home/veljkogalovic/robot_ws/NewWorkspace/build/lidar_pkg -- -j8 -l8
[0.027s] -- Found ament_cmake: 1.3.14 (/opt/ros/humble/share/ament_cmake/cmake)
[0.121s] -- Found rclpy: 3.3.21 (/opt/ros/humble/share/rclpy/cmake)
[0.121s] -- Found std_srvs: 4.9.1 (/opt/ros/humble/share/std_srvs/cmake)
[0.140s] -- Found rosidl_generator_c: 3.1.8 (/opt/ros/humble/share/rosidl_generator_c/cmake)
[0.143s] -- Found rosidl_adapter: 3.1.8 (/opt/ros/humble/share/rosidl_adapter/cmake)
[0.149s] -- Found rosidl_generator_cpp: 3.1.8 (/opt/ros/humble/share/rosidl_generator_cpp/cmake)
[0.157s] -- Using all available rosidl_typesupport_c: rosidl_typesupport_fastrtps_c;rosidl_typesupport_introspection_c
[0.166s] -- Using all available rosidl_typesupport_cpp: rosidl_typesupport_fastrtps_cpp;rosidl_typesupport_introspection_cpp
[0.175s] -- Found lidar_msgs: 0.0.1 (/home/veljkogalovic/robot_ws/NewWorkspace/install/lidar_msgs/share/lidar_msgs/cmake)
[0.198s] -- Found geometry_msgs: 4.9.1 (/opt/ros/humble/share/geometry_msgs/cmake)
[0.218s] -- Found nav_msgs: 4.9.1 (/opt/ros/humble/share/nav_msgs/cmake)
[0.301s] -- Configuring done
[0.304s] -- Generating done
[0.306s] -- Build files have been written to: /home/veljkogalovic/robot_ws/NewWorkspace/build/lidar_pkg
[0.323s] Invoked command in '/home/veljkogalovic/robot_ws/NewWorkspace/build/lidar_pkg' returned '0': CMAKE_PREFIX_PATH=/home/veljkogalovic/robot_ws/NewWorkspace/install/lidar_msgs:/home/veljkogalovic/robot_ws/NewWorkspace/install/lidar_pkg:/opt/ros/humble DEBUGINFOD_URLS=ima:enforcing https://debuginfod.fedoraproject.org/ ima:ignore PS1=📦[\u@ros2-env \W]$ /usr/bin/cmake --build /home/veljkogalovic/robot_ws/NewWorkspace/build/lidar_pkg -- -j8 -l8
[0.330s] Invoking command in '/home/veljkogalovic/robot_ws/NewWorkspace/build/lidar_pkg': CMAKE_PREFIX_PATH=/home/veljkogalovic/robot_ws/NewWorkspace/install/lidar_msgs:/home/veljkogalovic/robot_ws/NewWorkspace/install/lidar_pkg:/opt/ros/humble DEBUGINFOD_URLS=ima:enforcing https://debuginfod.fedoraproject.org/ ima:ignore PS1=📦[\u@ros2-env \W]$ /usr/bin/cmake --install /home/veljkogalovic/robot_ws/NewWorkspace/build/lidar_pkg
[0.335s] -- Install configuration: ""
[0.335s] -- Up-to-date: /home/veljkogalovic/robot_ws/NewWorkspace/install/lidar_pkg/lib/lidar_pkg/lidar_scan_node.py
[0.335s] -- Up-to-date: /home/veljkogalovic/robot_ws/NewWorkspace/install/lidar_pkg/lib/lidar_pkg/vector_deducer_node.py
[0.335s] -- Installing: /home/veljkogalovic/robot_ws/NewWorkspace/install/lidar_pkg/lib/lidar_pkg/slam_mapping_node.py
[0.335s] -- Installing: /home/veljkogalovic/robot_ws/NewWorkspace/install/lidar_pkg/share/ament_index/resource_index/package_run_dependencies/lidar_pkg
[0.336s] -- Up-to-date: /home/veljkogalovic/robot_ws/NewWorkspace/install/lidar_pkg/share/ament_index/resource_index/parent_prefix_path/lidar_pkg
[0.336s] -- Up-to-date: /home/veljkogalovic/robot_ws/NewWorkspace/install/lidar_pkg/share/lidar_pkg/environment/ament_prefix_path.sh
[0.336s] -- Installing: /home/veljkogalovic/robot_ws/NewWorkspace/install/lidar_pkg/share/lidar_pkg/environment/ament_prefix_path.dsv
[0.336s] -- Up-to-date: /home/veljkogalovic/robot_ws/NewWorkspace/install/lidar_pkg/share/lidar_pkg/environment/path.sh
[0.336s] -- Installing: /home/veljkogalovic/robot_ws/NewWorkspace/install/lidar_pkg/share/lidar_pkg/environment/path.dsv
[0.336s] -- Up-to-date: /home/veljkogalovic/robot_ws/NewWorkspace/install/lidar_pkg/share/lidar_pkg/local_setup.bash
[0.336s] -- Up-to-date: /home/veljkogalovic/robot_ws/NewWorkspace/install/lidar_pkg/share/lidar_pkg/local_setup.sh
[0.336s] -- Up-to-date: /home/veljkogalovic/robot_ws/NewWorkspace/install/lidar_pkg/share/lidar_pkg/local_setup.zsh
[0.336s] -- Installing: /home/veljkogalovic/robot_ws/NewWorkspace/install/lidar_pkg/share/lidar_pkg/local_setup.dsv
[0.336s] -- Installing: /home/veljkogalovic/robot_ws/NewWorkspace/install/lidar_pkg/share/lidar_pkg/package.dsv
[0.336s] -- Up-to-date: /home/veljkogalovic/robot_ws/NewWorkspace/install/lidar_pkg/share/ament_index/resource_index/packages/lidar_pkg
[0.336s] -- Up-to-date: /home/veljkogalovic/robot_ws/NewWorkspace/install/lidar_pkg/share/lidar_pkg/cmake/lidar_pkgConfig.cmake
[0.337s] -- Up-to-date: /home/veljkogalovic/robot_ws/NewWorkspace/install/lidar_pkg/share/lidar_pkg/cmake/lidar_pkgConfig-version.cmake
[0.337s] -- Installing: /home/veljkogalovic/robot_ws/NewWorkspace/install/lidar_pkg/share/lidar_pkg/package.xml
[0.339s] Invoked command in '/home/veljkogalovic/robot_ws/NewWorkspace/build/lidar_pkg' returned '0': CMAKE_PREFIX_PATH=/home/veljkogalovic/robot_ws/NewWorkspace/install/lidar_msgs:/home/veljkogalovic/robot_ws/NewWorkspace/install/lidar_pkg:/opt/ros/humble DEBUGINFOD_URLS=ima:enforcing https://debuginfod.fedoraproject.org/ ima:ignore PS1=📦[\u@ros2-env \W]$ /usr/bin/cmake --install /home/veljkogalovic/robot_ws/NewWorkspace/build/lidar_pkg
