[0.105s] DEBUG:colcon:Command line arguments: ['/usr/bin/colcon', 'build']
[0.105s] DEBUG:colcon:Parsed command line arguments: Namespace(log_base=None, log_level=None, verb_name='build', build_base='build', install_base='install', merge_install=False, symlink_install=False, test_result_base=None, continue_on_error=False, executor='parallel', parallel_workers=8, event_handlers=None, ignore_user_meta=False, metas=['./colcon.meta'], base_paths=['.'], packages_ignore=None, packages_ignore_regex=None, paths=None, packages_up_to=None, packages_up_to_regex=None, packages_above=None, packages_above_and_dependencies=None, packages_above_depth=None, packages_select_by_dep=None, packages_skip_by_dep=None, packages_skip_up_to=None, packages_select_build_failed=False, packages_skip_build_finished=False, packages_select_test_failures=False, packages_skip_test_passed=False, packages_select=None, packages_skip=None, packages_select_regex=None, packages_skip_regex=None, packages_start=None, packages_end=None, allow_overriding=[], cmake_args=None, cmake_target=None, cmake_target_skip_unavailable=False, cmake_clean_cache=False, cmake_clean_first=False, cmake_force_configure=False, ament_cmake_args=None, catkin_cmake_args=None, catkin_skip_building_tests=False, verb_parser=<colcon_defaults.argument_parser.defaults.DefaultArgumentsDecorator object at 0x7f6171928400>, verb_extension=<colcon_core.verb.build.BuildVerb object at 0x7f6171a9dba0>, main=<bound method BuildVerb.main of <colcon_core.verb.build.BuildVerb object at 0x7f6171a9dba0>>)
[0.260s] Level 1:colcon.colcon_core.package_discovery:discover_packages(colcon_meta) check parameters
[0.260s] Level 1:colcon.colcon_core.package_discovery:discover_packages(recursive) check parameters
[0.260s] Level 1:colcon.colcon_core.package_discovery:discover_packages(ignore) check parameters
[0.260s] Level 1:colcon.colcon_core.package_discovery:discover_packages(path) check parameters
[0.260s] Level 1:colcon.colcon_core.package_discovery:discover_packages(colcon_meta) discover
[0.260s] Level 1:colcon.colcon_core.package_discovery:discover_packages(recursive) discover
[0.260s] INFO:colcon.colcon_core.package_discovery:Crawling recursively for packages in '/home/veljkogalovic/robot_ws/NewWorkspace'
[0.260s] Level 1:colcon.colcon_core.package_identification:_identify(.) by extensions ['ignore', 'ignore_ament_install']
[0.260s] Level 1:colcon.colcon_core.package_identification:_identify(.) by extension 'ignore'
[0.261s] Level 1:colcon.colcon_core.package_identification:_identify(.) by extension 'ignore_ament_install'
[0.261s] Level 1:colcon.colcon_core.package_identification:_identify(.) by extensions ['colcon_pkg']
[0.261s] Level 1:colcon.colcon_core.package_identification:_identify(.) by extension 'colcon_pkg'
[0.261s] Level 1:colcon.colcon_core.package_identification:_identify(.) by extensions ['colcon_meta']
[0.261s] Level 1:colcon.colcon_core.package_identification:_identify(.) by extension 'colcon_meta'
[0.261s] Level 1:colcon.colcon_core.package_identification:_identify(.) by extensions ['ros']
[0.261s] Level 1:colcon.colcon_core.package_identification:_identify(.) by extension 'ros'
[0.302s] Level 1:colcon.colcon_core.package_identification:_identify(.) by extensions ['cmake', 'python']
[0.302s] Level 1:colcon.colcon_core.package_identification:_identify(.) by extension 'cmake'
[0.302s] Level 1:colcon.colcon_core.package_identification:_identify(.) by extension 'python'
[0.302s] Level 1:colcon.colcon_core.package_identification:_identify(.) by extensions ['python_setup_py']
[0.302s] Level 1:colcon.colcon_core.package_identification:_identify(.) by extension 'python_setup_py'
[0.302s] Level 1:colcon.colcon_core.package_identification:_identify(build) by extensions ['ignore', 'ignore_ament_install']
[0.302s] Level 1:colcon.colcon_core.package_identification:_identify(build) by extension 'ignore'
[0.302s] Level 1:colcon.colcon_core.package_identification:_identify(build) ignored
[0.303s] Level 1:colcon.colcon_core.package_identification:_identify(install) by extensions ['ignore', 'ignore_ament_install']
[0.303s] Level 1:colcon.colcon_core.package_identification:_identify(install) by extension 'ignore'
[0.303s] Level 1:colcon.colcon_core.package_identification:_identify(install) ignored
[0.303s] Level 1:colcon.colcon_core.package_identification:_identify(log) by extensions ['ignore', 'ignore_ament_install']
[0.303s] Level 1:colcon.colcon_core.package_identification:_identify(log) by extension 'ignore'
[0.303s] Level 1:colcon.colcon_core.package_identification:_identify(log) ignored
[0.303s] Level 1:colcon.colcon_core.package_identification:_identify(src) by extensions ['ignore', 'ignore_ament_install']
[0.303s] Level 1:colcon.colcon_core.package_identification:_identify(src) by extension 'ignore'
[0.303s] Level 1:colcon.colcon_core.package_identification:_identify(src) by extension 'ignore_ament_install'
[0.303s] Level 1:colcon.colcon_core.package_identification:_identify(src) by extensions ['colcon_pkg']
[0.303s] Level 1:colcon.colcon_core.package_identification:_identify(src) by extension 'colcon_pkg'
[0.303s] Level 1:colcon.colcon_core.package_identification:_identify(src) by extensions ['colcon_meta']
[0.303s] Level 1:colcon.colcon_core.package_identification:_identify(src) by extension 'colcon_meta'
[0.303s] Level 1:colcon.colcon_core.package_identification:_identify(src) by extensions ['ros']
[0.303s] Level 1:colcon.colcon_core.package_identification:_identify(src) by extension 'ros'
[0.303s] Level 1:colcon.colcon_core.package_identification:_identify(src) by extensions ['cmake', 'python']
[0.303s] Level 1:colcon.colcon_core.package_identification:_identify(src) by extension 'cmake'
[0.303s] Level 1:colcon.colcon_core.package_identification:_identify(src) by extension 'python'
[0.303s] Level 1:colcon.colcon_core.package_identification:_identify(src) by extensions ['python_setup_py']
[0.303s] Level 1:colcon.colcon_core.package_identification:_identify(src) by extension 'python_setup_py'
[0.304s] Level 1:colcon.colcon_core.package_identification:_identify(src/lidar_msgs) by extensions ['ignore', 'ignore_ament_install']
[0.304s] Level 1:colcon.colcon_core.package_identification:_identify(src/lidar_msgs) by extension 'ignore'
[0.304s] Level 1:colcon.colcon_core.package_identification:_identify(src/lidar_msgs) by extension 'ignore_ament_install'
[0.304s] Level 1:colcon.colcon_core.package_identification:_identify(src/lidar_msgs) by extensions ['colcon_pkg']
[0.304s] Level 1:colcon.colcon_core.package_identification:_identify(src/lidar_msgs) by extension 'colcon_pkg'
[0.304s] Level 1:colcon.colcon_core.package_identification:_identify(src/lidar_msgs) by extensions ['colcon_meta']
[0.304s] Level 1:colcon.colcon_core.package_identification:_identify(src/lidar_msgs) by extension 'colcon_meta'
[0.304s] Level 1:colcon.colcon_core.package_identification:_identify(src/lidar_msgs) by extensions ['ros']
[0.304s] Level 1:colcon.colcon_core.package_identification:_identify(src/lidar_msgs) by extension 'ros'
[0.307s] DEBUG:colcon.colcon_core.package_identification:Package 'src/lidar_msgs' with type 'ros.ament_cmake' and name 'lidar_msgs'
[0.307s] Level 1:colcon.colcon_core.package_identification:_identify(src/lidar_pkg) by extensions ['ignore', 'ignore_ament_install']
[0.307s] Level 1:colcon.colcon_core.package_identification:_identify(src/lidar_pkg) by extension 'ignore'
[0.308s] Level 1:colcon.colcon_core.package_identification:_identify(src/lidar_pkg) by extension 'ignore_ament_install'
[0.308s] Level 1:colcon.colcon_core.package_identification:_identify(src/lidar_pkg) by extensions ['colcon_pkg']
[0.308s] Level 1:colcon.colcon_core.package_identification:_identify(src/lidar_pkg) by extension 'colcon_pkg'
[0.308s] Level 1:colcon.colcon_core.package_identification:_identify(src/lidar_pkg) by extensions ['colcon_meta']
[0.308s] Level 1:colcon.colcon_core.package_identification:_identify(src/lidar_pkg) by extension 'colcon_meta'
[0.308s] Level 1:colcon.colcon_core.package_identification:_identify(src/lidar_pkg) by extensions ['ros']
[0.308s] Level 1:colcon.colcon_core.package_identification:_identify(src/lidar_pkg) by extension 'ros'
[0.309s] DEBUG:colcon.colcon_core.package_identification:Package 'src/lidar_pkg' with type 'ros.ament_cmake' and name 'lidar_pkg'
[0.309s] Level 1:colcon.colcon_core.package_discovery:discover_packages(recursive) using defaults
[0.309s] Level 1:colcon.colcon_core.package_discovery:discover_packages(ignore) discover
[0.309s] Level 1:colcon.colcon_core.package_discovery:discover_packages(ignore) using defaults
[0.309s] Level 1:colcon.colcon_core.package_discovery:discover_packages(path) discover
[0.309s] Level 1:colcon.colcon_core.package_discovery:discover_packages(path) using defaults
[0.329s] Level 1:colcon.colcon_core.package_discovery:discover_packages(prefix_path) check parameters
[0.329s] Level 1:colcon.colcon_core.package_discovery:discover_packages(prefix_path) discover
[0.331s] DEBUG:colcon.colcon_installed_package_information.package_discovery:Found 273 installed packages in /opt/ros/humble
[0.333s] Level 1:colcon.colcon_core.package_discovery:discover_packages(prefix_path) using defaults
[0.368s] Level 5:colcon.colcon_core.verb:set package 'lidar_msgs' build argument 'cmake_args' from command line to 'None'
[0.368s] Level 5:colcon.colcon_core.verb:set package 'lidar_msgs' build argument 'cmake_target' from command line to 'None'
[0.368s] Level 5:colcon.colcon_core.verb:set package 'lidar_msgs' build argument 'cmake_target_skip_unavailable' from command line to 'False'
[0.368s] Level 5:colcon.colcon_core.verb:set package 'lidar_msgs' build argument 'cmake_clean_cache' from command line to 'False'
[0.368s] Level 5:colcon.colcon_core.verb:set package 'lidar_msgs' build argument 'cmake_clean_first' from command line to 'False'
[0.368s] Level 5:colcon.colcon_core.verb:set package 'lidar_msgs' build argument 'cmake_force_configure' from command line to 'False'
[0.368s] Level 5:colcon.colcon_core.verb:set package 'lidar_msgs' build argument 'ament_cmake_args' from command line to 'None'
[0.368s] Level 5:colcon.colcon_core.verb:set package 'lidar_msgs' build argument 'catkin_cmake_args' from command line to 'None'
[0.368s] Level 5:colcon.colcon_core.verb:set package 'lidar_msgs' build argument 'catkin_skip_building_tests' from command line to 'False'
[0.368s] DEBUG:colcon.colcon_core.verb:Building package 'lidar_msgs' with the following arguments: {'ament_cmake_args': None, 'build_base': '/home/veljkogalovic/robot_ws/NewWorkspace/build/lidar_msgs', 'catkin_cmake_args': None, 'catkin_skip_building_tests': False, 'cmake_args': None, 'cmake_clean_cache': False, 'cmake_clean_first': False, 'cmake_force_configure': False, 'cmake_target': None, 'cmake_target_skip_unavailable': False, 'install_base': '/home/veljkogalovic/robot_ws/NewWorkspace/install/lidar_msgs', 'merge_install': False, 'path': '/home/veljkogalovic/robot_ws/NewWorkspace/src/lidar_msgs', 'symlink_install': False, 'test_result_base': None}
[0.368s] Level 5:colcon.colcon_core.verb:set package 'lidar_pkg' build argument 'cmake_args' from command line to 'None'
[0.368s] Level 5:colcon.colcon_core.verb:set package 'lidar_pkg' build argument 'cmake_target' from command line to 'None'
[0.368s] Level 5:colcon.colcon_core.verb:set package 'lidar_pkg' build argument 'cmake_target_skip_unavailable' from command line to 'False'
[0.368s] Level 5:colcon.colcon_core.verb:set package 'lidar_pkg' build argument 'cmake_clean_cache' from command line to 'False'
[0.368s] Level 5:colcon.colcon_core.verb:set package 'lidar_pkg' build argument 'cmake_clean_first' from command line to 'False'
[0.368s] Level 5:colcon.colcon_core.verb:set package 'lidar_pkg' build argument 'cmake_force_configure' from command line to 'False'
[0.368s] Level 5:colcon.colcon_core.verb:set package 'lidar_pkg' build argument 'ament_cmake_args' from command line to 'None'
[0.368s] Level 5:colcon.colcon_core.verb:set package 'lidar_pkg' build argument 'catkin_cmake_args' from command line to 'None'
[0.368s] Level 5:colcon.colcon_core.verb:set package 'lidar_pkg' build argument 'catkin_skip_building_tests' from command line to 'False'
[0.368s] DEBUG:colcon.colcon_core.verb:Building package 'lidar_pkg' with the following arguments: {'ament_cmake_args': None, 'build_base': '/home/veljkogalovic/robot_ws/NewWorkspace/build/lidar_pkg', 'catkin_cmake_args': None, 'catkin_skip_building_tests': False, 'cmake_args': None, 'cmake_clean_cache': False, 'cmake_clean_first': False, 'cmake_force_configure': False, 'cmake_target': None, 'cmake_target_skip_unavailable': False, 'install_base': '/home/veljkogalovic/robot_ws/NewWorkspace/install/lidar_pkg', 'merge_install': False, 'path': '/home/veljkogalovic/robot_ws/NewWorkspace/src/lidar_pkg', 'symlink_install': False, 'test_result_base': None}
[0.369s] INFO:colcon.colcon_core.executor:Executing jobs using 'parallel' executor
[0.370s] DEBUG:colcon.colcon_parallel_executor.executor.parallel:run_until_complete
[0.370s] INFO:colcon.colcon_ros.task.ament_cmake.build:Building ROS package in '/home/veljkogalovic/robot_ws/NewWorkspace/src/lidar_msgs' with build type 'ament_cmake'
[0.370s] INFO:colcon.colcon_cmake.task.cmake.build:Building CMake package in '/home/veljkogalovic/robot_ws/NewWorkspace/src/lidar_msgs'
[0.372s] INFO:colcon.colcon_core.plugin_system:Skipping extension 'colcon_core.shell.bat': Not used on non-Windows systems
[0.373s] INFO:colcon.colcon_core.shell:Skip shell extension 'powershell' for command environment: Not usable outside of PowerShell
[0.373s] DEBUG:colcon.colcon_core.shell:Skip shell extension 'dsv' for command environment
[0.376s] INFO:colcon.colcon_ros.task.ament_cmake.build:Building ROS package in '/home/veljkogalovic/robot_ws/NewWorkspace/src/lidar_pkg' with build type 'ament_cmake'
[0.376s] INFO:colcon.colcon_cmake.task.cmake.build:Building CMake package in '/home/veljkogalovic/robot_ws/NewWorkspace/src/lidar_pkg'
[0.376s] INFO:colcon.colcon_core.shell:Skip shell extension 'powershell' for command environment: Not usable outside of PowerShell
[0.376s] DEBUG:colcon.colcon_core.shell:Skip shell extension 'dsv' for command environment
[0.382s] DEBUG:colcon.colcon_core.event_handler.log_command:Invoking command in '/home/veljkogalovic/robot_ws/NewWorkspace/build/lidar_msgs': CMAKE_PREFIX_PATH=/opt/ros/humble DEBUGINFOD_URLS=ima:enforcing https://debuginfod.fedoraproject.org/ ima:ignore PS1=📦[\u@ros2-env \W]$ /usr/bin/cmake /home/veljkogalovic/robot_ws/NewWorkspace/src/lidar_msgs -DCMAKE_INSTALL_PREFIX=/home/veljkogalovic/robot_ws/NewWorkspace/install/lidar_msgs
[0.386s] DEBUG:colcon.colcon_core.event_handler.log_command:Invoking command in '/home/veljkogalovic/robot_ws/NewWorkspace/build/lidar_pkg': CMAKE_PREFIX_PATH=/opt/ros/humble DEBUGINFOD_URLS=ima:enforcing https://debuginfod.fedoraproject.org/ ima:ignore PS1=📦[\u@ros2-env \W]$ /usr/bin/cmake /home/veljkogalovic/robot_ws/NewWorkspace/src/lidar_pkg -DCMAKE_INSTALL_PREFIX=/home/veljkogalovic/robot_ws/NewWorkspace/install/lidar_pkg
[1.177s] DEBUG:colcon.colcon_core.event_handler.log_command:Invoked command in '/home/veljkogalovic/robot_ws/NewWorkspace/build/lidar_pkg' returned '0': CMAKE_PREFIX_PATH=/opt/ros/humble DEBUGINFOD_URLS=ima:enforcing https://debuginfod.fedoraproject.org/ ima:ignore PS1=📦[\u@ros2-env \W]$ /usr/bin/cmake /home/veljkogalovic/robot_ws/NewWorkspace/src/lidar_pkg -DCMAKE_INSTALL_PREFIX=/home/veljkogalovic/robot_ws/NewWorkspace/install/lidar_pkg
[1.178s] DEBUG:colcon.colcon_core.event_handler.log_command:Invoking command in '/home/veljkogalovic/robot_ws/NewWorkspace/build/lidar_pkg': CMAKE_PREFIX_PATH=/opt/ros/humble DEBUGINFOD_URLS=ima:enforcing https://debuginfod.fedoraproject.org/ ima:ignore PS1=📦[\u@ros2-env \W]$ /usr/bin/cmake --build /home/veljkogalovic/robot_ws/NewWorkspace/build/lidar_pkg -- -j8 -l8
[1.229s] DEBUG:colcon.colcon_core.event_handler.log_command:Invoked command in '/home/veljkogalovic/robot_ws/NewWorkspace/build/lidar_pkg' returned '0': CMAKE_PREFIX_PATH=/opt/ros/humble DEBUGINFOD_URLS=ima:enforcing https://debuginfod.fedoraproject.org/ ima:ignore PS1=📦[\u@ros2-env \W]$ /usr/bin/cmake --build /home/veljkogalovic/robot_ws/NewWorkspace/build/lidar_pkg -- -j8 -l8
[1.246s] DEBUG:colcon.colcon_core.event_handler.log_command:Invoking command in '/home/veljkogalovic/robot_ws/NewWorkspace/build/lidar_pkg': CMAKE_PREFIX_PATH=/opt/ros/humble DEBUGINFOD_URLS=ima:enforcing https://debuginfod.fedoraproject.org/ ima:ignore PS1=📦[\u@ros2-env \W]$ /usr/bin/cmake --install /home/veljkogalovic/robot_ws/NewWorkspace/build/lidar_pkg
[1.260s] Level 1:colcon.colcon_core.environment:create_environment_scripts_only(lidar_pkg)
[1.261s] DEBUG:colcon.colcon_core.event_handler.log_command:Invoked command in '/home/veljkogalovic/robot_ws/NewWorkspace/build/lidar_pkg' returned '0': CMAKE_PREFIX_PATH=/opt/ros/humble DEBUGINFOD_URLS=ima:enforcing https://debuginfod.fedoraproject.org/ ima:ignore PS1=📦[\u@ros2-env \W]$ /usr/bin/cmake --install /home/veljkogalovic/robot_ws/NewWorkspace/build/lidar_pkg
[1.263s] Level 1:colcon.colcon_core.environment:checking '/home/veljkogalovic/robot_ws/NewWorkspace/install/lidar_pkg' for CMake module files
[1.264s] Level 1:colcon.colcon_core.environment:checking '/home/veljkogalovic/robot_ws/NewWorkspace/install/lidar_pkg' for CMake config files
[1.264s] Level 1:colcon.colcon_core.shell:create_environment_hook('lidar_pkg', 'cmake_prefix_path')
[1.264s] INFO:colcon.colcon_core.shell:Creating environment hook '/home/veljkogalovic/robot_ws/NewWorkspace/install/lidar_pkg/share/lidar_pkg/hook/cmake_prefix_path.ps1'
[1.265s] INFO:colcon.colcon_core.shell:Creating environment descriptor '/home/veljkogalovic/robot_ws/NewWorkspace/install/lidar_pkg/share/lidar_pkg/hook/cmake_prefix_path.dsv'
[1.266s] INFO:colcon.colcon_core.shell:Creating environment hook '/home/veljkogalovic/robot_ws/NewWorkspace/install/lidar_pkg/share/lidar_pkg/hook/cmake_prefix_path.sh'
[1.267s] Level 1:colcon.colcon_core.environment:checking '/home/veljkogalovic/robot_ws/NewWorkspace/install/lidar_pkg/bin'
[1.267s] Level 1:colcon.colcon_core.environment:checking '/home/veljkogalovic/robot_ws/NewWorkspace/install/lidar_pkg/lib/pkgconfig/lidar_pkg.pc'
[1.267s] Level 1:colcon.colcon_core.environment:checking '/home/veljkogalovic/robot_ws/NewWorkspace/install/lidar_pkg/lib/python3.10/site-packages'
[1.267s] Level 1:colcon.colcon_core.environment:checking '/home/veljkogalovic/robot_ws/NewWorkspace/install/lidar_pkg/bin'
[1.268s] INFO:colcon.colcon_core.shell:Creating package script '/home/veljkogalovic/robot_ws/NewWorkspace/install/lidar_pkg/share/lidar_pkg/package.ps1'
[1.269s] INFO:colcon.colcon_core.shell:Creating package descriptor '/home/veljkogalovic/robot_ws/NewWorkspace/install/lidar_pkg/share/lidar_pkg/package.dsv'
[1.269s] INFO:colcon.colcon_core.shell:Creating package script '/home/veljkogalovic/robot_ws/NewWorkspace/install/lidar_pkg/share/lidar_pkg/package.sh'
[1.270s] INFO:colcon.colcon_core.shell:Creating package script '/home/veljkogalovic/robot_ws/NewWorkspace/install/lidar_pkg/share/lidar_pkg/package.bash'
[1.271s] INFO:colcon.colcon_core.shell:Creating package script '/home/veljkogalovic/robot_ws/NewWorkspace/install/lidar_pkg/share/lidar_pkg/package.zsh'
[1.272s] Level 1:colcon.colcon_core.environment:create_file_with_runtime_dependencies(/home/veljkogalovic/robot_ws/NewWorkspace/install/lidar_pkg/share/colcon-core/packages/lidar_pkg)
[1.272s] Level 1:colcon.colcon_core.environment:create_environment_scripts_only(lidar_pkg)
[1.272s] Level 1:colcon.colcon_core.environment:checking '/home/veljkogalovic/robot_ws/NewWorkspace/install/lidar_pkg' for CMake module files
[1.273s] Level 1:colcon.colcon_core.environment:checking '/home/veljkogalovic/robot_ws/NewWorkspace/install/lidar_pkg' for CMake config files
[1.273s] Level 1:colcon.colcon_core.shell:create_environment_hook('lidar_pkg', 'cmake_prefix_path')
[1.273s] INFO:colcon.colcon_core.shell:Creating environment hook '/home/veljkogalovic/robot_ws/NewWorkspace/install/lidar_pkg/share/lidar_pkg/hook/cmake_prefix_path.ps1'
[1.274s] INFO:colcon.colcon_core.shell:Creating environment descriptor '/home/veljkogalovic/robot_ws/NewWorkspace/install/lidar_pkg/share/lidar_pkg/hook/cmake_prefix_path.dsv'
[1.275s] INFO:colcon.colcon_core.shell:Creating environment hook '/home/veljkogalovic/robot_ws/NewWorkspace/install/lidar_pkg/share/lidar_pkg/hook/cmake_prefix_path.sh'
[1.275s] Level 1:colcon.colcon_core.environment:checking '/home/veljkogalovic/robot_ws/NewWorkspace/install/lidar_pkg/bin'
[1.275s] Level 1:colcon.colcon_core.environment:checking '/home/veljkogalovic/robot_ws/NewWorkspace/install/lidar_pkg/lib/pkgconfig/lidar_pkg.pc'
[1.275s] Level 1:colcon.colcon_core.environment:checking '/home/veljkogalovic/robot_ws/NewWorkspace/install/lidar_pkg/lib/python3.10/site-packages'
[1.276s] Level 1:colcon.colcon_core.environment:checking '/home/veljkogalovic/robot_ws/NewWorkspace/install/lidar_pkg/bin'
[1.276s] INFO:colcon.colcon_core.shell:Creating package script '/home/veljkogalovic/robot_ws/NewWorkspace/install/lidar_pkg/share/lidar_pkg/package.ps1'
[1.277s] INFO:colcon.colcon_core.shell:Creating package descriptor '/home/veljkogalovic/robot_ws/NewWorkspace/install/lidar_pkg/share/lidar_pkg/package.dsv'
[1.277s] INFO:colcon.colcon_core.shell:Creating package script '/home/veljkogalovic/robot_ws/NewWorkspace/install/lidar_pkg/share/lidar_pkg/package.sh'
[1.277s] INFO:colcon.colcon_core.shell:Creating package script '/home/veljkogalovic/robot_ws/NewWorkspace/install/lidar_pkg/share/lidar_pkg/package.bash'
[1.278s] INFO:colcon.colcon_core.shell:Creating package script '/home/veljkogalovic/robot_ws/NewWorkspace/install/lidar_pkg/share/lidar_pkg/package.zsh'
[1.278s] Level 1:colcon.colcon_core.environment:create_file_with_runtime_dependencies(/home/veljkogalovic/robot_ws/NewWorkspace/install/lidar_pkg/share/colcon-core/packages/lidar_pkg)
[2.761s] DEBUG:colcon.colcon_core.event_handler.log_command:Invoked command in '/home/veljkogalovic/robot_ws/NewWorkspace/build/lidar_msgs' returned '0': CMAKE_PREFIX_PATH=/opt/ros/humble DEBUGINFOD_URLS=ima:enforcing https://debuginfod.fedoraproject.org/ ima:ignore PS1=📦[\u@ros2-env \W]$ /usr/bin/cmake /home/veljkogalovic/robot_ws/NewWorkspace/src/lidar_msgs -DCMAKE_INSTALL_PREFIX=/home/veljkogalovic/robot_ws/NewWorkspace/install/lidar_msgs
[2.762s] DEBUG:colcon.colcon_core.event_handler.log_command:Invoking command in '/home/veljkogalovic/robot_ws/NewWorkspace/build/lidar_msgs': CMAKE_PREFIX_PATH=/opt/ros/humble DEBUGINFOD_URLS=ima:enforcing https://debuginfod.fedoraproject.org/ ima:ignore PS1=📦[\u@ros2-env \W]$ /usr/bin/cmake --build /home/veljkogalovic/robot_ws/NewWorkspace/build/lidar_msgs -- -j8 -l8
[4.967s] DEBUG:colcon.colcon_core.event_handler.log_command:Invoked command in '/home/veljkogalovic/robot_ws/NewWorkspace/build/lidar_msgs' returned '0': CMAKE_PREFIX_PATH=/opt/ros/humble DEBUGINFOD_URLS=ima:enforcing https://debuginfod.fedoraproject.org/ ima:ignore PS1=📦[\u@ros2-env \W]$ /usr/bin/cmake --build /home/veljkogalovic/robot_ws/NewWorkspace/build/lidar_msgs -- -j8 -l8
[4.971s] DEBUG:colcon.colcon_core.event_handler.log_command:Invoking command in '/home/veljkogalovic/robot_ws/NewWorkspace/build/lidar_msgs': CMAKE_PREFIX_PATH=/opt/ros/humble DEBUGINFOD_URLS=ima:enforcing https://debuginfod.fedoraproject.org/ ima:ignore PS1=📦[\u@ros2-env \W]$ /usr/bin/cmake --install /home/veljkogalovic/robot_ws/NewWorkspace/build/lidar_msgs
[5.111s] Level 1:colcon.colcon_core.environment:create_environment_scripts_only(lidar_msgs)
[5.111s] Level 1:colcon.colcon_core.environment:checking '/home/veljkogalovic/robot_ws/NewWorkspace/install/lidar_msgs' for CMake module files
[5.112s] DEBUG:colcon.colcon_core.event_handler.log_command:Invoked command in '/home/veljkogalovic/robot_ws/NewWorkspace/build/lidar_msgs' returned '0': CMAKE_PREFIX_PATH=/opt/ros/humble DEBUGINFOD_URLS=ima:enforcing https://debuginfod.fedoraproject.org/ ima:ignore PS1=📦[\u@ros2-env \W]$ /usr/bin/cmake --install /home/veljkogalovic/robot_ws/NewWorkspace/build/lidar_msgs
[5.113s] Level 1:colcon.colcon_core.environment:checking '/home/veljkogalovic/robot_ws/NewWorkspace/install/lidar_msgs' for CMake config files
[5.114s] Level 1:colcon.colcon_core.shell:create_environment_hook('lidar_msgs', 'cmake_prefix_path')
[5.114s] INFO:colcon.colcon_core.shell:Creating environment hook '/home/veljkogalovic/robot_ws/NewWorkspace/install/lidar_msgs/share/lidar_msgs/hook/cmake_prefix_path.ps1'
[5.115s] INFO:colcon.colcon_core.shell:Creating environment descriptor '/home/veljkogalovic/robot_ws/NewWorkspace/install/lidar_msgs/share/lidar_msgs/hook/cmake_prefix_path.dsv'
[5.116s] INFO:colcon.colcon_core.shell:Creating environment hook '/home/veljkogalovic/robot_ws/NewWorkspace/install/lidar_msgs/share/lidar_msgs/hook/cmake_prefix_path.sh'
[5.117s] Level 1:colcon.colcon_core.environment:checking '/home/veljkogalovic/robot_ws/NewWorkspace/install/lidar_msgs/lib'
[5.117s] Level 1:colcon.colcon_core.shell:create_environment_hook('lidar_msgs', 'ld_library_path_lib')
[5.118s] INFO:colcon.colcon_core.shell:Creating environment hook '/home/veljkogalovic/robot_ws/NewWorkspace/install/lidar_msgs/share/lidar_msgs/hook/ld_library_path_lib.ps1'
[5.119s] INFO:colcon.colcon_core.shell:Creating environment descriptor '/home/veljkogalovic/robot_ws/NewWorkspace/install/lidar_msgs/share/lidar_msgs/hook/ld_library_path_lib.dsv'
[5.119s] INFO:colcon.colcon_core.shell:Creating environment hook '/home/veljkogalovic/robot_ws/NewWorkspace/install/lidar_msgs/share/lidar_msgs/hook/ld_library_path_lib.sh'
[5.120s] Level 1:colcon.colcon_core.environment:checking '/home/veljkogalovic/robot_ws/NewWorkspace/install/lidar_msgs/bin'
[5.120s] Level 1:colcon.colcon_core.environment:checking '/home/veljkogalovic/robot_ws/NewWorkspace/install/lidar_msgs/lib/pkgconfig/lidar_msgs.pc'
[5.121s] Level 1:colcon.colcon_core.environment:checking '/home/veljkogalovic/robot_ws/NewWorkspace/install/lidar_msgs/lib/python3.10/site-packages'
[5.121s] Level 1:colcon.colcon_core.environment:checking '/home/veljkogalovic/robot_ws/NewWorkspace/install/lidar_msgs/bin'
[5.122s] INFO:colcon.colcon_core.shell:Creating package script '/home/veljkogalovic/robot_ws/NewWorkspace/install/lidar_msgs/share/lidar_msgs/package.ps1'
[5.123s] INFO:colcon.colcon_core.shell:Creating package descriptor '/home/veljkogalovic/robot_ws/NewWorkspace/install/lidar_msgs/share/lidar_msgs/package.dsv'
[5.124s] INFO:colcon.colcon_core.shell:Creating package script '/home/veljkogalovic/robot_ws/NewWorkspace/install/lidar_msgs/share/lidar_msgs/package.sh'
[5.124s] INFO:colcon.colcon_core.shell:Creating package script '/home/veljkogalovic/robot_ws/NewWorkspace/install/lidar_msgs/share/lidar_msgs/package.bash'
[5.125s] INFO:colcon.colcon_core.shell:Creating package script '/home/veljkogalovic/robot_ws/NewWorkspace/install/lidar_msgs/share/lidar_msgs/package.zsh'
[5.125s] Level 1:colcon.colcon_core.environment:create_file_with_runtime_dependencies(/home/veljkogalovic/robot_ws/NewWorkspace/install/lidar_msgs/share/colcon-core/packages/lidar_msgs)
[5.126s] Level 1:colcon.colcon_core.environment:create_environment_scripts_only(lidar_msgs)
[5.127s] Level 1:colcon.colcon_core.environment:checking '/home/veljkogalovic/robot_ws/NewWorkspace/install/lidar_msgs' for CMake module files
[5.127s] Level 1:colcon.colcon_core.environment:checking '/home/veljkogalovic/robot_ws/NewWorkspace/install/lidar_msgs' for CMake config files
[5.128s] Level 1:colcon.colcon_core.shell:create_environment_hook('lidar_msgs', 'cmake_prefix_path')
[5.128s] INFO:colcon.colcon_core.shell:Creating environment hook '/home/veljkogalovic/robot_ws/NewWorkspace/install/lidar_msgs/share/lidar_msgs/hook/cmake_prefix_path.ps1'
[5.129s] INFO:colcon.colcon_core.shell:Creating environment descriptor '/home/veljkogalovic/robot_ws/NewWorkspace/install/lidar_msgs/share/lidar_msgs/hook/cmake_prefix_path.dsv'
[5.129s] INFO:colcon.colcon_core.shell:Creating environment hook '/home/veljkogalovic/robot_ws/NewWorkspace/install/lidar_msgs/share/lidar_msgs/hook/cmake_prefix_path.sh'
[5.130s] Level 1:colcon.colcon_core.environment:checking '/home/veljkogalovic/robot_ws/NewWorkspace/install/lidar_msgs/lib'
[5.130s] Level 1:colcon.colcon_core.shell:create_environment_hook('lidar_msgs', 'ld_library_path_lib')
[5.131s] INFO:colcon.colcon_core.shell:Creating environment hook '/home/veljkogalovic/robot_ws/NewWorkspace/install/lidar_msgs/share/lidar_msgs/hook/ld_library_path_lib.ps1'
[5.131s] INFO:colcon.colcon_core.shell:Creating environment descriptor '/home/veljkogalovic/robot_ws/NewWorkspace/install/lidar_msgs/share/lidar_msgs/hook/ld_library_path_lib.dsv'
[5.131s] INFO:colcon.colcon_core.shell:Creating environment hook '/home/veljkogalovic/robot_ws/NewWorkspace/install/lidar_msgs/share/lidar_msgs/hook/ld_library_path_lib.sh'
[5.132s] Level 1:colcon.colcon_core.environment:checking '/home/veljkogalovic/robot_ws/NewWorkspace/install/lidar_msgs/bin'
[5.132s] Level 1:colcon.colcon_core.environment:checking '/home/veljkogalovic/robot_ws/NewWorkspace/install/lidar_msgs/lib/pkgconfig/lidar_msgs.pc'
[5.132s] Level 1:colcon.colcon_core.environment:checking '/home/veljkogalovic/robot_ws/NewWorkspace/install/lidar_msgs/lib/python3.10/site-packages'
[5.133s] Level 1:colcon.colcon_core.environment:checking '/home/veljkogalovic/robot_ws/NewWorkspace/install/lidar_msgs/bin'
[5.133s] INFO:colcon.colcon_core.shell:Creating package script '/home/veljkogalovic/robot_ws/NewWorkspace/install/lidar_msgs/share/lidar_msgs/package.ps1'
[5.134s] INFO:colcon.colcon_core.shell:Creating package descriptor '/home/veljkogalovic/robot_ws/NewWorkspace/install/lidar_msgs/share/lidar_msgs/package.dsv'
[5.134s] INFO:colcon.colcon_core.shell:Creating package script '/home/veljkogalovic/robot_ws/NewWorkspace/install/lidar_msgs/share/lidar_msgs/package.sh'
[5.135s] INFO:colcon.colcon_core.shell:Creating package script '/home/veljkogalovic/robot_ws/NewWorkspace/install/lidar_msgs/share/lidar_msgs/package.bash'
[5.135s] INFO:colcon.colcon_core.shell:Creating package script '/home/veljkogalovic/robot_ws/NewWorkspace/install/lidar_msgs/share/lidar_msgs/package.zsh'
[5.136s] Level 1:colcon.colcon_core.environment:create_file_with_runtime_dependencies(/home/veljkogalovic/robot_ws/NewWorkspace/install/lidar_msgs/share/colcon-core/packages/lidar_msgs)
[5.136s] DEBUG:colcon.colcon_parallel_executor.executor.parallel:closing loop
[5.137s] DEBUG:colcon.colcon_parallel_executor.executor.parallel:loop closed
[5.137s] DEBUG:colcon.colcon_parallel_executor.executor.parallel:run_until_complete finished with '0'
[5.137s] DEBUG:colcon.colcon_core.event_reactor:joining thread
[5.142s] INFO:colcon.colcon_core.plugin_system:Skipping extension 'colcon_notification.desktop_notification.notify_send': Could not find 'notify-send'
[5.143s] INFO:colcon.colcon_core.plugin_system:Skipping extension 'colcon_notification.desktop_notification.terminal_notifier': Not used on non-Darwin systems
[5.143s] INFO:colcon.colcon_core.plugin_system:Skipping extension 'colcon_notification.desktop_notification.win32': Not used on non-Windows systems
[5.143s] INFO:colcon.colcon_notification.desktop_notification:Sending desktop notification using 'notify2'
[5.181s] DEBUG:colcon.colcon_core.event_reactor:joined thread
[5.181s] INFO:colcon.colcon_core.shell:Creating prefix script '/home/veljkogalovic/robot_ws/NewWorkspace/install/local_setup.ps1'
[5.183s] INFO:colcon.colcon_core.shell:Creating prefix util module '/home/veljkogalovic/robot_ws/NewWorkspace/install/_local_setup_util_ps1.py'
[5.184s] INFO:colcon.colcon_core.shell:Creating prefix chain script '/home/veljkogalovic/robot_ws/NewWorkspace/install/setup.ps1'
[5.186s] INFO:colcon.colcon_core.shell:Creating prefix script '/home/veljkogalovic/robot_ws/NewWorkspace/install/local_setup.sh'
[5.187s] INFO:colcon.colcon_core.shell:Creating prefix util module '/home/veljkogalovic/robot_ws/NewWorkspace/install/_local_setup_util_sh.py'
[5.187s] INFO:colcon.colcon_core.shell:Creating prefix chain script '/home/veljkogalovic/robot_ws/NewWorkspace/install/setup.sh'
[5.188s] INFO:colcon.colcon_core.shell:Creating prefix script '/home/veljkogalovic/robot_ws/NewWorkspace/install/local_setup.bash'
[5.189s] INFO:colcon.colcon_core.shell:Creating prefix chain script '/home/veljkogalovic/robot_ws/NewWorkspace/install/setup.bash'
[5.190s] INFO:colcon.colcon_core.shell:Creating prefix script '/home/veljkogalovic/robot_ws/NewWorkspace/install/local_setup.zsh'
[5.190s] INFO:colcon.colcon_core.shell:Creating prefix chain script '/home/veljkogalovic/robot_ws/NewWorkspace/install/setup.zsh'
