running egg_info
writing ../../../build/my_robot_slam/my_robot_slam.egg-info/PKG-INFO
writing dependency_links to ../../../build/my_robot_slam/my_robot_slam.egg-info/dependency_links.txt
writing entry points to ../../../build/my_robot_slam/my_robot_slam.egg-info/entry_points.txt
writing requirements to ../../../build/my_robot_slam/my_robot_slam.egg-info/requires.txt
writing top-level names to ../../../build/my_robot_slam/my_robot_slam.egg-info/top_level.txt
reading manifest file '../../../build/my_robot_slam/my_robot_slam.egg-info/SOURCES.txt'
writing manifest file '../../../build/my_robot_slam/my_robot_slam.egg-info/SOURCES.txt'
running build
running build_py
running install
running install_lib
running install_data
running install_egg_info
removing '/usr/local/lib/python3.10/dist-packages/my_robot_slam-0.0.0.egg-info' (and everything under it)
Copying ../../../build/my_robot_slam/my_robot_slam.egg-info to /usr/local/lib/python3.10/dist-packages/my_robot_slam-0.0.0.egg-info
running install_scripts
Installing battery_monitor script to /usr/lib/my_robot_slam
Installing desni_motor script to /usr/lib/my_robot_slam
Installing enkoder_sim script to /usr/lib/my_robot_slam
Installing komunikacija script to /usr/lib/my_robot_slam
Installing levi_motor script to /usr/lib/my_robot_slam
Installing mock_laser script to /usr/lib/my_robot_slam
Installing motion_planner script to /usr/lib/my_robot_slam
Installing odometrija script to /usr/lib/my_robot_slam
Installing path_planner script to /usr/lib/my_robot_slam
Installing slam_processor script to /usr/lib/my_robot_slam
writing list of installed files to '/home/veljkogalovic/robot_ws/git@github.com:pfe-rs/build/my_robot_slam/install.log'
