[0.304s] Invoking command in '/home/veljkogalovic/robot_ws/git@github.com:pfe-rs/lk-s-2026-miloje-slam/src/my_robot_slam': PS1=📦[\u@ros2-env \W]$ PYTHONPATH=/home/veljkogalovic/robot_ws/git@github.com:pfe-rs/build/my_robot_slam/prefix_override:/usr/lib/python3/dist-packages/colcon_core/task/python/colcon_distutils_commands:/home/veljkogalovic/robot_ws/git@github.com:pfe-rs/install/my_robot_slam/lib/python3.10/site-packages: /usr/bin/python3 -W ignore:setup.py install is deprecated -W ignore:easy_install command is deprecated setup.py egg_info --egg-base ../../../build/my_robot_slam build --build-base /home/veljkogalovic/robot_ws/git@github.com:pfe-rs/build/my_robot_slam/build install --record /home/veljkogalovic/robot_ws/git@github.com:pfe-rs/build/my_robot_slam/install.log --install-scripts $base/lib/my_robot_slam --single-version-externally-managed install_data
[0.419s] running egg_info
[0.420s] writing ../../../build/my_robot_slam/my_robot_slam.egg-info/PKG-INFO
[0.420s] writing dependency_links to ../../../build/my_robot_slam/my_robot_slam.egg-info/dependency_links.txt
[0.420s] writing entry points to ../../../build/my_robot_slam/my_robot_slam.egg-info/entry_points.txt
[0.420s] writing requirements to ../../../build/my_robot_slam/my_robot_slam.egg-info/requires.txt
[0.420s] writing top-level names to ../../../build/my_robot_slam/my_robot_slam.egg-info/top_level.txt
[0.421s] reading manifest file '../../../build/my_robot_slam/my_robot_slam.egg-info/SOURCES.txt'
[0.422s] writing manifest file '../../../build/my_robot_slam/my_robot_slam.egg-info/SOURCES.txt'
[0.422s] running build
[0.422s] running build_py
[0.423s] running install
[0.423s] running install_lib
[0.424s] running install_data
[0.424s] running install_egg_info
[0.425s] removing '/usr/local/lib/python3.10/dist-packages/my_robot_slam-0.0.0.egg-info' (and everything under it)
[0.426s] Copying ../../../build/my_robot_slam/my_robot_slam.egg-info to /usr/local/lib/python3.10/dist-packages/my_robot_slam-0.0.0.egg-info
[0.426s] running install_scripts
[0.441s] Installing battery_monitor script to /usr/lib/my_robot_slam
[0.442s] Installing desni_motor script to /usr/lib/my_robot_slam
[0.442s] Installing enkoder_sim script to /usr/lib/my_robot_slam
[0.442s] Installing komunikacija script to /usr/lib/my_robot_slam
[0.442s] Installing levi_motor script to /usr/lib/my_robot_slam
[0.442s] Installing mock_laser script to /usr/lib/my_robot_slam
[0.442s] Installing motion_planner script to /usr/lib/my_robot_slam
[0.442s] Installing odometrija script to /usr/lib/my_robot_slam
[0.442s] Installing path_planner script to /usr/lib/my_robot_slam
[0.442s] Installing slam_processor script to /usr/lib/my_robot_slam
[0.442s] writing list of installed files to '/home/veljkogalovic/robot_ws/git@github.com:pfe-rs/build/my_robot_slam/install.log'
[0.460s] Invoked command in '/home/veljkogalovic/robot_ws/git@github.com:pfe-rs/lk-s-2026-miloje-slam/src/my_robot_slam' returned '0': PS1=📦[\u@ros2-env \W]$ PYTHONPATH=/home/veljkogalovic/robot_ws/git@github.com:pfe-rs/build/my_robot_slam/prefix_override:/usr/lib/python3/dist-packages/colcon_core/task/python/colcon_distutils_commands:/home/veljkogalovic/robot_ws/git@github.com:pfe-rs/install/my_robot_slam/lib/python3.10/site-packages: /usr/bin/python3 -W ignore:setup.py install is deprecated -W ignore:easy_install command is deprecated setup.py egg_info --egg-base ../../../build/my_robot_slam build --build-base /home/veljkogalovic/robot_ws/git@github.com:pfe-rs/build/my_robot_slam/build install --record /home/veljkogalovic/robot_ws/git@github.com:pfe-rs/build/my_robot_slam/install.log --install-scripts $base/lib/my_robot_slam --single-version-externally-managed install_data
