[0.011s] Invoking command in '/home/veljkogalovic/robot_ws/git@github.com:pfe-rs/build/lidar_msgs': PS1=📦[\u@ros2-env \W]$ /usr/bin/cmake /home/veljkogalovic/robot_ws/git@github.com:pfe-rs/NewWorkspace/src/lidar_msgs -DCMAKE_INSTALL_PREFIX=/home/veljkogalovic/robot_ws/git@github.com:pfe-rs/install/lidar_msgs
[0.084s] -- The C compiler identification is GNU 11.4.0
[0.140s] -- The CXX compiler identification is GNU 11.4.0
[0.148s] -- Detecting C compiler ABI info
[0.212s] -- Detecting C compiler ABI info - done
[0.219s] -- Check for working C compiler: /usr/bin/cc - skipped
[0.219s] -- Detecting C compile features
[0.220s] -- Detecting C compile features - done
[0.223s] -- Detecting CXX compiler ABI info
[0.299s] -- Detecting CXX compiler ABI info - done
[0.306s] -- Check for working CXX compiler: /usr/bin/c++ - skipped
[0.307s] -- Detecting CXX compile features
[0.307s] -- Detecting CXX compile features - done
[0.322s] [31mCMake Error at CMakeLists.txt:8 (find_package):
[0.322s]   By not providing "Findament_cmake.cmake" in CMAKE_MODULE_PATH this project
[0.322s]   has asked CMake to find a package configuration file provided by
[0.323s]   "ament_cmake", but CMake did not find one.
[0.323s] 
[0.323s]   Could not find a package configuration file provided by "ament_cmake" with
[0.323s]   any of the following names:
[0.323s] 
[0.323s]     ament_cmakeConfig.cmake
[0.323s]     ament_cmake-config.cmake
[0.323s] 
[0.323s]   Add the installation prefix of "ament_cmake" to CMAKE_PREFIX_PATH or set
[0.323s]   "ament_cmake_DIR" to a directory containing one of the above files.  If
[0.323s]   "ament_cmake" provides a separate development package or SDK, be sure it
[0.323s]   has been installed.
[0.323s] 
[0.324s] [0m
[0.324s] -- Configuring incomplete, errors occurred!
[0.324s] See also "/home/veljkogalovic/robot_ws/git@github.com:pfe-rs/build/lidar_msgs/CMakeFiles/CMakeOutput.log".
[0.326s] Invoked command in '/home/veljkogalovic/robot_ws/git@github.com:pfe-rs/build/lidar_msgs' returned '1': PS1=📦[\u@ros2-env \W]$ /usr/bin/cmake /home/veljkogalovic/robot_ws/git@github.com:pfe-rs/NewWorkspace/src/lidar_msgs -DCMAKE_INSTALL_PREFIX=/home/veljkogalovic/robot_ws/git@github.com:pfe-rs/install/lidar_msgs
