[1.760s] Invoking command in '/home/nemanja/pfe/letnji_2026/lk-s-2026-miloje-slam/src/my_robot_slam': DEBUGINFOD_URLS=https://debuginfod.ubuntu.com PYTHONPATH=/home/nemanja/pfe/letnji_2026/lk-s-2026-miloje-slam/build/my_robot_slam/prefix_override:/usr/lib/python3/dist-packages/colcon_core/task/python/colcon_distutils_commands:/home/nemanja/pfe/letnji_2026/lk-s-2026-miloje-slam/install/my_robot_slam/lib/python3.12/site-packages:${PYTHONPATH} /usr/bin/python3 -W ignore:setup.py install is deprecated -W ignore:easy_install command is deprecated setup.py egg_info --egg-base ../../build/my_robot_slam build --build-base /home/nemanja/pfe/letnji_2026/lk-s-2026-miloje-slam/build/my_robot_slam/build install --record /home/nemanja/pfe/letnji_2026/lk-s-2026-miloje-slam/build/my_robot_slam/install.log --install-scripts $base/lib/my_robot_slam --single-version-externally-managed install_data
[2.124s] running egg_info
[2.149s] writing ../../build/my_robot_slam/my_robot_slam.egg-info/PKG-INFO
[2.150s] writing dependency_links to ../../build/my_robot_slam/my_robot_slam.egg-info/dependency_links.txt
[2.150s] writing entry points to ../../build/my_robot_slam/my_robot_slam.egg-info/entry_points.txt
[2.150s] writing requirements to ../../build/my_robot_slam/my_robot_slam.egg-info/requires.txt
[2.150s] writing top-level names to ../../build/my_robot_slam/my_robot_slam.egg-info/top_level.txt
[2.206s] reading manifest file '../../build/my_robot_slam/my_robot_slam.egg-info/SOURCES.txt'
[2.208s] writing manifest file '../../build/my_robot_slam/my_robot_slam.egg-info/SOURCES.txt'
[2.208s] running build
[2.208s] running build_py
[2.208s] copying my_robot_slam/nametnuto_kretanje.py -> /home/nemanja/pfe/letnji_2026/lk-s-2026-miloje-slam/build/my_robot_slam/build/lib/my_robot_slam
[2.209s] running install
[2.219s] running install_lib
[2.245s] copying /home/nemanja/pfe/letnji_2026/lk-s-2026-miloje-slam/build/my_robot_slam/build/lib/my_robot_slam/nametnuto_kretanje.py -> /home/nemanja/pfe/letnji_2026/lk-s-2026-miloje-slam/install/my_robot_slam/lib/python3.12/site-packages/my_robot_slam
[2.246s] byte-compiling /home/nemanja/pfe/letnji_2026/lk-s-2026-miloje-slam/install/my_robot_slam/lib/python3.12/site-packages/my_robot_slam/nametnuto_kretanje.py to nametnuto_kretanje.cpython-312.pyc
[2.248s] running install_data
[2.248s] running install_egg_info
[2.275s] removing '/home/nemanja/pfe/letnji_2026/lk-s-2026-miloje-slam/install/my_robot_slam/lib/python3.12/site-packages/my_robot_slam-0.0.0-py3.12.egg-info' (and everything under it)
[2.275s] Copying ../../build/my_robot_slam/my_robot_slam.egg-info to /home/nemanja/pfe/letnji_2026/lk-s-2026-miloje-slam/install/my_robot_slam/lib/python3.12/site-packages/my_robot_slam-0.0.0-py3.12.egg-info
[2.276s] running install_scripts
[2.452s] Installing battery_monitor script to /home/nemanja/pfe/letnji_2026/lk-s-2026-miloje-slam/install/my_robot_slam/lib/my_robot_slam
[2.452s] Installing desni_motor script to /home/nemanja/pfe/letnji_2026/lk-s-2026-miloje-slam/install/my_robot_slam/lib/my_robot_slam
[2.452s] Installing enkoder_sim script to /home/nemanja/pfe/letnji_2026/lk-s-2026-miloje-slam/install/my_robot_slam/lib/my_robot_slam
[2.452s] Installing komunikacija script to /home/nemanja/pfe/letnji_2026/lk-s-2026-miloje-slam/install/my_robot_slam/lib/my_robot_slam
[2.453s] Installing levi_motor script to /home/nemanja/pfe/letnji_2026/lk-s-2026-miloje-slam/install/my_robot_slam/lib/my_robot_slam
[2.453s] Installing mock_laser script to /home/nemanja/pfe/letnji_2026/lk-s-2026-miloje-slam/install/my_robot_slam/lib/my_robot_slam
[2.453s] Installing motion_planner script to /home/nemanja/pfe/letnji_2026/lk-s-2026-miloje-slam/install/my_robot_slam/lib/my_robot_slam
[2.453s] Installing nametnuto_kretanje script to /home/nemanja/pfe/letnji_2026/lk-s-2026-miloje-slam/install/my_robot_slam/lib/my_robot_slam
[2.453s] Installing odometrija script to /home/nemanja/pfe/letnji_2026/lk-s-2026-miloje-slam/install/my_robot_slam/lib/my_robot_slam
[2.453s] Installing path_planner script to /home/nemanja/pfe/letnji_2026/lk-s-2026-miloje-slam/install/my_robot_slam/lib/my_robot_slam
[2.453s] Installing slam_processor script to /home/nemanja/pfe/letnji_2026/lk-s-2026-miloje-slam/install/my_robot_slam/lib/my_robot_slam
[2.454s] writing list of installed files to '/home/nemanja/pfe/letnji_2026/lk-s-2026-miloje-slam/build/my_robot_slam/install.log'
[2.506s] Invoked command in '/home/nemanja/pfe/letnji_2026/lk-s-2026-miloje-slam/src/my_robot_slam' returned '0': DEBUGINFOD_URLS=https://debuginfod.ubuntu.com PYTHONPATH=/home/nemanja/pfe/letnji_2026/lk-s-2026-miloje-slam/build/my_robot_slam/prefix_override:/usr/lib/python3/dist-packages/colcon_core/task/python/colcon_distutils_commands:/home/nemanja/pfe/letnji_2026/lk-s-2026-miloje-slam/install/my_robot_slam/lib/python3.12/site-packages:${PYTHONPATH} /usr/bin/python3 -W ignore:setup.py install is deprecated -W ignore:easy_install command is deprecated setup.py egg_info --egg-base ../../build/my_robot_slam build --build-base /home/nemanja/pfe/letnji_2026/lk-s-2026-miloje-slam/build/my_robot_slam/build install --record /home/nemanja/pfe/letnji_2026/lk-s-2026-miloje-slam/build/my_robot_slam/install.log --install-scripts $base/lib/my_robot_slam --single-version-externally-managed install_data
