[7.644s] Invoking command in '/home/pfe/SlamGit/lk-s-2026-miloje-slam/src/my_robot_slam': PYTHONPATH=/home/pfe/SlamGit/lk-s-2026-miloje-slam/build/my_robot_slam/prefix_override:/usr/lib/python3/dist-packages/colcon_core/task/python/colcon_distutils_commands:/home/pfe/SlamGit/lk-s-2026-miloje-slam/install/my_robot_slam/lib/python3.12/site-packages:${PYTHONPATH} /usr/bin/python3 -W ignore:setup.py install is deprecated -W ignore:easy_install command is deprecated setup.py egg_info --egg-base ../../build/my_robot_slam build --build-base /home/pfe/SlamGit/lk-s-2026-miloje-slam/build/my_robot_slam/build install --record /home/pfe/SlamGit/lk-s-2026-miloje-slam/build/my_robot_slam/install.log --install-scripts $base/lib/my_robot_slam --single-version-externally-managed install_data
[10.100s] running egg_info
[10.273s] writing ../../build/my_robot_slam/my_robot_slam.egg-info/PKG-INFO
[10.277s] writing dependency_links to ../../build/my_robot_slam/my_robot_slam.egg-info/dependency_links.txt
[10.280s] writing entry points to ../../build/my_robot_slam/my_robot_slam.egg-info/entry_points.txt
[10.282s] writing requirements to ../../build/my_robot_slam/my_robot_slam.egg-info/requires.txt
[10.283s] writing top-level names to ../../build/my_robot_slam/my_robot_slam.egg-info/top_level.txt
[10.632s] reading manifest file '../../build/my_robot_slam/my_robot_slam.egg-info/SOURCES.txt'
[10.643s] writing manifest file '../../build/my_robot_slam/my_robot_slam.egg-info/SOURCES.txt'
[10.644s] running build
[10.645s] running build_py
[10.658s] running install
[10.724s] running install_lib
[10.914s] running install_data
[10.916s] running install_egg_info
[11.097s] removing '/home/pfe/SlamGit/lk-s-2026-miloje-slam/install/my_robot_slam/lib/python3.12/site-packages/my_robot_slam-0.0.0-py3.12.egg-info' (and everything under it)
[11.100s] Copying ../../build/my_robot_slam/my_robot_slam.egg-info to /home/pfe/SlamGit/lk-s-2026-miloje-slam/install/my_robot_slam/lib/python3.12/site-packages/my_robot_slam-0.0.0-py3.12.egg-info
[11.114s] running install_scripts
[12.341s] Installing battery_monitor script to /home/pfe/SlamGit/lk-s-2026-miloje-slam/install/my_robot_slam/lib/my_robot_slam
[12.343s] Installing desni_motor script to /home/pfe/SlamGit/lk-s-2026-miloje-slam/install/my_robot_slam/lib/my_robot_slam
[12.345s] Installing enkoder_sim script to /home/pfe/SlamGit/lk-s-2026-miloje-slam/install/my_robot_slam/lib/my_robot_slam
[12.347s] Installing komunikacija script to /home/pfe/SlamGit/lk-s-2026-miloje-slam/install/my_robot_slam/lib/my_robot_slam
[12.348s] Installing levi_motor script to /home/pfe/SlamGit/lk-s-2026-miloje-slam/install/my_robot_slam/lib/my_robot_slam
[12.350s] Installing mock_laser script to /home/pfe/SlamGit/lk-s-2026-miloje-slam/install/my_robot_slam/lib/my_robot_slam
[12.352s] Installing motion_planner script to /home/pfe/SlamGit/lk-s-2026-miloje-slam/install/my_robot_slam/lib/my_robot_slam
[12.354s] Installing odometrija script to /home/pfe/SlamGit/lk-s-2026-miloje-slam/install/my_robot_slam/lib/my_robot_slam
[12.356s] Installing path_planner script to /home/pfe/SlamGit/lk-s-2026-miloje-slam/install/my_robot_slam/lib/my_robot_slam
[12.357s] Installing slam_processor script to /home/pfe/SlamGit/lk-s-2026-miloje-slam/install/my_robot_slam/lib/my_robot_slam
[12.362s] writing list of installed files to '/home/pfe/SlamGit/lk-s-2026-miloje-slam/build/my_robot_slam/install.log'
[12.659s] Invoked command in '/home/pfe/SlamGit/lk-s-2026-miloje-slam/src/my_robot_slam' returned '0': PYTHONPATH=/home/pfe/SlamGit/lk-s-2026-miloje-slam/build/my_robot_slam/prefix_override:/usr/lib/python3/dist-packages/colcon_core/task/python/colcon_distutils_commands:/home/pfe/SlamGit/lk-s-2026-miloje-slam/install/my_robot_slam/lib/python3.12/site-packages:${PYTHONPATH} /usr/bin/python3 -W ignore:setup.py install is deprecated -W ignore:easy_install command is deprecated setup.py egg_info --egg-base ../../build/my_robot_slam build --build-base /home/pfe/SlamGit/lk-s-2026-miloje-slam/build/my_robot_slam/build install --record /home/pfe/SlamGit/lk-s-2026-miloje-slam/build/my_robot_slam/install.log --install-scripts $base/lib/my_robot_slam --single-version-externally-managed install_data
