[0.829s] Invoking command in '/home/veljkogalovic/robot_ws/build/my_robot_slam': DEBUGINFOD_URLS=ima:enforcing https://debuginfod.fedoraproject.org/ ima:ignore PS1=📦[\u@ros2-env \W]$ PYTHONPATH=/home/veljkogalovic/robot_ws/build/my_robot_slam/prefix_override:/usr/lib/python3/dist-packages/colcon_core/task/python/colcon_distutils_commands:/home/veljkogalovic/robot_ws/install/my_robot_slam/lib/python3.10/site-packages:${PYTHONPATH} /usr/bin/python3 -W ignore:setup.py install is deprecated -W ignore:easy_install command is deprecated setup.py develop --editable --build-directory /home/veljkogalovic/robot_ws/build/my_robot_slam/build --no-deps symlink_data
[1.072s] running develop
[1.192s] running egg_info
[1.192s] creating my_robot_slam.egg-info
[1.193s] writing my_robot_slam.egg-info/PKG-INFO
[1.193s] writing dependency_links to my_robot_slam.egg-info/dependency_links.txt
[1.193s] writing entry points to my_robot_slam.egg-info/entry_points.txt
[1.193s] writing requirements to my_robot_slam.egg-info/requires.txt
[1.193s] writing top-level names to my_robot_slam.egg-info/top_level.txt
[1.193s] writing manifest file 'my_robot_slam.egg-info/SOURCES.txt'
[1.194s] reading manifest file 'my_robot_slam.egg-info/SOURCES.txt'
[1.195s] writing manifest file 'my_robot_slam.egg-info/SOURCES.txt'
[1.196s] running build_ext
[1.197s] Creating /home/veljkogalovic/robot_ws/install/my_robot_slam/lib/python3.10/site-packages/my-robot-slam.egg-link (link to .)
[1.197s] Installing mock_laser script to /home/veljkogalovic/robot_ws/install/my_robot_slam/lib/my_robot_slam
[1.197s] Installing odom_publisher script to /home/veljkogalovic/robot_ws/install/my_robot_slam/lib/my_robot_slam
[1.197s] Installing slam_processor script to /home/veljkogalovic/robot_ws/install/my_robot_slam/lib/my_robot_slam
[1.198s] 
[1.198s] Installed /home/veljkogalovic/robot_ws/build/my_robot_slam
[1.198s] running symlink_data
[1.198s] creating /home/veljkogalovic/robot_ws/install/my_robot_slam/share/ament_index
[1.198s] creating /home/veljkogalovic/robot_ws/install/my_robot_slam/share/ament_index/resource_index
[1.198s] creating /home/veljkogalovic/robot_ws/install/my_robot_slam/share/ament_index/resource_index/packages
[1.198s] symbolically linking /home/veljkogalovic/robot_ws/build/my_robot_slam/resource/my_robot_slam -> /home/veljkogalovic/robot_ws/install/my_robot_slam/share/ament_index/resource_index/packages
[1.198s] symbolically linking /home/veljkogalovic/robot_ws/build/my_robot_slam/package.xml -> /home/veljkogalovic/robot_ws/install/my_robot_slam/share/my_robot_slam
[1.226s] Invoked command in '/home/veljkogalovic/robot_ws/build/my_robot_slam' returned '0': DEBUGINFOD_URLS=ima:enforcing https://debuginfod.fedoraproject.org/ ima:ignore PS1=📦[\u@ros2-env \W]$ PYTHONPATH=/home/veljkogalovic/robot_ws/build/my_robot_slam/prefix_override:/usr/lib/python3/dist-packages/colcon_core/task/python/colcon_distutils_commands:/home/veljkogalovic/robot_ws/install/my_robot_slam/lib/python3.10/site-packages:${PYTHONPATH} /usr/bin/python3 -W ignore:setup.py install is deprecated -W ignore:easy_install command is deprecated setup.py develop --editable --build-directory /home/veljkogalovic/robot_ws/build/my_robot_slam/build --no-deps symlink_data
