[0.152s] DEBUG:colcon:Command line arguments: ['/usr/bin/colcon', 'build']
[0.153s] DEBUG:colcon:Parsed command line arguments: Namespace(log_base=None, log_level=None, verb_name='build', build_base='build', install_base='install', merge_install=False, symlink_install=False, test_result_base=None, continue_on_error=False, executor='parallel', parallel_workers=12, event_handlers=None, ignore_user_meta=False, metas=['./colcon.meta'], base_paths=['.'], packages_ignore=None, packages_ignore_regex=None, paths=None, packages_up_to=None, packages_up_to_regex=None, packages_above=None, packages_above_and_dependencies=None, packages_above_depth=None, packages_select_by_dep=None, packages_skip_by_dep=None, packages_skip_up_to=None, packages_select_build_failed=False, packages_skip_build_finished=False, packages_select_test_failures=False, packages_skip_test_passed=False, packages_select=None, packages_skip=None, packages_select_regex=None, packages_skip_regex=None, packages_start=None, packages_end=None, allow_overriding=[], cmake_args=None, cmake_target=None, cmake_target_skip_unavailable=False, cmake_clean_cache=False, cmake_clean_first=False, cmake_force_configure=False, ament_cmake_args=None, catkin_cmake_args=None, catkin_skip_building_tests=False, mixin_files=None, mixin=None, verb_parser=<colcon_mixin.mixin.mixin_argument.MixinArgumentDecorator object at 0x7eefa8f9da60>, verb_extension=<colcon_core.verb.build.BuildVerb object at 0x7eefa8f25280>, main=<bound method BuildVerb.main of <colcon_core.verb.build.BuildVerb object at 0x7eefa8f25280>>, mixin_verb=('build',))
[0.198s] Level 1:colcon.colcon_core.package_discovery:discover_packages(colcon_meta) check parameters
[0.198s] Level 1:colcon.colcon_core.package_discovery:discover_packages(recursive) check parameters
[0.198s] Level 1:colcon.colcon_core.package_discovery:discover_packages(ignore) check parameters
[0.198s] Level 1:colcon.colcon_core.package_discovery:discover_packages(path) check parameters
[0.198s] Level 1:colcon.colcon_core.package_discovery:discover_packages(colcon_meta) discover
[0.198s] Level 1:colcon.colcon_core.package_discovery:discover_packages(recursive) discover
[0.198s] INFO:colcon.colcon_core.package_discovery:Crawling recursively for packages in '/home/nemanja/pfe/letnji_2026/lk-s-2026-miloje-slam'
[0.199s] Level 1:colcon.colcon_core.package_identification:_identify(.) by extensions ['ignore', 'ignore_ament_install']
[0.199s] Level 1:colcon.colcon_core.package_identification:_identify(.) by extension 'ignore'
[0.199s] Level 1:colcon.colcon_core.package_identification:_identify(.) by extension 'ignore_ament_install'
[0.199s] Level 1:colcon.colcon_core.package_identification:_identify(.) by extensions ['colcon_pkg']
[0.199s] Level 1:colcon.colcon_core.package_identification:_identify(.) by extension 'colcon_pkg'
[0.199s] Level 1:colcon.colcon_core.package_identification:_identify(.) by extensions ['colcon_meta']
[0.199s] Level 1:colcon.colcon_core.package_identification:_identify(.) by extension 'colcon_meta'
[0.199s] Level 1:colcon.colcon_core.package_identification:_identify(.) by extensions ['ros']
[0.199s] Level 1:colcon.colcon_core.package_identification:_identify(.) by extension 'ros'
[0.236s] Level 1:colcon.colcon_core.package_identification:_identify(.) by extensions ['cmake', 'python']
[0.236s] Level 1:colcon.colcon_core.package_identification:_identify(.) by extension 'cmake'
[0.236s] Level 1:colcon.colcon_core.package_identification:_identify(.) by extension 'python'
[0.236s] Level 1:colcon.colcon_core.package_identification:_identify(.) by extensions ['python_setup_py']
[0.236s] Level 1:colcon.colcon_core.package_identification:_identify(.) by extension 'python_setup_py'
[0.237s] Level 1:colcon.colcon_core.package_identification:_identify(RPLidarA1Viz) by extensions ['ignore', 'ignore_ament_install']
[0.237s] Level 1:colcon.colcon_core.package_identification:_identify(RPLidarA1Viz) by extension 'ignore'
[0.237s] Level 1:colcon.colcon_core.package_identification:_identify(RPLidarA1Viz) by extension 'ignore_ament_install'
[0.237s] Level 1:colcon.colcon_core.package_identification:_identify(RPLidarA1Viz) by extensions ['colcon_pkg']
[0.237s] Level 1:colcon.colcon_core.package_identification:_identify(RPLidarA1Viz) by extension 'colcon_pkg'
[0.237s] Level 1:colcon.colcon_core.package_identification:_identify(RPLidarA1Viz) by extensions ['colcon_meta']
[0.237s] Level 1:colcon.colcon_core.package_identification:_identify(RPLidarA1Viz) by extension 'colcon_meta'
[0.237s] Level 1:colcon.colcon_core.package_identification:_identify(RPLidarA1Viz) by extensions ['ros']
[0.237s] Level 1:colcon.colcon_core.package_identification:_identify(RPLidarA1Viz) by extension 'ros'
[0.238s] Level 1:colcon.colcon_core.package_identification:_identify(RPLidarA1Viz) by extensions ['cmake', 'python']
[0.238s] Level 1:colcon.colcon_core.package_identification:_identify(RPLidarA1Viz) by extension 'cmake'
[0.238s] Level 1:colcon.colcon_core.package_identification:_identify(RPLidarA1Viz) by extension 'python'
[0.238s] Level 1:colcon.colcon_core.package_identification:_identify(RPLidarA1Viz) by extensions ['python_setup_py']
[0.238s] Level 1:colcon.colcon_core.package_identification:_identify(RPLidarA1Viz) by extension 'python_setup_py'
[0.238s] Level 1:colcon.colcon_core.package_identification:_identify(RPLidarA1Viz/LidarSim) by extensions ['ignore', 'ignore_ament_install']
[0.238s] Level 1:colcon.colcon_core.package_identification:_identify(RPLidarA1Viz/LidarSim) by extension 'ignore'
[0.238s] Level 1:colcon.colcon_core.package_identification:_identify(RPLidarA1Viz/LidarSim) by extension 'ignore_ament_install'
[0.238s] Level 1:colcon.colcon_core.package_identification:_identify(RPLidarA1Viz/LidarSim) by extensions ['colcon_pkg']
[0.238s] Level 1:colcon.colcon_core.package_identification:_identify(RPLidarA1Viz/LidarSim) by extension 'colcon_pkg'
[0.238s] Level 1:colcon.colcon_core.package_identification:_identify(RPLidarA1Viz/LidarSim) by extensions ['colcon_meta']
[0.238s] Level 1:colcon.colcon_core.package_identification:_identify(RPLidarA1Viz/LidarSim) by extension 'colcon_meta'
[0.239s] Level 1:colcon.colcon_core.package_identification:_identify(RPLidarA1Viz/LidarSim) by extensions ['ros']
[0.239s] Level 1:colcon.colcon_core.package_identification:_identify(RPLidarA1Viz/LidarSim) by extension 'ros'
[0.239s] Level 1:colcon.colcon_core.package_identification:_identify(RPLidarA1Viz/LidarSim) by extensions ['cmake', 'python']
[0.239s] Level 1:colcon.colcon_core.package_identification:_identify(RPLidarA1Viz/LidarSim) by extension 'cmake'
[0.239s] Level 1:colcon.colcon_core.package_identification:_identify(RPLidarA1Viz/LidarSim) by extension 'python'
[0.239s] Level 1:colcon.colcon_core.package_identification:_identify(RPLidarA1Viz/LidarSim) by extensions ['python_setup_py']
[0.239s] Level 1:colcon.colcon_core.package_identification:_identify(RPLidarA1Viz/LidarSim) by extension 'python_setup_py'
[0.239s] Level 1:colcon.colcon_core.package_identification:_identify(RPLidarA1Viz/LidarSim/aligned_scans) by extensions ['ignore', 'ignore_ament_install']
[0.239s] Level 1:colcon.colcon_core.package_identification:_identify(RPLidarA1Viz/LidarSim/aligned_scans) by extension 'ignore'
[0.239s] Level 1:colcon.colcon_core.package_identification:_identify(RPLidarA1Viz/LidarSim/aligned_scans) by extension 'ignore_ament_install'
[0.239s] Level 1:colcon.colcon_core.package_identification:_identify(RPLidarA1Viz/LidarSim/aligned_scans) by extensions ['colcon_pkg']
[0.239s] Level 1:colcon.colcon_core.package_identification:_identify(RPLidarA1Viz/LidarSim/aligned_scans) by extension 'colcon_pkg'
[0.240s] Level 1:colcon.colcon_core.package_identification:_identify(RPLidarA1Viz/LidarSim/aligned_scans) by extensions ['colcon_meta']
[0.240s] Level 1:colcon.colcon_core.package_identification:_identify(RPLidarA1Viz/LidarSim/aligned_scans) by extension 'colcon_meta'
[0.240s] Level 1:colcon.colcon_core.package_identification:_identify(RPLidarA1Viz/LidarSim/aligned_scans) by extensions ['ros']
[0.240s] Level 1:colcon.colcon_core.package_identification:_identify(RPLidarA1Viz/LidarSim/aligned_scans) by extension 'ros'
[0.240s] Level 1:colcon.colcon_core.package_identification:_identify(RPLidarA1Viz/LidarSim/aligned_scans) by extensions ['cmake', 'python']
[0.240s] Level 1:colcon.colcon_core.package_identification:_identify(RPLidarA1Viz/LidarSim/aligned_scans) by extension 'cmake'
[0.240s] Level 1:colcon.colcon_core.package_identification:_identify(RPLidarA1Viz/LidarSim/aligned_scans) by extension 'python'
[0.240s] Level 1:colcon.colcon_core.package_identification:_identify(RPLidarA1Viz/LidarSim/aligned_scans) by extensions ['python_setup_py']
[0.240s] Level 1:colcon.colcon_core.package_identification:_identify(RPLidarA1Viz/LidarSim/aligned_scans) by extension 'python_setup_py'
[0.240s] Level 1:colcon.colcon_core.package_identification:_identify(RPLidarA1Viz/LidarSim/scans) by extensions ['ignore', 'ignore_ament_install']
[0.240s] Level 1:colcon.colcon_core.package_identification:_identify(RPLidarA1Viz/LidarSim/scans) by extension 'ignore'
[0.241s] Level 1:colcon.colcon_core.package_identification:_identify(RPLidarA1Viz/LidarSim/scans) by extension 'ignore_ament_install'
[0.241s] Level 1:colcon.colcon_core.package_identification:_identify(RPLidarA1Viz/LidarSim/scans) by extensions ['colcon_pkg']
[0.241s] Level 1:colcon.colcon_core.package_identification:_identify(RPLidarA1Viz/LidarSim/scans) by extension 'colcon_pkg'
[0.241s] Level 1:colcon.colcon_core.package_identification:_identify(RPLidarA1Viz/LidarSim/scans) by extensions ['colcon_meta']
[0.241s] Level 1:colcon.colcon_core.package_identification:_identify(RPLidarA1Viz/LidarSim/scans) by extension 'colcon_meta'
[0.241s] Level 1:colcon.colcon_core.package_identification:_identify(RPLidarA1Viz/LidarSim/scans) by extensions ['ros']
[0.241s] Level 1:colcon.colcon_core.package_identification:_identify(RPLidarA1Viz/LidarSim/scans) by extension 'ros'
[0.241s] Level 1:colcon.colcon_core.package_identification:_identify(RPLidarA1Viz/LidarSim/scans) by extensions ['cmake', 'python']
[0.241s] Level 1:colcon.colcon_core.package_identification:_identify(RPLidarA1Viz/LidarSim/scans) by extension 'cmake'
[0.241s] Level 1:colcon.colcon_core.package_identification:_identify(RPLidarA1Viz/LidarSim/scans) by extension 'python'
[0.241s] Level 1:colcon.colcon_core.package_identification:_identify(RPLidarA1Viz/LidarSim/scans) by extensions ['python_setup_py']
[0.241s] Level 1:colcon.colcon_core.package_identification:_identify(RPLidarA1Viz/LidarSim/scans) by extension 'python_setup_py'
[0.242s] Level 1:colcon.colcon_core.package_identification:_identify(RPLidarA1Viz/LidarSim/scans/real) by extensions ['ignore', 'ignore_ament_install']
[0.242s] Level 1:colcon.colcon_core.package_identification:_identify(RPLidarA1Viz/LidarSim/scans/real) by extension 'ignore'
[0.242s] Level 1:colcon.colcon_core.package_identification:_identify(RPLidarA1Viz/LidarSim/scans/real) by extension 'ignore_ament_install'
[0.242s] Level 1:colcon.colcon_core.package_identification:_identify(RPLidarA1Viz/LidarSim/scans/real) by extensions ['colcon_pkg']
[0.242s] Level 1:colcon.colcon_core.package_identification:_identify(RPLidarA1Viz/LidarSim/scans/real) by extension 'colcon_pkg'
[0.242s] Level 1:colcon.colcon_core.package_identification:_identify(RPLidarA1Viz/LidarSim/scans/real) by extensions ['colcon_meta']
[0.242s] Level 1:colcon.colcon_core.package_identification:_identify(RPLidarA1Viz/LidarSim/scans/real) by extension 'colcon_meta'
[0.242s] Level 1:colcon.colcon_core.package_identification:_identify(RPLidarA1Viz/LidarSim/scans/real) by extensions ['ros']
[0.242s] Level 1:colcon.colcon_core.package_identification:_identify(RPLidarA1Viz/LidarSim/scans/real) by extension 'ros'
[0.242s] Level 1:colcon.colcon_core.package_identification:_identify(RPLidarA1Viz/LidarSim/scans/real) by extensions ['cmake', 'python']
[0.242s] Level 1:colcon.colcon_core.package_identification:_identify(RPLidarA1Viz/LidarSim/scans/real) by extension 'cmake'
[0.242s] Level 1:colcon.colcon_core.package_identification:_identify(RPLidarA1Viz/LidarSim/scans/real) by extension 'python'
[0.242s] Level 1:colcon.colcon_core.package_identification:_identify(RPLidarA1Viz/LidarSim/scans/real) by extensions ['python_setup_py']
[0.242s] Level 1:colcon.colcon_core.package_identification:_identify(RPLidarA1Viz/LidarSim/scans/real) by extension 'python_setup_py'
[0.242s] Level 1:colcon.colcon_core.package_identification:_identify(build) by extensions ['ignore', 'ignore_ament_install']
[0.243s] Level 1:colcon.colcon_core.package_identification:_identify(build) by extension 'ignore'
[0.243s] Level 1:colcon.colcon_core.package_identification:_identify(build) ignored
[0.243s] Level 1:colcon.colcon_core.package_identification:_identify(git@github.com:pfe-rs) by extensions ['ignore', 'ignore_ament_install']
[0.243s] Level 1:colcon.colcon_core.package_identification:_identify(git@github.com:pfe-rs) by extension 'ignore'
[0.243s] Level 1:colcon.colcon_core.package_identification:_identify(git@github.com:pfe-rs) by extension 'ignore_ament_install'
[0.243s] Level 1:colcon.colcon_core.package_identification:_identify(git@github.com:pfe-rs) by extensions ['colcon_pkg']
[0.243s] Level 1:colcon.colcon_core.package_identification:_identify(git@github.com:pfe-rs) by extension 'colcon_pkg'
[0.243s] Level 1:colcon.colcon_core.package_identification:_identify(git@github.com:pfe-rs) by extensions ['colcon_meta']
[0.243s] Level 1:colcon.colcon_core.package_identification:_identify(git@github.com:pfe-rs) by extension 'colcon_meta'
[0.243s] Level 1:colcon.colcon_core.package_identification:_identify(git@github.com:pfe-rs) by extensions ['ros']
[0.243s] Level 1:colcon.colcon_core.package_identification:_identify(git@github.com:pfe-rs) by extension 'ros'
[0.243s] Level 1:colcon.colcon_core.package_identification:_identify(git@github.com:pfe-rs) by extensions ['cmake', 'python']
[0.243s] Level 1:colcon.colcon_core.package_identification:_identify(git@github.com:pfe-rs) by extension 'cmake'
[0.243s] Level 1:colcon.colcon_core.package_identification:_identify(git@github.com:pfe-rs) by extension 'python'
[0.244s] Level 1:colcon.colcon_core.package_identification:_identify(git@github.com:pfe-rs) by extensions ['python_setup_py']
[0.244s] Level 1:colcon.colcon_core.package_identification:_identify(git@github.com:pfe-rs) by extension 'python_setup_py'
[0.244s] Level 1:colcon.colcon_core.package_identification:_identify(git@github.com:pfe-rs/lk-s-2026-miloje-slam) by extensions ['ignore', 'ignore_ament_install']
[0.244s] Level 1:colcon.colcon_core.package_identification:_identify(git@github.com:pfe-rs/lk-s-2026-miloje-slam) by extension 'ignore'
[0.244s] Level 1:colcon.colcon_core.package_identification:_identify(git@github.com:pfe-rs/lk-s-2026-miloje-slam) by extension 'ignore_ament_install'
[0.244s] Level 1:colcon.colcon_core.package_identification:_identify(git@github.com:pfe-rs/lk-s-2026-miloje-slam) by extensions ['colcon_pkg']
[0.244s] Level 1:colcon.colcon_core.package_identification:_identify(git@github.com:pfe-rs/lk-s-2026-miloje-slam) by extension 'colcon_pkg'
[0.244s] Level 1:colcon.colcon_core.package_identification:_identify(git@github.com:pfe-rs/lk-s-2026-miloje-slam) by extensions ['colcon_meta']
[0.244s] Level 1:colcon.colcon_core.package_identification:_identify(git@github.com:pfe-rs/lk-s-2026-miloje-slam) by extension 'colcon_meta'
[0.244s] Level 1:colcon.colcon_core.package_identification:_identify(git@github.com:pfe-rs/lk-s-2026-miloje-slam) by extensions ['ros']
[0.244s] Level 1:colcon.colcon_core.package_identification:_identify(git@github.com:pfe-rs/lk-s-2026-miloje-slam) by extension 'ros'
[0.244s] Level 1:colcon.colcon_core.package_identification:_identify(git@github.com:pfe-rs/lk-s-2026-miloje-slam) by extensions ['cmake', 'python']
[0.244s] Level 1:colcon.colcon_core.package_identification:_identify(git@github.com:pfe-rs/lk-s-2026-miloje-slam) by extension 'cmake'
[0.244s] Level 1:colcon.colcon_core.package_identification:_identify(git@github.com:pfe-rs/lk-s-2026-miloje-slam) by extension 'python'
[0.244s] Level 1:colcon.colcon_core.package_identification:_identify(git@github.com:pfe-rs/lk-s-2026-miloje-slam) by extensions ['python_setup_py']
[0.244s] Level 1:colcon.colcon_core.package_identification:_identify(git@github.com:pfe-rs/lk-s-2026-miloje-slam) by extension 'python_setup_py'
[0.244s] Level 1:colcon.colcon_core.package_identification:_identify(install) by extensions ['ignore', 'ignore_ament_install']
[0.245s] Level 1:colcon.colcon_core.package_identification:_identify(install) by extension 'ignore'
[0.245s] Level 1:colcon.colcon_core.package_identification:_identify(install) ignored
[0.245s] Level 1:colcon.colcon_core.package_identification:_identify(log) by extensions ['ignore', 'ignore_ament_install']
[0.245s] Level 1:colcon.colcon_core.package_identification:_identify(log) by extension 'ignore'
[0.245s] Level 1:colcon.colcon_core.package_identification:_identify(log) ignored
[0.245s] Level 1:colcon.colcon_core.package_identification:_identify(src) by extensions ['ignore', 'ignore_ament_install']
[0.245s] Level 1:colcon.colcon_core.package_identification:_identify(src) by extension 'ignore'
[0.245s] Level 1:colcon.colcon_core.package_identification:_identify(src) by extension 'ignore_ament_install'
[0.245s] Level 1:colcon.colcon_core.package_identification:_identify(src) by extensions ['colcon_pkg']
[0.245s] Level 1:colcon.colcon_core.package_identification:_identify(src) by extension 'colcon_pkg'
[0.245s] Level 1:colcon.colcon_core.package_identification:_identify(src) by extensions ['colcon_meta']
[0.245s] Level 1:colcon.colcon_core.package_identification:_identify(src) by extension 'colcon_meta'
[0.245s] Level 1:colcon.colcon_core.package_identification:_identify(src) by extensions ['ros']
[0.245s] Level 1:colcon.colcon_core.package_identification:_identify(src) by extension 'ros'
[0.246s] Level 1:colcon.colcon_core.package_identification:_identify(src) by extensions ['cmake', 'python']
[0.246s] Level 1:colcon.colcon_core.package_identification:_identify(src) by extension 'cmake'
[0.246s] Level 1:colcon.colcon_core.package_identification:_identify(src) by extension 'python'
[0.246s] Level 1:colcon.colcon_core.package_identification:_identify(src) by extensions ['python_setup_py']
[0.246s] Level 1:colcon.colcon_core.package_identification:_identify(src) by extension 'python_setup_py'
[0.246s] Level 1:colcon.colcon_core.package_identification:_identify(src/my_robot_slam) by extensions ['ignore', 'ignore_ament_install']
[0.246s] Level 1:colcon.colcon_core.package_identification:_identify(src/my_robot_slam) by extension 'ignore'
[0.246s] Level 1:colcon.colcon_core.package_identification:_identify(src/my_robot_slam) by extension 'ignore_ament_install'
[0.246s] Level 1:colcon.colcon_core.package_identification:_identify(src/my_robot_slam) by extensions ['colcon_pkg']
[0.246s] Level 1:colcon.colcon_core.package_identification:_identify(src/my_robot_slam) by extension 'colcon_pkg'
[0.246s] Level 1:colcon.colcon_core.package_identification:_identify(src/my_robot_slam) by extensions ['colcon_meta']
[0.246s] Level 1:colcon.colcon_core.package_identification:_identify(src/my_robot_slam) by extension 'colcon_meta'
[0.246s] Level 1:colcon.colcon_core.package_identification:_identify(src/my_robot_slam) by extensions ['ros']
[0.246s] Level 1:colcon.colcon_core.package_identification:_identify(src/my_robot_slam) by extension 'ros'
[0.250s] DEBUG:colcon.colcon_core.package_identification:Package 'src/my_robot_slam' with type 'ros.ament_python' and name 'my_robot_slam'
[0.250s] Level 1:colcon.colcon_core.package_discovery:discover_packages(recursive) using defaults
[0.250s] Level 1:colcon.colcon_core.package_discovery:discover_packages(ignore) discover
[0.250s] Level 1:colcon.colcon_core.package_discovery:discover_packages(ignore) using defaults
[0.250s] Level 1:colcon.colcon_core.package_discovery:discover_packages(path) discover
[0.250s] Level 1:colcon.colcon_core.package_discovery:discover_packages(path) using defaults
[0.274s] Level 1:colcon.colcon_core.package_discovery:discover_packages(prefix_path) check parameters
[0.274s] Level 1:colcon.colcon_core.package_discovery:discover_packages(prefix_path) discover
[0.277s] DEBUG:colcon.colcon_installed_package_information.package_discovery:Found 1 installed packages in /home/nemanja/pfe/letnji_2026/lk-s-2026-miloje-slam/install
[0.279s] DEBUG:colcon.colcon_installed_package_information.package_discovery:Found 287 installed packages in /opt/ros/jazzy
[0.282s] Level 1:colcon.colcon_core.package_discovery:discover_packages(prefix_path) using defaults
[0.377s] Level 5:colcon.colcon_core.verb:set package 'my_robot_slam' build argument 'cmake_args' from command line to 'None'
[0.377s] Level 5:colcon.colcon_core.verb:set package 'my_robot_slam' build argument 'cmake_target' from command line to 'None'
[0.377s] Level 5:colcon.colcon_core.verb:set package 'my_robot_slam' build argument 'cmake_target_skip_unavailable' from command line to 'False'
[0.377s] Level 5:colcon.colcon_core.verb:set package 'my_robot_slam' build argument 'cmake_clean_cache' from command line to 'False'
[0.377s] Level 5:colcon.colcon_core.verb:set package 'my_robot_slam' build argument 'cmake_clean_first' from command line to 'False'
[0.378s] Level 5:colcon.colcon_core.verb:set package 'my_robot_slam' build argument 'cmake_force_configure' from command line to 'False'
[0.378s] Level 5:colcon.colcon_core.verb:set package 'my_robot_slam' build argument 'ament_cmake_args' from command line to 'None'
[0.378s] Level 5:colcon.colcon_core.verb:set package 'my_robot_slam' build argument 'catkin_cmake_args' from command line to 'None'
[0.378s] Level 5:colcon.colcon_core.verb:set package 'my_robot_slam' build argument 'catkin_skip_building_tests' from command line to 'False'
[0.378s] DEBUG:colcon.colcon_core.verb:Building package 'my_robot_slam' with the following arguments: {'ament_cmake_args': None, 'build_base': '/home/nemanja/pfe/letnji_2026/lk-s-2026-miloje-slam/build/my_robot_slam', 'catkin_cmake_args': None, 'catkin_skip_building_tests': False, 'cmake_args': None, 'cmake_clean_cache': False, 'cmake_clean_first': False, 'cmake_force_configure': False, 'cmake_target': None, 'cmake_target_skip_unavailable': False, 'install_base': '/home/nemanja/pfe/letnji_2026/lk-s-2026-miloje-slam/install/my_robot_slam', 'merge_install': False, 'path': '/home/nemanja/pfe/letnji_2026/lk-s-2026-miloje-slam/src/my_robot_slam', 'symlink_install': False, 'test_result_base': None}
[0.378s] INFO:colcon.colcon_core.executor:Executing jobs using 'parallel' executor
[0.380s] DEBUG:colcon.colcon_parallel_executor.executor.parallel:run_until_complete
[0.380s] INFO:colcon.colcon_ros.task.ament_python.build:Building ROS package in '/home/nemanja/pfe/letnji_2026/lk-s-2026-miloje-slam/src/my_robot_slam' with build type 'ament_python'
[0.380s] Level 1:colcon.colcon_core.shell:create_environment_hook('my_robot_slam', 'ament_prefix_path')
[0.382s] INFO:colcon.colcon_core.plugin_system:Skipping extension 'colcon_core.shell.bat': Not used on non-Windows systems
[0.383s] INFO:colcon.colcon_core.shell:Creating environment hook '/home/nemanja/pfe/letnji_2026/lk-s-2026-miloje-slam/install/my_robot_slam/share/my_robot_slam/hook/ament_prefix_path.ps1'
[0.384s] INFO:colcon.colcon_core.shell:Creating environment descriptor '/home/nemanja/pfe/letnji_2026/lk-s-2026-miloje-slam/install/my_robot_slam/share/my_robot_slam/hook/ament_prefix_path.dsv'
[0.384s] INFO:colcon.colcon_core.shell:Creating environment hook '/home/nemanja/pfe/letnji_2026/lk-s-2026-miloje-slam/install/my_robot_slam/share/my_robot_slam/hook/ament_prefix_path.sh'
[0.385s] INFO:colcon.colcon_core.shell:Skip shell extension 'powershell' for command environment: Not usable outside of PowerShell
[0.386s] DEBUG:colcon.colcon_core.shell:Skip shell extension 'dsv' for command environment
[0.722s] INFO:colcon.colcon_core.task.python.build:Building Python package in '/home/nemanja/pfe/letnji_2026/lk-s-2026-miloje-slam/src/my_robot_slam'
[0.722s] INFO:colcon.colcon_core.shell:Skip shell extension 'powershell' for command environment: Not usable outside of PowerShell
[0.722s] DEBUG:colcon.colcon_core.shell:Skip shell extension 'dsv' for command environment
[1.660s] DEBUG:colcon.colcon_core.task.python.build:Available setuptools commands: clean, install_scripts, bdist_dumb, update_catalog, bdist, install_lib, sdist, extract_messages, rotate, test, build_ext, check, bdist_wheel, develop, install, upload_docs, build, install_headers, bdist_rpm, build_clib, symlink_data, saveopts, bdist_egg, easy_install, editable_wheel, init_catalog, build_scripts, register, upload, build_py, compile_catalog, setopt, alias, egg_info, install_egg_info, install_data, dist_info
[1.664s] DEBUG:colcon.colcon_core.event_handler.log_command:Invoking command in '/home/nemanja/pfe/letnji_2026/lk-s-2026-miloje-slam/src/my_robot_slam': DEBUGINFOD_URLS=https://debuginfod.ubuntu.com PYTHONPATH=/home/nemanja/pfe/letnji_2026/lk-s-2026-miloje-slam/build/my_robot_slam/prefix_override:/usr/lib/python3/dist-packages/colcon_core/task/python/colcon_distutils_commands:/home/nemanja/pfe/letnji_2026/lk-s-2026-miloje-slam/install/my_robot_slam/lib/python3.12/site-packages:${PYTHONPATH} /usr/bin/python3 -W ignore:setup.py install is deprecated -W ignore:easy_install command is deprecated setup.py egg_info --egg-base ../../build/my_robot_slam build --build-base /home/nemanja/pfe/letnji_2026/lk-s-2026-miloje-slam/build/my_robot_slam/build install --record /home/nemanja/pfe/letnji_2026/lk-s-2026-miloje-slam/build/my_robot_slam/install.log --install-scripts $base/lib/my_robot_slam --single-version-externally-managed install_data
[2.468s] DEBUG:colcon.colcon_core.event_handler.log_command:Invoked command in '/home/nemanja/pfe/letnji_2026/lk-s-2026-miloje-slam/src/my_robot_slam' returned '0': DEBUGINFOD_URLS=https://debuginfod.ubuntu.com PYTHONPATH=/home/nemanja/pfe/letnji_2026/lk-s-2026-miloje-slam/build/my_robot_slam/prefix_override:/usr/lib/python3/dist-packages/colcon_core/task/python/colcon_distutils_commands:/home/nemanja/pfe/letnji_2026/lk-s-2026-miloje-slam/install/my_robot_slam/lib/python3.12/site-packages:${PYTHONPATH} /usr/bin/python3 -W ignore:setup.py install is deprecated -W ignore:easy_install command is deprecated setup.py egg_info --egg-base ../../build/my_robot_slam build --build-base /home/nemanja/pfe/letnji_2026/lk-s-2026-miloje-slam/build/my_robot_slam/build install --record /home/nemanja/pfe/letnji_2026/lk-s-2026-miloje-slam/build/my_robot_slam/install.log --install-scripts $base/lib/my_robot_slam --single-version-externally-managed install_data
[2.471s] Level 1:colcon.colcon_core.environment:checking '/home/nemanja/pfe/letnji_2026/lk-s-2026-miloje-slam/install/my_robot_slam' for CMake module files
[2.472s] Level 1:colcon.colcon_core.environment:checking '/home/nemanja/pfe/letnji_2026/lk-s-2026-miloje-slam/install/my_robot_slam' for CMake config files
[2.473s] Level 1:colcon.colcon_core.environment:checking '/home/nemanja/pfe/letnji_2026/lk-s-2026-miloje-slam/install/my_robot_slam/lib'
[2.473s] Level 1:colcon.colcon_core.environment:checking '/home/nemanja/pfe/letnji_2026/lk-s-2026-miloje-slam/install/my_robot_slam/bin'
[2.473s] Level 1:colcon.colcon_core.environment:checking '/home/nemanja/pfe/letnji_2026/lk-s-2026-miloje-slam/install/my_robot_slam/lib/pkgconfig/my_robot_slam.pc'
[2.473s] Level 1:colcon.colcon_core.environment:checking '/home/nemanja/pfe/letnji_2026/lk-s-2026-miloje-slam/install/my_robot_slam/lib/python3.12/site-packages'
[2.473s] Level 1:colcon.colcon_core.shell:create_environment_hook('my_robot_slam', 'pythonpath')
[2.474s] INFO:colcon.colcon_core.shell:Creating environment hook '/home/nemanja/pfe/letnji_2026/lk-s-2026-miloje-slam/install/my_robot_slam/share/my_robot_slam/hook/pythonpath.ps1'
[2.474s] INFO:colcon.colcon_core.shell:Creating environment descriptor '/home/nemanja/pfe/letnji_2026/lk-s-2026-miloje-slam/install/my_robot_slam/share/my_robot_slam/hook/pythonpath.dsv'
[2.475s] INFO:colcon.colcon_core.shell:Creating environment hook '/home/nemanja/pfe/letnji_2026/lk-s-2026-miloje-slam/install/my_robot_slam/share/my_robot_slam/hook/pythonpath.sh'
[2.476s] Level 1:colcon.colcon_core.environment:checking '/home/nemanja/pfe/letnji_2026/lk-s-2026-miloje-slam/install/my_robot_slam/bin'
[2.476s] Level 1:colcon.colcon_core.environment:create_environment_scripts_only(my_robot_slam)
[2.476s] INFO:colcon.colcon_core.shell:Creating package script '/home/nemanja/pfe/letnji_2026/lk-s-2026-miloje-slam/install/my_robot_slam/share/my_robot_slam/package.ps1'
[2.477s] INFO:colcon.colcon_core.shell:Creating package descriptor '/home/nemanja/pfe/letnji_2026/lk-s-2026-miloje-slam/install/my_robot_slam/share/my_robot_slam/package.dsv'
[2.478s] INFO:colcon.colcon_core.shell:Creating package script '/home/nemanja/pfe/letnji_2026/lk-s-2026-miloje-slam/install/my_robot_slam/share/my_robot_slam/package.sh'
[2.479s] INFO:colcon.colcon_core.shell:Creating package script '/home/nemanja/pfe/letnji_2026/lk-s-2026-miloje-slam/install/my_robot_slam/share/my_robot_slam/package.bash'
[2.480s] INFO:colcon.colcon_core.shell:Creating package script '/home/nemanja/pfe/letnji_2026/lk-s-2026-miloje-slam/install/my_robot_slam/share/my_robot_slam/package.zsh'
[2.481s] Level 1:colcon.colcon_core.environment:create_file_with_runtime_dependencies(/home/nemanja/pfe/letnji_2026/lk-s-2026-miloje-slam/install/my_robot_slam/share/colcon-core/packages/my_robot_slam)
[2.481s] DEBUG:colcon.colcon_parallel_executor.executor.parallel:closing loop
[2.481s] DEBUG:colcon.colcon_parallel_executor.executor.parallel:loop closed
[2.481s] DEBUG:colcon.colcon_parallel_executor.executor.parallel:run_until_complete finished with '0'
[2.481s] DEBUG:colcon.colcon_core.event_reactor:joining thread
[2.492s] INFO:colcon.colcon_core.plugin_system:Skipping extension 'colcon_notification.desktop_notification.terminal_notifier': Not used on non-Darwin systems
[2.492s] INFO:colcon.colcon_core.plugin_system:Skipping extension 'colcon_notification.desktop_notification.win32': Not used on non-Windows systems
[2.492s] INFO:colcon.colcon_notification.desktop_notification:Sending desktop notification using 'notify2'
[2.515s] DEBUG:colcon.colcon_core.event_reactor:joined thread
[2.515s] INFO:colcon.colcon_core.shell:Creating prefix script '/home/nemanja/pfe/letnji_2026/lk-s-2026-miloje-slam/install/local_setup.ps1'
[2.517s] INFO:colcon.colcon_core.shell:Creating prefix util module '/home/nemanja/pfe/letnji_2026/lk-s-2026-miloje-slam/install/_local_setup_util_ps1.py'
[2.518s] INFO:colcon.colcon_core.shell:Creating prefix chain script '/home/nemanja/pfe/letnji_2026/lk-s-2026-miloje-slam/install/setup.ps1'
[2.520s] INFO:colcon.colcon_core.shell:Creating prefix script '/home/nemanja/pfe/letnji_2026/lk-s-2026-miloje-slam/install/local_setup.sh'
[2.521s] INFO:colcon.colcon_core.shell:Creating prefix util module '/home/nemanja/pfe/letnji_2026/lk-s-2026-miloje-slam/install/_local_setup_util_sh.py'
[2.522s] INFO:colcon.colcon_core.shell:Creating prefix chain script '/home/nemanja/pfe/letnji_2026/lk-s-2026-miloje-slam/install/setup.sh'
[2.523s] INFO:colcon.colcon_core.shell:Creating prefix script '/home/nemanja/pfe/letnji_2026/lk-s-2026-miloje-slam/install/local_setup.bash'
[2.523s] INFO:colcon.colcon_core.shell:Creating prefix chain script '/home/nemanja/pfe/letnji_2026/lk-s-2026-miloje-slam/install/setup.bash'
[2.524s] INFO:colcon.colcon_core.shell:Creating prefix script '/home/nemanja/pfe/letnji_2026/lk-s-2026-miloje-slam/install/local_setup.zsh'
[2.525s] INFO:colcon.colcon_core.shell:Creating prefix chain script '/home/nemanja/pfe/letnji_2026/lk-s-2026-miloje-slam/install/setup.zsh'
