running egg_info
writing build/my_robot_slam/my_robot_slam.egg-info/PKG-INFO
writing dependency_links to build/my_robot_slam/my_robot_slam.egg-info/dependency_links.txt
writing entry points to build/my_robot_slam/my_robot_slam.egg-info/entry_points.txt
writing requirements to build/my_robot_slam/my_robot_slam.egg-info/requires.txt
writing top-level names to build/my_robot_slam/my_robot_slam.egg-info/top_level.txt
reading manifest file 'build/my_robot_slam/my_robot_slam.egg-info/SOURCES.txt'
writing manifest file 'build/my_robot_slam/my_robot_slam.egg-info/SOURCES.txt'
running build
running build_py
copying my_robot_slam/desni_motor.py -> /home/nemanja/pfe/letnji_2026/lk-s-2026-miloje-slam/src/my_robot_slam/build/my_robot_slam/build/lib/my_robot_slam
copying my_robot_slam/levi_motor.py -> /home/nemanja/pfe/letnji_2026/lk-s-2026-miloje-slam/src/my_robot_slam/build/my_robot_slam/build/lib/my_robot_slam
copying my_robot_slam/komunikacija.py -> /home/nemanja/pfe/letnji_2026/lk-s-2026-miloje-slam/src/my_robot_slam/build/my_robot_slam/build/lib/my_robot_slam
running install
running install_lib
copying /home/nemanja/pfe/letnji_2026/lk-s-2026-miloje-slam/src/my_robot_slam/build/my_robot_slam/build/lib/my_robot_slam/desni_motor.py -> /home/nemanja/pfe/letnji_2026/lk-s-2026-miloje-slam/src/my_robot_slam/install/my_robot_slam/lib/python3.12/site-packages/my_robot_slam
copying /home/nemanja/pfe/letnji_2026/lk-s-2026-miloje-slam/src/my_robot_slam/build/my_robot_slam/build/lib/my_robot_slam/levi_motor.py -> /home/nemanja/pfe/letnji_2026/lk-s-2026-miloje-slam/src/my_robot_slam/install/my_robot_slam/lib/python3.12/site-packages/my_robot_slam
copying /home/nemanja/pfe/letnji_2026/lk-s-2026-miloje-slam/src/my_robot_slam/build/my_robot_slam/build/lib/my_robot_slam/komunikacija.py -> /home/nemanja/pfe/letnji_2026/lk-s-2026-miloje-slam/src/my_robot_slam/install/my_robot_slam/lib/python3.12/site-packages/my_robot_slam
byte-compiling /home/nemanja/pfe/letnji_2026/lk-s-2026-miloje-slam/src/my_robot_slam/install/my_robot_slam/lib/python3.12/site-packages/my_robot_slam/desni_motor.py to desni_motor.cpython-312.pyc
byte-compiling /home/nemanja/pfe/letnji_2026/lk-s-2026-miloje-slam/src/my_robot_slam/install/my_robot_slam/lib/python3.12/site-packages/my_robot_slam/levi_motor.py to levi_motor.cpython-312.pyc
byte-compiling /home/nemanja/pfe/letnji_2026/lk-s-2026-miloje-slam/src/my_robot_slam/install/my_robot_slam/lib/python3.12/site-packages/my_robot_slam/komunikacija.py to komunikacija.cpython-312.pyc
running install_data
running install_egg_info
removing '/home/nemanja/pfe/letnji_2026/lk-s-2026-miloje-slam/src/my_robot_slam/install/my_robot_slam/lib/python3.12/site-packages/my_robot_slam-0.0.0-py3.12.egg-info' (and everything under it)
Copying build/my_robot_slam/my_robot_slam.egg-info to /home/nemanja/pfe/letnji_2026/lk-s-2026-miloje-slam/src/my_robot_slam/install/my_robot_slam/lib/python3.12/site-packages/my_robot_slam-0.0.0-py3.12.egg-info
running install_scripts
Installing battery_monitor script to /home/nemanja/pfe/letnji_2026/lk-s-2026-miloje-slam/src/my_robot_slam/install/my_robot_slam/lib/my_robot_slam
Installing desni_motor script to /home/nemanja/pfe/letnji_2026/lk-s-2026-miloje-slam/src/my_robot_slam/install/my_robot_slam/lib/my_robot_slam
Installing komunikacija script to /home/nemanja/pfe/letnji_2026/lk-s-2026-miloje-slam/src/my_robot_slam/install/my_robot_slam/lib/my_robot_slam
Installing levi_motor script to /home/nemanja/pfe/letnji_2026/lk-s-2026-miloje-slam/src/my_robot_slam/install/my_robot_slam/lib/my_robot_slam
Installing mock_laser script to /home/nemanja/pfe/letnji_2026/lk-s-2026-miloje-slam/src/my_robot_slam/install/my_robot_slam/lib/my_robot_slam
Installing motion_planner script to /home/nemanja/pfe/letnji_2026/lk-s-2026-miloje-slam/src/my_robot_slam/install/my_robot_slam/lib/my_robot_slam
Installing odom_publisher script to /home/nemanja/pfe/letnji_2026/lk-s-2026-miloje-slam/src/my_robot_slam/install/my_robot_slam/lib/my_robot_slam
Installing path_planner script to /home/nemanja/pfe/letnji_2026/lk-s-2026-miloje-slam/src/my_robot_slam/install/my_robot_slam/lib/my_robot_slam
Installing slam_processor script to /home/nemanja/pfe/letnji_2026/lk-s-2026-miloje-slam/src/my_robot_slam/install/my_robot_slam/lib/my_robot_slam
writing list of installed files to '/home/nemanja/pfe/letnji_2026/lk-s-2026-miloje-slam/src/my_robot_slam/build/my_robot_slam/install.log'
