[35m[1mConsolidate compiler generated dependencies of target lidar_msgs__rosidl_generator_c[0m
[  3%] Built target lidar_msgs__rs
[  6%] Built target lidar_msgs__cpp
[ 15%] Built target lidar_msgs__rosidl_generator_c
[ 15%] Built target ament_cmake_python_copy_lidar_msgs
[35m[1mConsolidate compiler generated dependencies of target lidar_msgs__rosidl_typesupport_fastrtps_cpp[0m
[35m[1mConsolidate compiler generated dependencies of target lidar_msgs__rosidl_typesupport_introspection_cpp[0m
[35m[1mConsolidate compiler generated dependencies of target lidar_msgs__rosidl_typesupport_cpp[0m
[35m[1mConsolidate compiler generated dependencies of target lidar_msgs__rosidl_typesupport_fastrtps_c[0m
[35m[1mConsolidate compiler generated dependencies of target lidar_msgs__rosidl_typesupport_introspection_c[0m
[35m[1mConsolidate compiler generated dependencies of target lidar_msgs__rosidl_typesupport_c[0m
[ 25%] Built target lidar_msgs__rosidl_typesupport_cpp
[ 53%] Built target lidar_msgs__rosidl_typesupport_fastrtps_cpp
[ 53%] Built target lidar_msgs__rosidl_typesupport_c
[ 53%] Built target lidar_msgs__rosidl_typesupport_introspection_c
[ 62%] Built target lidar_msgs__rosidl_typesupport_introspection_cpp
[ 71%] Built target lidar_msgs__rosidl_typesupport_fastrtps_c
[ 71%] Built target lidar_msgs
[ 75%] Built target lidar_msgs__py
[35m[1mConsolidate compiler generated dependencies of target lidar_msgs__rosidl_generator_py[0m
[ 81%] Built target lidar_msgs__rosidl_generator_py
[35m[1mConsolidate compiler generated dependencies of target lidar_msgs__rosidl_typesupport_fastrtps_c__pyext[0m
[35m[1mConsolidate compiler generated dependencies of target lidar_msgs__rosidl_typesupport_c__pyext[0m
[35m[1mConsolidate compiler generated dependencies of target lidar_msgs__rosidl_typesupport_introspection_c__pyext[0m
[100%] Built target lidar_msgs__rosidl_typesupport_introspection_c__pyext
[100%] Built target lidar_msgs__rosidl_typesupport_c__pyext
[100%] Built target lidar_msgs__rosidl_typesupport_fastrtps_c__pyext
running egg_info
writing lidar_msgs.egg-info/PKG-INFO
writing dependency_links to lidar_msgs.egg-info/dependency_links.txt
writing top-level names to lidar_msgs.egg-info/top_level.txt
reading manifest file 'lidar_msgs.egg-info/SOURCES.txt'
writing manifest file 'lidar_msgs.egg-info/SOURCES.txt'
[100%] Built target ament_cmake_python_build_lidar_msgs_egg
-- Install configuration: ""
-- Up-to-date: /home/veljkogalovic/robot_ws/NewWorkspace/install/lidar_msgs/share/ament_index/resource_index/rosidl_interfaces/lidar_msgs
-- Up-to-date: /home/veljkogalovic/robot_ws/NewWorkspace/install/lidar_msgs/include/lidar_msgs/lidar_msgs
-- Up-to-date: /home/veljkogalovic/robot_ws/NewWorkspace/install/lidar_msgs/include/lidar_msgs/lidar_msgs/msg
-- Up-to-date: /home/veljkogalovic/robot_ws/NewWorkspace/install/lidar_msgs/include/lidar_msgs/lidar_msgs/msg/rosidl_generator_c__visibility_control.h
-- Up-to-date: /home/veljkogalovic/robot_ws/NewWorkspace/install/lidar_msgs/include/lidar_msgs/lidar_msgs/msg/lidar_sweep.h
-- Up-to-date: /home/veljkogalovic/robot_ws/NewWorkspace/install/lidar_msgs/include/lidar_msgs/lidar_msgs/msg/detail
-- Up-to-date: /home/veljkogalovic/robot_ws/NewWorkspace/install/lidar_msgs/include/lidar_msgs/lidar_msgs/msg/detail/lidar_sweep__functions.c
-- Up-to-date: /home/veljkogalovic/robot_ws/NewWorkspace/install/lidar_msgs/include/lidar_msgs/lidar_msgs/msg/detail/lidar_sweep__functions.h
-- Up-to-date: /home/veljkogalovic/robot_ws/NewWorkspace/install/lidar_msgs/include/lidar_msgs/lidar_msgs/msg/detail/lidar_sweep__struct.h
-- Up-to-date: /home/veljkogalovic/robot_ws/NewWorkspace/install/lidar_msgs/include/lidar_msgs/lidar_msgs/msg/detail/lidar_sweep__type_support.h
-- Up-to-date: /home/veljkogalovic/robot_ws/NewWorkspace/install/lidar_msgs/share/lidar_msgs/environment/library_path.sh
-- Up-to-date: /home/veljkogalovic/robot_ws/NewWorkspace/install/lidar_msgs/share/lidar_msgs/environment/library_path.dsv
-- Up-to-date: /home/veljkogalovic/robot_ws/NewWorkspace/install/lidar_msgs/lib/liblidar_msgs__rosidl_generator_c.so
-- Up-to-date: /home/veljkogalovic/robot_ws/NewWorkspace/install/lidar_msgs/include/lidar_msgs/lidar_msgs
-- Up-to-date: /home/veljkogalovic/robot_ws/NewWorkspace/install/lidar_msgs/include/lidar_msgs/lidar_msgs/msg
-- Up-to-date: /home/veljkogalovic/robot_ws/NewWorkspace/install/lidar_msgs/include/lidar_msgs/lidar_msgs/msg/rosidl_typesupport_fastrtps_c__visibility_control.h
-- Up-to-date: /home/veljkogalovic/robot_ws/NewWorkspace/install/lidar_msgs/include/lidar_msgs/lidar_msgs/msg/detail
-- Up-to-date: /home/veljkogalovic/robot_ws/NewWorkspace/install/lidar_msgs/include/lidar_msgs/lidar_msgs/msg/detail/lidar_sweep__rosidl_typesupport_fastrtps_c.h
-- Up-to-date: /home/veljkogalovic/robot_ws/NewWorkspace/install/lidar_msgs/lib/liblidar_msgs__rosidl_typesupport_fastrtps_c.so
-- Up-to-date: /home/veljkogalovic/robot_ws/NewWorkspace/install/lidar_msgs/include/lidar_msgs/lidar_msgs
-- Up-to-date: /home/veljkogalovic/robot_ws/NewWorkspace/install/lidar_msgs/include/lidar_msgs/lidar_msgs/msg
-- Up-to-date: /home/veljkogalovic/robot_ws/NewWorkspace/install/lidar_msgs/include/lidar_msgs/lidar_msgs/msg/rosidl_typesupport_introspection_c__visibility_control.h
-- Up-to-date: /home/veljkogalovic/robot_ws/NewWorkspace/install/lidar_msgs/include/lidar_msgs/lidar_msgs/msg/detail
-- Up-to-date: /home/veljkogalovic/robot_ws/NewWorkspace/install/lidar_msgs/include/lidar_msgs/lidar_msgs/msg/detail/lidar_sweep__rosidl_typesupport_introspection_c.h
-- Up-to-date: /home/veljkogalovic/robot_ws/NewWorkspace/install/lidar_msgs/include/lidar_msgs/lidar_msgs/msg/detail/lidar_sweep__type_support.c
-- Up-to-date: /home/veljkogalovic/robot_ws/NewWorkspace/install/lidar_msgs/lib/liblidar_msgs__rosidl_typesupport_introspection_c.so
-- Up-to-date: /home/veljkogalovic/robot_ws/NewWorkspace/install/lidar_msgs/lib/liblidar_msgs__rosidl_typesupport_c.so
-- Up-to-date: /home/veljkogalovic/robot_ws/NewWorkspace/install/lidar_msgs/include/lidar_msgs/lidar_msgs
-- Up-to-date: /home/veljkogalovic/robot_ws/NewWorkspace/install/lidar_msgs/include/lidar_msgs/lidar_msgs/msg
-- Up-to-date: /home/veljkogalovic/robot_ws/NewWorkspace/install/lidar_msgs/include/lidar_msgs/lidar_msgs/msg/rosidl_generator_cpp__visibility_control.hpp
-- Up-to-date: /home/veljkogalovic/robot_ws/NewWorkspace/install/lidar_msgs/include/lidar_msgs/lidar_msgs/msg/lidar_sweep.hpp
-- Up-to-date: /home/veljkogalovic/robot_ws/NewWorkspace/install/lidar_msgs/include/lidar_msgs/lidar_msgs/msg/detail
-- Up-to-date: /home/veljkogalovic/robot_ws/NewWorkspace/install/lidar_msgs/include/lidar_msgs/lidar_msgs/msg/detail/lidar_sweep__builder.hpp
-- Up-to-date: /home/veljkogalovic/robot_ws/NewWorkspace/install/lidar_msgs/include/lidar_msgs/lidar_msgs/msg/detail/lidar_sweep__struct.hpp
-- Up-to-date: /home/veljkogalovic/robot_ws/NewWorkspace/install/lidar_msgs/include/lidar_msgs/lidar_msgs/msg/detail/lidar_sweep__traits.hpp
-- Up-to-date: /home/veljkogalovic/robot_ws/NewWorkspace/install/lidar_msgs/include/lidar_msgs/lidar_msgs/msg/detail/lidar_sweep__type_support.hpp
-- Up-to-date: /home/veljkogalovic/robot_ws/NewWorkspace/install/lidar_msgs/include/lidar_msgs/lidar_msgs
-- Up-to-date: /home/veljkogalovic/robot_ws/NewWorkspace/install/lidar_msgs/include/lidar_msgs/lidar_msgs/msg
-- Up-to-date: /home/veljkogalovic/robot_ws/NewWorkspace/install/lidar_msgs/include/lidar_msgs/lidar_msgs/msg/rosidl_typesupport_fastrtps_cpp__visibility_control.h
-- Up-to-date: /home/veljkogalovic/robot_ws/NewWorkspace/install/lidar_msgs/include/lidar_msgs/lidar_msgs/msg/detail
-- Up-to-date: /home/veljkogalovic/robot_ws/NewWorkspace/install/lidar_msgs/include/lidar_msgs/lidar_msgs/msg/detail/lidar_sweep__rosidl_typesupport_fastrtps_cpp.hpp
-- Up-to-date: /home/veljkogalovic/robot_ws/NewWorkspace/install/lidar_msgs/include/lidar_msgs/lidar_msgs/msg/detail/dds_fastrtps
-- Up-to-date: /home/veljkogalovic/robot_ws/NewWorkspace/install/lidar_msgs/lib/liblidar_msgs__rosidl_typesupport_fastrtps_cpp.so
-- Up-to-date: /home/veljkogalovic/robot_ws/NewWorkspace/install/lidar_msgs/include/lidar_msgs/lidar_msgs
-- Up-to-date: /home/veljkogalovic/robot_ws/NewWorkspace/install/lidar_msgs/include/lidar_msgs/lidar_msgs/msg
-- Up-to-date: /home/veljkogalovic/robot_ws/NewWorkspace/install/lidar_msgs/include/lidar_msgs/lidar_msgs/msg/detail
-- Up-to-date: /home/veljkogalovic/robot_ws/NewWorkspace/install/lidar_msgs/include/lidar_msgs/lidar_msgs/msg/detail/lidar_sweep__rosidl_typesupport_introspection_cpp.hpp
-- Up-to-date: /home/veljkogalovic/robot_ws/NewWorkspace/install/lidar_msgs/include/lidar_msgs/lidar_msgs/msg/detail/lidar_sweep__type_support.cpp
-- Up-to-date: /home/veljkogalovic/robot_ws/NewWorkspace/install/lidar_msgs/lib/liblidar_msgs__rosidl_typesupport_introspection_cpp.so
-- Up-to-date: /home/veljkogalovic/robot_ws/NewWorkspace/install/lidar_msgs/lib/liblidar_msgs__rosidl_typesupport_cpp.so
-- Up-to-date: /home/veljkogalovic/robot_ws/NewWorkspace/install/lidar_msgs/share/lidar_msgs/environment/pythonpath.sh
-- Up-to-date: /home/veljkogalovic/robot_ws/NewWorkspace/install/lidar_msgs/share/lidar_msgs/environment/pythonpath.dsv
-- Up-to-date: /home/veljkogalovic/robot_ws/NewWorkspace/install/lidar_msgs/local/lib/python3.10/dist-packages/lidar_msgs-0.0.1-py3.10.egg-info
-- Installing: /home/veljkogalovic/robot_ws/NewWorkspace/install/lidar_msgs/local/lib/python3.10/dist-packages/lidar_msgs-0.0.1-py3.10.egg-info/PKG-INFO
-- Installing: /home/veljkogalovic/robot_ws/NewWorkspace/install/lidar_msgs/local/lib/python3.10/dist-packages/lidar_msgs-0.0.1-py3.10.egg-info/dependency_links.txt
-- Installing: /home/veljkogalovic/robot_ws/NewWorkspace/install/lidar_msgs/local/lib/python3.10/dist-packages/lidar_msgs-0.0.1-py3.10.egg-info/top_level.txt
-- Installing: /home/veljkogalovic/robot_ws/NewWorkspace/install/lidar_msgs/local/lib/python3.10/dist-packages/lidar_msgs-0.0.1-py3.10.egg-info/SOURCES.txt
-- Up-to-date: /home/veljkogalovic/robot_ws/NewWorkspace/install/lidar_msgs/local/lib/python3.10/dist-packages/lidar_msgs
-- Up-to-date: /home/veljkogalovic/robot_ws/NewWorkspace/install/lidar_msgs/local/lib/python3.10/dist-packages/lidar_msgs/__init__.py
-- Up-to-date: /home/veljkogalovic/robot_ws/NewWorkspace/install/lidar_msgs/local/lib/python3.10/dist-packages/lidar_msgs/msg
-- Up-to-date: /home/veljkogalovic/robot_ws/NewWorkspace/install/lidar_msgs/local/lib/python3.10/dist-packages/lidar_msgs/msg/_lidar_sweep.py
-- Up-to-date: /home/veljkogalovic/robot_ws/NewWorkspace/install/lidar_msgs/local/lib/python3.10/dist-packages/lidar_msgs/msg/_lidar_sweep_s.c
-- Up-to-date: /home/veljkogalovic/robot_ws/NewWorkspace/install/lidar_msgs/local/lib/python3.10/dist-packages/lidar_msgs/msg/__init__.py
-- Up-to-date: /home/veljkogalovic/robot_ws/NewWorkspace/install/lidar_msgs/local/lib/python3.10/dist-packages/lidar_msgs/_lidar_msgs_s.ep.rosidl_typesupport_fastrtps_c.c
-- Up-to-date: /home/veljkogalovic/robot_ws/NewWorkspace/install/lidar_msgs/local/lib/python3.10/dist-packages/lidar_msgs/_lidar_msgs_s.ep.rosidl_typesupport_introspection_c.c
-- Up-to-date: /home/veljkogalovic/robot_ws/NewWorkspace/install/lidar_msgs/local/lib/python3.10/dist-packages/lidar_msgs/_lidar_msgs_s.ep.rosidl_typesupport_c.c
-- Up-to-date: /home/veljkogalovic/robot_ws/NewWorkspace/install/lidar_msgs/local/lib/python3.10/dist-packages/lidar_msgs/liblidar_msgs__rosidl_generator_py.so
-- Up-to-date: /home/veljkogalovic/robot_ws/NewWorkspace/install/lidar_msgs/local/lib/python3.10/dist-packages/lidar_msgs/lidar_msgs_s__rosidl_typesupport_c.cpython-310-x86_64-linux-gnu.so
-- Up-to-date: /home/veljkogalovic/robot_ws/NewWorkspace/install/lidar_msgs/local/lib/python3.10/dist-packages/lidar_msgs/lidar_msgs_s__rosidl_typesupport_fastrtps_c.cpython-310-x86_64-linux-gnu.so
-- Up-to-date: /home/veljkogalovic/robot_ws/NewWorkspace/install/lidar_msgs/local/lib/python3.10/dist-packages/lidar_msgs/lidar_msgs_s__rosidl_typesupport_introspection_c.cpython-310-x86_64-linux-gnu.so
Listing '/home/veljkogalovic/robot_ws/NewWorkspace/install/lidar_msgs/local/lib/python3.10/dist-packages/lidar_msgs'...
Listing '/home/veljkogalovic/robot_ws/NewWorkspace/install/lidar_msgs/local/lib/python3.10/dist-packages/lidar_msgs/msg'...
-- Up-to-date: /home/veljkogalovic/robot_ws/NewWorkspace/install/lidar_msgs/local/lib/python3.10/dist-packages/lidar_msgs/lidar_msgs_s__rosidl_typesupport_fastrtps_c.cpython-310-x86_64-linux-gnu.so
-- Up-to-date: /home/veljkogalovic/robot_ws/NewWorkspace/install/lidar_msgs/local/lib/python3.10/dist-packages/lidar_msgs/lidar_msgs_s__rosidl_typesupport_introspection_c.cpython-310-x86_64-linux-gnu.so
-- Up-to-date: /home/veljkogalovic/robot_ws/NewWorkspace/install/lidar_msgs/local/lib/python3.10/dist-packages/lidar_msgs/lidar_msgs_s__rosidl_typesupport_c.cpython-310-x86_64-linux-gnu.so
-- Up-to-date: /home/veljkogalovic/robot_ws/NewWorkspace/install/lidar_msgs/lib/liblidar_msgs__rosidl_generator_py.so
-- Up-to-date: /home/veljkogalovic/robot_ws/NewWorkspace/install/lidar_msgs/share/ament_index/resource_index/rust_packages/lidar_msgs
-- Up-to-date: /home/veljkogalovic/robot_ws/NewWorkspace/install/lidar_msgs/share/lidar_msgs/rust
-- Up-to-date: /home/veljkogalovic/robot_ws/NewWorkspace/install/lidar_msgs/share/lidar_msgs/rust/src
-- Up-to-date: /home/veljkogalovic/robot_ws/NewWorkspace/install/lidar_msgs/share/lidar_msgs/rust/src/msg.rs
-- Up-to-date: /home/veljkogalovic/robot_ws/NewWorkspace/install/lidar_msgs/share/lidar_msgs/rust/src/msg
-- Up-to-date: /home/veljkogalovic/robot_ws/NewWorkspace/install/lidar_msgs/share/lidar_msgs/rust/src/msg/rmw.rs
-- Up-to-date: /home/veljkogalovic/robot_ws/NewWorkspace/install/lidar_msgs/share/lidar_msgs/rust/src/lib.rs
-- Up-to-date: /home/veljkogalovic/robot_ws/NewWorkspace/install/lidar_msgs/share/lidar_msgs/rust/Cargo.toml
-- Up-to-date: /home/veljkogalovic/robot_ws/NewWorkspace/install/lidar_msgs/share/lidar_msgs/rust/build.rs
-- Up-to-date: /home/veljkogalovic/robot_ws/NewWorkspace/install/lidar_msgs/share/lidar_msgs/msg/LidarSweep.idl
-- Up-to-date: /home/veljkogalovic/robot_ws/NewWorkspace/install/lidar_msgs/share/lidar_msgs/msg/LidarSweep.msg
-- Up-to-date: /home/veljkogalovic/robot_ws/NewWorkspace/install/lidar_msgs/share/ament_index/resource_index/package_run_dependencies/lidar_msgs
-- Up-to-date: /home/veljkogalovic/robot_ws/NewWorkspace/install/lidar_msgs/share/ament_index/resource_index/parent_prefix_path/lidar_msgs
-- Up-to-date: /home/veljkogalovic/robot_ws/NewWorkspace/install/lidar_msgs/share/lidar_msgs/environment/ament_prefix_path.sh
-- Up-to-date: /home/veljkogalovic/robot_ws/NewWorkspace/install/lidar_msgs/share/lidar_msgs/environment/ament_prefix_path.dsv
-- Up-to-date: /home/veljkogalovic/robot_ws/NewWorkspace/install/lidar_msgs/share/lidar_msgs/environment/path.sh
-- Up-to-date: /home/veljkogalovic/robot_ws/NewWorkspace/install/lidar_msgs/share/lidar_msgs/environment/path.dsv
-- Up-to-date: /home/veljkogalovic/robot_ws/NewWorkspace/install/lidar_msgs/share/lidar_msgs/local_setup.bash
-- Up-to-date: /home/veljkogalovic/robot_ws/NewWorkspace/install/lidar_msgs/share/lidar_msgs/local_setup.sh
-- Up-to-date: /home/veljkogalovic/robot_ws/NewWorkspace/install/lidar_msgs/share/lidar_msgs/local_setup.zsh
-- Up-to-date: /home/veljkogalovic/robot_ws/NewWorkspace/install/lidar_msgs/share/lidar_msgs/local_setup.dsv
-- Installing: /home/veljkogalovic/robot_ws/NewWorkspace/install/lidar_msgs/share/lidar_msgs/package.dsv
-- Up-to-date: /home/veljkogalovic/robot_ws/NewWorkspace/install/lidar_msgs/share/ament_index/resource_index/packages/lidar_msgs
-- Up-to-date: /home/veljkogalovic/robot_ws/NewWorkspace/install/lidar_msgs/share/lidar_msgs/cmake/export_lidar_msgs__rosidl_generator_cExport.cmake
-- Up-to-date: /home/veljkogalovic/robot_ws/NewWorkspace/install/lidar_msgs/share/lidar_msgs/cmake/export_lidar_msgs__rosidl_generator_cExport-noconfig.cmake
-- Up-to-date: /home/veljkogalovic/robot_ws/NewWorkspace/install/lidar_msgs/share/lidar_msgs/cmake/export_lidar_msgs__rosidl_typesupport_fastrtps_cExport.cmake
-- Up-to-date: /home/veljkogalovic/robot_ws/NewWorkspace/install/lidar_msgs/share/lidar_msgs/cmake/export_lidar_msgs__rosidl_typesupport_fastrtps_cExport-noconfig.cmake
-- Up-to-date: /home/veljkogalovic/robot_ws/NewWorkspace/install/lidar_msgs/share/lidar_msgs/cmake/lidar_msgs__rosidl_typesupport_introspection_cExport.cmake
-- Up-to-date: /home/veljkogalovic/robot_ws/NewWorkspace/install/lidar_msgs/share/lidar_msgs/cmake/lidar_msgs__rosidl_typesupport_introspection_cExport-noconfig.cmake
-- Up-to-date: /home/veljkogalovic/robot_ws/NewWorkspace/install/lidar_msgs/share/lidar_msgs/cmake/lidar_msgs__rosidl_typesupport_cExport.cmake
-- Up-to-date: /home/veljkogalovic/robot_ws/NewWorkspace/install/lidar_msgs/share/lidar_msgs/cmake/lidar_msgs__rosidl_typesupport_cExport-noconfig.cmake
-- Up-to-date: /home/veljkogalovic/robot_ws/NewWorkspace/install/lidar_msgs/share/lidar_msgs/cmake/export_lidar_msgs__rosidl_generator_cppExport.cmake
-- Up-to-date: /home/veljkogalovic/robot_ws/NewWorkspace/install/lidar_msgs/share/lidar_msgs/cmake/export_lidar_msgs__rosidl_typesupport_fastrtps_cppExport.cmake
-- Up-to-date: /home/veljkogalovic/robot_ws/NewWorkspace/install/lidar_msgs/share/lidar_msgs/cmake/export_lidar_msgs__rosidl_typesupport_fastrtps_cppExport-noconfig.cmake
-- Up-to-date: /home/veljkogalovic/robot_ws/NewWorkspace/install/lidar_msgs/share/lidar_msgs/cmake/lidar_msgs__rosidl_typesupport_introspection_cppExport.cmake
-- Up-to-date: /home/veljkogalovic/robot_ws/NewWorkspace/install/lidar_msgs/share/lidar_msgs/cmake/lidar_msgs__rosidl_typesupport_introspection_cppExport-noconfig.cmake
-- Up-to-date: /home/veljkogalovic/robot_ws/NewWorkspace/install/lidar_msgs/share/lidar_msgs/cmake/lidar_msgs__rosidl_typesupport_cppExport.cmake
-- Up-to-date: /home/veljkogalovic/robot_ws/NewWorkspace/install/lidar_msgs/share/lidar_msgs/cmake/lidar_msgs__rosidl_typesupport_cppExport-noconfig.cmake
-- Up-to-date: /home/veljkogalovic/robot_ws/NewWorkspace/install/lidar_msgs/share/lidar_msgs/cmake/export_lidar_msgs__rosidl_generator_pyExport.cmake
-- Up-to-date: /home/veljkogalovic/robot_ws/NewWorkspace/install/lidar_msgs/share/lidar_msgs/cmake/export_lidar_msgs__rosidl_generator_pyExport-noconfig.cmake
-- Up-to-date: /home/veljkogalovic/robot_ws/NewWorkspace/install/lidar_msgs/share/lidar_msgs/cmake/rosidl_cmake-extras.cmake
-- Up-to-date: /home/veljkogalovic/robot_ws/NewWorkspace/install/lidar_msgs/share/lidar_msgs/cmake/ament_cmake_export_dependencies-extras.cmake
-- Up-to-date: /home/veljkogalovic/robot_ws/NewWorkspace/install/lidar_msgs/share/lidar_msgs/cmake/ament_cmake_export_include_directories-extras.cmake
-- Up-to-date: /home/veljkogalovic/robot_ws/NewWorkspace/install/lidar_msgs/share/lidar_msgs/cmake/ament_cmake_export_libraries-extras.cmake
-- Up-to-date: /home/veljkogalovic/robot_ws/NewWorkspace/install/lidar_msgs/share/lidar_msgs/cmake/ament_cmake_export_targets-extras.cmake
-- Up-to-date: /home/veljkogalovic/robot_ws/NewWorkspace/install/lidar_msgs/share/lidar_msgs/cmake/rosidl_cmake_export_typesupport_targets-extras.cmake
-- Up-to-date: /home/veljkogalovic/robot_ws/NewWorkspace/install/lidar_msgs/share/lidar_msgs/cmake/rosidl_cmake_export_typesupport_libraries-extras.cmake
-- Up-to-date: /home/veljkogalovic/robot_ws/NewWorkspace/install/lidar_msgs/share/lidar_msgs/cmake/lidar_msgsConfig.cmake
-- Up-to-date: /home/veljkogalovic/robot_ws/NewWorkspace/install/lidar_msgs/share/lidar_msgs/cmake/lidar_msgsConfig-version.cmake
-- Up-to-date: /home/veljkogalovic/robot_ws/NewWorkspace/install/lidar_msgs/share/lidar_msgs/package.xml
