[0.011s] Invoking command in '/home/veljkogalovic/robot_ws/NewWorkspace/build/lidar_msgs': CMAKE_PREFIX_PATH=/opt/ros/humble DEBUGINFOD_URLS=ima:enforcing https://debuginfod.fedoraproject.org/ ima:ignore PS1=📦[\u@ros2-env \W]$ /usr/bin/cmake --build /home/veljkogalovic/robot_ws/NewWorkspace/build/lidar_msgs -- -j8 -l8
[0.063s] [35m[1mConsolidate compiler generated dependencies of target lidar_msgs__rosidl_generator_c[0m
[0.078s] [  3%] Built target lidar_msgs__rs
[0.078s] [  6%] Built target lidar_msgs__cpp
[0.080s] [ 15%] Built target lidar_msgs__rosidl_generator_c
[0.088s] [ 15%] Built target ament_cmake_python_copy_lidar_msgs
[0.093s] [35m[1mConsolidate compiler generated dependencies of target lidar_msgs__rosidl_typesupport_fastrtps_cpp[0m
[0.093s] [35m[1mConsolidate compiler generated dependencies of target lidar_msgs__rosidl_typesupport_introspection_cpp[0m
[0.093s] [35m[1mConsolidate compiler generated dependencies of target lidar_msgs__rosidl_typesupport_cpp[0m
[0.093s] [35m[1mConsolidate compiler generated dependencies of target lidar_msgs__rosidl_typesupport_fastrtps_c[0m
[0.094s] [35m[1mConsolidate compiler generated dependencies of target lidar_msgs__rosidl_typesupport_introspection_c[0m
[0.094s] [35m[1mConsolidate compiler generated dependencies of target lidar_msgs__rosidl_typesupport_c[0m
[0.108s] [ 25%] Built target lidar_msgs__rosidl_typesupport_cpp
[0.109s] [ 53%] Built target lidar_msgs__rosidl_typesupport_fastrtps_cpp
[0.109s] [ 53%] Built target lidar_msgs__rosidl_typesupport_c
[0.109s] [ 53%] Built target lidar_msgs__rosidl_typesupport_introspection_c
[0.109s] [ 62%] Built target lidar_msgs__rosidl_typesupport_introspection_cpp
[0.112s] [ 71%] Built target lidar_msgs__rosidl_typesupport_fastrtps_c
[0.134s] [ 71%] Built target lidar_msgs
[0.155s] [ 75%] Built target lidar_msgs__py
[0.165s] [35m[1mConsolidate compiler generated dependencies of target lidar_msgs__rosidl_generator_py[0m
[0.178s] [ 81%] Built target lidar_msgs__rosidl_generator_py
[0.188s] [35m[1mConsolidate compiler generated dependencies of target lidar_msgs__rosidl_typesupport_fastrtps_c__pyext[0m
[0.188s] [35m[1mConsolidate compiler generated dependencies of target lidar_msgs__rosidl_typesupport_c__pyext[0m
[0.188s] [35m[1mConsolidate compiler generated dependencies of target lidar_msgs__rosidl_typesupport_introspection_c__pyext[0m
[0.202s] [100%] Built target lidar_msgs__rosidl_typesupport_introspection_c__pyext
[0.202s] [100%] Built target lidar_msgs__rosidl_typesupport_c__pyext
[0.202s] [100%] Built target lidar_msgs__rosidl_typesupport_fastrtps_c__pyext
[0.321s] running egg_info
[0.321s] writing lidar_msgs.egg-info/PKG-INFO
[0.322s] writing dependency_links to lidar_msgs.egg-info/dependency_links.txt
[0.322s] writing top-level names to lidar_msgs.egg-info/top_level.txt
[0.324s] reading manifest file 'lidar_msgs.egg-info/SOURCES.txt'
[0.324s] writing manifest file 'lidar_msgs.egg-info/SOURCES.txt'
[0.351s] [100%] Built target ament_cmake_python_build_lidar_msgs_egg
[0.364s] Invoked command in '/home/veljkogalovic/robot_ws/NewWorkspace/build/lidar_msgs' returned '0': CMAKE_PREFIX_PATH=/opt/ros/humble DEBUGINFOD_URLS=ima:enforcing https://debuginfod.fedoraproject.org/ ima:ignore PS1=📦[\u@ros2-env \W]$ /usr/bin/cmake --build /home/veljkogalovic/robot_ws/NewWorkspace/build/lidar_msgs -- -j8 -l8
[0.378s] Invoking command in '/home/veljkogalovic/robot_ws/NewWorkspace/build/lidar_msgs': CMAKE_PREFIX_PATH=/opt/ros/humble DEBUGINFOD_URLS=ima:enforcing https://debuginfod.fedoraproject.org/ ima:ignore PS1=📦[\u@ros2-env \W]$ /usr/bin/cmake --install /home/veljkogalovic/robot_ws/NewWorkspace/build/lidar_msgs
[0.393s] -- Install configuration: ""
[0.393s] -- Up-to-date: /home/veljkogalovic/robot_ws/NewWorkspace/install/lidar_msgs/share/ament_index/resource_index/rosidl_interfaces/lidar_msgs
[0.393s] -- Up-to-date: /home/veljkogalovic/robot_ws/NewWorkspace/install/lidar_msgs/include/lidar_msgs/lidar_msgs
[0.393s] -- Up-to-date: /home/veljkogalovic/robot_ws/NewWorkspace/install/lidar_msgs/include/lidar_msgs/lidar_msgs/msg
[0.394s] -- Up-to-date: /home/veljkogalovic/robot_ws/NewWorkspace/install/lidar_msgs/include/lidar_msgs/lidar_msgs/msg/rosidl_generator_c__visibility_control.h
[0.394s] -- Up-to-date: /home/veljkogalovic/robot_ws/NewWorkspace/install/lidar_msgs/include/lidar_msgs/lidar_msgs/msg/lidar_sweep.h
[0.394s] -- Up-to-date: /home/veljkogalovic/robot_ws/NewWorkspace/install/lidar_msgs/include/lidar_msgs/lidar_msgs/msg/detail
[0.394s] -- Up-to-date: /home/veljkogalovic/robot_ws/NewWorkspace/install/lidar_msgs/include/lidar_msgs/lidar_msgs/msg/detail/lidar_sweep__functions.c
[0.394s] -- Up-to-date: /home/veljkogalovic/robot_ws/NewWorkspace/install/lidar_msgs/include/lidar_msgs/lidar_msgs/msg/detail/lidar_sweep__functions.h
[0.394s] -- Up-to-date: /home/veljkogalovic/robot_ws/NewWorkspace/install/lidar_msgs/include/lidar_msgs/lidar_msgs/msg/detail/lidar_sweep__struct.h
[0.394s] -- Up-to-date: /home/veljkogalovic/robot_ws/NewWorkspace/install/lidar_msgs/include/lidar_msgs/lidar_msgs/msg/detail/lidar_sweep__type_support.h
[0.394s] -- Up-to-date: /home/veljkogalovic/robot_ws/NewWorkspace/install/lidar_msgs/share/lidar_msgs/environment/library_path.sh
[0.395s] -- Up-to-date: /home/veljkogalovic/robot_ws/NewWorkspace/install/lidar_msgs/share/lidar_msgs/environment/library_path.dsv
[0.395s] -- Up-to-date: /home/veljkogalovic/robot_ws/NewWorkspace/install/lidar_msgs/lib/liblidar_msgs__rosidl_generator_c.so
[0.395s] -- Up-to-date: /home/veljkogalovic/robot_ws/NewWorkspace/install/lidar_msgs/include/lidar_msgs/lidar_msgs
[0.395s] -- Up-to-date: /home/veljkogalovic/robot_ws/NewWorkspace/install/lidar_msgs/include/lidar_msgs/lidar_msgs/msg
[0.395s] -- Up-to-date: /home/veljkogalovic/robot_ws/NewWorkspace/install/lidar_msgs/include/lidar_msgs/lidar_msgs/msg/rosidl_typesupport_fastrtps_c__visibility_control.h
[0.395s] -- Up-to-date: /home/veljkogalovic/robot_ws/NewWorkspace/install/lidar_msgs/include/lidar_msgs/lidar_msgs/msg/detail
[0.395s] -- Up-to-date: /home/veljkogalovic/robot_ws/NewWorkspace/install/lidar_msgs/include/lidar_msgs/lidar_msgs/msg/detail/lidar_sweep__rosidl_typesupport_fastrtps_c.h
[0.396s] -- Up-to-date: /home/veljkogalovic/robot_ws/NewWorkspace/install/lidar_msgs/lib/liblidar_msgs__rosidl_typesupport_fastrtps_c.so
[0.396s] -- Up-to-date: /home/veljkogalovic/robot_ws/NewWorkspace/install/lidar_msgs/include/lidar_msgs/lidar_msgs
[0.396s] -- Up-to-date: /home/veljkogalovic/robot_ws/NewWorkspace/install/lidar_msgs/include/lidar_msgs/lidar_msgs/msg
[0.396s] -- Up-to-date: /home/veljkogalovic/robot_ws/NewWorkspace/install/lidar_msgs/include/lidar_msgs/lidar_msgs/msg/rosidl_typesupport_introspection_c__visibility_control.h
[0.396s] -- Up-to-date: /home/veljkogalovic/robot_ws/NewWorkspace/install/lidar_msgs/include/lidar_msgs/lidar_msgs/msg/detail
[0.396s] -- Up-to-date: /home/veljkogalovic/robot_ws/NewWorkspace/install/lidar_msgs/include/lidar_msgs/lidar_msgs/msg/detail/lidar_sweep__rosidl_typesupport_introspection_c.h
[0.396s] -- Up-to-date: /home/veljkogalovic/robot_ws/NewWorkspace/install/lidar_msgs/include/lidar_msgs/lidar_msgs/msg/detail/lidar_sweep__type_support.c
[0.396s] -- Up-to-date: /home/veljkogalovic/robot_ws/NewWorkspace/install/lidar_msgs/lib/liblidar_msgs__rosidl_typesupport_introspection_c.so
[0.397s] -- Up-to-date: /home/veljkogalovic/robot_ws/NewWorkspace/install/lidar_msgs/lib/liblidar_msgs__rosidl_typesupport_c.so
[0.397s] -- Up-to-date: /home/veljkogalovic/robot_ws/NewWorkspace/install/lidar_msgs/include/lidar_msgs/lidar_msgs
[0.397s] -- Up-to-date: /home/veljkogalovic/robot_ws/NewWorkspace/install/lidar_msgs/include/lidar_msgs/lidar_msgs/msg
[0.397s] -- Up-to-date: /home/veljkogalovic/robot_ws/NewWorkspace/install/lidar_msgs/include/lidar_msgs/lidar_msgs/msg/rosidl_generator_cpp__visibility_control.hpp
[0.397s] -- Up-to-date: /home/veljkogalovic/robot_ws/NewWorkspace/install/lidar_msgs/include/lidar_msgs/lidar_msgs/msg/lidar_sweep.hpp
[0.397s] -- Up-to-date: /home/veljkogalovic/robot_ws/NewWorkspace/install/lidar_msgs/include/lidar_msgs/lidar_msgs/msg/detail
[0.397s] -- Up-to-date: /home/veljkogalovic/robot_ws/NewWorkspace/install/lidar_msgs/include/lidar_msgs/lidar_msgs/msg/detail/lidar_sweep__builder.hpp
[0.397s] -- Up-to-date: /home/veljkogalovic/robot_ws/NewWorkspace/install/lidar_msgs/include/lidar_msgs/lidar_msgs/msg/detail/lidar_sweep__struct.hpp
[0.397s] -- Up-to-date: /home/veljkogalovic/robot_ws/NewWorkspace/install/lidar_msgs/include/lidar_msgs/lidar_msgs/msg/detail/lidar_sweep__traits.hpp
[0.398s] -- Up-to-date: /home/veljkogalovic/robot_ws/NewWorkspace/install/lidar_msgs/include/lidar_msgs/lidar_msgs/msg/detail/lidar_sweep__type_support.hpp
[0.398s] -- Up-to-date: /home/veljkogalovic/robot_ws/NewWorkspace/install/lidar_msgs/include/lidar_msgs/lidar_msgs
[0.398s] -- Up-to-date: /home/veljkogalovic/robot_ws/NewWorkspace/install/lidar_msgs/include/lidar_msgs/lidar_msgs/msg
[0.398s] -- Up-to-date: /home/veljkogalovic/robot_ws/NewWorkspace/install/lidar_msgs/include/lidar_msgs/lidar_msgs/msg/rosidl_typesupport_fastrtps_cpp__visibility_control.h
[0.398s] -- Up-to-date: /home/veljkogalovic/robot_ws/NewWorkspace/install/lidar_msgs/include/lidar_msgs/lidar_msgs/msg/detail
[0.398s] -- Up-to-date: /home/veljkogalovic/robot_ws/NewWorkspace/install/lidar_msgs/include/lidar_msgs/lidar_msgs/msg/detail/lidar_sweep__rosidl_typesupport_fastrtps_cpp.hpp
[0.398s] -- Up-to-date: /home/veljkogalovic/robot_ws/NewWorkspace/install/lidar_msgs/include/lidar_msgs/lidar_msgs/msg/detail/dds_fastrtps
[0.398s] -- Up-to-date: /home/veljkogalovic/robot_ws/NewWorkspace/install/lidar_msgs/lib/liblidar_msgs__rosidl_typesupport_fastrtps_cpp.so
[0.398s] -- Up-to-date: /home/veljkogalovic/robot_ws/NewWorkspace/install/lidar_msgs/include/lidar_msgs/lidar_msgs
[0.399s] -- Up-to-date: /home/veljkogalovic/robot_ws/NewWorkspace/install/lidar_msgs/include/lidar_msgs/lidar_msgs/msg
[0.399s] -- Up-to-date: /home/veljkogalovic/robot_ws/NewWorkspace/install/lidar_msgs/include/lidar_msgs/lidar_msgs/msg/detail
[0.399s] -- Up-to-date: /home/veljkogalovic/robot_ws/NewWorkspace/install/lidar_msgs/include/lidar_msgs/lidar_msgs/msg/detail/lidar_sweep__rosidl_typesupport_introspection_cpp.hpp
[0.399s] -- Up-to-date: /home/veljkogalovic/robot_ws/NewWorkspace/install/lidar_msgs/include/lidar_msgs/lidar_msgs/msg/detail/lidar_sweep__type_support.cpp
[0.399s] -- Up-to-date: /home/veljkogalovic/robot_ws/NewWorkspace/install/lidar_msgs/lib/liblidar_msgs__rosidl_typesupport_introspection_cpp.so
[0.399s] -- Up-to-date: /home/veljkogalovic/robot_ws/NewWorkspace/install/lidar_msgs/lib/liblidar_msgs__rosidl_typesupport_cpp.so
[0.399s] -- Up-to-date: /home/veljkogalovic/robot_ws/NewWorkspace/install/lidar_msgs/share/lidar_msgs/environment/pythonpath.sh
[0.399s] -- Up-to-date: /home/veljkogalovic/robot_ws/NewWorkspace/install/lidar_msgs/share/lidar_msgs/environment/pythonpath.dsv
[0.399s] -- Up-to-date: /home/veljkogalovic/robot_ws/NewWorkspace/install/lidar_msgs/local/lib/python3.10/dist-packages/lidar_msgs-0.0.1-py3.10.egg-info
[0.400s] -- Installing: /home/veljkogalovic/robot_ws/NewWorkspace/install/lidar_msgs/local/lib/python3.10/dist-packages/lidar_msgs-0.0.1-py3.10.egg-info/PKG-INFO
[0.400s] -- Installing: /home/veljkogalovic/robot_ws/NewWorkspace/install/lidar_msgs/local/lib/python3.10/dist-packages/lidar_msgs-0.0.1-py3.10.egg-info/dependency_links.txt
[0.400s] -- Installing: /home/veljkogalovic/robot_ws/NewWorkspace/install/lidar_msgs/local/lib/python3.10/dist-packages/lidar_msgs-0.0.1-py3.10.egg-info/top_level.txt
[0.400s] -- Installing: /home/veljkogalovic/robot_ws/NewWorkspace/install/lidar_msgs/local/lib/python3.10/dist-packages/lidar_msgs-0.0.1-py3.10.egg-info/SOURCES.txt
[0.400s] -- Up-to-date: /home/veljkogalovic/robot_ws/NewWorkspace/install/lidar_msgs/local/lib/python3.10/dist-packages/lidar_msgs
[0.400s] -- Up-to-date: /home/veljkogalovic/robot_ws/NewWorkspace/install/lidar_msgs/local/lib/python3.10/dist-packages/lidar_msgs/__init__.py
[0.400s] -- Up-to-date: /home/veljkogalovic/robot_ws/NewWorkspace/install/lidar_msgs/local/lib/python3.10/dist-packages/lidar_msgs/msg
[0.400s] -- Up-to-date: /home/veljkogalovic/robot_ws/NewWorkspace/install/lidar_msgs/local/lib/python3.10/dist-packages/lidar_msgs/msg/_lidar_sweep.py
[0.400s] -- Up-to-date: /home/veljkogalovic/robot_ws/NewWorkspace/install/lidar_msgs/local/lib/python3.10/dist-packages/lidar_msgs/msg/_lidar_sweep_s.c
[0.400s] -- Up-to-date: /home/veljkogalovic/robot_ws/NewWorkspace/install/lidar_msgs/local/lib/python3.10/dist-packages/lidar_msgs/msg/__init__.py
[0.400s] -- Up-to-date: /home/veljkogalovic/robot_ws/NewWorkspace/install/lidar_msgs/local/lib/python3.10/dist-packages/lidar_msgs/_lidar_msgs_s.ep.rosidl_typesupport_fastrtps_c.c
[0.401s] -- Up-to-date: /home/veljkogalovic/robot_ws/NewWorkspace/install/lidar_msgs/local/lib/python3.10/dist-packages/lidar_msgs/_lidar_msgs_s.ep.rosidl_typesupport_introspection_c.c
[0.401s] -- Up-to-date: /home/veljkogalovic/robot_ws/NewWorkspace/install/lidar_msgs/local/lib/python3.10/dist-packages/lidar_msgs/_lidar_msgs_s.ep.rosidl_typesupport_c.c
[0.401s] -- Up-to-date: /home/veljkogalovic/robot_ws/NewWorkspace/install/lidar_msgs/local/lib/python3.10/dist-packages/lidar_msgs/liblidar_msgs__rosidl_generator_py.so
[0.401s] -- Up-to-date: /home/veljkogalovic/robot_ws/NewWorkspace/install/lidar_msgs/local/lib/python3.10/dist-packages/lidar_msgs/lidar_msgs_s__rosidl_typesupport_c.cpython-310-x86_64-linux-gnu.so
[0.401s] -- Up-to-date: /home/veljkogalovic/robot_ws/NewWorkspace/install/lidar_msgs/local/lib/python3.10/dist-packages/lidar_msgs/lidar_msgs_s__rosidl_typesupport_fastrtps_c.cpython-310-x86_64-linux-gnu.so
[0.401s] -- Up-to-date: /home/veljkogalovic/robot_ws/NewWorkspace/install/lidar_msgs/local/lib/python3.10/dist-packages/lidar_msgs/lidar_msgs_s__rosidl_typesupport_introspection_c.cpython-310-x86_64-linux-gnu.so
[0.450s] Listing '/home/veljkogalovic/robot_ws/NewWorkspace/install/lidar_msgs/local/lib/python3.10/dist-packages/lidar_msgs'...
[0.450s] Listing '/home/veljkogalovic/robot_ws/NewWorkspace/install/lidar_msgs/local/lib/python3.10/dist-packages/lidar_msgs/msg'...
[0.454s] -- Up-to-date: /home/veljkogalovic/robot_ws/NewWorkspace/install/lidar_msgs/local/lib/python3.10/dist-packages/lidar_msgs/lidar_msgs_s__rosidl_typesupport_fastrtps_c.cpython-310-x86_64-linux-gnu.so
[0.455s] -- Up-to-date: /home/veljkogalovic/robot_ws/NewWorkspace/install/lidar_msgs/local/lib/python3.10/dist-packages/lidar_msgs/lidar_msgs_s__rosidl_typesupport_introspection_c.cpython-310-x86_64-linux-gnu.so
[0.455s] -- Up-to-date: /home/veljkogalovic/robot_ws/NewWorkspace/install/lidar_msgs/local/lib/python3.10/dist-packages/lidar_msgs/lidar_msgs_s__rosidl_typesupport_c.cpython-310-x86_64-linux-gnu.so
[0.455s] -- Up-to-date: /home/veljkogalovic/robot_ws/NewWorkspace/install/lidar_msgs/lib/liblidar_msgs__rosidl_generator_py.so
[0.455s] -- Up-to-date: /home/veljkogalovic/robot_ws/NewWorkspace/install/lidar_msgs/share/ament_index/resource_index/rust_packages/lidar_msgs
[0.455s] -- Up-to-date: /home/veljkogalovic/robot_ws/NewWorkspace/install/lidar_msgs/share/lidar_msgs/rust
[0.455s] -- Up-to-date: /home/veljkogalovic/robot_ws/NewWorkspace/install/lidar_msgs/share/lidar_msgs/rust/src
[0.455s] -- Up-to-date: /home/veljkogalovic/robot_ws/NewWorkspace/install/lidar_msgs/share/lidar_msgs/rust/src/msg.rs
[0.456s] -- Up-to-date: /home/veljkogalovic/robot_ws/NewWorkspace/install/lidar_msgs/share/lidar_msgs/rust/src/msg
[0.456s] -- Up-to-date: /home/veljkogalovic/robot_ws/NewWorkspace/install/lidar_msgs/share/lidar_msgs/rust/src/msg/rmw.rs
[0.456s] -- Up-to-date: /home/veljkogalovic/robot_ws/NewWorkspace/install/lidar_msgs/share/lidar_msgs/rust/src/lib.rs
[0.456s] -- Up-to-date: /home/veljkogalovic/robot_ws/NewWorkspace/install/lidar_msgs/share/lidar_msgs/rust/Cargo.toml
[0.456s] -- Up-to-date: /home/veljkogalovic/robot_ws/NewWorkspace/install/lidar_msgs/share/lidar_msgs/rust/build.rs
[0.456s] -- Up-to-date: /home/veljkogalovic/robot_ws/NewWorkspace/install/lidar_msgs/share/lidar_msgs/msg/LidarSweep.idl
[0.456s] -- Up-to-date: /home/veljkogalovic/robot_ws/NewWorkspace/install/lidar_msgs/share/lidar_msgs/msg/LidarSweep.msg
[0.456s] -- Up-to-date: /home/veljkogalovic/robot_ws/NewWorkspace/install/lidar_msgs/share/ament_index/resource_index/package_run_dependencies/lidar_msgs
[0.456s] -- Up-to-date: /home/veljkogalovic/robot_ws/NewWorkspace/install/lidar_msgs/share/ament_index/resource_index/parent_prefix_path/lidar_msgs
[0.456s] -- Up-to-date: /home/veljkogalovic/robot_ws/NewWorkspace/install/lidar_msgs/share/lidar_msgs/environment/ament_prefix_path.sh
[0.456s] -- Up-to-date: /home/veljkogalovic/robot_ws/NewWorkspace/install/lidar_msgs/share/lidar_msgs/environment/ament_prefix_path.dsv
[0.457s] -- Up-to-date: /home/veljkogalovic/robot_ws/NewWorkspace/install/lidar_msgs/share/lidar_msgs/environment/path.sh
[0.457s] -- Up-to-date: /home/veljkogalovic/robot_ws/NewWorkspace/install/lidar_msgs/share/lidar_msgs/environment/path.dsv
[0.457s] -- Up-to-date: /home/veljkogalovic/robot_ws/NewWorkspace/install/lidar_msgs/share/lidar_msgs/local_setup.bash
[0.457s] -- Up-to-date: /home/veljkogalovic/robot_ws/NewWorkspace/install/lidar_msgs/share/lidar_msgs/local_setup.sh
[0.457s] -- Up-to-date: /home/veljkogalovic/robot_ws/NewWorkspace/install/lidar_msgs/share/lidar_msgs/local_setup.zsh
[0.457s] -- Up-to-date: /home/veljkogalovic/robot_ws/NewWorkspace/install/lidar_msgs/share/lidar_msgs/local_setup.dsv
[0.457s] -- Installing: /home/veljkogalovic/robot_ws/NewWorkspace/install/lidar_msgs/share/lidar_msgs/package.dsv
[0.457s] -- Up-to-date: /home/veljkogalovic/robot_ws/NewWorkspace/install/lidar_msgs/share/ament_index/resource_index/packages/lidar_msgs
[0.457s] -- Up-to-date: /home/veljkogalovic/robot_ws/NewWorkspace/install/lidar_msgs/share/lidar_msgs/cmake/export_lidar_msgs__rosidl_generator_cExport.cmake
[0.457s] -- Up-to-date: /home/veljkogalovic/robot_ws/NewWorkspace/install/lidar_msgs/share/lidar_msgs/cmake/export_lidar_msgs__rosidl_generator_cExport-noconfig.cmake
[0.468s] -- Up-to-date: /home/veljkogalovic/robot_ws/NewWorkspace/install/lidar_msgs/share/lidar_msgs/cmake/export_lidar_msgs__rosidl_typesupport_fastrtps_cExport.cmake
[0.468s] -- Up-to-date: /home/veljkogalovic/robot_ws/NewWorkspace/install/lidar_msgs/share/lidar_msgs/cmake/export_lidar_msgs__rosidl_typesupport_fastrtps_cExport-noconfig.cmake
[0.468s] -- Up-to-date: /home/veljkogalovic/robot_ws/NewWorkspace/install/lidar_msgs/share/lidar_msgs/cmake/lidar_msgs__rosidl_typesupport_introspection_cExport.cmake
[0.468s] -- Up-to-date: /home/veljkogalovic/robot_ws/NewWorkspace/install/lidar_msgs/share/lidar_msgs/cmake/lidar_msgs__rosidl_typesupport_introspection_cExport-noconfig.cmake
[0.468s] -- Up-to-date: /home/veljkogalovic/robot_ws/NewWorkspace/install/lidar_msgs/share/lidar_msgs/cmake/lidar_msgs__rosidl_typesupport_cExport.cmake
[0.468s] -- Up-to-date: /home/veljkogalovic/robot_ws/NewWorkspace/install/lidar_msgs/share/lidar_msgs/cmake/lidar_msgs__rosidl_typesupport_cExport-noconfig.cmake
[0.469s] -- Up-to-date: /home/veljkogalovic/robot_ws/NewWorkspace/install/lidar_msgs/share/lidar_msgs/cmake/export_lidar_msgs__rosidl_generator_cppExport.cmake
[0.469s] -- Up-to-date: /home/veljkogalovic/robot_ws/NewWorkspace/install/lidar_msgs/share/lidar_msgs/cmake/export_lidar_msgs__rosidl_typesupport_fastrtps_cppExport.cmake
[0.469s] -- Up-to-date: /home/veljkogalovic/robot_ws/NewWorkspace/install/lidar_msgs/share/lidar_msgs/cmake/export_lidar_msgs__rosidl_typesupport_fastrtps_cppExport-noconfig.cmake
[0.469s] -- Up-to-date: /home/veljkogalovic/robot_ws/NewWorkspace/install/lidar_msgs/share/lidar_msgs/cmake/lidar_msgs__rosidl_typesupport_introspection_cppExport.cmake
[0.470s] -- Up-to-date: /home/veljkogalovic/robot_ws/NewWorkspace/install/lidar_msgs/share/lidar_msgs/cmake/lidar_msgs__rosidl_typesupport_introspection_cppExport-noconfig.cmake
[0.470s] -- Up-to-date: /home/veljkogalovic/robot_ws/NewWorkspace/install/lidar_msgs/share/lidar_msgs/cmake/lidar_msgs__rosidl_typesupport_cppExport.cmake
[0.470s] -- Up-to-date: /home/veljkogalovic/robot_ws/NewWorkspace/install/lidar_msgs/share/lidar_msgs/cmake/lidar_msgs__rosidl_typesupport_cppExport-noconfig.cmake
[0.470s] -- Up-to-date: /home/veljkogalovic/robot_ws/NewWorkspace/install/lidar_msgs/share/lidar_msgs/cmake/export_lidar_msgs__rosidl_generator_pyExport.cmake
[0.470s] -- Up-to-date: /home/veljkogalovic/robot_ws/NewWorkspace/install/lidar_msgs/share/lidar_msgs/cmake/export_lidar_msgs__rosidl_generator_pyExport-noconfig.cmake
[0.470s] -- Up-to-date: /home/veljkogalovic/robot_ws/NewWorkspace/install/lidar_msgs/share/lidar_msgs/cmake/rosidl_cmake-extras.cmake
[0.471s] -- Up-to-date: /home/veljkogalovic/robot_ws/NewWorkspace/install/lidar_msgs/share/lidar_msgs/cmake/ament_cmake_export_dependencies-extras.cmake
[0.471s] -- Up-to-date: /home/veljkogalovic/robot_ws/NewWorkspace/install/lidar_msgs/share/lidar_msgs/cmake/ament_cmake_export_include_directories-extras.cmake
[0.471s] -- Up-to-date: /home/veljkogalovic/robot_ws/NewWorkspace/install/lidar_msgs/share/lidar_msgs/cmake/ament_cmake_export_libraries-extras.cmake
[0.471s] -- Up-to-date: /home/veljkogalovic/robot_ws/NewWorkspace/install/lidar_msgs/share/lidar_msgs/cmake/ament_cmake_export_targets-extras.cmake
[0.471s] -- Up-to-date: /home/veljkogalovic/robot_ws/NewWorkspace/install/lidar_msgs/share/lidar_msgs/cmake/rosidl_cmake_export_typesupport_targets-extras.cmake
[0.471s] -- Up-to-date: /home/veljkogalovic/robot_ws/NewWorkspace/install/lidar_msgs/share/lidar_msgs/cmake/rosidl_cmake_export_typesupport_libraries-extras.cmake
[0.471s] -- Up-to-date: /home/veljkogalovic/robot_ws/NewWorkspace/install/lidar_msgs/share/lidar_msgs/cmake/lidar_msgsConfig.cmake
[0.471s] -- Up-to-date: /home/veljkogalovic/robot_ws/NewWorkspace/install/lidar_msgs/share/lidar_msgs/cmake/lidar_msgsConfig-version.cmake
[0.471s] -- Up-to-date: /home/veljkogalovic/robot_ws/NewWorkspace/install/lidar_msgs/share/lidar_msgs/package.xml
[0.476s] Invoked command in '/home/veljkogalovic/robot_ws/NewWorkspace/build/lidar_msgs' returned '0': CMAKE_PREFIX_PATH=/opt/ros/humble DEBUGINFOD_URLS=ima:enforcing https://debuginfod.fedoraproject.org/ ima:ignore PS1=📦[\u@ros2-env \W]$ /usr/bin/cmake --install /home/veljkogalovic/robot_ws/NewWorkspace/build/lidar_msgs
