-- The C compiler identification is GNU 11.4.0
-- The CXX compiler identification is GNU 11.4.0
-- Detecting C compiler ABI info
-- Detecting C compiler ABI info - done
-- Check for working C compiler: /usr/bin/cc - skipped
-- Detecting C compile features
-- Detecting C compile features - done
-- Detecting CXX compiler ABI info
-- Detecting CXX compiler ABI info - done
-- Check for working CXX compiler: /usr/bin/c++ - skipped
-- Detecting CXX compile features
-- Detecting CXX compile features - done
-- Found ament_cmake: 1.3.14 (/opt/ros/humble/share/ament_cmake/cmake)
-- Found Python3: /usr/bin/python3 (found version "3.10.12") found components: Interpreter 
-- Found rosidl_default_generators: 1.2.1 (/opt/ros/humble/share/rosidl_default_generators/cmake)
-- Using all available rosidl_typesupport_c: rosidl_typesupport_fastrtps_c;rosidl_typesupport_introspection_c
-- Found rosidl_adapter: 3.1.8 (/opt/ros/humble/share/rosidl_adapter/cmake)
-- Using all available rosidl_typesupport_cpp: rosidl_typesupport_fastrtps_cpp;rosidl_typesupport_introspection_cpp
-- Found std_msgs: 4.9.1 (/opt/ros/humble/share/std_msgs/cmake)
-- Found ament_cmake_ros: 0.10.0 (/opt/ros/humble/share/ament_cmake_ros/cmake)
-- Using all available rosidl_typesupport_c: rosidl_typesupport_fastrtps_c;rosidl_typesupport_introspection_c
-- Using all available rosidl_typesupport_cpp: rosidl_typesupport_fastrtps_cpp;rosidl_typesupport_introspection_cpp
-- Found PythonInterp: /usr/bin/python3 (found suitable version "3.10.12", minimum required is "3.6") 
-- Found python_cmake_module: 0.10.0 (/opt/ros/humble/share/python_cmake_module/cmake)
-- Found PythonLibs: /usr/lib/x86_64-linux-gnu/libpython3.10.so (found suitable version "3.10.12", minimum required is "3.5") 
-- Using PYTHON_EXECUTABLE: /usr/bin/python3
-- Using PYTHON_INCLUDE_DIRS: /usr/include/python3.10
-- Using PYTHON_LIBRARIES: /usr/lib/x86_64-linux-gnu/libpython3.10.so
-- Found PythonExtra: .so  
-- Configuring done
-- Generating done
-- Build files have been written to: /home/veljkogalovic/robot_ws/NewWorkspace/build/lidar_msgs
[  3%] [34m[1mGenerating C code for ROS interfaces[0m
[  6%] [34m[1mGenerating Rust code for ROS interfaces[0m
[  9%] [34m[1mGenerating C++ code for ROS interfaces[0m
[  9%] Built target ament_cmake_python_copy_lidar_msgs
[  9%] Built target lidar_msgs__rs
running egg_info
creating lidar_msgs.egg-info
writing lidar_msgs.egg-info/PKG-INFO
writing dependency_links to lidar_msgs.egg-info/dependency_links.txt
writing top-level names to lidar_msgs.egg-info/top_level.txt
writing manifest file 'lidar_msgs.egg-info/SOURCES.txt'
reading manifest file 'lidar_msgs.egg-info/SOURCES.txt'
writing manifest file 'lidar_msgs.egg-info/SOURCES.txt'
[ 12%] [32mBuilding C object CMakeFiles/lidar_msgs__rosidl_generator_c.dir/rosidl_generator_c/lidar_msgs/msg/detail/lidar_sweep__functions.c.o[0m
[ 12%] Built target lidar_msgs__cpp
[ 18%] [34m[1mGenerating C++ introspection for ROS interfaces[0m
[ 18%] [34m[1mGenerating C++ type support dispatch for ROS interfaces[0m
[ 21%] [34m[1mGenerating C++ type support for eProsima Fast-RTPS[0m
[ 21%] Built target ament_cmake_python_build_lidar_msgs_egg
[ 25%] [32m[1mLinking C shared library liblidar_msgs__rosidl_generator_c.so[0m
[ 25%] Built target lidar_msgs__rosidl_generator_c
[ 28%] [34m[1mGenerating C introspection for ROS interfaces[0m
[ 31%] [34m[1mGenerating C type support for eProsima Fast-RTPS[0m
[ 34%] [34m[1mGenerating C type support dispatch for ROS interfaces[0m
[ 37%] [32mBuilding CXX object CMakeFiles/lidar_msgs__rosidl_typesupport_cpp.dir/rosidl_typesupport_cpp/lidar_msgs/msg/lidar_sweep__type_support.cpp.o[0m
[ 40%] [32mBuilding CXX object CMakeFiles/lidar_msgs__rosidl_typesupport_c.dir/rosidl_typesupport_c/lidar_msgs/msg/lidar_sweep__type_support.cpp.o[0m
[ 43%] [32mBuilding C object CMakeFiles/lidar_msgs__rosidl_typesupport_introspection_c.dir/rosidl_typesupport_introspection_c/lidar_msgs/msg/detail/lidar_sweep__type_support.c.o[0m
[ 46%] [32m[1mLinking CXX shared library liblidar_msgs__rosidl_typesupport_c.so[0m
[ 50%] [32mBuilding CXX object CMakeFiles/lidar_msgs__rosidl_typesupport_introspection_cpp.dir/rosidl_typesupport_introspection_cpp/lidar_msgs/msg/detail/lidar_sweep__type_support.cpp.o[0m
[ 53%] [32mBuilding CXX object CMakeFiles/lidar_msgs__rosidl_typesupport_fastrtps_cpp.dir/rosidl_typesupport_fastrtps_cpp/lidar_msgs/msg/detail/dds_fastrtps/lidar_sweep__type_support.cpp.o[0m
[ 53%] Built target lidar_msgs__rosidl_typesupport_c
[ 56%] [32m[1mLinking C shared library liblidar_msgs__rosidl_typesupport_introspection_c.so[0m
[ 59%] [32mBuilding CXX object CMakeFiles/lidar_msgs__rosidl_typesupport_fastrtps_c.dir/rosidl_typesupport_fastrtps_c/lidar_msgs/msg/detail/lidar_sweep__type_support_c.cpp.o[0m
[ 59%] Built target lidar_msgs__rosidl_typesupport_introspection_c
[ 62%] [32m[1mLinking CXX shared library liblidar_msgs__rosidl_typesupport_cpp.so[0m
[ 62%] Built target lidar_msgs__rosidl_typesupport_cpp
[ 65%] [32m[1mLinking CXX shared library liblidar_msgs__rosidl_typesupport_fastrtps_c.so[0m
[ 68%] [32m[1mLinking CXX shared library liblidar_msgs__rosidl_typesupport_introspection_cpp.so[0m
[ 71%] [32m[1mLinking CXX shared library liblidar_msgs__rosidl_typesupport_fastrtps_cpp.so[0m
[ 71%] Built target lidar_msgs__rosidl_typesupport_fastrtps_c
[ 71%] Built target lidar_msgs__rosidl_typesupport_introspection_cpp
[ 71%] Built target lidar_msgs__rosidl_typesupport_fastrtps_cpp
[ 71%] Built target lidar_msgs
[ 75%] [34m[1mGenerating Python code for ROS interfaces[0m
[ 75%] Built target lidar_msgs__py
[ 78%] [32mBuilding C object CMakeFiles/lidar_msgs__rosidl_generator_py.dir/rosidl_generator_py/lidar_msgs/msg/_lidar_sweep_s.c.o[0m
[ 81%] [32m[1mLinking C shared library rosidl_generator_py/lidar_msgs/liblidar_msgs__rosidl_generator_py.so[0m
[ 81%] Built target lidar_msgs__rosidl_generator_py
[ 84%] [32mBuilding C object CMakeFiles/lidar_msgs__rosidl_typesupport_introspection_c__pyext.dir/rosidl_generator_py/lidar_msgs/_lidar_msgs_s.ep.rosidl_typesupport_introspection_c.c.o[0m
[ 87%] [32mBuilding C object CMakeFiles/lidar_msgs__rosidl_typesupport_c__pyext.dir/rosidl_generator_py/lidar_msgs/_lidar_msgs_s.ep.rosidl_typesupport_c.c.o[0m
[ 90%] [32mBuilding C object CMakeFiles/lidar_msgs__rosidl_typesupport_fastrtps_c__pyext.dir/rosidl_generator_py/lidar_msgs/_lidar_msgs_s.ep.rosidl_typesupport_fastrtps_c.c.o[0m
[ 93%] [32m[1mLinking C shared library rosidl_generator_py/lidar_msgs/lidar_msgs_s__rosidl_typesupport_c.cpython-310-x86_64-linux-gnu.so[0m
[ 96%] [32m[1mLinking C shared library rosidl_generator_py/lidar_msgs/lidar_msgs_s__rosidl_typesupport_fastrtps_c.cpython-310-x86_64-linux-gnu.so[0m
[100%] [32m[1mLinking C shared library rosidl_generator_py/lidar_msgs/lidar_msgs_s__rosidl_typesupport_introspection_c.cpython-310-x86_64-linux-gnu.so[0m
[100%] Built target lidar_msgs__rosidl_typesupport_c__pyext
[100%] Built target lidar_msgs__rosidl_typesupport_fastrtps_c__pyext
[100%] Built target lidar_msgs__rosidl_typesupport_introspection_c__pyext
-- Install configuration: ""
-- Installing: /home/veljkogalovic/robot_ws/NewWorkspace/install/lidar_msgs/share/ament_index/resource_index/rosidl_interfaces/lidar_msgs
-- Installing: /home/veljkogalovic/robot_ws/NewWorkspace/install/lidar_msgs/include/lidar_msgs/lidar_msgs
-- Installing: /home/veljkogalovic/robot_ws/NewWorkspace/install/lidar_msgs/include/lidar_msgs/lidar_msgs/msg
-- Installing: /home/veljkogalovic/robot_ws/NewWorkspace/install/lidar_msgs/include/lidar_msgs/lidar_msgs/msg/rosidl_generator_c__visibility_control.h
-- Installing: /home/veljkogalovic/robot_ws/NewWorkspace/install/lidar_msgs/include/lidar_msgs/lidar_msgs/msg/lidar_sweep.h
-- Installing: /home/veljkogalovic/robot_ws/NewWorkspace/install/lidar_msgs/include/lidar_msgs/lidar_msgs/msg/detail
-- Installing: /home/veljkogalovic/robot_ws/NewWorkspace/install/lidar_msgs/include/lidar_msgs/lidar_msgs/msg/detail/lidar_sweep__functions.c
-- Installing: /home/veljkogalovic/robot_ws/NewWorkspace/install/lidar_msgs/include/lidar_msgs/lidar_msgs/msg/detail/lidar_sweep__functions.h
-- Installing: /home/veljkogalovic/robot_ws/NewWorkspace/install/lidar_msgs/include/lidar_msgs/lidar_msgs/msg/detail/lidar_sweep__struct.h
-- Installing: /home/veljkogalovic/robot_ws/NewWorkspace/install/lidar_msgs/include/lidar_msgs/lidar_msgs/msg/detail/lidar_sweep__type_support.h
-- Installing: /home/veljkogalovic/robot_ws/NewWorkspace/install/lidar_msgs/share/lidar_msgs/environment/library_path.sh
-- Installing: /home/veljkogalovic/robot_ws/NewWorkspace/install/lidar_msgs/share/lidar_msgs/environment/library_path.dsv
-- Installing: /home/veljkogalovic/robot_ws/NewWorkspace/install/lidar_msgs/lib/liblidar_msgs__rosidl_generator_c.so
-- Set runtime path of "/home/veljkogalovic/robot_ws/NewWorkspace/install/lidar_msgs/lib/liblidar_msgs__rosidl_generator_c.so" to ""
-- Up-to-date: /home/veljkogalovic/robot_ws/NewWorkspace/install/lidar_msgs/include/lidar_msgs/lidar_msgs
-- Up-to-date: /home/veljkogalovic/robot_ws/NewWorkspace/install/lidar_msgs/include/lidar_msgs/lidar_msgs/msg
-- Installing: /home/veljkogalovic/robot_ws/NewWorkspace/install/lidar_msgs/include/lidar_msgs/lidar_msgs/msg/rosidl_typesupport_fastrtps_c__visibility_control.h
-- Up-to-date: /home/veljkogalovic/robot_ws/NewWorkspace/install/lidar_msgs/include/lidar_msgs/lidar_msgs/msg/detail
-- Installing: /home/veljkogalovic/robot_ws/NewWorkspace/install/lidar_msgs/include/lidar_msgs/lidar_msgs/msg/detail/lidar_sweep__rosidl_typesupport_fastrtps_c.h
-- Installing: /home/veljkogalovic/robot_ws/NewWorkspace/install/lidar_msgs/lib/liblidar_msgs__rosidl_typesupport_fastrtps_c.so
-- Set runtime path of "/home/veljkogalovic/robot_ws/NewWorkspace/install/lidar_msgs/lib/liblidar_msgs__rosidl_typesupport_fastrtps_c.so" to ""
-- Up-to-date: /home/veljkogalovic/robot_ws/NewWorkspace/install/lidar_msgs/include/lidar_msgs/lidar_msgs
-- Up-to-date: /home/veljkogalovic/robot_ws/NewWorkspace/install/lidar_msgs/include/lidar_msgs/lidar_msgs/msg
-- Installing: /home/veljkogalovic/robot_ws/NewWorkspace/install/lidar_msgs/include/lidar_msgs/lidar_msgs/msg/rosidl_typesupport_introspection_c__visibility_control.h
-- Up-to-date: /home/veljkogalovic/robot_ws/NewWorkspace/install/lidar_msgs/include/lidar_msgs/lidar_msgs/msg/detail
-- Installing: /home/veljkogalovic/robot_ws/NewWorkspace/install/lidar_msgs/include/lidar_msgs/lidar_msgs/msg/detail/lidar_sweep__rosidl_typesupport_introspection_c.h
-- Installing: /home/veljkogalovic/robot_ws/NewWorkspace/install/lidar_msgs/include/lidar_msgs/lidar_msgs/msg/detail/lidar_sweep__type_support.c
-- Installing: /home/veljkogalovic/robot_ws/NewWorkspace/install/lidar_msgs/lib/liblidar_msgs__rosidl_typesupport_introspection_c.so
-- Set runtime path of "/home/veljkogalovic/robot_ws/NewWorkspace/install/lidar_msgs/lib/liblidar_msgs__rosidl_typesupport_introspection_c.so" to ""
-- Installing: /home/veljkogalovic/robot_ws/NewWorkspace/install/lidar_msgs/lib/liblidar_msgs__rosidl_typesupport_c.so
-- Set runtime path of "/home/veljkogalovic/robot_ws/NewWorkspace/install/lidar_msgs/lib/liblidar_msgs__rosidl_typesupport_c.so" to ""
-- Up-to-date: /home/veljkogalovic/robot_ws/NewWorkspace/install/lidar_msgs/include/lidar_msgs/lidar_msgs
-- Up-to-date: /home/veljkogalovic/robot_ws/NewWorkspace/install/lidar_msgs/include/lidar_msgs/lidar_msgs/msg
-- Installing: /home/veljkogalovic/robot_ws/NewWorkspace/install/lidar_msgs/include/lidar_msgs/lidar_msgs/msg/rosidl_generator_cpp__visibility_control.hpp
-- Installing: /home/veljkogalovic/robot_ws/NewWorkspace/install/lidar_msgs/include/lidar_msgs/lidar_msgs/msg/lidar_sweep.hpp
-- Up-to-date: /home/veljkogalovic/robot_ws/NewWorkspace/install/lidar_msgs/include/lidar_msgs/lidar_msgs/msg/detail
-- Installing: /home/veljkogalovic/robot_ws/NewWorkspace/install/lidar_msgs/include/lidar_msgs/lidar_msgs/msg/detail/lidar_sweep__builder.hpp
-- Installing: /home/veljkogalovic/robot_ws/NewWorkspace/install/lidar_msgs/include/lidar_msgs/lidar_msgs/msg/detail/lidar_sweep__struct.hpp
-- Installing: /home/veljkogalovic/robot_ws/NewWorkspace/install/lidar_msgs/include/lidar_msgs/lidar_msgs/msg/detail/lidar_sweep__traits.hpp
-- Installing: /home/veljkogalovic/robot_ws/NewWorkspace/install/lidar_msgs/include/lidar_msgs/lidar_msgs/msg/detail/lidar_sweep__type_support.hpp
-- Up-to-date: /home/veljkogalovic/robot_ws/NewWorkspace/install/lidar_msgs/include/lidar_msgs/lidar_msgs
-- Up-to-date: /home/veljkogalovic/robot_ws/NewWorkspace/install/lidar_msgs/include/lidar_msgs/lidar_msgs/msg
-- Installing: /home/veljkogalovic/robot_ws/NewWorkspace/install/lidar_msgs/include/lidar_msgs/lidar_msgs/msg/rosidl_typesupport_fastrtps_cpp__visibility_control.h
-- Up-to-date: /home/veljkogalovic/robot_ws/NewWorkspace/install/lidar_msgs/include/lidar_msgs/lidar_msgs/msg/detail
-- Installing: /home/veljkogalovic/robot_ws/NewWorkspace/install/lidar_msgs/include/lidar_msgs/lidar_msgs/msg/detail/lidar_sweep__rosidl_typesupport_fastrtps_cpp.hpp
-- Installing: /home/veljkogalovic/robot_ws/NewWorkspace/install/lidar_msgs/include/lidar_msgs/lidar_msgs/msg/detail/dds_fastrtps
-- Installing: /home/veljkogalovic/robot_ws/NewWorkspace/install/lidar_msgs/lib/liblidar_msgs__rosidl_typesupport_fastrtps_cpp.so
-- Set runtime path of "/home/veljkogalovic/robot_ws/NewWorkspace/install/lidar_msgs/lib/liblidar_msgs__rosidl_typesupport_fastrtps_cpp.so" to ""
-- Up-to-date: /home/veljkogalovic/robot_ws/NewWorkspace/install/lidar_msgs/include/lidar_msgs/lidar_msgs
-- Up-to-date: /home/veljkogalovic/robot_ws/NewWorkspace/install/lidar_msgs/include/lidar_msgs/lidar_msgs/msg
-- Up-to-date: /home/veljkogalovic/robot_ws/NewWorkspace/install/lidar_msgs/include/lidar_msgs/lidar_msgs/msg/detail
-- Installing: /home/veljkogalovic/robot_ws/NewWorkspace/install/lidar_msgs/include/lidar_msgs/lidar_msgs/msg/detail/lidar_sweep__rosidl_typesupport_introspection_cpp.hpp
-- Installing: /home/veljkogalovic/robot_ws/NewWorkspace/install/lidar_msgs/include/lidar_msgs/lidar_msgs/msg/detail/lidar_sweep__type_support.cpp
-- Installing: /home/veljkogalovic/robot_ws/NewWorkspace/install/lidar_msgs/lib/liblidar_msgs__rosidl_typesupport_introspection_cpp.so
-- Set runtime path of "/home/veljkogalovic/robot_ws/NewWorkspace/install/lidar_msgs/lib/liblidar_msgs__rosidl_typesupport_introspection_cpp.so" to ""
-- Installing: /home/veljkogalovic/robot_ws/NewWorkspace/install/lidar_msgs/lib/liblidar_msgs__rosidl_typesupport_cpp.so
-- Set runtime path of "/home/veljkogalovic/robot_ws/NewWorkspace/install/lidar_msgs/lib/liblidar_msgs__rosidl_typesupport_cpp.so" to ""
-- Installing: /home/veljkogalovic/robot_ws/NewWorkspace/install/lidar_msgs/share/lidar_msgs/environment/pythonpath.sh
-- Installing: /home/veljkogalovic/robot_ws/NewWorkspace/install/lidar_msgs/share/lidar_msgs/environment/pythonpath.dsv
-- Installing: /home/veljkogalovic/robot_ws/NewWorkspace/install/lidar_msgs/local/lib/python3.10/dist-packages/lidar_msgs-0.0.1-py3.10.egg-info
-- Installing: /home/veljkogalovic/robot_ws/NewWorkspace/install/lidar_msgs/local/lib/python3.10/dist-packages/lidar_msgs-0.0.1-py3.10.egg-info/PKG-INFO
-- Installing: /home/veljkogalovic/robot_ws/NewWorkspace/install/lidar_msgs/local/lib/python3.10/dist-packages/lidar_msgs-0.0.1-py3.10.egg-info/dependency_links.txt
-- Installing: /home/veljkogalovic/robot_ws/NewWorkspace/install/lidar_msgs/local/lib/python3.10/dist-packages/lidar_msgs-0.0.1-py3.10.egg-info/top_level.txt
-- Installing: /home/veljkogalovic/robot_ws/NewWorkspace/install/lidar_msgs/local/lib/python3.10/dist-packages/lidar_msgs-0.0.1-py3.10.egg-info/SOURCES.txt
-- Installing: /home/veljkogalovic/robot_ws/NewWorkspace/install/lidar_msgs/local/lib/python3.10/dist-packages/lidar_msgs
-- Installing: /home/veljkogalovic/robot_ws/NewWorkspace/install/lidar_msgs/local/lib/python3.10/dist-packages/lidar_msgs/__init__.py
-- Installing: /home/veljkogalovic/robot_ws/NewWorkspace/install/lidar_msgs/local/lib/python3.10/dist-packages/lidar_msgs/msg
-- Installing: /home/veljkogalovic/robot_ws/NewWorkspace/install/lidar_msgs/local/lib/python3.10/dist-packages/lidar_msgs/msg/_lidar_sweep.py
-- Installing: /home/veljkogalovic/robot_ws/NewWorkspace/install/lidar_msgs/local/lib/python3.10/dist-packages/lidar_msgs/msg/_lidar_sweep_s.c
-- Installing: /home/veljkogalovic/robot_ws/NewWorkspace/install/lidar_msgs/local/lib/python3.10/dist-packages/lidar_msgs/msg/__init__.py
-- Installing: /home/veljkogalovic/robot_ws/NewWorkspace/install/lidar_msgs/local/lib/python3.10/dist-packages/lidar_msgs/_lidar_msgs_s.ep.rosidl_typesupport_fastrtps_c.c
-- Installing: /home/veljkogalovic/robot_ws/NewWorkspace/install/lidar_msgs/local/lib/python3.10/dist-packages/lidar_msgs/_lidar_msgs_s.ep.rosidl_typesupport_introspection_c.c
-- Installing: /home/veljkogalovic/robot_ws/NewWorkspace/install/lidar_msgs/local/lib/python3.10/dist-packages/lidar_msgs/_lidar_msgs_s.ep.rosidl_typesupport_c.c
-- Installing: /home/veljkogalovic/robot_ws/NewWorkspace/install/lidar_msgs/local/lib/python3.10/dist-packages/lidar_msgs/liblidar_msgs__rosidl_generator_py.so
-- Installing: /home/veljkogalovic/robot_ws/NewWorkspace/install/lidar_msgs/local/lib/python3.10/dist-packages/lidar_msgs/lidar_msgs_s__rosidl_typesupport_c.cpython-310-x86_64-linux-gnu.so
-- Installing: /home/veljkogalovic/robot_ws/NewWorkspace/install/lidar_msgs/local/lib/python3.10/dist-packages/lidar_msgs/lidar_msgs_s__rosidl_typesupport_fastrtps_c.cpython-310-x86_64-linux-gnu.so
-- Installing: /home/veljkogalovic/robot_ws/NewWorkspace/install/lidar_msgs/local/lib/python3.10/dist-packages/lidar_msgs/lidar_msgs_s__rosidl_typesupport_introspection_c.cpython-310-x86_64-linux-gnu.so
Listing '/home/veljkogalovic/robot_ws/NewWorkspace/install/lidar_msgs/local/lib/python3.10/dist-packages/lidar_msgs'...
Compiling '/home/veljkogalovic/robot_ws/NewWorkspace/install/lidar_msgs/local/lib/python3.10/dist-packages/lidar_msgs/__init__.py'...
Listing '/home/veljkogalovic/robot_ws/NewWorkspace/install/lidar_msgs/local/lib/python3.10/dist-packages/lidar_msgs/msg'...
Compiling '/home/veljkogalovic/robot_ws/NewWorkspace/install/lidar_msgs/local/lib/python3.10/dist-packages/lidar_msgs/msg/__init__.py'...
Compiling '/home/veljkogalovic/robot_ws/NewWorkspace/install/lidar_msgs/local/lib/python3.10/dist-packages/lidar_msgs/msg/_lidar_sweep.py'...
-- Installing: /home/veljkogalovic/robot_ws/NewWorkspace/install/lidar_msgs/local/lib/python3.10/dist-packages/lidar_msgs/lidar_msgs_s__rosidl_typesupport_fastrtps_c.cpython-310-x86_64-linux-gnu.so
-- Set runtime path of "/home/veljkogalovic/robot_ws/NewWorkspace/install/lidar_msgs/local/lib/python3.10/dist-packages/lidar_msgs/lidar_msgs_s__rosidl_typesupport_fastrtps_c.cpython-310-x86_64-linux-gnu.so" to ""
-- Installing: /home/veljkogalovic/robot_ws/NewWorkspace/install/lidar_msgs/local/lib/python3.10/dist-packages/lidar_msgs/lidar_msgs_s__rosidl_typesupport_introspection_c.cpython-310-x86_64-linux-gnu.so
-- Set runtime path of "/home/veljkogalovic/robot_ws/NewWorkspace/install/lidar_msgs/local/lib/python3.10/dist-packages/lidar_msgs/lidar_msgs_s__rosidl_typesupport_introspection_c.cpython-310-x86_64-linux-gnu.so" to ""
-- Installing: /home/veljkogalovic/robot_ws/NewWorkspace/install/lidar_msgs/local/lib/python3.10/dist-packages/lidar_msgs/lidar_msgs_s__rosidl_typesupport_c.cpython-310-x86_64-linux-gnu.so
-- Set runtime path of "/home/veljkogalovic/robot_ws/NewWorkspace/install/lidar_msgs/local/lib/python3.10/dist-packages/lidar_msgs/lidar_msgs_s__rosidl_typesupport_c.cpython-310-x86_64-linux-gnu.so" to ""
-- Installing: /home/veljkogalovic/robot_ws/NewWorkspace/install/lidar_msgs/lib/liblidar_msgs__rosidl_generator_py.so
-- Set runtime path of "/home/veljkogalovic/robot_ws/NewWorkspace/install/lidar_msgs/lib/liblidar_msgs__rosidl_generator_py.so" to ""
-- Installing: /home/veljkogalovic/robot_ws/NewWorkspace/install/lidar_msgs/share/ament_index/resource_index/rust_packages/lidar_msgs
-- Installing: /home/veljkogalovic/robot_ws/NewWorkspace/install/lidar_msgs/share/lidar_msgs/rust
-- Installing: /home/veljkogalovic/robot_ws/NewWorkspace/install/lidar_msgs/share/lidar_msgs/rust/src
-- Installing: /home/veljkogalovic/robot_ws/NewWorkspace/install/lidar_msgs/share/lidar_msgs/rust/src/msg.rs
-- Installing: /home/veljkogalovic/robot_ws/NewWorkspace/install/lidar_msgs/share/lidar_msgs/rust/src/msg
-- Installing: /home/veljkogalovic/robot_ws/NewWorkspace/install/lidar_msgs/share/lidar_msgs/rust/src/msg/rmw.rs
-- Installing: /home/veljkogalovic/robot_ws/NewWorkspace/install/lidar_msgs/share/lidar_msgs/rust/src/lib.rs
-- Installing: /home/veljkogalovic/robot_ws/NewWorkspace/install/lidar_msgs/share/lidar_msgs/rust/Cargo.toml
-- Installing: /home/veljkogalovic/robot_ws/NewWorkspace/install/lidar_msgs/share/lidar_msgs/rust/build.rs
-- Installing: /home/veljkogalovic/robot_ws/NewWorkspace/install/lidar_msgs/share/lidar_msgs/msg/LidarSweep.idl
-- Installing: /home/veljkogalovic/robot_ws/NewWorkspace/install/lidar_msgs/share/lidar_msgs/msg/LidarSweep.msg
-- Installing: /home/veljkogalovic/robot_ws/NewWorkspace/install/lidar_msgs/share/ament_index/resource_index/package_run_dependencies/lidar_msgs
-- Installing: /home/veljkogalovic/robot_ws/NewWorkspace/install/lidar_msgs/share/ament_index/resource_index/parent_prefix_path/lidar_msgs
-- Installing: /home/veljkogalovic/robot_ws/NewWorkspace/install/lidar_msgs/share/lidar_msgs/environment/ament_prefix_path.sh
-- Installing: /home/veljkogalovic/robot_ws/NewWorkspace/install/lidar_msgs/share/lidar_msgs/environment/ament_prefix_path.dsv
-- Installing: /home/veljkogalovic/robot_ws/NewWorkspace/install/lidar_msgs/share/lidar_msgs/environment/path.sh
-- Installing: /home/veljkogalovic/robot_ws/NewWorkspace/install/lidar_msgs/share/lidar_msgs/environment/path.dsv
-- Installing: /home/veljkogalovic/robot_ws/NewWorkspace/install/lidar_msgs/share/lidar_msgs/local_setup.bash
-- Installing: /home/veljkogalovic/robot_ws/NewWorkspace/install/lidar_msgs/share/lidar_msgs/local_setup.sh
-- Installing: /home/veljkogalovic/robot_ws/NewWorkspace/install/lidar_msgs/share/lidar_msgs/local_setup.zsh
-- Installing: /home/veljkogalovic/robot_ws/NewWorkspace/install/lidar_msgs/share/lidar_msgs/local_setup.dsv
-- Installing: /home/veljkogalovic/robot_ws/NewWorkspace/install/lidar_msgs/share/lidar_msgs/package.dsv
-- Installing: /home/veljkogalovic/robot_ws/NewWorkspace/install/lidar_msgs/share/ament_index/resource_index/packages/lidar_msgs
-- Installing: /home/veljkogalovic/robot_ws/NewWorkspace/install/lidar_msgs/share/lidar_msgs/cmake/export_lidar_msgs__rosidl_generator_cExport.cmake
-- Installing: /home/veljkogalovic/robot_ws/NewWorkspace/install/lidar_msgs/share/lidar_msgs/cmake/export_lidar_msgs__rosidl_generator_cExport-noconfig.cmake
-- Installing: /home/veljkogalovic/robot_ws/NewWorkspace/install/lidar_msgs/share/lidar_msgs/cmake/export_lidar_msgs__rosidl_typesupport_fastrtps_cExport.cmake
-- Installing: /home/veljkogalovic/robot_ws/NewWorkspace/install/lidar_msgs/share/lidar_msgs/cmake/export_lidar_msgs__rosidl_typesupport_fastrtps_cExport-noconfig.cmake
-- Installing: /home/veljkogalovic/robot_ws/NewWorkspace/install/lidar_msgs/share/lidar_msgs/cmake/lidar_msgs__rosidl_typesupport_introspection_cExport.cmake
-- Installing: /home/veljkogalovic/robot_ws/NewWorkspace/install/lidar_msgs/share/lidar_msgs/cmake/lidar_msgs__rosidl_typesupport_introspection_cExport-noconfig.cmake
-- Installing: /home/veljkogalovic/robot_ws/NewWorkspace/install/lidar_msgs/share/lidar_msgs/cmake/lidar_msgs__rosidl_typesupport_cExport.cmake
-- Installing: /home/veljkogalovic/robot_ws/NewWorkspace/install/lidar_msgs/share/lidar_msgs/cmake/lidar_msgs__rosidl_typesupport_cExport-noconfig.cmake
-- Installing: /home/veljkogalovic/robot_ws/NewWorkspace/install/lidar_msgs/share/lidar_msgs/cmake/export_lidar_msgs__rosidl_generator_cppExport.cmake
-- Installing: /home/veljkogalovic/robot_ws/NewWorkspace/install/lidar_msgs/share/lidar_msgs/cmake/export_lidar_msgs__rosidl_typesupport_fastrtps_cppExport.cmake
-- Installing: /home/veljkogalovic/robot_ws/NewWorkspace/install/lidar_msgs/share/lidar_msgs/cmake/export_lidar_msgs__rosidl_typesupport_fastrtps_cppExport-noconfig.cmake
-- Installing: /home/veljkogalovic/robot_ws/NewWorkspace/install/lidar_msgs/share/lidar_msgs/cmake/lidar_msgs__rosidl_typesupport_introspection_cppExport.cmake
-- Installing: /home/veljkogalovic/robot_ws/NewWorkspace/install/lidar_msgs/share/lidar_msgs/cmake/lidar_msgs__rosidl_typesupport_introspection_cppExport-noconfig.cmake
-- Installing: /home/veljkogalovic/robot_ws/NewWorkspace/install/lidar_msgs/share/lidar_msgs/cmake/lidar_msgs__rosidl_typesupport_cppExport.cmake
-- Installing: /home/veljkogalovic/robot_ws/NewWorkspace/install/lidar_msgs/share/lidar_msgs/cmake/lidar_msgs__rosidl_typesupport_cppExport-noconfig.cmake
-- Installing: /home/veljkogalovic/robot_ws/NewWorkspace/install/lidar_msgs/share/lidar_msgs/cmake/export_lidar_msgs__rosidl_generator_pyExport.cmake
-- Installing: /home/veljkogalovic/robot_ws/NewWorkspace/install/lidar_msgs/share/lidar_msgs/cmake/export_lidar_msgs__rosidl_generator_pyExport-noconfig.cmake
-- Installing: /home/veljkogalovic/robot_ws/NewWorkspace/install/lidar_msgs/share/lidar_msgs/cmake/rosidl_cmake-extras.cmake
-- Installing: /home/veljkogalovic/robot_ws/NewWorkspace/install/lidar_msgs/share/lidar_msgs/cmake/ament_cmake_export_dependencies-extras.cmake
-- Installing: /home/veljkogalovic/robot_ws/NewWorkspace/install/lidar_msgs/share/lidar_msgs/cmake/ament_cmake_export_include_directories-extras.cmake
-- Installing: /home/veljkogalovic/robot_ws/NewWorkspace/install/lidar_msgs/share/lidar_msgs/cmake/ament_cmake_export_libraries-extras.cmake
-- Installing: /home/veljkogalovic/robot_ws/NewWorkspace/install/lidar_msgs/share/lidar_msgs/cmake/ament_cmake_export_targets-extras.cmake
-- Installing: /home/veljkogalovic/robot_ws/NewWorkspace/install/lidar_msgs/share/lidar_msgs/cmake/rosidl_cmake_export_typesupport_targets-extras.cmake
-- Installing: /home/veljkogalovic/robot_ws/NewWorkspace/install/lidar_msgs/share/lidar_msgs/cmake/rosidl_cmake_export_typesupport_libraries-extras.cmake
-- Installing: /home/veljkogalovic/robot_ws/NewWorkspace/install/lidar_msgs/share/lidar_msgs/cmake/lidar_msgsConfig.cmake
-- Installing: /home/veljkogalovic/robot_ws/NewWorkspace/install/lidar_msgs/share/lidar_msgs/cmake/lidar_msgsConfig-version.cmake
-- Installing: /home/veljkogalovic/robot_ws/NewWorkspace/install/lidar_msgs/share/lidar_msgs/package.xml
