[0.012s] Invoking command in '/home/veljkogalovic/robot_ws/NewWorkspace/build/lidar_msgs': CMAKE_PREFIX_PATH=/opt/ros/humble DEBUGINFOD_URLS=ima:enforcing https://debuginfod.fedoraproject.org/ ima:ignore PS1=📦[\u@ros2-env \W]$ /usr/bin/cmake /home/veljkogalovic/robot_ws/NewWorkspace/src/lidar_msgs -DCMAKE_INSTALL_PREFIX=/home/veljkogalovic/robot_ws/NewWorkspace/install/lidar_msgs
[0.074s] -- The C compiler identification is GNU 11.4.0
[0.170s] -- The CXX compiler identification is GNU 11.4.0
[0.177s] -- Detecting C compiler ABI info
[0.255s] -- Detecting C compiler ABI info - done
[0.263s] -- Check for working C compiler: /usr/bin/cc - skipped
[0.264s] -- Detecting C compile features
[0.264s] -- Detecting C compile features - done
[0.267s] -- Detecting CXX compiler ABI info
[0.363s] -- Detecting CXX compiler ABI info - done
[0.371s] -- Check for working CXX compiler: /usr/bin/c++ - skipped
[0.371s] -- Detecting CXX compile features
[0.372s] -- Detecting CXX compile features - done
[0.374s] -- Found ament_cmake: 1.3.14 (/opt/ros/humble/share/ament_cmake/cmake)
[0.571s] -- Found Python3: /usr/bin/python3 (found version "3.10.12") found components: Interpreter 
[0.662s] -- Found rosidl_default_generators: 1.2.1 (/opt/ros/humble/share/rosidl_default_generators/cmake)
[0.664s] -- Using all available rosidl_typesupport_c: rosidl_typesupport_fastrtps_c;rosidl_typesupport_introspection_c
[0.672s] -- Found rosidl_adapter: 3.1.8 (/opt/ros/humble/share/rosidl_adapter/cmake)
[0.715s] -- Using all available rosidl_typesupport_cpp: rosidl_typesupport_fastrtps_cpp;rosidl_typesupport_introspection_cpp
[0.748s] -- Found std_msgs: 4.9.1 (/opt/ros/humble/share/std_msgs/cmake)
[1.163s] -- Found ament_cmake_ros: 0.10.0 (/opt/ros/humble/share/ament_cmake_ros/cmake)
[1.562s] -- Using all available rosidl_typesupport_c: rosidl_typesupport_fastrtps_c;rosidl_typesupport_introspection_c
[2.024s] -- Using all available rosidl_typesupport_cpp: rosidl_typesupport_fastrtps_cpp;rosidl_typesupport_introspection_cpp
[2.063s] -- Found PythonInterp: /usr/bin/python3 (found suitable version "3.10.12", minimum required is "3.6") 
[2.064s] -- Found python_cmake_module: 0.10.0 (/opt/ros/humble/share/python_cmake_module/cmake)
[2.107s] -- Found PythonLibs: /usr/lib/x86_64-linux-gnu/libpython3.10.so (found suitable version "3.10.12", minimum required is "3.5") 
[2.107s] -- Using PYTHON_EXECUTABLE: /usr/bin/python3
[2.107s] -- Using PYTHON_INCLUDE_DIRS: /usr/include/python3.10
[2.107s] -- Using PYTHON_LIBRARIES: /usr/lib/x86_64-linux-gnu/libpython3.10.so
[2.139s] -- Found PythonExtra: .so  
[2.340s] -- Configuring done
[2.372s] -- Generating done
[2.383s] -- Build files have been written to: /home/veljkogalovic/robot_ws/NewWorkspace/build/lidar_msgs
[2.391s] Invoked command in '/home/veljkogalovic/robot_ws/NewWorkspace/build/lidar_msgs' returned '0': CMAKE_PREFIX_PATH=/opt/ros/humble DEBUGINFOD_URLS=ima:enforcing https://debuginfod.fedoraproject.org/ ima:ignore PS1=📦[\u@ros2-env \W]$ /usr/bin/cmake /home/veljkogalovic/robot_ws/NewWorkspace/src/lidar_msgs -DCMAKE_INSTALL_PREFIX=/home/veljkogalovic/robot_ws/NewWorkspace/install/lidar_msgs
[2.392s] Invoking command in '/home/veljkogalovic/robot_ws/NewWorkspace/build/lidar_msgs': CMAKE_PREFIX_PATH=/opt/ros/humble DEBUGINFOD_URLS=ima:enforcing https://debuginfod.fedoraproject.org/ ima:ignore PS1=📦[\u@ros2-env \W]$ /usr/bin/cmake --build /home/veljkogalovic/robot_ws/NewWorkspace/build/lidar_msgs -- -j8 -l8
[2.443s] [  3%] [34m[1mGenerating C code for ROS interfaces[0m
[2.457s] [  6%] [34m[1mGenerating Rust code for ROS interfaces[0m
[2.457s] [  9%] [34m[1mGenerating C++ code for ROS interfaces[0m
[2.465s] [  9%] Built target ament_cmake_python_copy_lidar_msgs
[2.699s] [  9%] Built target lidar_msgs__rs
[2.712s] running egg_info
[2.714s] creating lidar_msgs.egg-info
[2.714s] writing lidar_msgs.egg-info/PKG-INFO
[2.714s] writing dependency_links to lidar_msgs.egg-info/dependency_links.txt
[2.714s] writing top-level names to lidar_msgs.egg-info/top_level.txt
[2.715s] writing manifest file 'lidar_msgs.egg-info/SOURCES.txt'
[2.719s] reading manifest file 'lidar_msgs.egg-info/SOURCES.txt'
[2.720s] writing manifest file 'lidar_msgs.egg-info/SOURCES.txt'
[2.726s] [ 12%] [32mBuilding C object CMakeFiles/lidar_msgs__rosidl_generator_c.dir/rosidl_generator_c/lidar_msgs/msg/detail/lidar_sweep__functions.c.o[0m
[2.729s] [ 12%] Built target lidar_msgs__cpp
[2.739s] [ 18%] [34m[1mGenerating C++ introspection for ROS interfaces[0m
[2.740s] [ 18%] [34m[1mGenerating C++ type support dispatch for ROS interfaces[0m
[2.743s] [ 21%] [34m[1mGenerating C++ type support for eProsima Fast-RTPS[0m
[2.754s] [ 21%] Built target ament_cmake_python_build_lidar_msgs_egg
[2.781s] [ 25%] [32m[1mLinking C shared library liblidar_msgs__rosidl_generator_c.so[0m
[2.822s] [ 25%] Built target lidar_msgs__rosidl_generator_c
[2.834s] [ 28%] [34m[1mGenerating C introspection for ROS interfaces[0m
[2.835s] [ 31%] [34m[1mGenerating C type support for eProsima Fast-RTPS[0m
[2.835s] [ 34%] [34m[1mGenerating C type support dispatch for ROS interfaces[0m
[3.063s] [ 37%] [32mBuilding CXX object CMakeFiles/lidar_msgs__rosidl_typesupport_cpp.dir/rosidl_typesupport_cpp/lidar_msgs/msg/lidar_sweep__type_support.cpp.o[0m
[3.073s] [ 40%] [32mBuilding CXX object CMakeFiles/lidar_msgs__rosidl_typesupport_c.dir/rosidl_typesupport_c/lidar_msgs/msg/lidar_sweep__type_support.cpp.o[0m
[3.113s] [ 43%] [32mBuilding C object CMakeFiles/lidar_msgs__rosidl_typesupport_introspection_c.dir/rosidl_typesupport_introspection_c/lidar_msgs/msg/detail/lidar_sweep__type_support.c.o[0m
[3.120s] [ 46%] [32m[1mLinking CXX shared library liblidar_msgs__rosidl_typesupport_c.so[0m
[3.138s] [ 50%] [32mBuilding CXX object CMakeFiles/lidar_msgs__rosidl_typesupport_introspection_cpp.dir/rosidl_typesupport_introspection_cpp/lidar_msgs/msg/detail/lidar_sweep__type_support.cpp.o[0m
[3.158s] [ 53%] [32mBuilding CXX object CMakeFiles/lidar_msgs__rosidl_typesupport_fastrtps_cpp.dir/rosidl_typesupport_fastrtps_cpp/lidar_msgs/msg/detail/dds_fastrtps/lidar_sweep__type_support.cpp.o[0m
[3.171s] [ 53%] Built target lidar_msgs__rosidl_typesupport_c
[3.175s] [ 56%] [32m[1mLinking C shared library liblidar_msgs__rosidl_typesupport_introspection_c.so[0m
[3.195s] [ 59%] [32mBuilding CXX object CMakeFiles/lidar_msgs__rosidl_typesupport_fastrtps_c.dir/rosidl_typesupport_fastrtps_c/lidar_msgs/msg/detail/lidar_sweep__type_support_c.cpp.o[0m
[3.209s] [ 59%] Built target lidar_msgs__rosidl_typesupport_introspection_c
[3.347s] [ 62%] [32m[1mLinking CXX shared library liblidar_msgs__rosidl_typesupport_cpp.so[0m
[3.388s] [ 62%] Built target lidar_msgs__rosidl_typesupport_cpp
[3.579s] [ 65%] [32m[1mLinking CXX shared library liblidar_msgs__rosidl_typesupport_fastrtps_c.so[0m
[3.582s] [ 68%] [32m[1mLinking CXX shared library liblidar_msgs__rosidl_typesupport_introspection_cpp.so[0m
[3.661s] [ 71%] [32m[1mLinking CXX shared library liblidar_msgs__rosidl_typesupport_fastrtps_cpp.so[0m
[3.674s] [ 71%] Built target lidar_msgs__rosidl_typesupport_fastrtps_c
[3.674s] [ 71%] Built target lidar_msgs__rosidl_typesupport_introspection_cpp
[3.735s] [ 71%] Built target lidar_msgs__rosidl_typesupport_fastrtps_cpp
[3.765s] [ 71%] Built target lidar_msgs
[3.802s] [ 75%] [34m[1mGenerating Python code for ROS interfaces[0m
[4.114s] [ 75%] Built target lidar_msgs__py
[4.136s] [ 78%] [32mBuilding C object CMakeFiles/lidar_msgs__rosidl_generator_py.dir/rosidl_generator_py/lidar_msgs/msg/_lidar_sweep_s.c.o[0m
[4.291s] [ 81%] [32m[1mLinking C shared library rosidl_generator_py/lidar_msgs/liblidar_msgs__rosidl_generator_py.so[0m
[4.367s] [ 81%] Built target lidar_msgs__rosidl_generator_py
[4.398s] [ 84%] [32mBuilding C object CMakeFiles/lidar_msgs__rosidl_typesupport_introspection_c__pyext.dir/rosidl_generator_py/lidar_msgs/_lidar_msgs_s.ep.rosidl_typesupport_introspection_c.c.o[0m
[4.399s] [ 87%] [32mBuilding C object CMakeFiles/lidar_msgs__rosidl_typesupport_c__pyext.dir/rosidl_generator_py/lidar_msgs/_lidar_msgs_s.ep.rosidl_typesupport_c.c.o[0m
[4.400s] [ 90%] [32mBuilding C object CMakeFiles/lidar_msgs__rosidl_typesupport_fastrtps_c__pyext.dir/rosidl_generator_py/lidar_msgs/_lidar_msgs_s.ep.rosidl_typesupport_fastrtps_c.c.o[0m
[4.518s] [ 93%] [32m[1mLinking C shared library rosidl_generator_py/lidar_msgs/lidar_msgs_s__rosidl_typesupport_c.cpython-310-x86_64-linux-gnu.so[0m
[4.525s] [ 96%] [32m[1mLinking C shared library rosidl_generator_py/lidar_msgs/lidar_msgs_s__rosidl_typesupport_fastrtps_c.cpython-310-x86_64-linux-gnu.so[0m
[4.532s] [100%] [32m[1mLinking C shared library rosidl_generator_py/lidar_msgs/lidar_msgs_s__rosidl_typesupport_introspection_c.cpython-310-x86_64-linux-gnu.so[0m
[4.557s] [100%] Built target lidar_msgs__rosidl_typesupport_c__pyext
[4.566s] [100%] Built target lidar_msgs__rosidl_typesupport_fastrtps_c__pyext
[4.578s] [100%] Built target lidar_msgs__rosidl_typesupport_introspection_c__pyext
[4.597s] Invoked command in '/home/veljkogalovic/robot_ws/NewWorkspace/build/lidar_msgs' returned '0': CMAKE_PREFIX_PATH=/opt/ros/humble DEBUGINFOD_URLS=ima:enforcing https://debuginfod.fedoraproject.org/ ima:ignore PS1=📦[\u@ros2-env \W]$ /usr/bin/cmake --build /home/veljkogalovic/robot_ws/NewWorkspace/build/lidar_msgs -- -j8 -l8
[4.600s] Invoking command in '/home/veljkogalovic/robot_ws/NewWorkspace/build/lidar_msgs': CMAKE_PREFIX_PATH=/opt/ros/humble DEBUGINFOD_URLS=ima:enforcing https://debuginfod.fedoraproject.org/ ima:ignore PS1=📦[\u@ros2-env \W]$ /usr/bin/cmake --install /home/veljkogalovic/robot_ws/NewWorkspace/build/lidar_msgs
[4.614s] -- Install configuration: ""
[4.614s] -- Installing: /home/veljkogalovic/robot_ws/NewWorkspace/install/lidar_msgs/share/ament_index/resource_index/rosidl_interfaces/lidar_msgs
[4.615s] -- Installing: /home/veljkogalovic/robot_ws/NewWorkspace/install/lidar_msgs/include/lidar_msgs/lidar_msgs
[4.615s] -- Installing: /home/veljkogalovic/robot_ws/NewWorkspace/install/lidar_msgs/include/lidar_msgs/lidar_msgs/msg
[4.615s] -- Installing: /home/veljkogalovic/robot_ws/NewWorkspace/install/lidar_msgs/include/lidar_msgs/lidar_msgs/msg/rosidl_generator_c__visibility_control.h
[4.615s] -- Installing: /home/veljkogalovic/robot_ws/NewWorkspace/install/lidar_msgs/include/lidar_msgs/lidar_msgs/msg/lidar_sweep.h
[4.616s] -- Installing: /home/veljkogalovic/robot_ws/NewWorkspace/install/lidar_msgs/include/lidar_msgs/lidar_msgs/msg/detail
[4.616s] -- Installing: /home/veljkogalovic/robot_ws/NewWorkspace/install/lidar_msgs/include/lidar_msgs/lidar_msgs/msg/detail/lidar_sweep__functions.c
[4.627s] -- Installing: /home/veljkogalovic/robot_ws/NewWorkspace/install/lidar_msgs/include/lidar_msgs/lidar_msgs/msg/detail/lidar_sweep__functions.h
[4.627s] -- Installing: /home/veljkogalovic/robot_ws/NewWorkspace/install/lidar_msgs/include/lidar_msgs/lidar_msgs/msg/detail/lidar_sweep__struct.h
[4.627s] -- Installing: /home/veljkogalovic/robot_ws/NewWorkspace/install/lidar_msgs/include/lidar_msgs/lidar_msgs/msg/detail/lidar_sweep__type_support.h
[4.628s] -- Installing: /home/veljkogalovic/robot_ws/NewWorkspace/install/lidar_msgs/share/lidar_msgs/environment/library_path.sh
[4.628s] -- Installing: /home/veljkogalovic/robot_ws/NewWorkspace/install/lidar_msgs/share/lidar_msgs/environment/library_path.dsv
[4.629s] -- Installing: /home/veljkogalovic/robot_ws/NewWorkspace/install/lidar_msgs/lib/liblidar_msgs__rosidl_generator_c.so
[4.630s] -- Set runtime path of "/home/veljkogalovic/robot_ws/NewWorkspace/install/lidar_msgs/lib/liblidar_msgs__rosidl_generator_c.so" to ""
[4.631s] -- Up-to-date: /home/veljkogalovic/robot_ws/NewWorkspace/install/lidar_msgs/include/lidar_msgs/lidar_msgs
[4.631s] -- Up-to-date: /home/veljkogalovic/robot_ws/NewWorkspace/install/lidar_msgs/include/lidar_msgs/lidar_msgs/msg
[4.631s] -- Installing: /home/veljkogalovic/robot_ws/NewWorkspace/install/lidar_msgs/include/lidar_msgs/lidar_msgs/msg/rosidl_typesupport_fastrtps_c__visibility_control.h
[4.631s] -- Up-to-date: /home/veljkogalovic/robot_ws/NewWorkspace/install/lidar_msgs/include/lidar_msgs/lidar_msgs/msg/detail
[4.631s] -- Installing: /home/veljkogalovic/robot_ws/NewWorkspace/install/lidar_msgs/include/lidar_msgs/lidar_msgs/msg/detail/lidar_sweep__rosidl_typesupport_fastrtps_c.h
[4.631s] -- Installing: /home/veljkogalovic/robot_ws/NewWorkspace/install/lidar_msgs/lib/liblidar_msgs__rosidl_typesupport_fastrtps_c.so
[4.633s] -- Set runtime path of "/home/veljkogalovic/robot_ws/NewWorkspace/install/lidar_msgs/lib/liblidar_msgs__rosidl_typesupport_fastrtps_c.so" to ""
[4.633s] -- Up-to-date: /home/veljkogalovic/robot_ws/NewWorkspace/install/lidar_msgs/include/lidar_msgs/lidar_msgs
[4.633s] -- Up-to-date: /home/veljkogalovic/robot_ws/NewWorkspace/install/lidar_msgs/include/lidar_msgs/lidar_msgs/msg
[4.633s] -- Installing: /home/veljkogalovic/robot_ws/NewWorkspace/install/lidar_msgs/include/lidar_msgs/lidar_msgs/msg/rosidl_typesupport_introspection_c__visibility_control.h
[4.633s] -- Up-to-date: /home/veljkogalovic/robot_ws/NewWorkspace/install/lidar_msgs/include/lidar_msgs/lidar_msgs/msg/detail
[4.634s] -- Installing: /home/veljkogalovic/robot_ws/NewWorkspace/install/lidar_msgs/include/lidar_msgs/lidar_msgs/msg/detail/lidar_sweep__rosidl_typesupport_introspection_c.h
[4.634s] -- Installing: /home/veljkogalovic/robot_ws/NewWorkspace/install/lidar_msgs/include/lidar_msgs/lidar_msgs/msg/detail/lidar_sweep__type_support.c
[4.634s] -- Installing: /home/veljkogalovic/robot_ws/NewWorkspace/install/lidar_msgs/lib/liblidar_msgs__rosidl_typesupport_introspection_c.so
[4.635s] -- Set runtime path of "/home/veljkogalovic/robot_ws/NewWorkspace/install/lidar_msgs/lib/liblidar_msgs__rosidl_typesupport_introspection_c.so" to ""
[4.636s] -- Installing: /home/veljkogalovic/robot_ws/NewWorkspace/install/lidar_msgs/lib/liblidar_msgs__rosidl_typesupport_c.so
[4.637s] -- Set runtime path of "/home/veljkogalovic/robot_ws/NewWorkspace/install/lidar_msgs/lib/liblidar_msgs__rosidl_typesupport_c.so" to ""
[4.637s] -- Up-to-date: /home/veljkogalovic/robot_ws/NewWorkspace/install/lidar_msgs/include/lidar_msgs/lidar_msgs
[4.637s] -- Up-to-date: /home/veljkogalovic/robot_ws/NewWorkspace/install/lidar_msgs/include/lidar_msgs/lidar_msgs/msg
[4.638s] -- Installing: /home/veljkogalovic/robot_ws/NewWorkspace/install/lidar_msgs/include/lidar_msgs/lidar_msgs/msg/rosidl_generator_cpp__visibility_control.hpp
[4.638s] -- Installing: /home/veljkogalovic/robot_ws/NewWorkspace/install/lidar_msgs/include/lidar_msgs/lidar_msgs/msg/lidar_sweep.hpp
[4.638s] -- Up-to-date: /home/veljkogalovic/robot_ws/NewWorkspace/install/lidar_msgs/include/lidar_msgs/lidar_msgs/msg/detail
[4.638s] -- Installing: /home/veljkogalovic/robot_ws/NewWorkspace/install/lidar_msgs/include/lidar_msgs/lidar_msgs/msg/detail/lidar_sweep__builder.hpp
[4.638s] -- Installing: /home/veljkogalovic/robot_ws/NewWorkspace/install/lidar_msgs/include/lidar_msgs/lidar_msgs/msg/detail/lidar_sweep__struct.hpp
[4.639s] -- Installing: /home/veljkogalovic/robot_ws/NewWorkspace/install/lidar_msgs/include/lidar_msgs/lidar_msgs/msg/detail/lidar_sweep__traits.hpp
[4.639s] -- Installing: /home/veljkogalovic/robot_ws/NewWorkspace/install/lidar_msgs/include/lidar_msgs/lidar_msgs/msg/detail/lidar_sweep__type_support.hpp
[4.640s] -- Up-to-date: /home/veljkogalovic/robot_ws/NewWorkspace/install/lidar_msgs/include/lidar_msgs/lidar_msgs
[4.640s] -- Up-to-date: /home/veljkogalovic/robot_ws/NewWorkspace/install/lidar_msgs/include/lidar_msgs/lidar_msgs/msg
[4.640s] -- Installing: /home/veljkogalovic/robot_ws/NewWorkspace/install/lidar_msgs/include/lidar_msgs/lidar_msgs/msg/rosidl_typesupport_fastrtps_cpp__visibility_control.h
[4.641s] -- Up-to-date: /home/veljkogalovic/robot_ws/NewWorkspace/install/lidar_msgs/include/lidar_msgs/lidar_msgs/msg/detail
[4.641s] -- Installing: /home/veljkogalovic/robot_ws/NewWorkspace/install/lidar_msgs/include/lidar_msgs/lidar_msgs/msg/detail/lidar_sweep__rosidl_typesupport_fastrtps_cpp.hpp
[4.641s] -- Installing: /home/veljkogalovic/robot_ws/NewWorkspace/install/lidar_msgs/include/lidar_msgs/lidar_msgs/msg/detail/dds_fastrtps
[4.641s] -- Installing: /home/veljkogalovic/robot_ws/NewWorkspace/install/lidar_msgs/lib/liblidar_msgs__rosidl_typesupport_fastrtps_cpp.so
[4.643s] -- Set runtime path of "/home/veljkogalovic/robot_ws/NewWorkspace/install/lidar_msgs/lib/liblidar_msgs__rosidl_typesupport_fastrtps_cpp.so" to ""
[4.643s] -- Up-to-date: /home/veljkogalovic/robot_ws/NewWorkspace/install/lidar_msgs/include/lidar_msgs/lidar_msgs
[4.644s] -- Up-to-date: /home/veljkogalovic/robot_ws/NewWorkspace/install/lidar_msgs/include/lidar_msgs/lidar_msgs/msg
[4.644s] -- Up-to-date: /home/veljkogalovic/robot_ws/NewWorkspace/install/lidar_msgs/include/lidar_msgs/lidar_msgs/msg/detail
[4.644s] -- Installing: /home/veljkogalovic/robot_ws/NewWorkspace/install/lidar_msgs/include/lidar_msgs/lidar_msgs/msg/detail/lidar_sweep__rosidl_typesupport_introspection_cpp.hpp
[4.644s] -- Installing: /home/veljkogalovic/robot_ws/NewWorkspace/install/lidar_msgs/include/lidar_msgs/lidar_msgs/msg/detail/lidar_sweep__type_support.cpp
[4.645s] -- Installing: /home/veljkogalovic/robot_ws/NewWorkspace/install/lidar_msgs/lib/liblidar_msgs__rosidl_typesupport_introspection_cpp.so
[4.646s] -- Set runtime path of "/home/veljkogalovic/robot_ws/NewWorkspace/install/lidar_msgs/lib/liblidar_msgs__rosidl_typesupport_introspection_cpp.so" to ""
[4.647s] -- Installing: /home/veljkogalovic/robot_ws/NewWorkspace/install/lidar_msgs/lib/liblidar_msgs__rosidl_typesupport_cpp.so
[4.648s] -- Set runtime path of "/home/veljkogalovic/robot_ws/NewWorkspace/install/lidar_msgs/lib/liblidar_msgs__rosidl_typesupport_cpp.so" to ""
[4.648s] -- Installing: /home/veljkogalovic/robot_ws/NewWorkspace/install/lidar_msgs/share/lidar_msgs/environment/pythonpath.sh
[4.648s] -- Installing: /home/veljkogalovic/robot_ws/NewWorkspace/install/lidar_msgs/share/lidar_msgs/environment/pythonpath.dsv
[4.649s] -- Installing: /home/veljkogalovic/robot_ws/NewWorkspace/install/lidar_msgs/local/lib/python3.10/dist-packages/lidar_msgs-0.0.1-py3.10.egg-info
[4.649s] -- Installing: /home/veljkogalovic/robot_ws/NewWorkspace/install/lidar_msgs/local/lib/python3.10/dist-packages/lidar_msgs-0.0.1-py3.10.egg-info/PKG-INFO
[4.650s] -- Installing: /home/veljkogalovic/robot_ws/NewWorkspace/install/lidar_msgs/local/lib/python3.10/dist-packages/lidar_msgs-0.0.1-py3.10.egg-info/dependency_links.txt
[4.650s] -- Installing: /home/veljkogalovic/robot_ws/NewWorkspace/install/lidar_msgs/local/lib/python3.10/dist-packages/lidar_msgs-0.0.1-py3.10.egg-info/top_level.txt
[4.650s] -- Installing: /home/veljkogalovic/robot_ws/NewWorkspace/install/lidar_msgs/local/lib/python3.10/dist-packages/lidar_msgs-0.0.1-py3.10.egg-info/SOURCES.txt
[4.651s] -- Installing: /home/veljkogalovic/robot_ws/NewWorkspace/install/lidar_msgs/local/lib/python3.10/dist-packages/lidar_msgs
[4.651s] -- Installing: /home/veljkogalovic/robot_ws/NewWorkspace/install/lidar_msgs/local/lib/python3.10/dist-packages/lidar_msgs/__init__.py
[4.651s] -- Installing: /home/veljkogalovic/robot_ws/NewWorkspace/install/lidar_msgs/local/lib/python3.10/dist-packages/lidar_msgs/msg
[4.651s] -- Installing: /home/veljkogalovic/robot_ws/NewWorkspace/install/lidar_msgs/local/lib/python3.10/dist-packages/lidar_msgs/msg/_lidar_sweep.py
[4.652s] -- Installing: /home/veljkogalovic/robot_ws/NewWorkspace/install/lidar_msgs/local/lib/python3.10/dist-packages/lidar_msgs/msg/_lidar_sweep_s.c
[4.652s] -- Installing: /home/veljkogalovic/robot_ws/NewWorkspace/install/lidar_msgs/local/lib/python3.10/dist-packages/lidar_msgs/msg/__init__.py
[4.652s] -- Installing: /home/veljkogalovic/robot_ws/NewWorkspace/install/lidar_msgs/local/lib/python3.10/dist-packages/lidar_msgs/_lidar_msgs_s.ep.rosidl_typesupport_fastrtps_c.c
[4.653s] -- Installing: /home/veljkogalovic/robot_ws/NewWorkspace/install/lidar_msgs/local/lib/python3.10/dist-packages/lidar_msgs/_lidar_msgs_s.ep.rosidl_typesupport_introspection_c.c
[4.653s] -- Installing: /home/veljkogalovic/robot_ws/NewWorkspace/install/lidar_msgs/local/lib/python3.10/dist-packages/lidar_msgs/_lidar_msgs_s.ep.rosidl_typesupport_c.c
[4.654s] -- Installing: /home/veljkogalovic/robot_ws/NewWorkspace/install/lidar_msgs/local/lib/python3.10/dist-packages/lidar_msgs/liblidar_msgs__rosidl_generator_py.so
[4.654s] -- Installing: /home/veljkogalovic/robot_ws/NewWorkspace/install/lidar_msgs/local/lib/python3.10/dist-packages/lidar_msgs/lidar_msgs_s__rosidl_typesupport_c.cpython-310-x86_64-linux-gnu.so
[4.655s] -- Installing: /home/veljkogalovic/robot_ws/NewWorkspace/install/lidar_msgs/local/lib/python3.10/dist-packages/lidar_msgs/lidar_msgs_s__rosidl_typesupport_fastrtps_c.cpython-310-x86_64-linux-gnu.so
[4.655s] -- Installing: /home/veljkogalovic/robot_ws/NewWorkspace/install/lidar_msgs/local/lib/python3.10/dist-packages/lidar_msgs/lidar_msgs_s__rosidl_typesupport_introspection_c.cpython-310-x86_64-linux-gnu.so
[4.718s] Listing '/home/veljkogalovic/robot_ws/NewWorkspace/install/lidar_msgs/local/lib/python3.10/dist-packages/lidar_msgs'...
[4.718s] Compiling '/home/veljkogalovic/robot_ws/NewWorkspace/install/lidar_msgs/local/lib/python3.10/dist-packages/lidar_msgs/__init__.py'...
[4.718s] Listing '/home/veljkogalovic/robot_ws/NewWorkspace/install/lidar_msgs/local/lib/python3.10/dist-packages/lidar_msgs/msg'...
[4.718s] Compiling '/home/veljkogalovic/robot_ws/NewWorkspace/install/lidar_msgs/local/lib/python3.10/dist-packages/lidar_msgs/msg/__init__.py'...
[4.718s] Compiling '/home/veljkogalovic/robot_ws/NewWorkspace/install/lidar_msgs/local/lib/python3.10/dist-packages/lidar_msgs/msg/_lidar_sweep.py'...
[4.724s] -- Installing: /home/veljkogalovic/robot_ws/NewWorkspace/install/lidar_msgs/local/lib/python3.10/dist-packages/lidar_msgs/lidar_msgs_s__rosidl_typesupport_fastrtps_c.cpython-310-x86_64-linux-gnu.so
[4.724s] -- Set runtime path of "/home/veljkogalovic/robot_ws/NewWorkspace/install/lidar_msgs/local/lib/python3.10/dist-packages/lidar_msgs/lidar_msgs_s__rosidl_typesupport_fastrtps_c.cpython-310-x86_64-linux-gnu.so" to ""
[4.725s] -- Installing: /home/veljkogalovic/robot_ws/NewWorkspace/install/lidar_msgs/local/lib/python3.10/dist-packages/lidar_msgs/lidar_msgs_s__rosidl_typesupport_introspection_c.cpython-310-x86_64-linux-gnu.so
[4.725s] -- Set runtime path of "/home/veljkogalovic/robot_ws/NewWorkspace/install/lidar_msgs/local/lib/python3.10/dist-packages/lidar_msgs/lidar_msgs_s__rosidl_typesupport_introspection_c.cpython-310-x86_64-linux-gnu.so" to ""
[4.725s] -- Installing: /home/veljkogalovic/robot_ws/NewWorkspace/install/lidar_msgs/local/lib/python3.10/dist-packages/lidar_msgs/lidar_msgs_s__rosidl_typesupport_c.cpython-310-x86_64-linux-gnu.so
[4.726s] -- Set runtime path of "/home/veljkogalovic/robot_ws/NewWorkspace/install/lidar_msgs/local/lib/python3.10/dist-packages/lidar_msgs/lidar_msgs_s__rosidl_typesupport_c.cpython-310-x86_64-linux-gnu.so" to ""
[4.726s] -- Installing: /home/veljkogalovic/robot_ws/NewWorkspace/install/lidar_msgs/lib/liblidar_msgs__rosidl_generator_py.so
[4.726s] -- Set runtime path of "/home/veljkogalovic/robot_ws/NewWorkspace/install/lidar_msgs/lib/liblidar_msgs__rosidl_generator_py.so" to ""
[4.727s] -- Installing: /home/veljkogalovic/robot_ws/NewWorkspace/install/lidar_msgs/share/ament_index/resource_index/rust_packages/lidar_msgs
[4.727s] -- Installing: /home/veljkogalovic/robot_ws/NewWorkspace/install/lidar_msgs/share/lidar_msgs/rust
[4.727s] -- Installing: /home/veljkogalovic/robot_ws/NewWorkspace/install/lidar_msgs/share/lidar_msgs/rust/src
[4.727s] -- Installing: /home/veljkogalovic/robot_ws/NewWorkspace/install/lidar_msgs/share/lidar_msgs/rust/src/msg.rs
[4.727s] -- Installing: /home/veljkogalovic/robot_ws/NewWorkspace/install/lidar_msgs/share/lidar_msgs/rust/src/msg
[4.727s] -- Installing: /home/veljkogalovic/robot_ws/NewWorkspace/install/lidar_msgs/share/lidar_msgs/rust/src/msg/rmw.rs
[4.727s] -- Installing: /home/veljkogalovic/robot_ws/NewWorkspace/install/lidar_msgs/share/lidar_msgs/rust/src/lib.rs
[4.727s] -- Installing: /home/veljkogalovic/robot_ws/NewWorkspace/install/lidar_msgs/share/lidar_msgs/rust/Cargo.toml
[4.727s] -- Installing: /home/veljkogalovic/robot_ws/NewWorkspace/install/lidar_msgs/share/lidar_msgs/rust/build.rs
[4.728s] -- Installing: /home/veljkogalovic/robot_ws/NewWorkspace/install/lidar_msgs/share/lidar_msgs/msg/LidarSweep.idl
[4.728s] -- Installing: /home/veljkogalovic/robot_ws/NewWorkspace/install/lidar_msgs/share/lidar_msgs/msg/LidarSweep.msg
[4.728s] -- Installing: /home/veljkogalovic/robot_ws/NewWorkspace/install/lidar_msgs/share/ament_index/resource_index/package_run_dependencies/lidar_msgs
[4.728s] -- Installing: /home/veljkogalovic/robot_ws/NewWorkspace/install/lidar_msgs/share/ament_index/resource_index/parent_prefix_path/lidar_msgs
[4.728s] -- Installing: /home/veljkogalovic/robot_ws/NewWorkspace/install/lidar_msgs/share/lidar_msgs/environment/ament_prefix_path.sh
[4.729s] -- Installing: /home/veljkogalovic/robot_ws/NewWorkspace/install/lidar_msgs/share/lidar_msgs/environment/ament_prefix_path.dsv
[4.729s] -- Installing: /home/veljkogalovic/robot_ws/NewWorkspace/install/lidar_msgs/share/lidar_msgs/environment/path.sh
[4.729s] -- Installing: /home/veljkogalovic/robot_ws/NewWorkspace/install/lidar_msgs/share/lidar_msgs/environment/path.dsv
[4.729s] -- Installing: /home/veljkogalovic/robot_ws/NewWorkspace/install/lidar_msgs/share/lidar_msgs/local_setup.bash
[4.729s] -- Installing: /home/veljkogalovic/robot_ws/NewWorkspace/install/lidar_msgs/share/lidar_msgs/local_setup.sh
[4.729s] -- Installing: /home/veljkogalovic/robot_ws/NewWorkspace/install/lidar_msgs/share/lidar_msgs/local_setup.zsh
[4.729s] -- Installing: /home/veljkogalovic/robot_ws/NewWorkspace/install/lidar_msgs/share/lidar_msgs/local_setup.dsv
[4.730s] -- Installing: /home/veljkogalovic/robot_ws/NewWorkspace/install/lidar_msgs/share/lidar_msgs/package.dsv
[4.730s] -- Installing: /home/veljkogalovic/robot_ws/NewWorkspace/install/lidar_msgs/share/ament_index/resource_index/packages/lidar_msgs
[4.730s] -- Installing: /home/veljkogalovic/robot_ws/NewWorkspace/install/lidar_msgs/share/lidar_msgs/cmake/export_lidar_msgs__rosidl_generator_cExport.cmake
[4.730s] -- Installing: /home/veljkogalovic/robot_ws/NewWorkspace/install/lidar_msgs/share/lidar_msgs/cmake/export_lidar_msgs__rosidl_generator_cExport-noconfig.cmake
[4.730s] -- Installing: /home/veljkogalovic/robot_ws/NewWorkspace/install/lidar_msgs/share/lidar_msgs/cmake/export_lidar_msgs__rosidl_typesupport_fastrtps_cExport.cmake
[4.731s] -- Installing: /home/veljkogalovic/robot_ws/NewWorkspace/install/lidar_msgs/share/lidar_msgs/cmake/export_lidar_msgs__rosidl_typesupport_fastrtps_cExport-noconfig.cmake
[4.731s] -- Installing: /home/veljkogalovic/robot_ws/NewWorkspace/install/lidar_msgs/share/lidar_msgs/cmake/lidar_msgs__rosidl_typesupport_introspection_cExport.cmake
[4.731s] -- Installing: /home/veljkogalovic/robot_ws/NewWorkspace/install/lidar_msgs/share/lidar_msgs/cmake/lidar_msgs__rosidl_typesupport_introspection_cExport-noconfig.cmake
[4.731s] -- Installing: /home/veljkogalovic/robot_ws/NewWorkspace/install/lidar_msgs/share/lidar_msgs/cmake/lidar_msgs__rosidl_typesupport_cExport.cmake
[4.732s] -- Installing: /home/veljkogalovic/robot_ws/NewWorkspace/install/lidar_msgs/share/lidar_msgs/cmake/lidar_msgs__rosidl_typesupport_cExport-noconfig.cmake
[4.732s] -- Installing: /home/veljkogalovic/robot_ws/NewWorkspace/install/lidar_msgs/share/lidar_msgs/cmake/export_lidar_msgs__rosidl_generator_cppExport.cmake
[4.732s] -- Installing: /home/veljkogalovic/robot_ws/NewWorkspace/install/lidar_msgs/share/lidar_msgs/cmake/export_lidar_msgs__rosidl_typesupport_fastrtps_cppExport.cmake
[4.732s] -- Installing: /home/veljkogalovic/robot_ws/NewWorkspace/install/lidar_msgs/share/lidar_msgs/cmake/export_lidar_msgs__rosidl_typesupport_fastrtps_cppExport-noconfig.cmake
[4.732s] -- Installing: /home/veljkogalovic/robot_ws/NewWorkspace/install/lidar_msgs/share/lidar_msgs/cmake/lidar_msgs__rosidl_typesupport_introspection_cppExport.cmake
[4.733s] -- Installing: /home/veljkogalovic/robot_ws/NewWorkspace/install/lidar_msgs/share/lidar_msgs/cmake/lidar_msgs__rosidl_typesupport_introspection_cppExport-noconfig.cmake
[4.733s] -- Installing: /home/veljkogalovic/robot_ws/NewWorkspace/install/lidar_msgs/share/lidar_msgs/cmake/lidar_msgs__rosidl_typesupport_cppExport.cmake
[4.734s] -- Installing: /home/veljkogalovic/robot_ws/NewWorkspace/install/lidar_msgs/share/lidar_msgs/cmake/lidar_msgs__rosidl_typesupport_cppExport-noconfig.cmake
[4.734s] -- Installing: /home/veljkogalovic/robot_ws/NewWorkspace/install/lidar_msgs/share/lidar_msgs/cmake/export_lidar_msgs__rosidl_generator_pyExport.cmake
[4.734s] -- Installing: /home/veljkogalovic/robot_ws/NewWorkspace/install/lidar_msgs/share/lidar_msgs/cmake/export_lidar_msgs__rosidl_generator_pyExport-noconfig.cmake
[4.735s] -- Installing: /home/veljkogalovic/robot_ws/NewWorkspace/install/lidar_msgs/share/lidar_msgs/cmake/rosidl_cmake-extras.cmake
[4.735s] -- Installing: /home/veljkogalovic/robot_ws/NewWorkspace/install/lidar_msgs/share/lidar_msgs/cmake/ament_cmake_export_dependencies-extras.cmake
[4.735s] -- Installing: /home/veljkogalovic/robot_ws/NewWorkspace/install/lidar_msgs/share/lidar_msgs/cmake/ament_cmake_export_include_directories-extras.cmake
[4.735s] -- Installing: /home/veljkogalovic/robot_ws/NewWorkspace/install/lidar_msgs/share/lidar_msgs/cmake/ament_cmake_export_libraries-extras.cmake
[4.735s] -- Installing: /home/veljkogalovic/robot_ws/NewWorkspace/install/lidar_msgs/share/lidar_msgs/cmake/ament_cmake_export_targets-extras.cmake
[4.736s] -- Installing: /home/veljkogalovic/robot_ws/NewWorkspace/install/lidar_msgs/share/lidar_msgs/cmake/rosidl_cmake_export_typesupport_targets-extras.cmake
[4.736s] -- Installing: /home/veljkogalovic/robot_ws/NewWorkspace/install/lidar_msgs/share/lidar_msgs/cmake/rosidl_cmake_export_typesupport_libraries-extras.cmake
[4.736s] -- Installing: /home/veljkogalovic/robot_ws/NewWorkspace/install/lidar_msgs/share/lidar_msgs/cmake/lidar_msgsConfig.cmake
[4.736s] -- Installing: /home/veljkogalovic/robot_ws/NewWorkspace/install/lidar_msgs/share/lidar_msgs/cmake/lidar_msgsConfig-version.cmake
[4.737s] -- Installing: /home/veljkogalovic/robot_ws/NewWorkspace/install/lidar_msgs/share/lidar_msgs/package.xml
[4.741s] Invoked command in '/home/veljkogalovic/robot_ws/NewWorkspace/build/lidar_msgs' returned '0': CMAKE_PREFIX_PATH=/opt/ros/humble DEBUGINFOD_URLS=ima:enforcing https://debuginfod.fedoraproject.org/ ima:ignore PS1=📦[\u@ros2-env \W]$ /usr/bin/cmake --install /home/veljkogalovic/robot_ws/NewWorkspace/build/lidar_msgs
