[0.016s] Invoking command in '/home/veljkogalovic/robot_ws/NewWorkspace/build/lidar_pkg': AMENT_PREFIX_PATH=/home/veljkogalovic/robot_ws/NewWorkspace/install/lidar_msgs:${AMENT_PREFIX_PATH} CMAKE_PREFIX_PATH=/home/veljkogalovic/robot_ws/NewWorkspace/install/lidar_msgs:/opt/ros/humble DEBUGINFOD_URLS=ima:enforcing https://debuginfod.fedoraproject.org/ ima:ignore LD_LIBRARY_PATH=/home/veljkogalovic/robot_ws/NewWorkspace/install/lidar_msgs/lib:${LD_LIBRARY_PATH} PS1=📦[\u@ros2-env \W]$ PYTHONPATH=/home/veljkogalovic/robot_ws/NewWorkspace/install/lidar_msgs/local/lib/python3.10/dist-packages:${PYTHONPATH} /usr/bin/cmake --build /home/veljkogalovic/robot_ws/NewWorkspace/build/lidar_pkg -- -j8 -l8
[0.061s] -- Found ament_cmake: 1.3.14 (/opt/ros/humble/share/ament_cmake/cmake)
[0.217s] -- Found rclpy: 3.3.21 (/opt/ros/humble/share/rclpy/cmake)
[0.228s] -- Found std_srvs: 4.9.1 (/opt/ros/humble/share/std_srvs/cmake)
[0.279s] -- Found rosidl_generator_c: 3.1.8 (/opt/ros/humble/share/rosidl_generator_c/cmake)
[0.284s] -- Found rosidl_adapter: 3.1.8 (/opt/ros/humble/share/rosidl_adapter/cmake)
[0.292s] -- Found rosidl_generator_cpp: 3.1.8 (/opt/ros/humble/share/rosidl_generator_cpp/cmake)
[0.302s] -- Using all available rosidl_typesupport_c: rosidl_typesupport_fastrtps_c;rosidl_typesupport_introspection_c
[0.315s] -- Using all available rosidl_typesupport_cpp: rosidl_typesupport_fastrtps_cpp;rosidl_typesupport_introspection_cpp
[0.328s] -- Found lidar_msgs: 0.0.1 (/home/veljkogalovic/robot_ws/NewWorkspace/install/lidar_msgs/share/lidar_msgs/cmake)
[0.457s] -- Configuring done
[0.460s] -- Generating done
[0.463s] -- Build files have been written to: /home/veljkogalovic/robot_ws/NewWorkspace/build/lidar_pkg
[0.484s] Invoked command in '/home/veljkogalovic/robot_ws/NewWorkspace/build/lidar_pkg' returned '0': AMENT_PREFIX_PATH=/home/veljkogalovic/robot_ws/NewWorkspace/install/lidar_msgs:${AMENT_PREFIX_PATH} CMAKE_PREFIX_PATH=/home/veljkogalovic/robot_ws/NewWorkspace/install/lidar_msgs:/opt/ros/humble DEBUGINFOD_URLS=ima:enforcing https://debuginfod.fedoraproject.org/ ima:ignore LD_LIBRARY_PATH=/home/veljkogalovic/robot_ws/NewWorkspace/install/lidar_msgs/lib:${LD_LIBRARY_PATH} PS1=📦[\u@ros2-env \W]$ PYTHONPATH=/home/veljkogalovic/robot_ws/NewWorkspace/install/lidar_msgs/local/lib/python3.10/dist-packages:${PYTHONPATH} /usr/bin/cmake --build /home/veljkogalovic/robot_ws/NewWorkspace/build/lidar_pkg -- -j8 -l8
[0.486s] Invoking command in '/home/veljkogalovic/robot_ws/NewWorkspace/build/lidar_pkg': AMENT_PREFIX_PATH=/home/veljkogalovic/robot_ws/NewWorkspace/install/lidar_msgs:${AMENT_PREFIX_PATH} CMAKE_PREFIX_PATH=/home/veljkogalovic/robot_ws/NewWorkspace/install/lidar_msgs:/opt/ros/humble DEBUGINFOD_URLS=ima:enforcing https://debuginfod.fedoraproject.org/ ima:ignore LD_LIBRARY_PATH=/home/veljkogalovic/robot_ws/NewWorkspace/install/lidar_msgs/lib:${LD_LIBRARY_PATH} PS1=📦[\u@ros2-env \W]$ PYTHONPATH=/home/veljkogalovic/robot_ws/NewWorkspace/install/lidar_msgs/local/lib/python3.10/dist-packages:${PYTHONPATH} /usr/bin/cmake --install /home/veljkogalovic/robot_ws/NewWorkspace/build/lidar_pkg
[0.495s] -- Install configuration: ""
[0.495s] -- Installing: /home/veljkogalovic/robot_ws/NewWorkspace/install/lidar_pkg/lib/lidar_pkg/lidar_scan_node.py
[0.495s] -- Installing: /home/veljkogalovic/robot_ws/NewWorkspace/install/lidar_pkg/share/ament_index/resource_index/package_run_dependencies/lidar_pkg
[0.495s] -- Installing: /home/veljkogalovic/robot_ws/NewWorkspace/install/lidar_pkg/share/ament_index/resource_index/parent_prefix_path/lidar_pkg
[0.495s] -- Up-to-date: /home/veljkogalovic/robot_ws/NewWorkspace/install/lidar_pkg/share/lidar_pkg/environment/ament_prefix_path.sh
[0.495s] -- Installing: /home/veljkogalovic/robot_ws/NewWorkspace/install/lidar_pkg/share/lidar_pkg/environment/ament_prefix_path.dsv
[0.495s] -- Up-to-date: /home/veljkogalovic/robot_ws/NewWorkspace/install/lidar_pkg/share/lidar_pkg/environment/path.sh
[0.495s] -- Installing: /home/veljkogalovic/robot_ws/NewWorkspace/install/lidar_pkg/share/lidar_pkg/environment/path.dsv
[0.496s] -- Up-to-date: /home/veljkogalovic/robot_ws/NewWorkspace/install/lidar_pkg/share/lidar_pkg/local_setup.bash
[0.496s] -- Up-to-date: /home/veljkogalovic/robot_ws/NewWorkspace/install/lidar_pkg/share/lidar_pkg/local_setup.sh
[0.496s] -- Up-to-date: /home/veljkogalovic/robot_ws/NewWorkspace/install/lidar_pkg/share/lidar_pkg/local_setup.zsh
[0.496s] -- Installing: /home/veljkogalovic/robot_ws/NewWorkspace/install/lidar_pkg/share/lidar_pkg/local_setup.dsv
[0.496s] -- Installing: /home/veljkogalovic/robot_ws/NewWorkspace/install/lidar_pkg/share/lidar_pkg/package.dsv
[0.496s] -- Up-to-date: /home/veljkogalovic/robot_ws/NewWorkspace/install/lidar_pkg/share/ament_index/resource_index/packages/lidar_pkg
[0.496s] -- Up-to-date: /home/veljkogalovic/robot_ws/NewWorkspace/install/lidar_pkg/share/lidar_pkg/cmake/lidar_pkgConfig.cmake
[0.496s] -- Up-to-date: /home/veljkogalovic/robot_ws/NewWorkspace/install/lidar_pkg/share/lidar_pkg/cmake/lidar_pkgConfig-version.cmake
[0.497s] -- Installing: /home/veljkogalovic/robot_ws/NewWorkspace/install/lidar_pkg/share/lidar_pkg/package.xml
[0.500s] Invoked command in '/home/veljkogalovic/robot_ws/NewWorkspace/build/lidar_pkg' returned '0': AMENT_PREFIX_PATH=/home/veljkogalovic/robot_ws/NewWorkspace/install/lidar_msgs:${AMENT_PREFIX_PATH} CMAKE_PREFIX_PATH=/home/veljkogalovic/robot_ws/NewWorkspace/install/lidar_msgs:/opt/ros/humble DEBUGINFOD_URLS=ima:enforcing https://debuginfod.fedoraproject.org/ ima:ignore LD_LIBRARY_PATH=/home/veljkogalovic/robot_ws/NewWorkspace/install/lidar_msgs/lib:${LD_LIBRARY_PATH} PS1=📦[\u@ros2-env \W]$ PYTHONPATH=/home/veljkogalovic/robot_ws/NewWorkspace/install/lidar_msgs/local/lib/python3.10/dist-packages:${PYTHONPATH} /usr/bin/cmake --install /home/veljkogalovic/robot_ws/NewWorkspace/build/lidar_pkg
