[0.073s] DEBUG:colcon:Command line arguments: ['/usr/bin/colcon', 'build', '--packages-select', 'lidar_pkg']
[0.073s] DEBUG:colcon:Parsed command line arguments: Namespace(log_base=None, log_level=None, verb_name='build', build_base='build', install_base='install', merge_install=False, symlink_install=False, test_result_base=None, continue_on_error=False, executor='parallel', parallel_workers=8, event_handlers=None, ignore_user_meta=False, metas=['./colcon.meta'], base_paths=['.'], packages_ignore=None, packages_ignore_regex=None, paths=None, packages_up_to=None, packages_up_to_regex=None, packages_above=None, packages_above_and_dependencies=None, packages_above_depth=None, packages_select_by_dep=None, packages_skip_by_dep=None, packages_skip_up_to=None, packages_select_build_failed=False, packages_skip_build_finished=False, packages_select_test_failures=False, packages_skip_test_passed=False, packages_select=['lidar_pkg'], packages_skip=None, packages_select_regex=None, packages_skip_regex=None, packages_start=None, packages_end=None, allow_overriding=[], cmake_args=None, cmake_target=None, cmake_target_skip_unavailable=False, cmake_clean_cache=False, cmake_clean_first=False, cmake_force_configure=False, ament_cmake_args=None, catkin_cmake_args=None, catkin_skip_building_tests=False, verb_parser=<colcon_defaults.argument_parser.defaults.DefaultArgumentsDecorator object at 0x7fde5e628430>, verb_extension=<colcon_core.verb.build.BuildVerb object at 0x7fde5e725bd0>, main=<bound method BuildVerb.main of <colcon_core.verb.build.BuildVerb object at 0x7fde5e725bd0>>)
[0.177s] Level 1:colcon.colcon_core.package_discovery:discover_packages(colcon_meta) check parameters
[0.177s] Level 1:colcon.colcon_core.package_discovery:discover_packages(recursive) check parameters
[0.177s] Level 1:colcon.colcon_core.package_discovery:discover_packages(ignore) check parameters
[0.177s] Level 1:colcon.colcon_core.package_discovery:discover_packages(path) check parameters
[0.177s] Level 1:colcon.colcon_core.package_discovery:discover_packages(colcon_meta) discover
[0.177s] Level 1:colcon.colcon_core.package_discovery:discover_packages(recursive) discover
[0.178s] INFO:colcon.colcon_core.package_discovery:Crawling recursively for packages in '/home/veljkogalovic/robot_ws/NewWorkspace'
[0.178s] Level 1:colcon.colcon_core.package_identification:_identify(.) by extensions ['ignore', 'ignore_ament_install']
[0.178s] Level 1:colcon.colcon_core.package_identification:_identify(.) by extension 'ignore'
[0.178s] Level 1:colcon.colcon_core.package_identification:_identify(.) by extension 'ignore_ament_install'
[0.178s] Level 1:colcon.colcon_core.package_identification:_identify(.) by extensions ['colcon_pkg']
[0.178s] Level 1:colcon.colcon_core.package_identification:_identify(.) by extension 'colcon_pkg'
[0.178s] Level 1:colcon.colcon_core.package_identification:_identify(.) by extensions ['colcon_meta']
[0.178s] Level 1:colcon.colcon_core.package_identification:_identify(.) by extension 'colcon_meta'
[0.178s] Level 1:colcon.colcon_core.package_identification:_identify(.) by extensions ['ros']
[0.178s] Level 1:colcon.colcon_core.package_identification:_identify(.) by extension 'ros'
[0.208s] Level 1:colcon.colcon_core.package_identification:_identify(.) by extensions ['cmake', 'python']
[0.208s] Level 1:colcon.colcon_core.package_identification:_identify(.) by extension 'cmake'
[0.208s] Level 1:colcon.colcon_core.package_identification:_identify(.) by extension 'python'
[0.208s] Level 1:colcon.colcon_core.package_identification:_identify(.) by extensions ['python_setup_py']
[0.208s] Level 1:colcon.colcon_core.package_identification:_identify(.) by extension 'python_setup_py'
[0.208s] Level 1:colcon.colcon_core.package_identification:_identify(build) by extensions ['ignore', 'ignore_ament_install']
[0.208s] Level 1:colcon.colcon_core.package_identification:_identify(build) by extension 'ignore'
[0.208s] Level 1:colcon.colcon_core.package_identification:_identify(build) ignored
[0.208s] Level 1:colcon.colcon_core.package_identification:_identify(install) by extensions ['ignore', 'ignore_ament_install']
[0.208s] Level 1:colcon.colcon_core.package_identification:_identify(install) by extension 'ignore'
[0.208s] Level 1:colcon.colcon_core.package_identification:_identify(install) ignored
[0.208s] Level 1:colcon.colcon_core.package_identification:_identify(lidar_test_data) by extensions ['ignore', 'ignore_ament_install']
[0.208s] Level 1:colcon.colcon_core.package_identification:_identify(lidar_test_data) by extension 'ignore'
[0.208s] Level 1:colcon.colcon_core.package_identification:_identify(lidar_test_data) by extension 'ignore_ament_install'
[0.208s] Level 1:colcon.colcon_core.package_identification:_identify(lidar_test_data) by extensions ['colcon_pkg']
[0.208s] Level 1:colcon.colcon_core.package_identification:_identify(lidar_test_data) by extension 'colcon_pkg'
[0.208s] Level 1:colcon.colcon_core.package_identification:_identify(lidar_test_data) by extensions ['colcon_meta']
[0.208s] Level 1:colcon.colcon_core.package_identification:_identify(lidar_test_data) by extension 'colcon_meta'
[0.208s] Level 1:colcon.colcon_core.package_identification:_identify(lidar_test_data) by extensions ['ros']
[0.208s] Level 1:colcon.colcon_core.package_identification:_identify(lidar_test_data) by extension 'ros'
[0.209s] Level 1:colcon.colcon_core.package_identification:_identify(lidar_test_data) by extensions ['cmake', 'python']
[0.209s] Level 1:colcon.colcon_core.package_identification:_identify(lidar_test_data) by extension 'cmake'
[0.209s] Level 1:colcon.colcon_core.package_identification:_identify(lidar_test_data) by extension 'python'
[0.209s] Level 1:colcon.colcon_core.package_identification:_identify(lidar_test_data) by extensions ['python_setup_py']
[0.209s] Level 1:colcon.colcon_core.package_identification:_identify(lidar_test_data) by extension 'python_setup_py'
[0.209s] Level 1:colcon.colcon_core.package_identification:_identify(log) by extensions ['ignore', 'ignore_ament_install']
[0.209s] Level 1:colcon.colcon_core.package_identification:_identify(log) by extension 'ignore'
[0.209s] Level 1:colcon.colcon_core.package_identification:_identify(log) ignored
[0.209s] Level 1:colcon.colcon_core.package_identification:_identify(src) by extensions ['ignore', 'ignore_ament_install']
[0.209s] Level 1:colcon.colcon_core.package_identification:_identify(src) by extension 'ignore'
[0.209s] Level 1:colcon.colcon_core.package_identification:_identify(src) by extension 'ignore_ament_install'
[0.209s] Level 1:colcon.colcon_core.package_identification:_identify(src) by extensions ['colcon_pkg']
[0.209s] Level 1:colcon.colcon_core.package_identification:_identify(src) by extension 'colcon_pkg'
[0.209s] Level 1:colcon.colcon_core.package_identification:_identify(src) by extensions ['colcon_meta']
[0.209s] Level 1:colcon.colcon_core.package_identification:_identify(src) by extension 'colcon_meta'
[0.209s] Level 1:colcon.colcon_core.package_identification:_identify(src) by extensions ['ros']
[0.209s] Level 1:colcon.colcon_core.package_identification:_identify(src) by extension 'ros'
[0.209s] Level 1:colcon.colcon_core.package_identification:_identify(src) by extensions ['cmake', 'python']
[0.209s] Level 1:colcon.colcon_core.package_identification:_identify(src) by extension 'cmake'
[0.209s] Level 1:colcon.colcon_core.package_identification:_identify(src) by extension 'python'
[0.209s] Level 1:colcon.colcon_core.package_identification:_identify(src) by extensions ['python_setup_py']
[0.209s] Level 1:colcon.colcon_core.package_identification:_identify(src) by extension 'python_setup_py'
[0.209s] Level 1:colcon.colcon_core.package_identification:_identify(src/lidar_msgs) by extensions ['ignore', 'ignore_ament_install']
[0.209s] Level 1:colcon.colcon_core.package_identification:_identify(src/lidar_msgs) by extension 'ignore'
[0.209s] Level 1:colcon.colcon_core.package_identification:_identify(src/lidar_msgs) by extension 'ignore_ament_install'
[0.209s] Level 1:colcon.colcon_core.package_identification:_identify(src/lidar_msgs) by extensions ['colcon_pkg']
[0.209s] Level 1:colcon.colcon_core.package_identification:_identify(src/lidar_msgs) by extension 'colcon_pkg'
[0.209s] Level 1:colcon.colcon_core.package_identification:_identify(src/lidar_msgs) by extensions ['colcon_meta']
[0.209s] Level 1:colcon.colcon_core.package_identification:_identify(src/lidar_msgs) by extension 'colcon_meta'
[0.209s] Level 1:colcon.colcon_core.package_identification:_identify(src/lidar_msgs) by extensions ['ros']
[0.209s] Level 1:colcon.colcon_core.package_identification:_identify(src/lidar_msgs) by extension 'ros'
[0.211s] DEBUG:colcon.colcon_core.package_identification:Package 'src/lidar_msgs' with type 'ros.ament_cmake' and name 'lidar_msgs'
[0.211s] Level 1:colcon.colcon_core.package_identification:_identify(src/lidar_pkg) by extensions ['ignore', 'ignore_ament_install']
[0.211s] Level 1:colcon.colcon_core.package_identification:_identify(src/lidar_pkg) by extension 'ignore'
[0.211s] Level 1:colcon.colcon_core.package_identification:_identify(src/lidar_pkg) by extension 'ignore_ament_install'
[0.211s] Level 1:colcon.colcon_core.package_identification:_identify(src/lidar_pkg) by extensions ['colcon_pkg']
[0.211s] Level 1:colcon.colcon_core.package_identification:_identify(src/lidar_pkg) by extension 'colcon_pkg'
[0.211s] Level 1:colcon.colcon_core.package_identification:_identify(src/lidar_pkg) by extensions ['colcon_meta']
[0.211s] Level 1:colcon.colcon_core.package_identification:_identify(src/lidar_pkg) by extension 'colcon_meta'
[0.211s] Level 1:colcon.colcon_core.package_identification:_identify(src/lidar_pkg) by extensions ['ros']
[0.211s] Level 1:colcon.colcon_core.package_identification:_identify(src/lidar_pkg) by extension 'ros'
[0.212s] DEBUG:colcon.colcon_core.package_identification:Package 'src/lidar_pkg' with type 'ros.ament_cmake' and name 'lidar_pkg'
[0.212s] Level 1:colcon.colcon_core.package_discovery:discover_packages(recursive) using defaults
[0.212s] Level 1:colcon.colcon_core.package_discovery:discover_packages(ignore) discover
[0.212s] Level 1:colcon.colcon_core.package_discovery:discover_packages(ignore) using defaults
[0.212s] Level 1:colcon.colcon_core.package_discovery:discover_packages(path) discover
[0.212s] Level 1:colcon.colcon_core.package_discovery:discover_packages(path) using defaults
[0.226s] INFO:colcon.colcon_core.package_selection:Skipping not selected package 'lidar_msgs' in 'src/lidar_msgs'
[0.226s] Level 1:colcon.colcon_core.package_discovery:discover_packages(prefix_path) check parameters
[0.226s] Level 1:colcon.colcon_core.package_discovery:discover_packages(prefix_path) discover
[0.227s] DEBUG:colcon.colcon_installed_package_information.package_discovery:Found 273 installed packages in /opt/ros/humble
[0.228s] Level 1:colcon.colcon_core.package_discovery:discover_packages(prefix_path) using defaults
[0.253s] Level 5:colcon.colcon_core.verb:set package 'lidar_pkg' build argument 'cmake_args' from command line to 'None'
[0.253s] Level 5:colcon.colcon_core.verb:set package 'lidar_pkg' build argument 'cmake_target' from command line to 'None'
[0.253s] Level 5:colcon.colcon_core.verb:set package 'lidar_pkg' build argument 'cmake_target_skip_unavailable' from command line to 'False'
[0.253s] Level 5:colcon.colcon_core.verb:set package 'lidar_pkg' build argument 'cmake_clean_cache' from command line to 'False'
[0.253s] Level 5:colcon.colcon_core.verb:set package 'lidar_pkg' build argument 'cmake_clean_first' from command line to 'False'
[0.253s] Level 5:colcon.colcon_core.verb:set package 'lidar_pkg' build argument 'cmake_force_configure' from command line to 'False'
[0.253s] Level 5:colcon.colcon_core.verb:set package 'lidar_pkg' build argument 'ament_cmake_args' from command line to 'None'
[0.253s] Level 5:colcon.colcon_core.verb:set package 'lidar_pkg' build argument 'catkin_cmake_args' from command line to 'None'
[0.253s] Level 5:colcon.colcon_core.verb:set package 'lidar_pkg' build argument 'catkin_skip_building_tests' from command line to 'False'
[0.253s] DEBUG:colcon.colcon_core.verb:Building package 'lidar_pkg' with the following arguments: {'ament_cmake_args': None, 'build_base': '/home/veljkogalovic/robot_ws/NewWorkspace/build/lidar_pkg', 'catkin_cmake_args': None, 'catkin_skip_building_tests': False, 'cmake_args': None, 'cmake_clean_cache': False, 'cmake_clean_first': False, 'cmake_force_configure': False, 'cmake_target': None, 'cmake_target_skip_unavailable': False, 'install_base': '/home/veljkogalovic/robot_ws/NewWorkspace/install/lidar_pkg', 'merge_install': False, 'path': '/home/veljkogalovic/robot_ws/NewWorkspace/src/lidar_pkg', 'symlink_install': False, 'test_result_base': None}
[0.253s] INFO:colcon.colcon_core.executor:Executing jobs using 'parallel' executor
[0.254s] DEBUG:colcon.colcon_parallel_executor.executor.parallel:run_until_complete
[0.254s] INFO:colcon.colcon_ros.task.ament_cmake.build:Building ROS package in '/home/veljkogalovic/robot_ws/NewWorkspace/src/lidar_pkg' with build type 'ament_cmake'
[0.254s] INFO:colcon.colcon_cmake.task.cmake.build:Building CMake package in '/home/veljkogalovic/robot_ws/NewWorkspace/src/lidar_pkg'
[0.256s] INFO:colcon.colcon_core.plugin_system:Skipping extension 'colcon_core.shell.bat': Not used on non-Windows systems
[0.256s] INFO:colcon.colcon_core.shell:Skip shell extension 'powershell' for command environment: Not usable outside of PowerShell
[0.256s] DEBUG:colcon.colcon_core.shell:Skip shell extension 'dsv' for command environment
[0.263s] DEBUG:colcon.colcon_core.event_handler.log_command:Invoking command in '/home/veljkogalovic/robot_ws/NewWorkspace/build/lidar_pkg': AMENT_PREFIX_PATH=/home/veljkogalovic/robot_ws/NewWorkspace/install/lidar_msgs:${AMENT_PREFIX_PATH} CMAKE_PREFIX_PATH=/home/veljkogalovic/robot_ws/NewWorkspace/install/lidar_msgs:/opt/ros/humble DEBUGINFOD_URLS=ima:enforcing https://debuginfod.fedoraproject.org/ ima:ignore LD_LIBRARY_PATH=/home/veljkogalovic/robot_ws/NewWorkspace/install/lidar_msgs/lib:${LD_LIBRARY_PATH} PS1=📦[\u@ros2-env \W]$ PYTHONPATH=/home/veljkogalovic/robot_ws/NewWorkspace/install/lidar_msgs/local/lib/python3.10/dist-packages:${PYTHONPATH} /usr/bin/cmake /home/veljkogalovic/robot_ws/NewWorkspace/src/lidar_pkg -DCMAKE_INSTALL_PREFIX=/home/veljkogalovic/robot_ws/NewWorkspace/install/lidar_pkg
[0.845s] DEBUG:colcon.colcon_core.event_handler.log_command:Invoked command in '/home/veljkogalovic/robot_ws/NewWorkspace/build/lidar_pkg' returned '0': AMENT_PREFIX_PATH=/home/veljkogalovic/robot_ws/NewWorkspace/install/lidar_msgs:${AMENT_PREFIX_PATH} CMAKE_PREFIX_PATH=/home/veljkogalovic/robot_ws/NewWorkspace/install/lidar_msgs:/opt/ros/humble DEBUGINFOD_URLS=ima:enforcing https://debuginfod.fedoraproject.org/ ima:ignore LD_LIBRARY_PATH=/home/veljkogalovic/robot_ws/NewWorkspace/install/lidar_msgs/lib:${LD_LIBRARY_PATH} PS1=📦[\u@ros2-env \W]$ PYTHONPATH=/home/veljkogalovic/robot_ws/NewWorkspace/install/lidar_msgs/local/lib/python3.10/dist-packages:${PYTHONPATH} /usr/bin/cmake /home/veljkogalovic/robot_ws/NewWorkspace/src/lidar_pkg -DCMAKE_INSTALL_PREFIX=/home/veljkogalovic/robot_ws/NewWorkspace/install/lidar_pkg
[0.846s] DEBUG:colcon.colcon_core.event_handler.log_command:Invoking command in '/home/veljkogalovic/robot_ws/NewWorkspace/build/lidar_pkg': AMENT_PREFIX_PATH=/home/veljkogalovic/robot_ws/NewWorkspace/install/lidar_msgs:${AMENT_PREFIX_PATH} CMAKE_PREFIX_PATH=/home/veljkogalovic/robot_ws/NewWorkspace/install/lidar_msgs:/opt/ros/humble DEBUGINFOD_URLS=ima:enforcing https://debuginfod.fedoraproject.org/ ima:ignore LD_LIBRARY_PATH=/home/veljkogalovic/robot_ws/NewWorkspace/install/lidar_msgs/lib:${LD_LIBRARY_PATH} PS1=📦[\u@ros2-env \W]$ PYTHONPATH=/home/veljkogalovic/robot_ws/NewWorkspace/install/lidar_msgs/local/lib/python3.10/dist-packages:${PYTHONPATH} /usr/bin/cmake --build /home/veljkogalovic/robot_ws/NewWorkspace/build/lidar_pkg -- -j8 -l8
[0.881s] DEBUG:colcon.colcon_core.event_handler.log_command:Invoked command in '/home/veljkogalovic/robot_ws/NewWorkspace/build/lidar_pkg' returned '0': AMENT_PREFIX_PATH=/home/veljkogalovic/robot_ws/NewWorkspace/install/lidar_msgs:${AMENT_PREFIX_PATH} CMAKE_PREFIX_PATH=/home/veljkogalovic/robot_ws/NewWorkspace/install/lidar_msgs:/opt/ros/humble DEBUGINFOD_URLS=ima:enforcing https://debuginfod.fedoraproject.org/ ima:ignore LD_LIBRARY_PATH=/home/veljkogalovic/robot_ws/NewWorkspace/install/lidar_msgs/lib:${LD_LIBRARY_PATH} PS1=📦[\u@ros2-env \W]$ PYTHONPATH=/home/veljkogalovic/robot_ws/NewWorkspace/install/lidar_msgs/local/lib/python3.10/dist-packages:${PYTHONPATH} /usr/bin/cmake --build /home/veljkogalovic/robot_ws/NewWorkspace/build/lidar_pkg -- -j8 -l8
[0.892s] DEBUG:colcon.colcon_core.event_handler.log_command:Invoking command in '/home/veljkogalovic/robot_ws/NewWorkspace/build/lidar_pkg': AMENT_PREFIX_PATH=/home/veljkogalovic/robot_ws/NewWorkspace/install/lidar_msgs:${AMENT_PREFIX_PATH} CMAKE_PREFIX_PATH=/home/veljkogalovic/robot_ws/NewWorkspace/install/lidar_msgs:/opt/ros/humble DEBUGINFOD_URLS=ima:enforcing https://debuginfod.fedoraproject.org/ ima:ignore LD_LIBRARY_PATH=/home/veljkogalovic/robot_ws/NewWorkspace/install/lidar_msgs/lib:${LD_LIBRARY_PATH} PS1=📦[\u@ros2-env \W]$ PYTHONPATH=/home/veljkogalovic/robot_ws/NewWorkspace/install/lidar_msgs/local/lib/python3.10/dist-packages:${PYTHONPATH} /usr/bin/cmake --install /home/veljkogalovic/robot_ws/NewWorkspace/build/lidar_pkg
[0.904s] Level 1:colcon.colcon_core.environment:create_environment_scripts_only(lidar_pkg)
[0.904s] DEBUG:colcon.colcon_core.event_handler.log_command:Invoked command in '/home/veljkogalovic/robot_ws/NewWorkspace/build/lidar_pkg' returned '0': AMENT_PREFIX_PATH=/home/veljkogalovic/robot_ws/NewWorkspace/install/lidar_msgs:${AMENT_PREFIX_PATH} CMAKE_PREFIX_PATH=/home/veljkogalovic/robot_ws/NewWorkspace/install/lidar_msgs:/opt/ros/humble DEBUGINFOD_URLS=ima:enforcing https://debuginfod.fedoraproject.org/ ima:ignore LD_LIBRARY_PATH=/home/veljkogalovic/robot_ws/NewWorkspace/install/lidar_msgs/lib:${LD_LIBRARY_PATH} PS1=📦[\u@ros2-env \W]$ PYTHONPATH=/home/veljkogalovic/robot_ws/NewWorkspace/install/lidar_msgs/local/lib/python3.10/dist-packages:${PYTHONPATH} /usr/bin/cmake --install /home/veljkogalovic/robot_ws/NewWorkspace/build/lidar_pkg
[0.906s] Level 1:colcon.colcon_core.environment:checking '/home/veljkogalovic/robot_ws/NewWorkspace/install/lidar_pkg' for CMake module files
[0.906s] Level 1:colcon.colcon_core.environment:checking '/home/veljkogalovic/robot_ws/NewWorkspace/install/lidar_pkg' for CMake config files
[0.906s] Level 1:colcon.colcon_core.shell:create_environment_hook('lidar_pkg', 'cmake_prefix_path')
[0.906s] INFO:colcon.colcon_core.shell:Creating environment hook '/home/veljkogalovic/robot_ws/NewWorkspace/install/lidar_pkg/share/lidar_pkg/hook/cmake_prefix_path.ps1'
[0.907s] INFO:colcon.colcon_core.shell:Creating environment descriptor '/home/veljkogalovic/robot_ws/NewWorkspace/install/lidar_pkg/share/lidar_pkg/hook/cmake_prefix_path.dsv'
[0.907s] INFO:colcon.colcon_core.shell:Creating environment hook '/home/veljkogalovic/robot_ws/NewWorkspace/install/lidar_pkg/share/lidar_pkg/hook/cmake_prefix_path.sh'
[0.908s] Level 1:colcon.colcon_core.environment:checking '/home/veljkogalovic/robot_ws/NewWorkspace/install/lidar_pkg/lib'
[0.908s] Level 1:colcon.colcon_core.environment:checking '/home/veljkogalovic/robot_ws/NewWorkspace/install/lidar_pkg/bin'
[0.908s] Level 1:colcon.colcon_core.environment:checking '/home/veljkogalovic/robot_ws/NewWorkspace/install/lidar_pkg/lib/pkgconfig/lidar_pkg.pc'
[0.908s] Level 1:colcon.colcon_core.environment:checking '/home/veljkogalovic/robot_ws/NewWorkspace/install/lidar_pkg/lib/python3.10/site-packages'
[0.909s] Level 1:colcon.colcon_core.environment:checking '/home/veljkogalovic/robot_ws/NewWorkspace/install/lidar_pkg/bin'
[0.909s] INFO:colcon.colcon_core.shell:Creating package script '/home/veljkogalovic/robot_ws/NewWorkspace/install/lidar_pkg/share/lidar_pkg/package.ps1'
[0.910s] INFO:colcon.colcon_core.shell:Creating package descriptor '/home/veljkogalovic/robot_ws/NewWorkspace/install/lidar_pkg/share/lidar_pkg/package.dsv'
[0.910s] INFO:colcon.colcon_core.shell:Creating package script '/home/veljkogalovic/robot_ws/NewWorkspace/install/lidar_pkg/share/lidar_pkg/package.sh'
[0.911s] INFO:colcon.colcon_core.shell:Creating package script '/home/veljkogalovic/robot_ws/NewWorkspace/install/lidar_pkg/share/lidar_pkg/package.bash'
[0.911s] INFO:colcon.colcon_core.shell:Creating package script '/home/veljkogalovic/robot_ws/NewWorkspace/install/lidar_pkg/share/lidar_pkg/package.zsh'
[0.912s] Level 1:colcon.colcon_core.environment:create_file_with_runtime_dependencies(/home/veljkogalovic/robot_ws/NewWorkspace/install/lidar_pkg/share/colcon-core/packages/lidar_pkg)
[0.912s] Level 1:colcon.colcon_core.environment:create_environment_scripts_only(lidar_pkg)
[0.913s] Level 1:colcon.colcon_core.environment:checking '/home/veljkogalovic/robot_ws/NewWorkspace/install/lidar_pkg' for CMake module files
[0.913s] Level 1:colcon.colcon_core.environment:checking '/home/veljkogalovic/robot_ws/NewWorkspace/install/lidar_pkg' for CMake config files
[0.913s] Level 1:colcon.colcon_core.shell:create_environment_hook('lidar_pkg', 'cmake_prefix_path')
[0.913s] INFO:colcon.colcon_core.shell:Creating environment hook '/home/veljkogalovic/robot_ws/NewWorkspace/install/lidar_pkg/share/lidar_pkg/hook/cmake_prefix_path.ps1'
[0.914s] INFO:colcon.colcon_core.shell:Creating environment descriptor '/home/veljkogalovic/robot_ws/NewWorkspace/install/lidar_pkg/share/lidar_pkg/hook/cmake_prefix_path.dsv'
[0.914s] INFO:colcon.colcon_core.shell:Creating environment hook '/home/veljkogalovic/robot_ws/NewWorkspace/install/lidar_pkg/share/lidar_pkg/hook/cmake_prefix_path.sh'
[0.914s] Level 1:colcon.colcon_core.environment:checking '/home/veljkogalovic/robot_ws/NewWorkspace/install/lidar_pkg/lib'
[0.914s] Level 1:colcon.colcon_core.environment:checking '/home/veljkogalovic/robot_ws/NewWorkspace/install/lidar_pkg/bin'
[0.914s] Level 1:colcon.colcon_core.environment:checking '/home/veljkogalovic/robot_ws/NewWorkspace/install/lidar_pkg/lib/pkgconfig/lidar_pkg.pc'
[0.914s] Level 1:colcon.colcon_core.environment:checking '/home/veljkogalovic/robot_ws/NewWorkspace/install/lidar_pkg/lib/python3.10/site-packages'
[0.915s] Level 1:colcon.colcon_core.environment:checking '/home/veljkogalovic/robot_ws/NewWorkspace/install/lidar_pkg/bin'
[0.915s] INFO:colcon.colcon_core.shell:Creating package script '/home/veljkogalovic/robot_ws/NewWorkspace/install/lidar_pkg/share/lidar_pkg/package.ps1'
[0.915s] INFO:colcon.colcon_core.shell:Creating package descriptor '/home/veljkogalovic/robot_ws/NewWorkspace/install/lidar_pkg/share/lidar_pkg/package.dsv'
[0.915s] INFO:colcon.colcon_core.shell:Creating package script '/home/veljkogalovic/robot_ws/NewWorkspace/install/lidar_pkg/share/lidar_pkg/package.sh'
[0.916s] INFO:colcon.colcon_core.shell:Creating package script '/home/veljkogalovic/robot_ws/NewWorkspace/install/lidar_pkg/share/lidar_pkg/package.bash'
[0.916s] INFO:colcon.colcon_core.shell:Creating package script '/home/veljkogalovic/robot_ws/NewWorkspace/install/lidar_pkg/share/lidar_pkg/package.zsh'
[0.916s] Level 1:colcon.colcon_core.environment:create_file_with_runtime_dependencies(/home/veljkogalovic/robot_ws/NewWorkspace/install/lidar_pkg/share/colcon-core/packages/lidar_pkg)
[0.917s] DEBUG:colcon.colcon_parallel_executor.executor.parallel:closing loop
[0.917s] DEBUG:colcon.colcon_parallel_executor.executor.parallel:loop closed
[0.917s] DEBUG:colcon.colcon_parallel_executor.executor.parallel:run_until_complete finished with '0'
[0.917s] DEBUG:colcon.colcon_core.event_reactor:joining thread
[0.921s] INFO:colcon.colcon_core.plugin_system:Skipping extension 'colcon_notification.desktop_notification.notify_send': Could not find 'notify-send'
[0.921s] INFO:colcon.colcon_core.plugin_system:Skipping extension 'colcon_notification.desktop_notification.terminal_notifier': Not used on non-Darwin systems
[0.921s] INFO:colcon.colcon_core.plugin_system:Skipping extension 'colcon_notification.desktop_notification.win32': Not used on non-Windows systems
[0.921s] INFO:colcon.colcon_notification.desktop_notification:Sending desktop notification using 'notify2'
[0.938s] DEBUG:colcon.colcon_core.event_reactor:joined thread
[0.939s] INFO:colcon.colcon_core.shell:Creating prefix script '/home/veljkogalovic/robot_ws/NewWorkspace/install/local_setup.ps1'
[0.940s] INFO:colcon.colcon_core.shell:Creating prefix util module '/home/veljkogalovic/robot_ws/NewWorkspace/install/_local_setup_util_ps1.py'
[0.941s] INFO:colcon.colcon_core.shell:Creating prefix chain script '/home/veljkogalovic/robot_ws/NewWorkspace/install/setup.ps1'
[0.942s] INFO:colcon.colcon_core.shell:Creating prefix script '/home/veljkogalovic/robot_ws/NewWorkspace/install/local_setup.sh'
[0.942s] INFO:colcon.colcon_core.shell:Creating prefix util module '/home/veljkogalovic/robot_ws/NewWorkspace/install/_local_setup_util_sh.py'
[0.943s] INFO:colcon.colcon_core.shell:Creating prefix chain script '/home/veljkogalovic/robot_ws/NewWorkspace/install/setup.sh'
[0.943s] INFO:colcon.colcon_core.shell:Creating prefix script '/home/veljkogalovic/robot_ws/NewWorkspace/install/local_setup.bash'
[0.944s] INFO:colcon.colcon_core.shell:Creating prefix chain script '/home/veljkogalovic/robot_ws/NewWorkspace/install/setup.bash'
[0.944s] INFO:colcon.colcon_core.shell:Creating prefix script '/home/veljkogalovic/robot_ws/NewWorkspace/install/local_setup.zsh'
[0.945s] INFO:colcon.colcon_core.shell:Creating prefix chain script '/home/veljkogalovic/robot_ws/NewWorkspace/install/setup.zsh'
