/run/host/home/veljkogalovic/robot_ws/install/my_robot_slam/lib/python3.10/site-packages/my_robot_slam/__init__.py
/run/host/home/veljkogalovic/robot_ws/install/my_robot_slam/lib/python3.10/site-packages/my_robot_slam/slam_processor.py
/run/host/home/veljkogalovic/robot_ws/install/my_robot_slam/lib/python3.10/site-packages/my_robot_slam/path_planner.py
/run/host/home/veljkogalovic/robot_ws/install/my_robot_slam/lib/python3.10/site-packages/my_robot_slam/motion_planner.py
/run/host/home/veljkogalovic/robot_ws/install/my_robot_slam/lib/python3.10/site-packages/my_robot_slam/battery_monitor.py
/run/host/home/veljkogalovic/robot_ws/install/my_robot_slam/lib/python3.10/site-packages/my_robot_slam/mock_laser.py
/run/host/home/veljkogalovic/robot_ws/install/my_robot_slam/lib/python3.10/site-packages/my_robot_slam/desni_motor.py
/run/host/home/veljkogalovic/robot_ws/install/my_robot_slam/lib/python3.10/site-packages/my_robot_slam/komunikacija.py
/run/host/home/veljkogalovic/robot_ws/install/my_robot_slam/lib/python3.10/site-packages/my_robot_slam/levi_motor.py
/run/host/home/veljkogalovic/robot_ws/install/my_robot_slam/lib/python3.10/site-packages/my_robot_slam/__pycache__/__init__.cpython-310.pyc
/run/host/home/veljkogalovic/robot_ws/install/my_robot_slam/lib/python3.10/site-packages/my_robot_slam/__pycache__/slam_processor.cpython-310.pyc
/run/host/home/veljkogalovic/robot_ws/install/my_robot_slam/lib/python3.10/site-packages/my_robot_slam/__pycache__/path_planner.cpython-310.pyc
/run/host/home/veljkogalovic/robot_ws/install/my_robot_slam/lib/python3.10/site-packages/my_robot_slam/__pycache__/motion_planner.cpython-310.pyc
/run/host/home/veljkogalovic/robot_ws/install/my_robot_slam/lib/python3.10/site-packages/my_robot_slam/__pycache__/battery_monitor.cpython-310.pyc
/run/host/home/veljkogalovic/robot_ws/install/my_robot_slam/lib/python3.10/site-packages/my_robot_slam/__pycache__/mock_laser.cpython-310.pyc
/run/host/home/veljkogalovic/robot_ws/install/my_robot_slam/lib/python3.10/site-packages/my_robot_slam/__pycache__/desni_motor.cpython-310.pyc
/run/host/home/veljkogalovic/robot_ws/install/my_robot_slam/lib/python3.10/site-packages/my_robot_slam/__pycache__/komunikacija.cpython-310.pyc
/run/host/home/veljkogalovic/robot_ws/install/my_robot_slam/lib/python3.10/site-packages/my_robot_slam/__pycache__/levi_motor.cpython-310.pyc
/run/host/home/veljkogalovic/robot_ws/install/my_robot_slam/share/ament_index/resource_index/packages/my_robot_slam
/run/host/home/veljkogalovic/robot_ws/install/my_robot_slam/share/my_robot_slam/package.xml
/run/host/home/veljkogalovic/robot_ws/install/my_robot_slam/lib/python3.10/site-packages/my_robot_slam-0.0.0-py3.10.egg-info/PKG-INFO
/run/host/home/veljkogalovic/robot_ws/install/my_robot_slam/lib/python3.10/site-packages/my_robot_slam-0.0.0-py3.10.egg-info/zip-safe
/run/host/home/veljkogalovic/robot_ws/install/my_robot_slam/lib/python3.10/site-packages/my_robot_slam-0.0.0-py3.10.egg-info/dependency_links.txt
/run/host/home/veljkogalovic/robot_ws/install/my_robot_slam/lib/python3.10/site-packages/my_robot_slam-0.0.0-py3.10.egg-info/entry_points.txt
/run/host/home/veljkogalovic/robot_ws/install/my_robot_slam/lib/python3.10/site-packages/my_robot_slam-0.0.0-py3.10.egg-info/requires.txt
/run/host/home/veljkogalovic/robot_ws/install/my_robot_slam/lib/python3.10/site-packages/my_robot_slam-0.0.0-py3.10.egg-info/top_level.txt
/run/host/home/veljkogalovic/robot_ws/install/my_robot_slam/lib/python3.10/site-packages/my_robot_slam-0.0.0-py3.10.egg-info/SOURCES.txt
/run/host/home/veljkogalovic/robot_ws/install/my_robot_slam/lib/my_robot_slam/battery_monitor
/run/host/home/veljkogalovic/robot_ws/install/my_robot_slam/lib/my_robot_slam/desni_motor
/run/host/home/veljkogalovic/robot_ws/install/my_robot_slam/lib/my_robot_slam/komunikacija
/run/host/home/veljkogalovic/robot_ws/install/my_robot_slam/lib/my_robot_slam/levi_motor
/run/host/home/veljkogalovic/robot_ws/install/my_robot_slam/lib/my_robot_slam/mock_laser
/run/host/home/veljkogalovic/robot_ws/install/my_robot_slam/lib/my_robot_slam/motion_planner
/run/host/home/veljkogalovic/robot_ws/install/my_robot_slam/lib/my_robot_slam/odom_publisher
/run/host/home/veljkogalovic/robot_ws/install/my_robot_slam/lib/my_robot_slam/path_planner
/run/host/home/veljkogalovic/robot_ws/install/my_robot_slam/lib/my_robot_slam/slam_processor
