[0.007s] Invoking command in '/home/veljkogalovic/robot_ws/git@github.com:pfe-rs/NewWorkspace/build/lidar_msgs': PS1=📦[\u@ros2-env \W]$ /usr/bin/cmake /home/veljkogalovic/robot_ws/git@github.com:pfe-rs/NewWorkspace/src/lidar_msgs -DCMAKE_INSTALL_PREFIX=/home/veljkogalovic/robot_ws/git@github.com:pfe-rs/NewWorkspace/install/lidar_msgs
[0.147s] -- The C compiler identification is GNU 11.4.0
[0.279s] -- The CXX compiler identification is GNU 11.4.0
[0.292s] -- Detecting C compiler ABI info
[0.410s] -- Detecting C compiler ABI info - done
[0.428s] -- Check for working C compiler: /usr/bin/cc - skipped
[0.429s] -- Detecting C compile features
[0.430s] -- Detecting C compile features - done
[0.437s] -- Detecting CXX compiler ABI info
[0.586s] -- Detecting CXX compiler ABI info - done
[0.602s] -- Check for working CXX compiler: /usr/bin/c++ - skipped
[0.603s] -- Detecting CXX compile features
[0.604s] -- Detecting CXX compile features - done
[0.732s] [31mCMake Error at CMakeLists.txt:8 (find_package):
[0.732s]   By not providing "Findament_cmake.cmake" in CMAKE_MODULE_PATH this project
[0.732s]   has asked CMake to find a package configuration file provided by
[0.732s]   "ament_cmake", but CMake did not find one.
[0.733s] 
[0.733s]   Could not find a package configuration file provided by "ament_cmake" with
[0.733s]   any of the following names:
[0.733s] 
[0.733s]     ament_cmakeConfig.cmake
[0.733s]     ament_cmake-config.cmake
[0.733s] 
[0.733s]   Add the installation prefix of "ament_cmake" to CMAKE_PREFIX_PATH or set
[0.733s]   "ament_cmake_DIR" to a directory containing one of the above files.  If
[0.734s]   "ament_cmake" provides a separate development package or SDK, be sure it
[0.734s]   has been installed.
[0.734s] 
[0.734s] [0m
[0.734s] -- Configuring incomplete, errors occurred!
[0.734s] See also "/home/veljkogalovic/robot_ws/git@github.com:pfe-rs/NewWorkspace/build/lidar_msgs/CMakeFiles/CMakeOutput.log".
[0.738s] Invoked command in '/home/veljkogalovic/robot_ws/git@github.com:pfe-rs/NewWorkspace/build/lidar_msgs' returned '1': PS1=📦[\u@ros2-env \W]$ /usr/bin/cmake /home/veljkogalovic/robot_ws/git@github.com:pfe-rs/NewWorkspace/src/lidar_msgs -DCMAKE_INSTALL_PREFIX=/home/veljkogalovic/robot_ws/git@github.com:pfe-rs/NewWorkspace/install/lidar_msgs
