[0.131s] DEBUG:colcon:Command line arguments: ['/usr/bin/colcon', 'build']
[0.131s] DEBUG:colcon:Parsed command line arguments: Namespace(log_base=None, log_level=None, verb_name='build', build_base='build', install_base='install', merge_install=False, symlink_install=False, test_result_base=None, continue_on_error=False, executor='parallel', parallel_workers=8, event_handlers=None, ignore_user_meta=False, metas=['./colcon.meta'], base_paths=['.'], packages_ignore=None, packages_ignore_regex=None, paths=None, packages_up_to=None, packages_up_to_regex=None, packages_above=None, packages_above_and_dependencies=None, packages_above_depth=None, packages_select_by_dep=None, packages_skip_by_dep=None, packages_skip_up_to=None, packages_select_build_failed=False, packages_skip_build_finished=False, packages_select_test_failures=False, packages_skip_test_passed=False, packages_select=None, packages_skip=None, packages_select_regex=None, packages_skip_regex=None, packages_start=None, packages_end=None, allow_overriding=[], cmake_args=None, cmake_target=None, cmake_target_skip_unavailable=False, cmake_clean_cache=False, cmake_clean_first=False, cmake_force_configure=False, ament_cmake_args=None, catkin_cmake_args=None, catkin_skip_building_tests=False, verb_parser=<colcon_defaults.argument_parser.defaults.DefaultArgumentsDecorator object at 0x7faeca232fe0>, verb_extension=<colcon_core.verb.build.BuildVerb object at 0x7faeca3547c0>, main=<bound method BuildVerb.main of <colcon_core.verb.build.BuildVerb object at 0x7faeca3547c0>>)
[0.270s] Level 1:colcon.colcon_core.package_discovery:discover_packages(colcon_meta) check parameters
[0.270s] Level 1:colcon.colcon_core.package_discovery:discover_packages(recursive) check parameters
[0.270s] Level 1:colcon.colcon_core.package_discovery:discover_packages(ignore) check parameters
[0.270s] Level 1:colcon.colcon_core.package_discovery:discover_packages(path) check parameters
[0.270s] Level 1:colcon.colcon_core.package_discovery:discover_packages(colcon_meta) discover
[0.270s] Level 1:colcon.colcon_core.package_discovery:discover_packages(recursive) discover
[0.270s] INFO:colcon.colcon_core.package_discovery:Crawling recursively for packages in '/run/host/home/veljkogalovic/robot_ws'
[0.270s] Level 1:colcon.colcon_core.package_identification:_identify(.) by extensions ['ignore', 'ignore_ament_install']
[0.270s] Level 1:colcon.colcon_core.package_identification:_identify(.) by extension 'ignore'
[0.270s] Level 1:colcon.colcon_core.package_identification:_identify(.) by extension 'ignore_ament_install'
[0.270s] Level 1:colcon.colcon_core.package_identification:_identify(.) by extensions ['colcon_pkg']
[0.270s] Level 1:colcon.colcon_core.package_identification:_identify(.) by extension 'colcon_pkg'
[0.270s] Level 1:colcon.colcon_core.package_identification:_identify(.) by extensions ['colcon_meta']
[0.270s] Level 1:colcon.colcon_core.package_identification:_identify(.) by extension 'colcon_meta'
[0.270s] Level 1:colcon.colcon_core.package_identification:_identify(.) by extensions ['ros']
[0.270s] Level 1:colcon.colcon_core.package_identification:_identify(.) by extension 'ros'
[0.282s] Level 1:colcon.colcon_core.package_identification:_identify(.) by extensions ['cmake', 'python']
[0.282s] Level 1:colcon.colcon_core.package_identification:_identify(.) by extension 'cmake'
[0.282s] Level 1:colcon.colcon_core.package_identification:_identify(.) by extension 'python'
[0.282s] Level 1:colcon.colcon_core.package_identification:_identify(.) by extensions ['python_setup_py']
[0.282s] Level 1:colcon.colcon_core.package_identification:_identify(.) by extension 'python_setup_py'
[0.282s] Level 1:colcon.colcon_core.package_identification:_identify(build) by extensions ['ignore', 'ignore_ament_install']
[0.283s] Level 1:colcon.colcon_core.package_identification:_identify(build) by extension 'ignore'
[0.283s] Level 1:colcon.colcon_core.package_identification:_identify(build) ignored
[0.283s] Level 1:colcon.colcon_core.package_identification:_identify(git@github.com:pfe-rs) by extensions ['ignore', 'ignore_ament_install']
[0.283s] Level 1:colcon.colcon_core.package_identification:_identify(git@github.com:pfe-rs) by extension 'ignore'
[0.283s] Level 1:colcon.colcon_core.package_identification:_identify(git@github.com:pfe-rs) by extension 'ignore_ament_install'
[0.283s] Level 1:colcon.colcon_core.package_identification:_identify(git@github.com:pfe-rs) by extensions ['colcon_pkg']
[0.283s] Level 1:colcon.colcon_core.package_identification:_identify(git@github.com:pfe-rs) by extension 'colcon_pkg'
[0.283s] Level 1:colcon.colcon_core.package_identification:_identify(git@github.com:pfe-rs) by extensions ['colcon_meta']
[0.283s] Level 1:colcon.colcon_core.package_identification:_identify(git@github.com:pfe-rs) by extension 'colcon_meta'
[0.283s] Level 1:colcon.colcon_core.package_identification:_identify(git@github.com:pfe-rs) by extensions ['ros']
[0.283s] Level 1:colcon.colcon_core.package_identification:_identify(git@github.com:pfe-rs) by extension 'ros'
[0.283s] Level 1:colcon.colcon_core.package_identification:_identify(git@github.com:pfe-rs) by extensions ['cmake', 'python']
[0.283s] Level 1:colcon.colcon_core.package_identification:_identify(git@github.com:pfe-rs) by extension 'cmake'
[0.283s] Level 1:colcon.colcon_core.package_identification:_identify(git@github.com:pfe-rs) by extension 'python'
[0.283s] Level 1:colcon.colcon_core.package_identification:_identify(git@github.com:pfe-rs) by extensions ['python_setup_py']
[0.283s] Level 1:colcon.colcon_core.package_identification:_identify(git@github.com:pfe-rs) by extension 'python_setup_py'
[0.283s] Level 1:colcon.colcon_core.package_identification:_identify(git@github.com:pfe-rs/lk-s-2026-miloje-slam.git) by extensions ['ignore', 'ignore_ament_install']
[0.283s] Level 1:colcon.colcon_core.package_identification:_identify(git@github.com:pfe-rs/lk-s-2026-miloje-slam.git) by extension 'ignore'
[0.283s] Level 1:colcon.colcon_core.package_identification:_identify(git@github.com:pfe-rs/lk-s-2026-miloje-slam.git) by extension 'ignore_ament_install'
[0.283s] Level 1:colcon.colcon_core.package_identification:_identify(git@github.com:pfe-rs/lk-s-2026-miloje-slam.git) by extensions ['colcon_pkg']
[0.283s] Level 1:colcon.colcon_core.package_identification:_identify(git@github.com:pfe-rs/lk-s-2026-miloje-slam.git) by extension 'colcon_pkg'
[0.284s] Level 1:colcon.colcon_core.package_identification:_identify(git@github.com:pfe-rs/lk-s-2026-miloje-slam.git) by extensions ['colcon_meta']
[0.284s] Level 1:colcon.colcon_core.package_identification:_identify(git@github.com:pfe-rs/lk-s-2026-miloje-slam.git) by extension 'colcon_meta'
[0.284s] Level 1:colcon.colcon_core.package_identification:_identify(git@github.com:pfe-rs/lk-s-2026-miloje-slam.git) by extensions ['ros']
[0.284s] Level 1:colcon.colcon_core.package_identification:_identify(git@github.com:pfe-rs/lk-s-2026-miloje-slam.git) by extension 'ros'
[0.284s] Level 1:colcon.colcon_core.package_identification:_identify(git@github.com:pfe-rs/lk-s-2026-miloje-slam.git) by extensions ['cmake', 'python']
[0.284s] Level 1:colcon.colcon_core.package_identification:_identify(git@github.com:pfe-rs/lk-s-2026-miloje-slam.git) by extension 'cmake'
[0.284s] Level 1:colcon.colcon_core.package_identification:_identify(git@github.com:pfe-rs/lk-s-2026-miloje-slam.git) by extension 'python'
[0.284s] Level 1:colcon.colcon_core.package_identification:_identify(git@github.com:pfe-rs/lk-s-2026-miloje-slam.git) by extensions ['python_setup_py']
[0.284s] Level 1:colcon.colcon_core.package_identification:_identify(git@github.com:pfe-rs/lk-s-2026-miloje-slam.git) by extension 'python_setup_py'
[0.284s] Level 1:colcon.colcon_core.package_identification:_identify(install) by extensions ['ignore', 'ignore_ament_install']
[0.284s] Level 1:colcon.colcon_core.package_identification:_identify(install) by extension 'ignore'
[0.284s] Level 1:colcon.colcon_core.package_identification:_identify(install) ignored
[0.284s] Level 1:colcon.colcon_core.package_identification:_identify(log) by extensions ['ignore', 'ignore_ament_install']
[0.284s] Level 1:colcon.colcon_core.package_identification:_identify(log) by extension 'ignore'
[0.284s] Level 1:colcon.colcon_core.package_identification:_identify(log) ignored
[0.284s] Level 1:colcon.colcon_core.package_identification:_identify(src) by extensions ['ignore', 'ignore_ament_install']
[0.284s] Level 1:colcon.colcon_core.package_identification:_identify(src) by extension 'ignore'
[0.284s] Level 1:colcon.colcon_core.package_identification:_identify(src) by extension 'ignore_ament_install'
[0.284s] Level 1:colcon.colcon_core.package_identification:_identify(src) by extensions ['colcon_pkg']
[0.284s] Level 1:colcon.colcon_core.package_identification:_identify(src) by extension 'colcon_pkg'
[0.284s] Level 1:colcon.colcon_core.package_identification:_identify(src) by extensions ['colcon_meta']
[0.284s] Level 1:colcon.colcon_core.package_identification:_identify(src) by extension 'colcon_meta'
[0.284s] Level 1:colcon.colcon_core.package_identification:_identify(src) by extensions ['ros']
[0.285s] Level 1:colcon.colcon_core.package_identification:_identify(src) by extension 'ros'
[0.285s] Level 1:colcon.colcon_core.package_identification:_identify(src) by extensions ['cmake', 'python']
[0.285s] Level 1:colcon.colcon_core.package_identification:_identify(src) by extension 'cmake'
[0.285s] Level 1:colcon.colcon_core.package_identification:_identify(src) by extension 'python'
[0.285s] Level 1:colcon.colcon_core.package_identification:_identify(src) by extensions ['python_setup_py']
[0.285s] Level 1:colcon.colcon_core.package_identification:_identify(src) by extension 'python_setup_py'
[0.285s] Level 1:colcon.colcon_core.package_identification:_identify(src/my_robot_slam) by extensions ['ignore', 'ignore_ament_install']
[0.285s] Level 1:colcon.colcon_core.package_identification:_identify(src/my_robot_slam) by extension 'ignore'
[0.285s] Level 1:colcon.colcon_core.package_identification:_identify(src/my_robot_slam) by extension 'ignore_ament_install'
[0.285s] Level 1:colcon.colcon_core.package_identification:_identify(src/my_robot_slam) by extensions ['colcon_pkg']
[0.285s] Level 1:colcon.colcon_core.package_identification:_identify(src/my_robot_slam) by extension 'colcon_pkg'
[0.285s] Level 1:colcon.colcon_core.package_identification:_identify(src/my_robot_slam) by extensions ['colcon_meta']
[0.285s] Level 1:colcon.colcon_core.package_identification:_identify(src/my_robot_slam) by extension 'colcon_meta'
[0.285s] Level 1:colcon.colcon_core.package_identification:_identify(src/my_robot_slam) by extensions ['ros']
[0.285s] Level 1:colcon.colcon_core.package_identification:_identify(src/my_robot_slam) by extension 'ros'
[0.288s] DEBUG:colcon.colcon_core.package_identification:Package 'src/my_robot_slam' with type 'ros.ament_python' and name 'my_robot_slam'
[0.288s] Level 1:colcon.colcon_core.package_discovery:discover_packages(recursive) using defaults
[0.288s] Level 1:colcon.colcon_core.package_discovery:discover_packages(ignore) discover
[0.288s] Level 1:colcon.colcon_core.package_discovery:discover_packages(ignore) using defaults
[0.288s] Level 1:colcon.colcon_core.package_discovery:discover_packages(path) discover
[0.288s] Level 1:colcon.colcon_core.package_discovery:discover_packages(path) using defaults
[0.308s] Level 1:colcon.colcon_core.package_discovery:discover_packages(prefix_path) check parameters
[0.308s] Level 1:colcon.colcon_core.package_discovery:discover_packages(prefix_path) discover
[0.310s] DEBUG:colcon.colcon_installed_package_information.package_discovery:Found 273 installed packages in /opt/ros/humble
[0.311s] Level 1:colcon.colcon_core.package_discovery:discover_packages(prefix_path) using defaults
[0.357s] Level 5:colcon.colcon_core.verb:set package 'my_robot_slam' build argument 'cmake_args' from command line to 'None'
[0.357s] Level 5:colcon.colcon_core.verb:set package 'my_robot_slam' build argument 'cmake_target' from command line to 'None'
[0.357s] Level 5:colcon.colcon_core.verb:set package 'my_robot_slam' build argument 'cmake_target_skip_unavailable' from command line to 'False'
[0.358s] Level 5:colcon.colcon_core.verb:set package 'my_robot_slam' build argument 'cmake_clean_cache' from command line to 'False'
[0.358s] Level 5:colcon.colcon_core.verb:set package 'my_robot_slam' build argument 'cmake_clean_first' from command line to 'False'
[0.358s] Level 5:colcon.colcon_core.verb:set package 'my_robot_slam' build argument 'cmake_force_configure' from command line to 'False'
[0.358s] Level 5:colcon.colcon_core.verb:set package 'my_robot_slam' build argument 'ament_cmake_args' from command line to 'None'
[0.358s] Level 5:colcon.colcon_core.verb:set package 'my_robot_slam' build argument 'catkin_cmake_args' from command line to 'None'
[0.358s] Level 5:colcon.colcon_core.verb:set package 'my_robot_slam' build argument 'catkin_skip_building_tests' from command line to 'False'
[0.358s] DEBUG:colcon.colcon_core.verb:Building package 'my_robot_slam' with the following arguments: {'ament_cmake_args': None, 'build_base': '/run/host/home/veljkogalovic/robot_ws/build/my_robot_slam', 'catkin_cmake_args': None, 'catkin_skip_building_tests': False, 'cmake_args': None, 'cmake_clean_cache': False, 'cmake_clean_first': False, 'cmake_force_configure': False, 'cmake_target': None, 'cmake_target_skip_unavailable': False, 'install_base': '/run/host/home/veljkogalovic/robot_ws/install/my_robot_slam', 'merge_install': False, 'path': '/run/host/home/veljkogalovic/robot_ws/src/my_robot_slam', 'symlink_install': False, 'test_result_base': None}
[0.358s] INFO:colcon.colcon_core.executor:Executing jobs using 'parallel' executor
[0.359s] DEBUG:colcon.colcon_parallel_executor.executor.parallel:run_until_complete
[0.359s] INFO:colcon.colcon_ros.task.ament_python.build:Building ROS package in '/run/host/home/veljkogalovic/robot_ws/src/my_robot_slam' with build type 'ament_python'
[0.359s] Level 1:colcon.colcon_core.shell:create_environment_hook('my_robot_slam', 'ament_prefix_path')
[0.362s] INFO:colcon.colcon_core.plugin_system:Skipping extension 'colcon_core.shell.bat': Not used on non-Windows systems
[0.362s] INFO:colcon.colcon_core.shell:Creating environment hook '/run/host/home/veljkogalovic/robot_ws/install/my_robot_slam/share/my_robot_slam/hook/ament_prefix_path.ps1'
[0.363s] INFO:colcon.colcon_core.shell:Creating environment descriptor '/run/host/home/veljkogalovic/robot_ws/install/my_robot_slam/share/my_robot_slam/hook/ament_prefix_path.dsv'
[0.363s] INFO:colcon.colcon_core.shell:Creating environment hook '/run/host/home/veljkogalovic/robot_ws/install/my_robot_slam/share/my_robot_slam/hook/ament_prefix_path.sh'
[0.364s] INFO:colcon.colcon_core.shell:Skip shell extension 'powershell' for command environment: Not usable outside of PowerShell
[0.364s] DEBUG:colcon.colcon_core.shell:Skip shell extension 'dsv' for command environment
[0.605s] INFO:colcon.colcon_core.task.python.build:Building Python package in '/run/host/home/veljkogalovic/robot_ws/src/my_robot_slam'
[0.605s] INFO:colcon.colcon_core.shell:Skip shell extension 'powershell' for command environment: Not usable outside of PowerShell
[0.605s] DEBUG:colcon.colcon_core.shell:Skip shell extension 'dsv' for command environment
[0.925s] DEBUG:colcon.colcon_core.task.python.build:Available setuptools commands: easy_install, install_lib, egg_info, install_headers, develop, clean, build_py, build, install_data, check, bdist_egg, build_clib, rotate, build_scripts, install_scripts, bdist, upload_docs, upload, symlink_data, install_egg_info, sdist, alias, install, setopt, build_ext, test, dist_info, bdist_rpm, saveopts, bdist_dumb, register
[0.929s] DEBUG:colcon.colcon_core.event_handler.log_command:Invoking command in '/run/host/home/veljkogalovic/robot_ws/build/my_robot_slam': DEBUGINFOD_URLS=ima:enforcing https://debuginfod.fedoraproject.org/ ima:ignore PS1=📦[\u@ros2-env \W]$ PYTHONPATH=/run/host/home/veljkogalovic/robot_ws/build/my_robot_slam/prefix_override:/usr/lib/python3/dist-packages/colcon_core/task/python/colcon_distutils_commands:/run/host/home/veljkogalovic/robot_ws/install/my_robot_slam/lib/python3.10/site-packages:${PYTHONPATH} /usr/bin/python3 -W ignore:setup.py install is deprecated -W ignore:easy_install command is deprecated setup.py develop --uninstall --editable --build-directory /run/host/home/veljkogalovic/robot_ws/build/my_robot_slam/build
[1.326s] DEBUG:colcon.colcon_core.event_handler.log_command:Invoked command in '/run/host/home/veljkogalovic/robot_ws/build/my_robot_slam' returned '0': DEBUGINFOD_URLS=ima:enforcing https://debuginfod.fedoraproject.org/ ima:ignore PS1=📦[\u@ros2-env \W]$ PYTHONPATH=/run/host/home/veljkogalovic/robot_ws/build/my_robot_slam/prefix_override:/usr/lib/python3/dist-packages/colcon_core/task/python/colcon_distutils_commands:/run/host/home/veljkogalovic/robot_ws/install/my_robot_slam/lib/python3.10/site-packages:${PYTHONPATH} /usr/bin/python3 -W ignore:setup.py install is deprecated -W ignore:easy_install command is deprecated setup.py develop --uninstall --editable --build-directory /run/host/home/veljkogalovic/robot_ws/build/my_robot_slam/build
[1.327s] DEBUG:colcon.colcon_core.event_handler.log_command:Invoking command in '/run/host/home/veljkogalovic/robot_ws/src/my_robot_slam': DEBUGINFOD_URLS=ima:enforcing https://debuginfod.fedoraproject.org/ ima:ignore PS1=📦[\u@ros2-env \W]$ PYTHONPATH=/run/host/home/veljkogalovic/robot_ws/build/my_robot_slam/prefix_override:/usr/lib/python3/dist-packages/colcon_core/task/python/colcon_distutils_commands:/run/host/home/veljkogalovic/robot_ws/install/my_robot_slam/lib/python3.10/site-packages:${PYTHONPATH} /usr/bin/python3 -W ignore:setup.py install is deprecated -W ignore:easy_install command is deprecated setup.py egg_info --egg-base ../../build/my_robot_slam build --build-base /run/host/home/veljkogalovic/robot_ws/build/my_robot_slam/build install --record /run/host/home/veljkogalovic/robot_ws/build/my_robot_slam/install.log --install-scripts $base/lib/my_robot_slam --single-version-externally-managed install_data --force
[1.605s] DEBUG:colcon.colcon_core.event_handler.log_command:Invoked command in '/run/host/home/veljkogalovic/robot_ws/src/my_robot_slam' returned '0': DEBUGINFOD_URLS=ima:enforcing https://debuginfod.fedoraproject.org/ ima:ignore PS1=📦[\u@ros2-env \W]$ PYTHONPATH=/run/host/home/veljkogalovic/robot_ws/build/my_robot_slam/prefix_override:/usr/lib/python3/dist-packages/colcon_core/task/python/colcon_distutils_commands:/run/host/home/veljkogalovic/robot_ws/install/my_robot_slam/lib/python3.10/site-packages:${PYTHONPATH} /usr/bin/python3 -W ignore:setup.py install is deprecated -W ignore:easy_install command is deprecated setup.py egg_info --egg-base ../../build/my_robot_slam build --build-base /run/host/home/veljkogalovic/robot_ws/build/my_robot_slam/build install --record /run/host/home/veljkogalovic/robot_ws/build/my_robot_slam/install.log --install-scripts $base/lib/my_robot_slam --single-version-externally-managed install_data --force
[1.607s] Level 1:colcon.colcon_core.environment:checking '/run/host/home/veljkogalovic/robot_ws/install/my_robot_slam' for CMake module files
[1.607s] Level 1:colcon.colcon_core.environment:checking '/run/host/home/veljkogalovic/robot_ws/install/my_robot_slam' for CMake config files
[1.608s] Level 1:colcon.colcon_core.environment:checking '/run/host/home/veljkogalovic/robot_ws/install/my_robot_slam/lib'
[1.608s] Level 1:colcon.colcon_core.environment:checking '/run/host/home/veljkogalovic/robot_ws/install/my_robot_slam/bin'
[1.608s] Level 1:colcon.colcon_core.environment:checking '/run/host/home/veljkogalovic/robot_ws/install/my_robot_slam/lib/pkgconfig/my_robot_slam.pc'
[1.609s] Level 1:colcon.colcon_core.environment:checking '/run/host/home/veljkogalovic/robot_ws/install/my_robot_slam/lib/python3.10/site-packages'
[1.609s] Level 1:colcon.colcon_core.shell:create_environment_hook('my_robot_slam', 'pythonpath')
[1.609s] INFO:colcon.colcon_core.shell:Creating environment hook '/run/host/home/veljkogalovic/robot_ws/install/my_robot_slam/share/my_robot_slam/hook/pythonpath.ps1'
[1.609s] INFO:colcon.colcon_core.shell:Creating environment descriptor '/run/host/home/veljkogalovic/robot_ws/install/my_robot_slam/share/my_robot_slam/hook/pythonpath.dsv'
[1.610s] INFO:colcon.colcon_core.shell:Creating environment hook '/run/host/home/veljkogalovic/robot_ws/install/my_robot_slam/share/my_robot_slam/hook/pythonpath.sh'
[1.610s] Level 1:colcon.colcon_core.environment:checking '/run/host/home/veljkogalovic/robot_ws/install/my_robot_slam/bin'
[1.610s] Level 1:colcon.colcon_core.environment:create_environment_scripts_only(my_robot_slam)
[1.611s] INFO:colcon.colcon_core.shell:Creating package script '/run/host/home/veljkogalovic/robot_ws/install/my_robot_slam/share/my_robot_slam/package.ps1'
[1.612s] INFO:colcon.colcon_core.shell:Creating package descriptor '/run/host/home/veljkogalovic/robot_ws/install/my_robot_slam/share/my_robot_slam/package.dsv'
[1.612s] INFO:colcon.colcon_core.shell:Creating package script '/run/host/home/veljkogalovic/robot_ws/install/my_robot_slam/share/my_robot_slam/package.sh'
[1.613s] INFO:colcon.colcon_core.shell:Creating package script '/run/host/home/veljkogalovic/robot_ws/install/my_robot_slam/share/my_robot_slam/package.bash'
[1.614s] INFO:colcon.colcon_core.shell:Creating package script '/run/host/home/veljkogalovic/robot_ws/install/my_robot_slam/share/my_robot_slam/package.zsh'
[1.614s] Level 1:colcon.colcon_core.environment:create_file_with_runtime_dependencies(/run/host/home/veljkogalovic/robot_ws/install/my_robot_slam/share/colcon-core/packages/my_robot_slam)
[1.614s] DEBUG:colcon.colcon_parallel_executor.executor.parallel:closing loop
[1.615s] DEBUG:colcon.colcon_parallel_executor.executor.parallel:loop closed
[1.615s] DEBUG:colcon.colcon_parallel_executor.executor.parallel:run_until_complete finished with '0'
[1.615s] DEBUG:colcon.colcon_core.event_reactor:joining thread
[1.620s] INFO:colcon.colcon_core.plugin_system:Skipping extension 'colcon_notification.desktop_notification.notify_send': Could not find 'notify-send'
[1.620s] INFO:colcon.colcon_core.plugin_system:Skipping extension 'colcon_notification.desktop_notification.terminal_notifier': Not used on non-Darwin systems
[1.620s] INFO:colcon.colcon_core.plugin_system:Skipping extension 'colcon_notification.desktop_notification.win32': Not used on non-Windows systems
[1.620s] INFO:colcon.colcon_notification.desktop_notification:Sending desktop notification using 'notify2'
[1.656s] DEBUG:colcon.colcon_core.event_reactor:joined thread
[1.657s] INFO:colcon.colcon_core.shell:Creating prefix script '/run/host/home/veljkogalovic/robot_ws/install/local_setup.ps1'
[1.661s] INFO:colcon.colcon_core.shell:Creating prefix util module '/run/host/home/veljkogalovic/robot_ws/install/_local_setup_util_ps1.py'
[1.665s] INFO:colcon.colcon_core.shell:Creating prefix chain script '/run/host/home/veljkogalovic/robot_ws/install/setup.ps1'
[1.668s] INFO:colcon.colcon_core.shell:Creating prefix script '/run/host/home/veljkogalovic/robot_ws/install/local_setup.sh'
[1.670s] INFO:colcon.colcon_core.shell:Creating prefix util module '/run/host/home/veljkogalovic/robot_ws/install/_local_setup_util_sh.py'
[1.671s] INFO:colcon.colcon_core.shell:Creating prefix chain script '/run/host/home/veljkogalovic/robot_ws/install/setup.sh'
[1.673s] INFO:colcon.colcon_core.shell:Creating prefix script '/run/host/home/veljkogalovic/robot_ws/install/local_setup.bash'
[1.674s] INFO:colcon.colcon_core.shell:Creating prefix chain script '/run/host/home/veljkogalovic/robot_ws/install/setup.bash'
[1.676s] INFO:colcon.colcon_core.shell:Creating prefix script '/run/host/home/veljkogalovic/robot_ws/install/local_setup.zsh'
[1.677s] INFO:colcon.colcon_core.shell:Creating prefix chain script '/run/host/home/veljkogalovic/robot_ws/install/setup.zsh'
