[7.505s] Invoking command in '/home/pfe/SlamGit/lk-s-2026-miloje-slam/src/my_robot_slam': PYTHONPATH=/home/pfe/SlamGit/lk-s-2026-miloje-slam/build/my_robot_slam/prefix_override:/usr/lib/python3/dist-packages/colcon_core/task/python/colcon_distutils_commands:/home/pfe/SlamGit/lk-s-2026-miloje-slam/install/my_robot_slam/lib/python3.12/site-packages:${PYTHONPATH} /usr/bin/python3 -W ignore:setup.py install is deprecated -W ignore:easy_install command is deprecated setup.py egg_info --egg-base ../../build/my_robot_slam build --build-base /home/pfe/SlamGit/lk-s-2026-miloje-slam/build/my_robot_slam/build install --record /home/pfe/SlamGit/lk-s-2026-miloje-slam/build/my_robot_slam/install.log --install-scripts $base/lib/my_robot_slam --single-version-externally-managed install_data
[9.932s] running egg_info
[9.934s] creating ../../build/my_robot_slam/my_robot_slam.egg-info
[10.102s] writing ../../build/my_robot_slam/my_robot_slam.egg-info/PKG-INFO
[10.105s] writing dependency_links to ../../build/my_robot_slam/my_robot_slam.egg-info/dependency_links.txt
[10.107s] writing entry points to ../../build/my_robot_slam/my_robot_slam.egg-info/entry_points.txt
[10.109s] writing requirements to ../../build/my_robot_slam/my_robot_slam.egg-info/requires.txt
[10.110s] writing top-level names to ../../build/my_robot_slam/my_robot_slam.egg-info/top_level.txt
[10.112s] writing manifest file '../../build/my_robot_slam/my_robot_slam.egg-info/SOURCES.txt'
[10.458s] reading manifest file '../../build/my_robot_slam/my_robot_slam.egg-info/SOURCES.txt'
[10.465s] writing manifest file '../../build/my_robot_slam/my_robot_slam.egg-info/SOURCES.txt'
[10.467s] running build
[10.468s] running build_py
[10.470s] creating /home/pfe/SlamGit/lk-s-2026-miloje-slam/build/my_robot_slam/build
[10.471s] creating /home/pfe/SlamGit/lk-s-2026-miloje-slam/build/my_robot_slam/build/lib
[10.472s] creating /home/pfe/SlamGit/lk-s-2026-miloje-slam/build/my_robot_slam/build/lib/my_robot_slam
[10.474s] copying my_robot_slam/MOTION_PATH_TESTER.py -> /home/pfe/SlamGit/lk-s-2026-miloje-slam/build/my_robot_slam/build/lib/my_robot_slam
[10.475s] copying my_robot_slam/slam_processor.py -> /home/pfe/SlamGit/lk-s-2026-miloje-slam/build/my_robot_slam/build/lib/my_robot_slam
[10.476s] copying my_robot_slam/odometrija.py -> /home/pfe/SlamGit/lk-s-2026-miloje-slam/build/my_robot_slam/build/lib/my_robot_slam
[10.478s] copying my_robot_slam/__init__.py -> /home/pfe/SlamGit/lk-s-2026-miloje-slam/build/my_robot_slam/build/lib/my_robot_slam
[10.480s] copying my_robot_slam/motori.py -> /home/pfe/SlamGit/lk-s-2026-miloje-slam/build/my_robot_slam/build/lib/my_robot_slam
[10.482s] copying my_robot_slam/path_planner.py -> /home/pfe/SlamGit/lk-s-2026-miloje-slam/build/my_robot_slam/build/lib/my_robot_slam
[10.483s] copying my_robot_slam/enkoder_sim.py -> /home/pfe/SlamGit/lk-s-2026-miloje-slam/build/my_robot_slam/build/lib/my_robot_slam
[10.485s] copying my_robot_slam/desni_motor.py -> /home/pfe/SlamGit/lk-s-2026-miloje-slam/build/my_robot_slam/build/lib/my_robot_slam
[10.487s] copying my_robot_slam/komunikacija.py -> /home/pfe/SlamGit/lk-s-2026-miloje-slam/build/my_robot_slam/build/lib/my_robot_slam
[10.489s] copying my_robot_slam/motion_planner.py -> /home/pfe/SlamGit/lk-s-2026-miloje-slam/build/my_robot_slam/build/lib/my_robot_slam
[10.491s] copying my_robot_slam/mock_laser.py -> /home/pfe/SlamGit/lk-s-2026-miloje-slam/build/my_robot_slam/build/lib/my_robot_slam
[10.493s] copying my_robot_slam/battery_monitor.py -> /home/pfe/SlamGit/lk-s-2026-miloje-slam/build/my_robot_slam/build/lib/my_robot_slam
[10.496s] running install
[10.561s] running install_lib
[10.735s] creating /home/pfe/SlamGit/lk-s-2026-miloje-slam/install/my_robot_slam/lib/python3.12/site-packages/my_robot_slam
[10.736s] copying /home/pfe/SlamGit/lk-s-2026-miloje-slam/build/my_robot_slam/build/lib/my_robot_slam/MOTION_PATH_TESTER.py -> /home/pfe/SlamGit/lk-s-2026-miloje-slam/install/my_robot_slam/lib/python3.12/site-packages/my_robot_slam
[10.738s] copying /home/pfe/SlamGit/lk-s-2026-miloje-slam/build/my_robot_slam/build/lib/my_robot_slam/slam_processor.py -> /home/pfe/SlamGit/lk-s-2026-miloje-slam/install/my_robot_slam/lib/python3.12/site-packages/my_robot_slam
[10.740s] copying /home/pfe/SlamGit/lk-s-2026-miloje-slam/build/my_robot_slam/build/lib/my_robot_slam/odometrija.py -> /home/pfe/SlamGit/lk-s-2026-miloje-slam/install/my_robot_slam/lib/python3.12/site-packages/my_robot_slam
[10.742s] copying /home/pfe/SlamGit/lk-s-2026-miloje-slam/build/my_robot_slam/build/lib/my_robot_slam/__init__.py -> /home/pfe/SlamGit/lk-s-2026-miloje-slam/install/my_robot_slam/lib/python3.12/site-packages/my_robot_slam
[10.744s] copying /home/pfe/SlamGit/lk-s-2026-miloje-slam/build/my_robot_slam/build/lib/my_robot_slam/motori.py -> /home/pfe/SlamGit/lk-s-2026-miloje-slam/install/my_robot_slam/lib/python3.12/site-packages/my_robot_slam
[10.746s] copying /home/pfe/SlamGit/lk-s-2026-miloje-slam/build/my_robot_slam/build/lib/my_robot_slam/path_planner.py -> /home/pfe/SlamGit/lk-s-2026-miloje-slam/install/my_robot_slam/lib/python3.12/site-packages/my_robot_slam
[10.748s] copying /home/pfe/SlamGit/lk-s-2026-miloje-slam/build/my_robot_slam/build/lib/my_robot_slam/enkoder_sim.py -> /home/pfe/SlamGit/lk-s-2026-miloje-slam/install/my_robot_slam/lib/python3.12/site-packages/my_robot_slam
[10.750s] copying /home/pfe/SlamGit/lk-s-2026-miloje-slam/build/my_robot_slam/build/lib/my_robot_slam/desni_motor.py -> /home/pfe/SlamGit/lk-s-2026-miloje-slam/install/my_robot_slam/lib/python3.12/site-packages/my_robot_slam
[10.752s] copying /home/pfe/SlamGit/lk-s-2026-miloje-slam/build/my_robot_slam/build/lib/my_robot_slam/komunikacija.py -> /home/pfe/SlamGit/lk-s-2026-miloje-slam/install/my_robot_slam/lib/python3.12/site-packages/my_robot_slam
[10.754s] copying /home/pfe/SlamGit/lk-s-2026-miloje-slam/build/my_robot_slam/build/lib/my_robot_slam/motion_planner.py -> /home/pfe/SlamGit/lk-s-2026-miloje-slam/install/my_robot_slam/lib/python3.12/site-packages/my_robot_slam
[10.756s] copying /home/pfe/SlamGit/lk-s-2026-miloje-slam/build/my_robot_slam/build/lib/my_robot_slam/mock_laser.py -> /home/pfe/SlamGit/lk-s-2026-miloje-slam/install/my_robot_slam/lib/python3.12/site-packages/my_robot_slam
[10.758s] copying /home/pfe/SlamGit/lk-s-2026-miloje-slam/build/my_robot_slam/build/lib/my_robot_slam/battery_monitor.py -> /home/pfe/SlamGit/lk-s-2026-miloje-slam/install/my_robot_slam/lib/python3.12/site-packages/my_robot_slam
[10.763s] byte-compiling /home/pfe/SlamGit/lk-s-2026-miloje-slam/install/my_robot_slam/lib/python3.12/site-packages/my_robot_slam/MOTION_PATH_TESTER.py to MOTION_PATH_TESTER.cpython-312.pyc
[10.767s] byte-compiling /home/pfe/SlamGit/lk-s-2026-miloje-slam/install/my_robot_slam/lib/python3.12/site-packages/my_robot_slam/slam_processor.py to slam_processor.cpython-312.pyc
[10.770s] byte-compiling /home/pfe/SlamGit/lk-s-2026-miloje-slam/install/my_robot_slam/lib/python3.12/site-packages/my_robot_slam/odometrija.py to odometrija.cpython-312.pyc
[10.780s] byte-compiling /home/pfe/SlamGit/lk-s-2026-miloje-slam/install/my_robot_slam/lib/python3.12/site-packages/my_robot_slam/__init__.py to __init__.cpython-312.pyc
[10.783s] byte-compiling /home/pfe/SlamGit/lk-s-2026-miloje-slam/install/my_robot_slam/lib/python3.12/site-packages/my_robot_slam/motori.py to motori.cpython-312.pyc
[10.789s] byte-compiling /home/pfe/SlamGit/lk-s-2026-miloje-slam/install/my_robot_slam/lib/python3.12/site-packages/my_robot_slam/path_planner.py to path_planner.cpython-312.pyc
[10.807s] byte-compiling /home/pfe/SlamGit/lk-s-2026-miloje-slam/install/my_robot_slam/lib/python3.12/site-packages/my_robot_slam/enkoder_sim.py to enkoder_sim.cpython-312.pyc
[10.811s] byte-compiling /home/pfe/SlamGit/lk-s-2026-miloje-slam/install/my_robot_slam/lib/python3.12/site-packages/my_robot_slam/desni_motor.py to desni_motor.cpython-312.pyc
[10.817s] byte-compiling /home/pfe/SlamGit/lk-s-2026-miloje-slam/install/my_robot_slam/lib/python3.12/site-packages/my_robot_slam/komunikacija.py to komunikacija.cpython-312.pyc
[10.823s] byte-compiling /home/pfe/SlamGit/lk-s-2026-miloje-slam/install/my_robot_slam/lib/python3.12/site-packages/my_robot_slam/motion_planner.py to motion_planner.cpython-312.pyc
[10.831s] byte-compiling /home/pfe/SlamGit/lk-s-2026-miloje-slam/install/my_robot_slam/lib/python3.12/site-packages/my_robot_slam/mock_laser.py to mock_laser.cpython-312.pyc
[10.836s] byte-compiling /home/pfe/SlamGit/lk-s-2026-miloje-slam/install/my_robot_slam/lib/python3.12/site-packages/my_robot_slam/battery_monitor.py to battery_monitor.cpython-312.pyc
[10.842s] running install_data
[10.843s] creating /home/pfe/SlamGit/lk-s-2026-miloje-slam/install/my_robot_slam/share/ament_index
[10.845s] creating /home/pfe/SlamGit/lk-s-2026-miloje-slam/install/my_robot_slam/share/ament_index/resource_index
[10.846s] creating /home/pfe/SlamGit/lk-s-2026-miloje-slam/install/my_robot_slam/share/ament_index/resource_index/packages
[10.847s] copying resource/my_robot_slam -> /home/pfe/SlamGit/lk-s-2026-miloje-slam/install/my_robot_slam/share/ament_index/resource_index/packages
[10.849s] copying package.xml -> /home/pfe/SlamGit/lk-s-2026-miloje-slam/install/my_robot_slam/share/my_robot_slam
[10.850s] creating /home/pfe/SlamGit/lk-s-2026-miloje-slam/install/my_robot_slam/share/my_robot_slam/launch
[10.851s] creating /home/pfe/SlamGit/lk-s-2026-miloje-slam/install/my_robot_slam/share/my_robot_slam/config
[10.852s] running install_egg_info
[11.035s] Copying ../../build/my_robot_slam/my_robot_slam.egg-info to /home/pfe/SlamGit/lk-s-2026-miloje-slam/install/my_robot_slam/lib/python3.12/site-packages/my_robot_slam-0.0.0-py3.12.egg-info
[11.046s] running install_scripts
[12.267s] Installing battery_monitor script to /home/pfe/SlamGit/lk-s-2026-miloje-slam/install/my_robot_slam/lib/my_robot_slam
[12.279s] Installing desni_motor script to /home/pfe/SlamGit/lk-s-2026-miloje-slam/install/my_robot_slam/lib/my_robot_slam
[12.281s] Installing enkoder_sim script to /home/pfe/SlamGit/lk-s-2026-miloje-slam/install/my_robot_slam/lib/my_robot_slam
[12.283s] Installing komunikacija script to /home/pfe/SlamGit/lk-s-2026-miloje-slam/install/my_robot_slam/lib/my_robot_slam
[12.285s] Installing levi_motor script to /home/pfe/SlamGit/lk-s-2026-miloje-slam/install/my_robot_slam/lib/my_robot_slam
[12.287s] Installing mock_laser script to /home/pfe/SlamGit/lk-s-2026-miloje-slam/install/my_robot_slam/lib/my_robot_slam
[12.289s] Installing motion_planner script to /home/pfe/SlamGit/lk-s-2026-miloje-slam/install/my_robot_slam/lib/my_robot_slam
[12.291s] Installing odometrija script to /home/pfe/SlamGit/lk-s-2026-miloje-slam/install/my_robot_slam/lib/my_robot_slam
[12.292s] Installing path_planner script to /home/pfe/SlamGit/lk-s-2026-miloje-slam/install/my_robot_slam/lib/my_robot_slam
[12.294s] Installing slam_processor script to /home/pfe/SlamGit/lk-s-2026-miloje-slam/install/my_robot_slam/lib/my_robot_slam
[12.298s] writing list of installed files to '/home/pfe/SlamGit/lk-s-2026-miloje-slam/build/my_robot_slam/install.log'
[12.595s] Invoked command in '/home/pfe/SlamGit/lk-s-2026-miloje-slam/src/my_robot_slam' returned '0': PYTHONPATH=/home/pfe/SlamGit/lk-s-2026-miloje-slam/build/my_robot_slam/prefix_override:/usr/lib/python3/dist-packages/colcon_core/task/python/colcon_distutils_commands:/home/pfe/SlamGit/lk-s-2026-miloje-slam/install/my_robot_slam/lib/python3.12/site-packages:${PYTHONPATH} /usr/bin/python3 -W ignore:setup.py install is deprecated -W ignore:easy_install command is deprecated setup.py egg_info --egg-base ../../build/my_robot_slam build --build-base /home/pfe/SlamGit/lk-s-2026-miloje-slam/build/my_robot_slam/build install --record /home/pfe/SlamGit/lk-s-2026-miloje-slam/build/my_robot_slam/install.log --install-scripts $base/lib/my_robot_slam --single-version-externally-managed install_data
