[0.548s] Invoking command in '/run/host/home/veljkogalovic/robot_ws/src/my_robot_slam': DEBUGINFOD_URLS=ima:enforcing https://debuginfod.fedoraproject.org/ ima:ignore PS1=📦[\u@ros2-env \W]$ PYTHONPATH=/run/host/home/veljkogalovic/robot_ws/build/my_robot_slam/prefix_override:/usr/lib/python3/dist-packages/colcon_core/task/python/colcon_distutils_commands:/run/host/home/veljkogalovic/robot_ws/install/my_robot_slam/lib/python3.10/site-packages:${PYTHONPATH} /usr/bin/python3 -W ignore:setup.py install is deprecated -W ignore:easy_install command is deprecated setup.py egg_info --egg-base ../../build/my_robot_slam build --build-base /run/host/home/veljkogalovic/robot_ws/build/my_robot_slam/build install --record /run/host/home/veljkogalovic/robot_ws/build/my_robot_slam/install.log --install-scripts $base/lib/my_robot_slam --single-version-externally-managed install_data
[0.746s] running egg_info
[0.747s] writing ../../build/my_robot_slam/my_robot_slam.egg-info/PKG-INFO
[0.747s] writing dependency_links to ../../build/my_robot_slam/my_robot_slam.egg-info/dependency_links.txt
[0.747s] writing entry points to ../../build/my_robot_slam/my_robot_slam.egg-info/entry_points.txt
[0.747s] writing requirements to ../../build/my_robot_slam/my_robot_slam.egg-info/requires.txt
[0.747s] writing top-level names to ../../build/my_robot_slam/my_robot_slam.egg-info/top_level.txt
[0.749s] reading manifest file '../../build/my_robot_slam/my_robot_slam.egg-info/SOURCES.txt'
[0.750s] writing manifest file '../../build/my_robot_slam/my_robot_slam.egg-info/SOURCES.txt'
[0.750s] running build
[0.750s] running build_py
[0.751s] running install
[0.751s] running install_lib
[0.752s] running install_data
[0.753s] running install_egg_info
[0.754s] removing '/run/host/home/veljkogalovic/robot_ws/install/my_robot_slam/lib/python3.10/site-packages/my_robot_slam-0.0.0-py3.10.egg-info' (and everything under it)
[0.754s] Copying ../../build/my_robot_slam/my_robot_slam.egg-info to /run/host/home/veljkogalovic/robot_ws/install/my_robot_slam/lib/python3.10/site-packages/my_robot_slam-0.0.0-py3.10.egg-info
[0.755s] running install_scripts
[0.776s] Installing battery_monitor script to /run/host/home/veljkogalovic/robot_ws/install/my_robot_slam/lib/my_robot_slam
[0.776s] Installing desni_motor script to /run/host/home/veljkogalovic/robot_ws/install/my_robot_slam/lib/my_robot_slam
[0.776s] Installing komunikacija script to /run/host/home/veljkogalovic/robot_ws/install/my_robot_slam/lib/my_robot_slam
[0.776s] Installing levi_motor script to /run/host/home/veljkogalovic/robot_ws/install/my_robot_slam/lib/my_robot_slam
[0.776s] Installing mock_laser script to /run/host/home/veljkogalovic/robot_ws/install/my_robot_slam/lib/my_robot_slam
[0.776s] Installing motion_planner script to /run/host/home/veljkogalovic/robot_ws/install/my_robot_slam/lib/my_robot_slam
[0.776s] Installing odom_publisher script to /run/host/home/veljkogalovic/robot_ws/install/my_robot_slam/lib/my_robot_slam
[0.776s] Installing path_planner script to /run/host/home/veljkogalovic/robot_ws/install/my_robot_slam/lib/my_robot_slam
[0.776s] Installing slam_processor script to /run/host/home/veljkogalovic/robot_ws/install/my_robot_slam/lib/my_robot_slam
[0.776s] writing list of installed files to '/run/host/home/veljkogalovic/robot_ws/build/my_robot_slam/install.log'
[0.801s] Invoked command in '/run/host/home/veljkogalovic/robot_ws/src/my_robot_slam' returned '0': DEBUGINFOD_URLS=ima:enforcing https://debuginfod.fedoraproject.org/ ima:ignore PS1=📦[\u@ros2-env \W]$ PYTHONPATH=/run/host/home/veljkogalovic/robot_ws/build/my_robot_slam/prefix_override:/usr/lib/python3/dist-packages/colcon_core/task/python/colcon_distutils_commands:/run/host/home/veljkogalovic/robot_ws/install/my_robot_slam/lib/python3.10/site-packages:${PYTHONPATH} /usr/bin/python3 -W ignore:setup.py install is deprecated -W ignore:easy_install command is deprecated setup.py egg_info --egg-base ../../build/my_robot_slam build --build-base /run/host/home/veljkogalovic/robot_ws/build/my_robot_slam/build install --record /run/host/home/veljkogalovic/robot_ws/build/my_robot_slam/install.log --install-scripts $base/lib/my_robot_slam --single-version-externally-managed install_data
