running egg_info
writing ../../../build/my_robot_slam/my_robot_slam.egg-info/PKG-INFO
writing dependency_links to ../../../build/my_robot_slam/my_robot_slam.egg-info/dependency_links.txt
writing entry points to ../../../build/my_robot_slam/my_robot_slam.egg-info/entry_points.txt
writing requirements to ../../../build/my_robot_slam/my_robot_slam.egg-info/requires.txt
writing top-level names to ../../../build/my_robot_slam/my_robot_slam.egg-info/top_level.txt
reading manifest file '../../../build/my_robot_slam/my_robot_slam.egg-info/SOURCES.txt'
writing manifest file '../../../build/my_robot_slam/my_robot_slam.egg-info/SOURCES.txt'
running build
running build_py
running install
running install_lib
creating /usr/local/lib/python3.10/dist-packages/my_robot_slam
copying /home/veljkogalovic/robot_ws/git@github.com:pfe-rs/build/my_robot_slam/build/lib/my_robot_slam/__init__.py -> /usr/local/lib/python3.10/dist-packages/my_robot_slam
copying /home/veljkogalovic/robot_ws/git@github.com:pfe-rs/build/my_robot_slam/build/lib/my_robot_slam/battery_monitor.py -> /usr/local/lib/python3.10/dist-packages/my_robot_slam
copying /home/veljkogalovic/robot_ws/git@github.com:pfe-rs/build/my_robot_slam/build/lib/my_robot_slam/desni_motor.py -> /usr/local/lib/python3.10/dist-packages/my_robot_slam
copying /home/veljkogalovic/robot_ws/git@github.com:pfe-rs/build/my_robot_slam/build/lib/my_robot_slam/enkoder_sim.py -> /usr/local/lib/python3.10/dist-packages/my_robot_slam
copying /home/veljkogalovic/robot_ws/git@github.com:pfe-rs/build/my_robot_slam/build/lib/my_robot_slam/komunikacija.py -> /usr/local/lib/python3.10/dist-packages/my_robot_slam
copying /home/veljkogalovic/robot_ws/git@github.com:pfe-rs/build/my_robot_slam/build/lib/my_robot_slam/levi_motor.py -> /usr/local/lib/python3.10/dist-packages/my_robot_slam
copying /home/veljkogalovic/robot_ws/git@github.com:pfe-rs/build/my_robot_slam/build/lib/my_robot_slam/mock_laser.py -> /usr/local/lib/python3.10/dist-packages/my_robot_slam
copying /home/veljkogalovic/robot_ws/git@github.com:pfe-rs/build/my_robot_slam/build/lib/my_robot_slam/motion_planner.py -> /usr/local/lib/python3.10/dist-packages/my_robot_slam
copying /home/veljkogalovic/robot_ws/git@github.com:pfe-rs/build/my_robot_slam/build/lib/my_robot_slam/odometrija.py -> /usr/local/lib/python3.10/dist-packages/my_robot_slam
copying /home/veljkogalovic/robot_ws/git@github.com:pfe-rs/build/my_robot_slam/build/lib/my_robot_slam/path_planner.py -> /usr/local/lib/python3.10/dist-packages/my_robot_slam
copying /home/veljkogalovic/robot_ws/git@github.com:pfe-rs/build/my_robot_slam/build/lib/my_robot_slam/slam_processor.py -> /usr/local/lib/python3.10/dist-packages/my_robot_slam
copying /home/veljkogalovic/robot_ws/git@github.com:pfe-rs/build/my_robot_slam/build/lib/my_robot_slam/1LidarReading.py -> /usr/local/lib/python3.10/dist-packages/my_robot_slam
byte-compiling /usr/local/lib/python3.10/dist-packages/my_robot_slam/__init__.py to __init__.cpython-310.pyc
byte-compiling /usr/local/lib/python3.10/dist-packages/my_robot_slam/battery_monitor.py to battery_monitor.cpython-310.pyc
byte-compiling /usr/local/lib/python3.10/dist-packages/my_robot_slam/desni_motor.py to desni_motor.cpython-310.pyc
byte-compiling /usr/local/lib/python3.10/dist-packages/my_robot_slam/enkoder_sim.py to enkoder_sim.cpython-310.pyc
byte-compiling /usr/local/lib/python3.10/dist-packages/my_robot_slam/komunikacija.py to komunikacija.cpython-310.pyc
byte-compiling /usr/local/lib/python3.10/dist-packages/my_robot_slam/levi_motor.py to levi_motor.cpython-310.pyc
byte-compiling /usr/local/lib/python3.10/dist-packages/my_robot_slam/mock_laser.py to mock_laser.cpython-310.pyc
byte-compiling /usr/local/lib/python3.10/dist-packages/my_robot_slam/motion_planner.py to motion_planner.cpython-310.pyc
byte-compiling /usr/local/lib/python3.10/dist-packages/my_robot_slam/odometrija.py to odometrija.cpython-310.pyc
byte-compiling /usr/local/lib/python3.10/dist-packages/my_robot_slam/path_planner.py to path_planner.cpython-310.pyc
byte-compiling /usr/local/lib/python3.10/dist-packages/my_robot_slam/slam_processor.py to slam_processor.cpython-310.pyc
byte-compiling /usr/local/lib/python3.10/dist-packages/my_robot_slam/1LidarReading.py to 1LidarReading.cpython-310.pyc
running install_data
creating /usr/local/share/ament_index
creating /usr/local/share/ament_index/resource_index
creating /usr/local/share/ament_index/resource_index/packages
copying resource/my_robot_slam -> /usr/local/share/ament_index/resource_index/packages
creating /usr/local/share/my_robot_slam
copying package.xml -> /usr/local/share/my_robot_slam
creating /usr/local/share/my_robot_slam/launch
creating /usr/local/share/my_robot_slam/config
running install_egg_info
Copying ../../../build/my_robot_slam/my_robot_slam.egg-info to /usr/local/lib/python3.10/dist-packages/my_robot_slam-0.0.0.egg-info
running install_scripts
Installing battery_monitor script to /usr/lib/my_robot_slam
Installing desni_motor script to /usr/lib/my_robot_slam
Installing enkoder_sim script to /usr/lib/my_robot_slam
Installing komunikacija script to /usr/lib/my_robot_slam
Installing levi_motor script to /usr/lib/my_robot_slam
Installing mock_laser script to /usr/lib/my_robot_slam
Installing motion_planner script to /usr/lib/my_robot_slam
Installing odometrija script to /usr/lib/my_robot_slam
Installing path_planner script to /usr/lib/my_robot_slam
Installing slam_processor script to /usr/lib/my_robot_slam
writing list of installed files to '/home/veljkogalovic/robot_ws/git@github.com:pfe-rs/build/my_robot_slam/install.log'
