[0.131s] DEBUG:colcon:Command line arguments: ['/usr/bin/colcon', 'build']
[0.131s] DEBUG:colcon:Parsed command line arguments: Namespace(log_base=None, log_level=None, verb_name='build', build_base='build', install_base='install', merge_install=False, symlink_install=False, test_result_base=None, continue_on_error=False, executor='parallel', parallel_workers=12, event_handlers=None, ignore_user_meta=False, metas=['./colcon.meta'], base_paths=['.'], packages_ignore=None, packages_ignore_regex=None, paths=None, packages_up_to=None, packages_up_to_regex=None, packages_above=None, packages_above_and_dependencies=None, packages_above_depth=None, packages_select_by_dep=None, packages_skip_by_dep=None, packages_skip_up_to=None, packages_select_build_failed=False, packages_skip_build_finished=False, packages_select_test_failures=False, packages_skip_test_passed=False, packages_select=None, packages_skip=None, packages_select_regex=None, packages_skip_regex=None, packages_start=None, packages_end=None, allow_overriding=[], cmake_args=None, cmake_target=None, cmake_target_skip_unavailable=False, cmake_clean_cache=False, cmake_clean_first=False, cmake_force_configure=False, ament_cmake_args=None, catkin_cmake_args=None, catkin_skip_building_tests=False, mixin_files=None, mixin=None, verb_parser=<colcon_mixin.mixin.mixin_argument.MixinArgumentDecorator object at 0x7853d979d7f0>, verb_extension=<colcon_core.verb.build.BuildVerb object at 0x7853d979cda0>, main=<bound method BuildVerb.main of <colcon_core.verb.build.BuildVerb object at 0x7853d979cda0>>, mixin_verb=('build',))
[0.175s] Level 1:colcon.colcon_core.package_discovery:discover_packages(colcon_meta) check parameters
[0.175s] Level 1:colcon.colcon_core.package_discovery:discover_packages(recursive) check parameters
[0.175s] Level 1:colcon.colcon_core.package_discovery:discover_packages(ignore) check parameters
[0.175s] Level 1:colcon.colcon_core.package_discovery:discover_packages(path) check parameters
[0.176s] Level 1:colcon.colcon_core.package_discovery:discover_packages(colcon_meta) discover
[0.176s] Level 1:colcon.colcon_core.package_discovery:discover_packages(recursive) discover
[0.176s] INFO:colcon.colcon_core.package_discovery:Crawling recursively for packages in '/home/nemanja/pfe/letnji_2026/lk-s-2026-miloje-slam'
[0.176s] Level 1:colcon.colcon_core.package_identification:_identify(.) by extensions ['ignore', 'ignore_ament_install']
[0.176s] Level 1:colcon.colcon_core.package_identification:_identify(.) by extension 'ignore'
[0.176s] Level 1:colcon.colcon_core.package_identification:_identify(.) by extension 'ignore_ament_install'
[0.176s] Level 1:colcon.colcon_core.package_identification:_identify(.) by extensions ['colcon_pkg']
[0.176s] Level 1:colcon.colcon_core.package_identification:_identify(.) by extension 'colcon_pkg'
[0.176s] Level 1:colcon.colcon_core.package_identification:_identify(.) by extensions ['colcon_meta']
[0.176s] Level 1:colcon.colcon_core.package_identification:_identify(.) by extension 'colcon_meta'
[0.176s] Level 1:colcon.colcon_core.package_identification:_identify(.) by extensions ['ros']
[0.176s] Level 1:colcon.colcon_core.package_identification:_identify(.) by extension 'ros'
[0.208s] Level 1:colcon.colcon_core.package_identification:_identify(.) by extensions ['cmake', 'python']
[0.208s] Level 1:colcon.colcon_core.package_identification:_identify(.) by extension 'cmake'
[0.208s] Level 1:colcon.colcon_core.package_identification:_identify(.) by extension 'python'
[0.208s] Level 1:colcon.colcon_core.package_identification:_identify(.) by extensions ['python_setup_py']
[0.208s] Level 1:colcon.colcon_core.package_identification:_identify(.) by extension 'python_setup_py'
[0.208s] Level 1:colcon.colcon_core.package_identification:_identify(build) by extensions ['ignore', 'ignore_ament_install']
[0.208s] Level 1:colcon.colcon_core.package_identification:_identify(build) by extension 'ignore'
[0.208s] Level 1:colcon.colcon_core.package_identification:_identify(build) ignored
[0.208s] Level 1:colcon.colcon_core.package_identification:_identify(install) by extensions ['ignore', 'ignore_ament_install']
[0.208s] Level 1:colcon.colcon_core.package_identification:_identify(install) by extension 'ignore'
[0.208s] Level 1:colcon.colcon_core.package_identification:_identify(install) ignored
[0.209s] Level 1:colcon.colcon_core.package_identification:_identify(log) by extensions ['ignore', 'ignore_ament_install']
[0.209s] Level 1:colcon.colcon_core.package_identification:_identify(log) by extension 'ignore'
[0.209s] Level 1:colcon.colcon_core.package_identification:_identify(log) ignored
[0.209s] Level 1:colcon.colcon_core.package_identification:_identify(src) by extensions ['ignore', 'ignore_ament_install']
[0.209s] Level 1:colcon.colcon_core.package_identification:_identify(src) by extension 'ignore'
[0.209s] Level 1:colcon.colcon_core.package_identification:_identify(src) by extension 'ignore_ament_install'
[0.209s] Level 1:colcon.colcon_core.package_identification:_identify(src) by extensions ['colcon_pkg']
[0.209s] Level 1:colcon.colcon_core.package_identification:_identify(src) by extension 'colcon_pkg'
[0.209s] Level 1:colcon.colcon_core.package_identification:_identify(src) by extensions ['colcon_meta']
[0.209s] Level 1:colcon.colcon_core.package_identification:_identify(src) by extension 'colcon_meta'
[0.209s] Level 1:colcon.colcon_core.package_identification:_identify(src) by extensions ['ros']
[0.209s] Level 1:colcon.colcon_core.package_identification:_identify(src) by extension 'ros'
[0.209s] Level 1:colcon.colcon_core.package_identification:_identify(src) by extensions ['cmake', 'python']
[0.209s] Level 1:colcon.colcon_core.package_identification:_identify(src) by extension 'cmake'
[0.209s] Level 1:colcon.colcon_core.package_identification:_identify(src) by extension 'python'
[0.209s] Level 1:colcon.colcon_core.package_identification:_identify(src) by extensions ['python_setup_py']
[0.209s] Level 1:colcon.colcon_core.package_identification:_identify(src) by extension 'python_setup_py'
[0.209s] Level 1:colcon.colcon_core.package_identification:_identify(src/my_robot_slam) by extensions ['ignore', 'ignore_ament_install']
[0.210s] Level 1:colcon.colcon_core.package_identification:_identify(src/my_robot_slam) by extension 'ignore'
[0.210s] Level 1:colcon.colcon_core.package_identification:_identify(src/my_robot_slam) by extension 'ignore_ament_install'
[0.210s] Level 1:colcon.colcon_core.package_identification:_identify(src/my_robot_slam) by extensions ['colcon_pkg']
[0.210s] Level 1:colcon.colcon_core.package_identification:_identify(src/my_robot_slam) by extension 'colcon_pkg'
[0.210s] Level 1:colcon.colcon_core.package_identification:_identify(src/my_robot_slam) by extensions ['colcon_meta']
[0.210s] Level 1:colcon.colcon_core.package_identification:_identify(src/my_robot_slam) by extension 'colcon_meta'
[0.210s] Level 1:colcon.colcon_core.package_identification:_identify(src/my_robot_slam) by extensions ['ros']
[0.210s] Level 1:colcon.colcon_core.package_identification:_identify(src/my_robot_slam) by extension 'ros'
[0.213s] DEBUG:colcon.colcon_core.package_identification:Package 'src/my_robot_slam' with type 'ros.ament_python' and name 'my_robot_slam'
[0.213s] Level 1:colcon.colcon_core.package_discovery:discover_packages(recursive) using defaults
[0.213s] Level 1:colcon.colcon_core.package_discovery:discover_packages(ignore) discover
[0.213s] Level 1:colcon.colcon_core.package_discovery:discover_packages(ignore) using defaults
[0.213s] Level 1:colcon.colcon_core.package_discovery:discover_packages(path) discover
[0.213s] Level 1:colcon.colcon_core.package_discovery:discover_packages(path) using defaults
[0.236s] Level 1:colcon.colcon_core.package_discovery:discover_packages(prefix_path) check parameters
[0.236s] Level 1:colcon.colcon_core.package_discovery:discover_packages(prefix_path) discover
[0.240s] DEBUG:colcon.colcon_installed_package_information.package_discovery:Found 0 installed packages in /home/nemanja/pfe/letnji_2026/lk-s-2026-miloje-slam/src/my_robot_slam/my_robot_slam/install
[0.241s] DEBUG:colcon.colcon_installed_package_information.package_discovery:Found 1 installed packages in /home/nemanja/pfe/letnji_2026/lk-s-2026-miloje-slam/install
[0.241s] DEBUG:colcon.colcon_installed_package_information.package_discovery:Found 1 installed packages in /home/nemanja/pfe/letnji_2026/lk-s-2026-miloje-slam/src/my_robot_slam/install
[0.243s] DEBUG:colcon.colcon_installed_package_information.package_discovery:Found 287 installed packages in /opt/ros/jazzy
[0.245s] Level 1:colcon.colcon_core.package_discovery:discover_packages(prefix_path) using defaults
[0.311s] Level 5:colcon.colcon_core.verb:set package 'my_robot_slam' build argument 'cmake_args' from command line to 'None'
[0.311s] Level 5:colcon.colcon_core.verb:set package 'my_robot_slam' build argument 'cmake_target' from command line to 'None'
[0.311s] Level 5:colcon.colcon_core.verb:set package 'my_robot_slam' build argument 'cmake_target_skip_unavailable' from command line to 'False'
[0.311s] Level 5:colcon.colcon_core.verb:set package 'my_robot_slam' build argument 'cmake_clean_cache' from command line to 'False'
[0.311s] Level 5:colcon.colcon_core.verb:set package 'my_robot_slam' build argument 'cmake_clean_first' from command line to 'False'
[0.311s] Level 5:colcon.colcon_core.verb:set package 'my_robot_slam' build argument 'cmake_force_configure' from command line to 'False'
[0.311s] Level 5:colcon.colcon_core.verb:set package 'my_robot_slam' build argument 'ament_cmake_args' from command line to 'None'
[0.311s] Level 5:colcon.colcon_core.verb:set package 'my_robot_slam' build argument 'catkin_cmake_args' from command line to 'None'
[0.311s] Level 5:colcon.colcon_core.verb:set package 'my_robot_slam' build argument 'catkin_skip_building_tests' from command line to 'False'
[0.311s] DEBUG:colcon.colcon_core.verb:Building package 'my_robot_slam' with the following arguments: {'ament_cmake_args': None, 'build_base': '/home/nemanja/pfe/letnji_2026/lk-s-2026-miloje-slam/build/my_robot_slam', 'catkin_cmake_args': None, 'catkin_skip_building_tests': False, 'cmake_args': None, 'cmake_clean_cache': False, 'cmake_clean_first': False, 'cmake_force_configure': False, 'cmake_target': None, 'cmake_target_skip_unavailable': False, 'install_base': '/home/nemanja/pfe/letnji_2026/lk-s-2026-miloje-slam/install/my_robot_slam', 'merge_install': False, 'path': '/home/nemanja/pfe/letnji_2026/lk-s-2026-miloje-slam/src/my_robot_slam', 'symlink_install': False, 'test_result_base': None}
[0.311s] INFO:colcon.colcon_core.executor:Executing jobs using 'parallel' executor
[0.313s] DEBUG:colcon.colcon_parallel_executor.executor.parallel:run_until_complete
[0.313s] INFO:colcon.colcon_ros.task.ament_python.build:Building ROS package in '/home/nemanja/pfe/letnji_2026/lk-s-2026-miloje-slam/src/my_robot_slam' with build type 'ament_python'
[0.314s] Level 1:colcon.colcon_core.shell:create_environment_hook('my_robot_slam', 'ament_prefix_path')
[0.318s] INFO:colcon.colcon_core.plugin_system:Skipping extension 'colcon_core.shell.bat': Not used on non-Windows systems
[0.318s] INFO:colcon.colcon_core.shell:Creating environment hook '/home/nemanja/pfe/letnji_2026/lk-s-2026-miloje-slam/install/my_robot_slam/share/my_robot_slam/hook/ament_prefix_path.ps1'
[0.320s] INFO:colcon.colcon_core.shell:Creating environment descriptor '/home/nemanja/pfe/letnji_2026/lk-s-2026-miloje-slam/install/my_robot_slam/share/my_robot_slam/hook/ament_prefix_path.dsv'
[0.321s] INFO:colcon.colcon_core.shell:Creating environment hook '/home/nemanja/pfe/letnji_2026/lk-s-2026-miloje-slam/install/my_robot_slam/share/my_robot_slam/hook/ament_prefix_path.sh'
[0.322s] INFO:colcon.colcon_core.shell:Skip shell extension 'powershell' for command environment: Not usable outside of PowerShell
[0.323s] DEBUG:colcon.colcon_core.shell:Skip shell extension 'dsv' for command environment
[0.600s] INFO:colcon.colcon_core.task.python.build:Building Python package in '/home/nemanja/pfe/letnji_2026/lk-s-2026-miloje-slam/src/my_robot_slam'
[0.601s] INFO:colcon.colcon_core.shell:Skip shell extension 'powershell' for command environment: Not usable outside of PowerShell
[0.601s] DEBUG:colcon.colcon_core.shell:Skip shell extension 'dsv' for command environment
[1.303s] DEBUG:colcon.colcon_core.task.python.build:Available setuptools commands: alias, rotate, saveopts, editable_wheel, check, bdist, build_ext, easy_install, update_catalog, egg_info, install, install_lib, install_scripts, build_py, sdist, bdist_wheel, clean, init_catalog, build_scripts, install_egg_info, upload_docs, install_data, setopt, compile_catalog, bdist_dumb, develop, build, build_clib, symlink_data, upload, dist_info, install_headers, extract_messages, bdist_egg, test, register, bdist_rpm
[1.308s] DEBUG:colcon.colcon_core.event_handler.log_command:Invoking command in '/home/nemanja/pfe/letnji_2026/lk-s-2026-miloje-slam/src/my_robot_slam': DEBUGINFOD_URLS=https://debuginfod.ubuntu.com PYTHONPATH=/home/nemanja/pfe/letnji_2026/lk-s-2026-miloje-slam/build/my_robot_slam/prefix_override:/usr/lib/python3/dist-packages/colcon_core/task/python/colcon_distutils_commands:/home/nemanja/pfe/letnji_2026/lk-s-2026-miloje-slam/install/my_robot_slam/lib/python3.12/site-packages:${PYTHONPATH} /usr/bin/python3 -W ignore:setup.py install is deprecated -W ignore:easy_install command is deprecated setup.py egg_info --egg-base ../../build/my_robot_slam build --build-base /home/nemanja/pfe/letnji_2026/lk-s-2026-miloje-slam/build/my_robot_slam/build install --record /home/nemanja/pfe/letnji_2026/lk-s-2026-miloje-slam/build/my_robot_slam/install.log --install-scripts $base/lib/my_robot_slam --single-version-externally-managed install_data
[1.955s] DEBUG:colcon.colcon_core.event_handler.log_command:Invoked command in '/home/nemanja/pfe/letnji_2026/lk-s-2026-miloje-slam/src/my_robot_slam' returned '0': DEBUGINFOD_URLS=https://debuginfod.ubuntu.com PYTHONPATH=/home/nemanja/pfe/letnji_2026/lk-s-2026-miloje-slam/build/my_robot_slam/prefix_override:/usr/lib/python3/dist-packages/colcon_core/task/python/colcon_distutils_commands:/home/nemanja/pfe/letnji_2026/lk-s-2026-miloje-slam/install/my_robot_slam/lib/python3.12/site-packages:${PYTHONPATH} /usr/bin/python3 -W ignore:setup.py install is deprecated -W ignore:easy_install command is deprecated setup.py egg_info --egg-base ../../build/my_robot_slam build --build-base /home/nemanja/pfe/letnji_2026/lk-s-2026-miloje-slam/build/my_robot_slam/build install --record /home/nemanja/pfe/letnji_2026/lk-s-2026-miloje-slam/build/my_robot_slam/install.log --install-scripts $base/lib/my_robot_slam --single-version-externally-managed install_data
[1.957s] Level 1:colcon.colcon_core.environment:checking '/home/nemanja/pfe/letnji_2026/lk-s-2026-miloje-slam/install/my_robot_slam' for CMake module files
[1.957s] Level 1:colcon.colcon_core.environment:checking '/home/nemanja/pfe/letnji_2026/lk-s-2026-miloje-slam/install/my_robot_slam' for CMake config files
[1.958s] Level 1:colcon.colcon_core.environment:checking '/home/nemanja/pfe/letnji_2026/lk-s-2026-miloje-slam/install/my_robot_slam/lib'
[1.958s] Level 1:colcon.colcon_core.environment:checking '/home/nemanja/pfe/letnji_2026/lk-s-2026-miloje-slam/install/my_robot_slam/bin'
[1.958s] Level 1:colcon.colcon_core.environment:checking '/home/nemanja/pfe/letnji_2026/lk-s-2026-miloje-slam/install/my_robot_slam/lib/pkgconfig/my_robot_slam.pc'
[1.959s] Level 1:colcon.colcon_core.environment:checking '/home/nemanja/pfe/letnji_2026/lk-s-2026-miloje-slam/install/my_robot_slam/lib/python3.12/site-packages'
[1.959s] Level 1:colcon.colcon_core.shell:create_environment_hook('my_robot_slam', 'pythonpath')
[1.959s] INFO:colcon.colcon_core.shell:Creating environment hook '/home/nemanja/pfe/letnji_2026/lk-s-2026-miloje-slam/install/my_robot_slam/share/my_robot_slam/hook/pythonpath.ps1'
[1.960s] INFO:colcon.colcon_core.shell:Creating environment descriptor '/home/nemanja/pfe/letnji_2026/lk-s-2026-miloje-slam/install/my_robot_slam/share/my_robot_slam/hook/pythonpath.dsv'
[1.960s] INFO:colcon.colcon_core.shell:Creating environment hook '/home/nemanja/pfe/letnji_2026/lk-s-2026-miloje-slam/install/my_robot_slam/share/my_robot_slam/hook/pythonpath.sh'
[1.961s] Level 1:colcon.colcon_core.environment:checking '/home/nemanja/pfe/letnji_2026/lk-s-2026-miloje-slam/install/my_robot_slam/bin'
[1.961s] Level 1:colcon.colcon_core.environment:create_environment_scripts_only(my_robot_slam)
[1.962s] INFO:colcon.colcon_core.shell:Creating package script '/home/nemanja/pfe/letnji_2026/lk-s-2026-miloje-slam/install/my_robot_slam/share/my_robot_slam/package.ps1'
[1.963s] INFO:colcon.colcon_core.shell:Creating package descriptor '/home/nemanja/pfe/letnji_2026/lk-s-2026-miloje-slam/install/my_robot_slam/share/my_robot_slam/package.dsv'
[1.963s] INFO:colcon.colcon_core.shell:Creating package script '/home/nemanja/pfe/letnji_2026/lk-s-2026-miloje-slam/install/my_robot_slam/share/my_robot_slam/package.sh'
[1.964s] INFO:colcon.colcon_core.shell:Creating package script '/home/nemanja/pfe/letnji_2026/lk-s-2026-miloje-slam/install/my_robot_slam/share/my_robot_slam/package.bash'
[1.965s] INFO:colcon.colcon_core.shell:Creating package script '/home/nemanja/pfe/letnji_2026/lk-s-2026-miloje-slam/install/my_robot_slam/share/my_robot_slam/package.zsh'
[1.965s] Level 1:colcon.colcon_core.environment:create_file_with_runtime_dependencies(/home/nemanja/pfe/letnji_2026/lk-s-2026-miloje-slam/install/my_robot_slam/share/colcon-core/packages/my_robot_slam)
[1.965s] DEBUG:colcon.colcon_parallel_executor.executor.parallel:closing loop
[1.966s] DEBUG:colcon.colcon_parallel_executor.executor.parallel:loop closed
[1.966s] DEBUG:colcon.colcon_parallel_executor.executor.parallel:run_until_complete finished with '0'
[1.966s] DEBUG:colcon.colcon_core.event_reactor:joining thread
[1.972s] INFO:colcon.colcon_core.plugin_system:Skipping extension 'colcon_notification.desktop_notification.terminal_notifier': Not used on non-Darwin systems
[1.973s] INFO:colcon.colcon_core.plugin_system:Skipping extension 'colcon_notification.desktop_notification.win32': Not used on non-Windows systems
[1.973s] INFO:colcon.colcon_notification.desktop_notification:Sending desktop notification using 'notify2'
[1.996s] DEBUG:colcon.colcon_core.event_reactor:joined thread
[1.997s] INFO:colcon.colcon_core.shell:Creating prefix script '/home/nemanja/pfe/letnji_2026/lk-s-2026-miloje-slam/install/local_setup.ps1'
[1.998s] INFO:colcon.colcon_core.shell:Creating prefix util module '/home/nemanja/pfe/letnji_2026/lk-s-2026-miloje-slam/install/_local_setup_util_ps1.py'
[2.000s] INFO:colcon.colcon_core.shell:Creating prefix chain script '/home/nemanja/pfe/letnji_2026/lk-s-2026-miloje-slam/install/setup.ps1'
[2.001s] INFO:colcon.colcon_core.shell:Creating prefix script '/home/nemanja/pfe/letnji_2026/lk-s-2026-miloje-slam/install/local_setup.sh'
[2.002s] INFO:colcon.colcon_core.shell:Creating prefix util module '/home/nemanja/pfe/letnji_2026/lk-s-2026-miloje-slam/install/_local_setup_util_sh.py'
[2.003s] INFO:colcon.colcon_core.shell:Creating prefix chain script '/home/nemanja/pfe/letnji_2026/lk-s-2026-miloje-slam/install/setup.sh'
[2.004s] INFO:colcon.colcon_core.shell:Creating prefix script '/home/nemanja/pfe/letnji_2026/lk-s-2026-miloje-slam/install/local_setup.bash'
[2.005s] INFO:colcon.colcon_core.shell:Creating prefix chain script '/home/nemanja/pfe/letnji_2026/lk-s-2026-miloje-slam/install/setup.bash'
[2.006s] INFO:colcon.colcon_core.shell:Creating prefix script '/home/nemanja/pfe/letnji_2026/lk-s-2026-miloje-slam/install/local_setup.zsh'
[2.007s] INFO:colcon.colcon_core.shell:Creating prefix chain script '/home/nemanja/pfe/letnji_2026/lk-s-2026-miloje-slam/install/setup.zsh'
