[0.008s] Invoking command in '/home/veljkogalovic/robot_ws/NewWorkspace/build/lidar_pkg': AMENT_PREFIX_PATH=/home/veljkogalovic/robot_ws/NewWorkspace/install/lidar_msgs:${AMENT_PREFIX_PATH} CMAKE_PREFIX_PATH=/home/veljkogalovic/robot_ws/NewWorkspace/install/lidar_msgs:/opt/ros/humble DEBUGINFOD_URLS=ima:enforcing https://debuginfod.fedoraproject.org/ ima:ignore LD_LIBRARY_PATH=/home/veljkogalovic/robot_ws/NewWorkspace/install/lidar_msgs/lib:${LD_LIBRARY_PATH} PS1=📦[\u@ros2-env \W]$ PYTHONPATH=/home/veljkogalovic/robot_ws/NewWorkspace/install/lidar_msgs/local/lib/python3.10/dist-packages:${PYTHONPATH} /usr/bin/cmake /home/veljkogalovic/robot_ws/NewWorkspace/src/lidar_pkg -DCMAKE_INSTALL_PREFIX=/home/veljkogalovic/robot_ws/NewWorkspace/install/lidar_pkg
[0.048s] -- The C compiler identification is GNU 11.4.0
[0.090s] -- The CXX compiler identification is GNU 11.4.0
[0.095s] -- Detecting C compiler ABI info
[0.153s] -- Detecting C compiler ABI info - done
[0.161s] -- Check for working C compiler: /usr/bin/cc - skipped
[0.161s] -- Detecting C compile features
[0.162s] -- Detecting C compile features - done
[0.166s] -- Detecting CXX compiler ABI info
[0.229s] -- Detecting CXX compiler ABI info - done
[0.234s] -- Check for working CXX compiler: /usr/bin/c++ - skipped
[0.235s] -- Detecting CXX compile features
[0.235s] -- Detecting CXX compile features - done
[0.237s] -- Found ament_cmake: 1.3.14 (/opt/ros/humble/share/ament_cmake/cmake)
[0.348s] -- Found Python3: /usr/bin/python3 (found version "3.10.12") found components: Interpreter 
[0.405s] -- Found rclpy: 3.3.21 (/opt/ros/humble/share/rclpy/cmake)
[0.406s] -- Found std_srvs: 4.9.1 (/opt/ros/humble/share/std_srvs/cmake)
[0.425s] -- Found rosidl_generator_c: 3.1.8 (/opt/ros/humble/share/rosidl_generator_c/cmake)
[0.427s] -- Found rosidl_adapter: 3.1.8 (/opt/ros/humble/share/rosidl_adapter/cmake)
[0.433s] -- Found rosidl_generator_cpp: 3.1.8 (/opt/ros/humble/share/rosidl_generator_cpp/cmake)
[0.440s] -- Using all available rosidl_typesupport_c: rosidl_typesupport_fastrtps_c;rosidl_typesupport_introspection_c
[0.450s] -- Using all available rosidl_typesupport_cpp: rosidl_typesupport_fastrtps_cpp;rosidl_typesupport_introspection_cpp
[0.458s] -- Found lidar_msgs: 0.0.1 (/home/veljkogalovic/robot_ws/NewWorkspace/install/lidar_msgs/share/lidar_msgs/cmake)
[0.484s] -- Found geometry_msgs: 4.9.1 (/opt/ros/humble/share/geometry_msgs/cmake)
[0.492s] -- Found nav_msgs: 4.9.1 (/opt/ros/humble/share/nav_msgs/cmake)
[0.581s] -- Configuring done
[0.584s] -- Generating done
[0.585s] -- Build files have been written to: /home/veljkogalovic/robot_ws/NewWorkspace/build/lidar_pkg
[0.590s] Invoked command in '/home/veljkogalovic/robot_ws/NewWorkspace/build/lidar_pkg' returned '0': AMENT_PREFIX_PATH=/home/veljkogalovic/robot_ws/NewWorkspace/install/lidar_msgs:${AMENT_PREFIX_PATH} CMAKE_PREFIX_PATH=/home/veljkogalovic/robot_ws/NewWorkspace/install/lidar_msgs:/opt/ros/humble DEBUGINFOD_URLS=ima:enforcing https://debuginfod.fedoraproject.org/ ima:ignore LD_LIBRARY_PATH=/home/veljkogalovic/robot_ws/NewWorkspace/install/lidar_msgs/lib:${LD_LIBRARY_PATH} PS1=📦[\u@ros2-env \W]$ PYTHONPATH=/home/veljkogalovic/robot_ws/NewWorkspace/install/lidar_msgs/local/lib/python3.10/dist-packages:${PYTHONPATH} /usr/bin/cmake /home/veljkogalovic/robot_ws/NewWorkspace/src/lidar_pkg -DCMAKE_INSTALL_PREFIX=/home/veljkogalovic/robot_ws/NewWorkspace/install/lidar_pkg
[0.592s] Invoking command in '/home/veljkogalovic/robot_ws/NewWorkspace/build/lidar_pkg': AMENT_PREFIX_PATH=/home/veljkogalovic/robot_ws/NewWorkspace/install/lidar_msgs:${AMENT_PREFIX_PATH} CMAKE_PREFIX_PATH=/home/veljkogalovic/robot_ws/NewWorkspace/install/lidar_msgs:/opt/ros/humble DEBUGINFOD_URLS=ima:enforcing https://debuginfod.fedoraproject.org/ ima:ignore LD_LIBRARY_PATH=/home/veljkogalovic/robot_ws/NewWorkspace/install/lidar_msgs/lib:${LD_LIBRARY_PATH} PS1=📦[\u@ros2-env \W]$ PYTHONPATH=/home/veljkogalovic/robot_ws/NewWorkspace/install/lidar_msgs/local/lib/python3.10/dist-packages:${PYTHONPATH} /usr/bin/cmake --build /home/veljkogalovic/robot_ws/NewWorkspace/build/lidar_pkg -- -j8 -l8
[0.626s] Invoked command in '/home/veljkogalovic/robot_ws/NewWorkspace/build/lidar_pkg' returned '0': AMENT_PREFIX_PATH=/home/veljkogalovic/robot_ws/NewWorkspace/install/lidar_msgs:${AMENT_PREFIX_PATH} CMAKE_PREFIX_PATH=/home/veljkogalovic/robot_ws/NewWorkspace/install/lidar_msgs:/opt/ros/humble DEBUGINFOD_URLS=ima:enforcing https://debuginfod.fedoraproject.org/ ima:ignore LD_LIBRARY_PATH=/home/veljkogalovic/robot_ws/NewWorkspace/install/lidar_msgs/lib:${LD_LIBRARY_PATH} PS1=📦[\u@ros2-env \W]$ PYTHONPATH=/home/veljkogalovic/robot_ws/NewWorkspace/install/lidar_msgs/local/lib/python3.10/dist-packages:${PYTHONPATH} /usr/bin/cmake --build /home/veljkogalovic/robot_ws/NewWorkspace/build/lidar_pkg -- -j8 -l8
[0.637s] Invoking command in '/home/veljkogalovic/robot_ws/NewWorkspace/build/lidar_pkg': AMENT_PREFIX_PATH=/home/veljkogalovic/robot_ws/NewWorkspace/install/lidar_msgs:${AMENT_PREFIX_PATH} CMAKE_PREFIX_PATH=/home/veljkogalovic/robot_ws/NewWorkspace/install/lidar_msgs:/opt/ros/humble DEBUGINFOD_URLS=ima:enforcing https://debuginfod.fedoraproject.org/ ima:ignore LD_LIBRARY_PATH=/home/veljkogalovic/robot_ws/NewWorkspace/install/lidar_msgs/lib:${LD_LIBRARY_PATH} PS1=📦[\u@ros2-env \W]$ PYTHONPATH=/home/veljkogalovic/robot_ws/NewWorkspace/install/lidar_msgs/local/lib/python3.10/dist-packages:${PYTHONPATH} /usr/bin/cmake --install /home/veljkogalovic/robot_ws/NewWorkspace/build/lidar_pkg
[0.646s] -- Install configuration: ""
[0.646s] -- Installing: /home/veljkogalovic/robot_ws/NewWorkspace/install/lidar_pkg/lib/lidar_pkg/lidar_scan_node.py
[0.646s] -- Installing: /home/veljkogalovic/robot_ws/NewWorkspace/install/lidar_pkg/lib/lidar_pkg/vector_deducer_node.py
[0.646s] -- Installing: /home/veljkogalovic/robot_ws/NewWorkspace/install/lidar_pkg/lib/lidar_pkg/slam_mapping_node.py
[0.646s] -- Installing: /home/veljkogalovic/robot_ws/NewWorkspace/install/lidar_pkg/lib/lidar_pkg/path_planner_node.py
[0.646s] -- Installing: /home/veljkogalovic/robot_ws/NewWorkspace/install/lidar_pkg/lib/lidar_pkg/motion_planner_node.py
[0.646s] -- Installing: /home/veljkogalovic/robot_ws/NewWorkspace/install/lidar_pkg/share/ament_index/resource_index/package_run_dependencies/lidar_pkg
[0.646s] -- Installing: /home/veljkogalovic/robot_ws/NewWorkspace/install/lidar_pkg/share/ament_index/resource_index/parent_prefix_path/lidar_pkg
[0.647s] -- Installing: /home/veljkogalovic/robot_ws/NewWorkspace/install/lidar_pkg/share/lidar_pkg/environment/ament_prefix_path.sh
[0.647s] -- Installing: /home/veljkogalovic/robot_ws/NewWorkspace/install/lidar_pkg/share/lidar_pkg/environment/ament_prefix_path.dsv
[0.647s] -- Installing: /home/veljkogalovic/robot_ws/NewWorkspace/install/lidar_pkg/share/lidar_pkg/environment/path.sh
[0.647s] -- Installing: /home/veljkogalovic/robot_ws/NewWorkspace/install/lidar_pkg/share/lidar_pkg/environment/path.dsv
[0.647s] -- Installing: /home/veljkogalovic/robot_ws/NewWorkspace/install/lidar_pkg/share/lidar_pkg/local_setup.bash
[0.647s] -- Installing: /home/veljkogalovic/robot_ws/NewWorkspace/install/lidar_pkg/share/lidar_pkg/local_setup.sh
[0.647s] -- Installing: /home/veljkogalovic/robot_ws/NewWorkspace/install/lidar_pkg/share/lidar_pkg/local_setup.zsh
[0.647s] -- Installing: /home/veljkogalovic/robot_ws/NewWorkspace/install/lidar_pkg/share/lidar_pkg/local_setup.dsv
[0.648s] -- Installing: /home/veljkogalovic/robot_ws/NewWorkspace/install/lidar_pkg/share/lidar_pkg/package.dsv
[0.648s] -- Installing: /home/veljkogalovic/robot_ws/NewWorkspace/install/lidar_pkg/share/ament_index/resource_index/packages/lidar_pkg
[0.648s] -- Installing: /home/veljkogalovic/robot_ws/NewWorkspace/install/lidar_pkg/share/lidar_pkg/cmake/lidar_pkgConfig.cmake
[0.648s] -- Installing: /home/veljkogalovic/robot_ws/NewWorkspace/install/lidar_pkg/share/lidar_pkg/cmake/lidar_pkgConfig-version.cmake
[0.648s] -- Installing: /home/veljkogalovic/robot_ws/NewWorkspace/install/lidar_pkg/share/lidar_pkg/package.xml
[0.650s] Invoked command in '/home/veljkogalovic/robot_ws/NewWorkspace/build/lidar_pkg' returned '0': AMENT_PREFIX_PATH=/home/veljkogalovic/robot_ws/NewWorkspace/install/lidar_msgs:${AMENT_PREFIX_PATH} CMAKE_PREFIX_PATH=/home/veljkogalovic/robot_ws/NewWorkspace/install/lidar_msgs:/opt/ros/humble DEBUGINFOD_URLS=ima:enforcing https://debuginfod.fedoraproject.org/ ima:ignore LD_LIBRARY_PATH=/home/veljkogalovic/robot_ws/NewWorkspace/install/lidar_msgs/lib:${LD_LIBRARY_PATH} PS1=📦[\u@ros2-env \W]$ PYTHONPATH=/home/veljkogalovic/robot_ws/NewWorkspace/install/lidar_msgs/local/lib/python3.10/dist-packages:${PYTHONPATH} /usr/bin/cmake --install /home/veljkogalovic/robot_ws/NewWorkspace/build/lidar_pkg
