running egg_info
writing ../../../build/my_robot_slam/my_robot_slam.egg-info/PKG-INFO
writing dependency_links to ../../../build/my_robot_slam/my_robot_slam.egg-info/dependency_links.txt
writing entry points to ../../../build/my_robot_slam/my_robot_slam.egg-info/entry_points.txt
writing requirements to ../../../build/my_robot_slam/my_robot_slam.egg-info/requires.txt
writing top-level names to ../../../build/my_robot_slam/my_robot_slam.egg-info/top_level.txt
reading manifest file '../../../build/my_robot_slam/my_robot_slam.egg-info/SOURCES.txt'
writing manifest file '../../../build/my_robot_slam/my_robot_slam.egg-info/SOURCES.txt'
running build
running build_py
running install
running install_lib
running install_data
running install_egg_info
error removing /usr/local/lib/python3.10/dist-packages/my_robot_slam-0.0.0.egg-info: [Errno 13] Permission denied: '/usr/local/lib/python3.10/dist-packages/my_robot_slam-0.0.0.egg-info/PKG-INFO'
error removing /usr/local/lib/python3.10/dist-packages/my_robot_slam-0.0.0.egg-info: [Errno 13] Permission denied: '/usr/local/lib/python3.10/dist-packages/my_robot_slam-0.0.0.egg-info/zip-safe'
error removing /usr/local/lib/python3.10/dist-packages/my_robot_slam-0.0.0.egg-info: [Errno 13] Permission denied: '/usr/local/lib/python3.10/dist-packages/my_robot_slam-0.0.0.egg-info/dependency_links.txt'
error removing /usr/local/lib/python3.10/dist-packages/my_robot_slam-0.0.0.egg-info: [Errno 13] Permission denied: '/usr/local/lib/python3.10/dist-packages/my_robot_slam-0.0.0.egg-info/entry_points.txt'
error removing /usr/local/lib/python3.10/dist-packages/my_robot_slam-0.0.0.egg-info: [Errno 13] Permission denied: '/usr/local/lib/python3.10/dist-packages/my_robot_slam-0.0.0.egg-info/requires.txt'
error removing /usr/local/lib/python3.10/dist-packages/my_robot_slam-0.0.0.egg-info: [Errno 13] Permission denied: '/usr/local/lib/python3.10/dist-packages/my_robot_slam-0.0.0.egg-info/top_level.txt'
error removing /usr/local/lib/python3.10/dist-packages/my_robot_slam-0.0.0.egg-info: [Errno 13] Permission denied: '/usr/local/lib/python3.10/dist-packages/my_robot_slam-0.0.0.egg-info/SOURCES.txt'
error removing /usr/local/lib/python3.10/dist-packages/my_robot_slam-0.0.0.egg-info: [Errno 13] Permission denied: '/usr/local/lib/python3.10/dist-packages/my_robot_slam-0.0.0.egg-info'
removing '/usr/local/lib/python3.10/dist-packages/my_robot_slam-0.0.0.egg-info' (and everything under it)
Copying ../../../build/my_robot_slam/my_robot_slam.egg-info to /usr/local/lib/python3.10/dist-packages/my_robot_slam-0.0.0.egg-info
error: [Errno 13] Permission denied: '/usr/local/lib/python3.10/dist-packages/my_robot_slam-0.0.0.egg-info/PKG-INFO'
