[0.400s] Invoking command in '/home/veljkogalovic/robot_ws/git@github.com:pfe-rs/lk-s-2026-miloje-slam/src/my_robot_slam': DEBUGINFOD_URLS=ima:enforcing https://debuginfod.fedoraproject.org/ ima:ignore PS1=📦[\u@ros2-env \W]$ PYTHONPATH=/home/veljkogalovic/robot_ws/git@github.com:pfe-rs/build/my_robot_slam/prefix_override:/usr/lib/python3/dist-packages/colcon_core/task/python/colcon_distutils_commands:/home/veljkogalovic/robot_ws/git@github.com:pfe-rs/install/my_robot_slam/lib/python3.10/site-packages:${PYTHONPATH} /usr/bin/python3 -W ignore:setup.py install is deprecated -W ignore:easy_install command is deprecated setup.py egg_info --egg-base ../../../build/my_robot_slam build --build-base /home/veljkogalovic/robot_ws/git@github.com:pfe-rs/build/my_robot_slam/build install --record /home/veljkogalovic/robot_ws/git@github.com:pfe-rs/build/my_robot_slam/install.log --install-scripts $base/lib/my_robot_slam --single-version-externally-managed install_data
[0.554s] running egg_info
[0.555s] writing ../../../build/my_robot_slam/my_robot_slam.egg-info/PKG-INFO
[0.555s] writing dependency_links to ../../../build/my_robot_slam/my_robot_slam.egg-info/dependency_links.txt
[0.555s] writing entry points to ../../../build/my_robot_slam/my_robot_slam.egg-info/entry_points.txt
[0.555s] writing requirements to ../../../build/my_robot_slam/my_robot_slam.egg-info/requires.txt
[0.555s] writing top-level names to ../../../build/my_robot_slam/my_robot_slam.egg-info/top_level.txt
[0.556s] reading manifest file '../../../build/my_robot_slam/my_robot_slam.egg-info/SOURCES.txt'
[0.557s] writing manifest file '../../../build/my_robot_slam/my_robot_slam.egg-info/SOURCES.txt'
[0.557s] running build
[0.557s] running build_py
[0.557s] running install
[0.557s] running install_lib
[0.558s] running install_data
[0.559s] running install_egg_info
[0.560s] error removing /usr/local/lib/python3.10/dist-packages/my_robot_slam-0.0.0.egg-info: [Errno 13] Permission denied: '/usr/local/lib/python3.10/dist-packages/my_robot_slam-0.0.0.egg-info/PKG-INFO'
[0.560s] error removing /usr/local/lib/python3.10/dist-packages/my_robot_slam-0.0.0.egg-info: [Errno 13] Permission denied: '/usr/local/lib/python3.10/dist-packages/my_robot_slam-0.0.0.egg-info/zip-safe'
[0.560s] error removing /usr/local/lib/python3.10/dist-packages/my_robot_slam-0.0.0.egg-info: [Errno 13] Permission denied: '/usr/local/lib/python3.10/dist-packages/my_robot_slam-0.0.0.egg-info/dependency_links.txt'
[0.560s] error removing /usr/local/lib/python3.10/dist-packages/my_robot_slam-0.0.0.egg-info: [Errno 13] Permission denied: '/usr/local/lib/python3.10/dist-packages/my_robot_slam-0.0.0.egg-info/entry_points.txt'
[0.560s] error removing /usr/local/lib/python3.10/dist-packages/my_robot_slam-0.0.0.egg-info: [Errno 13] Permission denied: '/usr/local/lib/python3.10/dist-packages/my_robot_slam-0.0.0.egg-info/requires.txt'
[0.560s] error removing /usr/local/lib/python3.10/dist-packages/my_robot_slam-0.0.0.egg-info: [Errno 13] Permission denied: '/usr/local/lib/python3.10/dist-packages/my_robot_slam-0.0.0.egg-info/top_level.txt'
[0.560s] error removing /usr/local/lib/python3.10/dist-packages/my_robot_slam-0.0.0.egg-info: [Errno 13] Permission denied: '/usr/local/lib/python3.10/dist-packages/my_robot_slam-0.0.0.egg-info/SOURCES.txt'
[0.560s] error removing /usr/local/lib/python3.10/dist-packages/my_robot_slam-0.0.0.egg-info: [Errno 13] Permission denied: '/usr/local/lib/python3.10/dist-packages/my_robot_slam-0.0.0.egg-info'
[0.560s] removing '/usr/local/lib/python3.10/dist-packages/my_robot_slam-0.0.0.egg-info' (and everything under it)
[0.560s] Copying ../../../build/my_robot_slam/my_robot_slam.egg-info to /usr/local/lib/python3.10/dist-packages/my_robot_slam-0.0.0.egg-info
[0.560s] error: [Errno 13] Permission denied: '/usr/local/lib/python3.10/dist-packages/my_robot_slam-0.0.0.egg-info/PKG-INFO'
[0.576s] Invoked command in '/home/veljkogalovic/robot_ws/git@github.com:pfe-rs/lk-s-2026-miloje-slam/src/my_robot_slam' returned '1': DEBUGINFOD_URLS=ima:enforcing https://debuginfod.fedoraproject.org/ ima:ignore PS1=📦[\u@ros2-env \W]$ PYTHONPATH=/home/veljkogalovic/robot_ws/git@github.com:pfe-rs/build/my_robot_slam/prefix_override:/usr/lib/python3/dist-packages/colcon_core/task/python/colcon_distutils_commands:/home/veljkogalovic/robot_ws/git@github.com:pfe-rs/install/my_robot_slam/lib/python3.10/site-packages:${PYTHONPATH} /usr/bin/python3 -W ignore:setup.py install is deprecated -W ignore:easy_install command is deprecated setup.py egg_info --egg-base ../../../build/my_robot_slam build --build-base /home/veljkogalovic/robot_ws/git@github.com:pfe-rs/build/my_robot_slam/build install --record /home/veljkogalovic/robot_ws/git@github.com:pfe-rs/build/my_robot_slam/install.log --install-scripts $base/lib/my_robot_slam --single-version-externally-managed install_data
