running egg_info
creating ../../../build/my_robot_slam/my_robot_slam.egg-info
writing ../../../build/my_robot_slam/my_robot_slam.egg-info/PKG-INFO
writing dependency_links to ../../../build/my_robot_slam/my_robot_slam.egg-info/dependency_links.txt
writing entry points to ../../../build/my_robot_slam/my_robot_slam.egg-info/entry_points.txt
writing requirements to ../../../build/my_robot_slam/my_robot_slam.egg-info/requires.txt
writing top-level names to ../../../build/my_robot_slam/my_robot_slam.egg-info/top_level.txt
writing manifest file '../../../build/my_robot_slam/my_robot_slam.egg-info/SOURCES.txt'
reading manifest file '../../../build/my_robot_slam/my_robot_slam.egg-info/SOURCES.txt'
writing manifest file '../../../build/my_robot_slam/my_robot_slam.egg-info/SOURCES.txt'
running build
running build_py
creating /home/veljkogalovic/robot_ws/git@github.com:pfe-rs/build/my_robot_slam/build
creating /home/veljkogalovic/robot_ws/git@github.com:pfe-rs/build/my_robot_slam/build/lib
creating /home/veljkogalovic/robot_ws/git@github.com:pfe-rs/build/my_robot_slam/build/lib/my_robot_slam
copying my_robot_slam/__init__.py -> /home/veljkogalovic/robot_ws/git@github.com:pfe-rs/build/my_robot_slam/build/lib/my_robot_slam
copying my_robot_slam/battery_monitor.py -> /home/veljkogalovic/robot_ws/git@github.com:pfe-rs/build/my_robot_slam/build/lib/my_robot_slam
copying my_robot_slam/desni_motor.py -> /home/veljkogalovic/robot_ws/git@github.com:pfe-rs/build/my_robot_slam/build/lib/my_robot_slam
copying my_robot_slam/enkoder_sim.py -> /home/veljkogalovic/robot_ws/git@github.com:pfe-rs/build/my_robot_slam/build/lib/my_robot_slam
copying my_robot_slam/komunikacija.py -> /home/veljkogalovic/robot_ws/git@github.com:pfe-rs/build/my_robot_slam/build/lib/my_robot_slam
copying my_robot_slam/levi_motor.py -> /home/veljkogalovic/robot_ws/git@github.com:pfe-rs/build/my_robot_slam/build/lib/my_robot_slam
copying my_robot_slam/mock_laser.py -> /home/veljkogalovic/robot_ws/git@github.com:pfe-rs/build/my_robot_slam/build/lib/my_robot_slam
copying my_robot_slam/motion_planner.py -> /home/veljkogalovic/robot_ws/git@github.com:pfe-rs/build/my_robot_slam/build/lib/my_robot_slam
copying my_robot_slam/odometrija.py -> /home/veljkogalovic/robot_ws/git@github.com:pfe-rs/build/my_robot_slam/build/lib/my_robot_slam
copying my_robot_slam/path_planner.py -> /home/veljkogalovic/robot_ws/git@github.com:pfe-rs/build/my_robot_slam/build/lib/my_robot_slam
copying my_robot_slam/slam_processor.py -> /home/veljkogalovic/robot_ws/git@github.com:pfe-rs/build/my_robot_slam/build/lib/my_robot_slam
copying my_robot_slam/1LidarReading.py -> /home/veljkogalovic/robot_ws/git@github.com:pfe-rs/build/my_robot_slam/build/lib/my_robot_slam
running install
running install_lib
creating /usr/local/lib/python3.10/dist-packages/my_robot_slam
