[0.441s] Invoking command in '/home/veljkogalovic/robot_ws/git@github.com:pfe-rs/lk-s-2026-miloje-slam/src/my_robot_slam': DEBUGINFOD_URLS=ima:enforcing https://debuginfod.fedoraproject.org/ ima:ignore PS1=📦[\u@ros2-env \W]$ PYTHONPATH=/home/veljkogalovic/robot_ws/git@github.com:pfe-rs/build/my_robot_slam/prefix_override:/usr/lib/python3/dist-packages/colcon_core/task/python/colcon_distutils_commands:/home/veljkogalovic/robot_ws/git@github.com:pfe-rs/install/my_robot_slam/lib/python3.10/site-packages:${PYTHONPATH} /usr/bin/python3 -W ignore:setup.py install is deprecated -W ignore:easy_install command is deprecated setup.py egg_info --egg-base ../../../build/my_robot_slam build --build-base /home/veljkogalovic/robot_ws/git@github.com:pfe-rs/build/my_robot_slam/build install --record /home/veljkogalovic/robot_ws/git@github.com:pfe-rs/build/my_robot_slam/install.log --install-scripts $base/lib/my_robot_slam --single-version-externally-managed install_data
[0.589s] running egg_info
[0.590s] creating ../../../build/my_robot_slam/my_robot_slam.egg-info
[0.590s] writing ../../../build/my_robot_slam/my_robot_slam.egg-info/PKG-INFO
[0.590s] writing dependency_links to ../../../build/my_robot_slam/my_robot_slam.egg-info/dependency_links.txt
[0.590s] writing entry points to ../../../build/my_robot_slam/my_robot_slam.egg-info/entry_points.txt
[0.590s] writing requirements to ../../../build/my_robot_slam/my_robot_slam.egg-info/requires.txt
[0.590s] writing top-level names to ../../../build/my_robot_slam/my_robot_slam.egg-info/top_level.txt
[0.590s] writing manifest file '../../../build/my_robot_slam/my_robot_slam.egg-info/SOURCES.txt'
[0.591s] reading manifest file '../../../build/my_robot_slam/my_robot_slam.egg-info/SOURCES.txt'
[0.592s] writing manifest file '../../../build/my_robot_slam/my_robot_slam.egg-info/SOURCES.txt'
[0.592s] running build
[0.592s] running build_py
[0.592s] creating /home/veljkogalovic/robot_ws/git@github.com:pfe-rs/build/my_robot_slam/build
[0.592s] creating /home/veljkogalovic/robot_ws/git@github.com:pfe-rs/build/my_robot_slam/build/lib
[0.592s] creating /home/veljkogalovic/robot_ws/git@github.com:pfe-rs/build/my_robot_slam/build/lib/my_robot_slam
[0.592s] copying my_robot_slam/__init__.py -> /home/veljkogalovic/robot_ws/git@github.com:pfe-rs/build/my_robot_slam/build/lib/my_robot_slam
[0.592s] copying my_robot_slam/battery_monitor.py -> /home/veljkogalovic/robot_ws/git@github.com:pfe-rs/build/my_robot_slam/build/lib/my_robot_slam
[0.593s] copying my_robot_slam/desni_motor.py -> /home/veljkogalovic/robot_ws/git@github.com:pfe-rs/build/my_robot_slam/build/lib/my_robot_slam
[0.593s] copying my_robot_slam/enkoder_sim.py -> /home/veljkogalovic/robot_ws/git@github.com:pfe-rs/build/my_robot_slam/build/lib/my_robot_slam
[0.593s] copying my_robot_slam/komunikacija.py -> /home/veljkogalovic/robot_ws/git@github.com:pfe-rs/build/my_robot_slam/build/lib/my_robot_slam
[0.593s] copying my_robot_slam/levi_motor.py -> /home/veljkogalovic/robot_ws/git@github.com:pfe-rs/build/my_robot_slam/build/lib/my_robot_slam
[0.593s] copying my_robot_slam/mock_laser.py -> /home/veljkogalovic/robot_ws/git@github.com:pfe-rs/build/my_robot_slam/build/lib/my_robot_slam
[0.593s] copying my_robot_slam/motion_planner.py -> /home/veljkogalovic/robot_ws/git@github.com:pfe-rs/build/my_robot_slam/build/lib/my_robot_slam
[0.593s] copying my_robot_slam/odometrija.py -> /home/veljkogalovic/robot_ws/git@github.com:pfe-rs/build/my_robot_slam/build/lib/my_robot_slam
[0.593s] copying my_robot_slam/path_planner.py -> /home/veljkogalovic/robot_ws/git@github.com:pfe-rs/build/my_robot_slam/build/lib/my_robot_slam
[0.593s] copying my_robot_slam/slam_processor.py -> /home/veljkogalovic/robot_ws/git@github.com:pfe-rs/build/my_robot_slam/build/lib/my_robot_slam
[0.593s] copying my_robot_slam/1LidarReading.py -> /home/veljkogalovic/robot_ws/git@github.com:pfe-rs/build/my_robot_slam/build/lib/my_robot_slam
[0.594s] running install
[0.594s] running install_lib
[0.594s] creating /usr/local/lib/python3.10/dist-packages/my_robot_slam
[0.594s] error: could not create '/usr/local/lib/python3.10/dist-packages/my_robot_slam': Permission denied
[0.609s] Invoked command in '/home/veljkogalovic/robot_ws/git@github.com:pfe-rs/lk-s-2026-miloje-slam/src/my_robot_slam' returned '1': DEBUGINFOD_URLS=ima:enforcing https://debuginfod.fedoraproject.org/ ima:ignore PS1=📦[\u@ros2-env \W]$ PYTHONPATH=/home/veljkogalovic/robot_ws/git@github.com:pfe-rs/build/my_robot_slam/prefix_override:/usr/lib/python3/dist-packages/colcon_core/task/python/colcon_distutils_commands:/home/veljkogalovic/robot_ws/git@github.com:pfe-rs/install/my_robot_slam/lib/python3.10/site-packages:${PYTHONPATH} /usr/bin/python3 -W ignore:setup.py install is deprecated -W ignore:easy_install command is deprecated setup.py egg_info --egg-base ../../../build/my_robot_slam build --build-base /home/veljkogalovic/robot_ws/git@github.com:pfe-rs/build/my_robot_slam/build install --record /home/veljkogalovic/robot_ws/git@github.com:pfe-rs/build/my_robot_slam/install.log --install-scripts $base/lib/my_robot_slam --single-version-externally-managed install_data
