[1.697s] DEBUG:colcon:Command line arguments: ['/usr/bin/colcon', 'build']
[1.698s] DEBUG:colcon:Parsed command line arguments: Namespace(log_base=None, log_level=None, verb_name='build', build_base='build', install_base='install', merge_install=False, symlink_install=False, test_result_base=None, continue_on_error=False, executor='parallel', parallel_workers=4, event_handlers=None, ignore_user_meta=False, metas=['./colcon.meta'], base_paths=['.'], packages_ignore=None, packages_ignore_regex=None, paths=None, packages_up_to=None, packages_up_to_regex=None, packages_above=None, packages_above_and_dependencies=None, packages_above_depth=None, packages_select_by_dep=None, packages_skip_by_dep=None, packages_skip_up_to=None, packages_select_build_failed=False, packages_skip_build_finished=False, packages_select_test_failures=False, packages_skip_test_passed=False, packages_select=None, packages_skip=None, packages_select_regex=None, packages_skip_regex=None, packages_start=None, packages_end=None, allow_overriding=[], cmake_args=None, cmake_target=None, cmake_target_skip_unavailable=False, cmake_clean_cache=False, cmake_clean_first=False, cmake_force_configure=False, ament_cmake_args=None, catkin_cmake_args=None, catkin_skip_building_tests=False, verb_parser=<colcon_defaults.argument_parser.defaults.DefaultArgumentsDecorator object at 0xffffb982cfe0>, verb_extension=<colcon_core.verb.build.BuildVerb object at 0xffffb99d98e0>, main=<bound method BuildVerb.main of <colcon_core.verb.build.BuildVerb object at 0xffffb99d98e0>>)
[2.084s] Level 1:colcon.colcon_core.package_discovery:discover_packages(colcon_meta) check parameters
[2.085s] Level 1:colcon.colcon_core.package_discovery:discover_packages(recursive) check parameters
[2.085s] Level 1:colcon.colcon_core.package_discovery:discover_packages(ignore) check parameters
[2.086s] Level 1:colcon.colcon_core.package_discovery:discover_packages(path) check parameters
[2.086s] Level 1:colcon.colcon_core.package_discovery:discover_packages(colcon_meta) discover
[2.086s] Level 1:colcon.colcon_core.package_discovery:discover_packages(recursive) discover
[2.087s] INFO:colcon.colcon_core.package_discovery:Crawling recursively for packages in '/home/pfe/SlamGit/lk-s-2026-miloje-slam'
[2.088s] Level 1:colcon.colcon_core.package_identification:_identify(.) by extensions ['ignore', 'ignore_ament_install']
[2.088s] Level 1:colcon.colcon_core.package_identification:_identify(.) by extension 'ignore'
[2.089s] Level 1:colcon.colcon_core.package_identification:_identify(.) by extension 'ignore_ament_install'
[2.090s] Level 1:colcon.colcon_core.package_identification:_identify(.) by extensions ['colcon_pkg']
[2.090s] Level 1:colcon.colcon_core.package_identification:_identify(.) by extension 'colcon_pkg'
[2.090s] Level 1:colcon.colcon_core.package_identification:_identify(.) by extensions ['colcon_meta']
[2.091s] Level 1:colcon.colcon_core.package_identification:_identify(.) by extension 'colcon_meta'
[2.091s] Level 1:colcon.colcon_core.package_identification:_identify(.) by extensions ['ros']
[2.091s] Level 1:colcon.colcon_core.package_identification:_identify(.) by extension 'ros'
[2.324s] Level 1:colcon.colcon_core.package_identification:_identify(.) by extensions ['cmake', 'python']
[2.324s] Level 1:colcon.colcon_core.package_identification:_identify(.) by extension 'cmake'
[2.325s] Level 1:colcon.colcon_core.package_identification:_identify(.) by extension 'python'
[2.325s] Level 1:colcon.colcon_core.package_identification:_identify(.) by extensions ['python_setup_py']
[2.326s] Level 1:colcon.colcon_core.package_identification:_identify(.) by extension 'python_setup_py'
[2.328s] Level 1:colcon.colcon_core.package_identification:_identify(RPLidarA1Viz) by extensions ['ignore', 'ignore_ament_install']
[2.329s] Level 1:colcon.colcon_core.package_identification:_identify(RPLidarA1Viz) by extension 'ignore'
[2.330s] Level 1:colcon.colcon_core.package_identification:_identify(RPLidarA1Viz) by extension 'ignore_ament_install'
[2.330s] Level 1:colcon.colcon_core.package_identification:_identify(RPLidarA1Viz) by extensions ['colcon_pkg']
[2.331s] Level 1:colcon.colcon_core.package_identification:_identify(RPLidarA1Viz) by extension 'colcon_pkg'
[2.331s] Level 1:colcon.colcon_core.package_identification:_identify(RPLidarA1Viz) by extensions ['colcon_meta']
[2.331s] Level 1:colcon.colcon_core.package_identification:_identify(RPLidarA1Viz) by extension 'colcon_meta'
[2.332s] Level 1:colcon.colcon_core.package_identification:_identify(RPLidarA1Viz) by extensions ['ros']
[2.332s] Level 1:colcon.colcon_core.package_identification:_identify(RPLidarA1Viz) by extension 'ros'
[2.333s] Level 1:colcon.colcon_core.package_identification:_identify(RPLidarA1Viz) by extensions ['cmake', 'python']
[2.333s] Level 1:colcon.colcon_core.package_identification:_identify(RPLidarA1Viz) by extension 'cmake'
[2.334s] Level 1:colcon.colcon_core.package_identification:_identify(RPLidarA1Viz) by extension 'python'
[2.334s] Level 1:colcon.colcon_core.package_identification:_identify(RPLidarA1Viz) by extensions ['python_setup_py']
[2.334s] Level 1:colcon.colcon_core.package_identification:_identify(RPLidarA1Viz) by extension 'python_setup_py'
[2.335s] Level 1:colcon.colcon_core.package_identification:_identify(build) by extensions ['ignore', 'ignore_ament_install']
[2.336s] Level 1:colcon.colcon_core.package_identification:_identify(build) by extension 'ignore'
[2.336s] Level 1:colcon.colcon_core.package_identification:_identify(build) ignored
[2.338s] Level 1:colcon.colcon_core.package_identification:_identify(git@github.com:pfe-rs) by extensions ['ignore', 'ignore_ament_install']
[2.340s] Level 1:colcon.colcon_core.package_identification:_identify(git@github.com:pfe-rs) by extension 'ignore'
[2.340s] Level 1:colcon.colcon_core.package_identification:_identify(git@github.com:pfe-rs) by extension 'ignore_ament_install'
[2.341s] Level 1:colcon.colcon_core.package_identification:_identify(git@github.com:pfe-rs) by extensions ['colcon_pkg']
[2.341s] Level 1:colcon.colcon_core.package_identification:_identify(git@github.com:pfe-rs) by extension 'colcon_pkg'
[2.342s] Level 1:colcon.colcon_core.package_identification:_identify(git@github.com:pfe-rs) by extensions ['colcon_meta']
[2.342s] Level 1:colcon.colcon_core.package_identification:_identify(git@github.com:pfe-rs) by extension 'colcon_meta'
[2.342s] Level 1:colcon.colcon_core.package_identification:_identify(git@github.com:pfe-rs) by extensions ['ros']
[2.343s] Level 1:colcon.colcon_core.package_identification:_identify(git@github.com:pfe-rs) by extension 'ros'
[2.344s] Level 1:colcon.colcon_core.package_identification:_identify(git@github.com:pfe-rs) by extensions ['cmake', 'python']
[2.344s] Level 1:colcon.colcon_core.package_identification:_identify(git@github.com:pfe-rs) by extension 'cmake'
[2.344s] Level 1:colcon.colcon_core.package_identification:_identify(git@github.com:pfe-rs) by extension 'python'
[2.345s] Level 1:colcon.colcon_core.package_identification:_identify(git@github.com:pfe-rs) by extensions ['python_setup_py']
[2.345s] Level 1:colcon.colcon_core.package_identification:_identify(git@github.com:pfe-rs) by extension 'python_setup_py'
[2.347s] Level 1:colcon.colcon_core.package_identification:_identify(git@github.com:pfe-rs/lk-s-2026-miloje-slam) by extensions ['ignore', 'ignore_ament_install']
[2.348s] Level 1:colcon.colcon_core.package_identification:_identify(git@github.com:pfe-rs/lk-s-2026-miloje-slam) by extension 'ignore'
[2.349s] Level 1:colcon.colcon_core.package_identification:_identify(git@github.com:pfe-rs/lk-s-2026-miloje-slam) by extension 'ignore_ament_install'
[2.350s] Level 1:colcon.colcon_core.package_identification:_identify(git@github.com:pfe-rs/lk-s-2026-miloje-slam) by extensions ['colcon_pkg']
[2.350s] Level 1:colcon.colcon_core.package_identification:_identify(git@github.com:pfe-rs/lk-s-2026-miloje-slam) by extension 'colcon_pkg'
[2.351s] Level 1:colcon.colcon_core.package_identification:_identify(git@github.com:pfe-rs/lk-s-2026-miloje-slam) by extensions ['colcon_meta']
[2.351s] Level 1:colcon.colcon_core.package_identification:_identify(git@github.com:pfe-rs/lk-s-2026-miloje-slam) by extension 'colcon_meta'
[2.351s] Level 1:colcon.colcon_core.package_identification:_identify(git@github.com:pfe-rs/lk-s-2026-miloje-slam) by extensions ['ros']
[2.352s] Level 1:colcon.colcon_core.package_identification:_identify(git@github.com:pfe-rs/lk-s-2026-miloje-slam) by extension 'ros'
[2.353s] Level 1:colcon.colcon_core.package_identification:_identify(git@github.com:pfe-rs/lk-s-2026-miloje-slam) by extensions ['cmake', 'python']
[2.353s] Level 1:colcon.colcon_core.package_identification:_identify(git@github.com:pfe-rs/lk-s-2026-miloje-slam) by extension 'cmake'
[2.353s] Level 1:colcon.colcon_core.package_identification:_identify(git@github.com:pfe-rs/lk-s-2026-miloje-slam) by extension 'python'
[2.354s] Level 1:colcon.colcon_core.package_identification:_identify(git@github.com:pfe-rs/lk-s-2026-miloje-slam) by extensions ['python_setup_py']
[2.354s] Level 1:colcon.colcon_core.package_identification:_identify(git@github.com:pfe-rs/lk-s-2026-miloje-slam) by extension 'python_setup_py'
[2.355s] Level 1:colcon.colcon_core.package_identification:_identify(install) by extensions ['ignore', 'ignore_ament_install']
[2.356s] Level 1:colcon.colcon_core.package_identification:_identify(install) by extension 'ignore'
[2.356s] Level 1:colcon.colcon_core.package_identification:_identify(install) ignored
[2.358s] Level 1:colcon.colcon_core.package_identification:_identify(log) by extensions ['ignore', 'ignore_ament_install']
[2.359s] Level 1:colcon.colcon_core.package_identification:_identify(log) by extension 'ignore'
[2.359s] Level 1:colcon.colcon_core.package_identification:_identify(log) ignored
[2.360s] Level 1:colcon.colcon_core.package_identification:_identify(src) by extensions ['ignore', 'ignore_ament_install']
[2.361s] Level 1:colcon.colcon_core.package_identification:_identify(src) by extension 'ignore'
[2.361s] Level 1:colcon.colcon_core.package_identification:_identify(src) by extension 'ignore_ament_install'
[2.362s] Level 1:colcon.colcon_core.package_identification:_identify(src) by extensions ['colcon_pkg']
[2.362s] Level 1:colcon.colcon_core.package_identification:_identify(src) by extension 'colcon_pkg'
[2.363s] Level 1:colcon.colcon_core.package_identification:_identify(src) by extensions ['colcon_meta']
[2.363s] Level 1:colcon.colcon_core.package_identification:_identify(src) by extension 'colcon_meta'
[2.363s] Level 1:colcon.colcon_core.package_identification:_identify(src) by extensions ['ros']
[2.364s] Level 1:colcon.colcon_core.package_identification:_identify(src) by extension 'ros'
[2.364s] Level 1:colcon.colcon_core.package_identification:_identify(src) by extensions ['cmake', 'python']
[2.365s] Level 1:colcon.colcon_core.package_identification:_identify(src) by extension 'cmake'
[2.365s] Level 1:colcon.colcon_core.package_identification:_identify(src) by extension 'python'
[2.366s] Level 1:colcon.colcon_core.package_identification:_identify(src) by extensions ['python_setup_py']
[2.366s] Level 1:colcon.colcon_core.package_identification:_identify(src) by extension 'python_setup_py'
[2.367s] Level 1:colcon.colcon_core.package_identification:_identify(src/my_robot_slam) by extensions ['ignore', 'ignore_ament_install']
[2.368s] Level 1:colcon.colcon_core.package_identification:_identify(src/my_robot_slam) by extension 'ignore'
[2.368s] Level 1:colcon.colcon_core.package_identification:_identify(src/my_robot_slam) by extension 'ignore_ament_install'
[2.369s] Level 1:colcon.colcon_core.package_identification:_identify(src/my_robot_slam) by extensions ['colcon_pkg']
[2.369s] Level 1:colcon.colcon_core.package_identification:_identify(src/my_robot_slam) by extension 'colcon_pkg'
[2.370s] Level 1:colcon.colcon_core.package_identification:_identify(src/my_robot_slam) by extensions ['colcon_meta']
[2.370s] Level 1:colcon.colcon_core.package_identification:_identify(src/my_robot_slam) by extension 'colcon_meta'
[2.370s] Level 1:colcon.colcon_core.package_identification:_identify(src/my_robot_slam) by extensions ['ros']
[2.370s] Level 1:colcon.colcon_core.package_identification:_identify(src/my_robot_slam) by extension 'ros'
[2.408s] DEBUG:colcon.colcon_core.package_identification:Package 'src/my_robot_slam' with type 'ros.ament_python' and name 'my_robot_slam'
[2.409s] Level 1:colcon.colcon_core.package_discovery:discover_packages(recursive) using defaults
[2.409s] Level 1:colcon.colcon_core.package_discovery:discover_packages(ignore) discover
[2.409s] Level 1:colcon.colcon_core.package_discovery:discover_packages(ignore) using defaults
[2.410s] Level 1:colcon.colcon_core.package_discovery:discover_packages(path) discover
[2.410s] Level 1:colcon.colcon_core.package_discovery:discover_packages(path) using defaults
[2.623s] Level 1:colcon.colcon_core.package_discovery:discover_packages(prefix_path) check parameters
[2.624s] Level 1:colcon.colcon_core.package_discovery:discover_packages(prefix_path) discover
[2.662s] DEBUG:colcon.colcon_installed_package_information.package_discovery:Found 197 installed packages in /opt/ros/jazzy
[2.668s] Level 1:colcon.colcon_core.package_discovery:discover_packages(prefix_path) using defaults
[3.024s] Level 5:colcon.colcon_core.verb:set package 'my_robot_slam' build argument 'cmake_args' from command line to 'None'
[3.024s] Level 5:colcon.colcon_core.verb:set package 'my_robot_slam' build argument 'cmake_target' from command line to 'None'
[3.024s] Level 5:colcon.colcon_core.verb:set package 'my_robot_slam' build argument 'cmake_target_skip_unavailable' from command line to 'False'
[3.025s] Level 5:colcon.colcon_core.verb:set package 'my_robot_slam' build argument 'cmake_clean_cache' from command line to 'False'
[3.025s] Level 5:colcon.colcon_core.verb:set package 'my_robot_slam' build argument 'cmake_clean_first' from command line to 'False'
[3.025s] Level 5:colcon.colcon_core.verb:set package 'my_robot_slam' build argument 'cmake_force_configure' from command line to 'False'
[3.025s] Level 5:colcon.colcon_core.verb:set package 'my_robot_slam' build argument 'ament_cmake_args' from command line to 'None'
[3.025s] Level 5:colcon.colcon_core.verb:set package 'my_robot_slam' build argument 'catkin_cmake_args' from command line to 'None'
[3.026s] Level 5:colcon.colcon_core.verb:set package 'my_robot_slam' build argument 'catkin_skip_building_tests' from command line to 'False'
[3.026s] DEBUG:colcon.colcon_core.verb:Building package 'my_robot_slam' with the following arguments: {'ament_cmake_args': None, 'build_base': '/home/pfe/SlamGit/lk-s-2026-miloje-slam/build/my_robot_slam', 'catkin_cmake_args': None, 'catkin_skip_building_tests': False, 'cmake_args': None, 'cmake_clean_cache': False, 'cmake_clean_first': False, 'cmake_force_configure': False, 'cmake_target': None, 'cmake_target_skip_unavailable': False, 'install_base': '/home/pfe/SlamGit/lk-s-2026-miloje-slam/install/my_robot_slam', 'merge_install': False, 'path': '/home/pfe/SlamGit/lk-s-2026-miloje-slam/src/my_robot_slam', 'symlink_install': False, 'test_result_base': None}
[3.027s] INFO:colcon.colcon_core.executor:Executing jobs using 'parallel' executor
[3.033s] DEBUG:colcon.colcon_parallel_executor.executor.parallel:run_until_complete
[3.035s] INFO:colcon.colcon_ros.task.ament_python.build:Building ROS package in '/home/pfe/SlamGit/lk-s-2026-miloje-slam/src/my_robot_slam' with build type 'ament_python'
[3.036s] Level 1:colcon.colcon_core.shell:create_environment_hook('my_robot_slam', 'ament_prefix_path')
[3.073s] INFO:colcon.colcon_core.plugin_system:Skipping extension 'colcon_core.shell.bat': Not used on non-Windows systems
[3.075s] INFO:colcon.colcon_core.shell:Creating environment hook '/home/pfe/SlamGit/lk-s-2026-miloje-slam/install/my_robot_slam/share/my_robot_slam/hook/ament_prefix_path.ps1'
[3.095s] INFO:colcon.colcon_core.shell:Creating environment descriptor '/home/pfe/SlamGit/lk-s-2026-miloje-slam/install/my_robot_slam/share/my_robot_slam/hook/ament_prefix_path.dsv'
[3.800s] INFO:colcon.colcon_core.shell:Creating environment hook '/home/pfe/SlamGit/lk-s-2026-miloje-slam/install/my_robot_slam/share/my_robot_slam/hook/ament_prefix_path.sh'
[3.809s] INFO:colcon.colcon_core.shell:Skip shell extension 'powershell' for command environment: Not usable outside of PowerShell
[3.809s] DEBUG:colcon.colcon_core.shell:Skip shell extension 'dsv' for command environment
[5.834s] INFO:colcon.colcon_core.task.python.build:Building Python package in '/home/pfe/SlamGit/lk-s-2026-miloje-slam/src/my_robot_slam'
[5.836s] INFO:colcon.colcon_core.shell:Skip shell extension 'powershell' for command environment: Not usable outside of PowerShell
[5.836s] DEBUG:colcon.colcon_core.shell:Skip shell extension 'dsv' for command environment
[13.097s] DEBUG:colcon.colcon_core.task.python.build:Available setuptools commands: develop, install_headers, bdist_dumb, dist_info, bdist_egg, install_lib, symlink_data, init_catalog, install_scripts, extract_messages, setopt, test, bdist_rpm, build_ext, update_catalog, egg_info, build, sdist, compile_catalog, upload_docs, bdist_wheel, editable_wheel, install, upload, install_data, rotate, build_py, build_clib, build_scripts, bdist, check, register, install_egg_info, saveopts, clean, alias, easy_install
[13.111s] DEBUG:colcon.colcon_core.event_handler.log_command:Invoking command in '/home/pfe/SlamGit/lk-s-2026-miloje-slam/src/my_robot_slam': PYTHONPATH=/home/pfe/SlamGit/lk-s-2026-miloje-slam/build/my_robot_slam/prefix_override:/usr/lib/python3/dist-packages/colcon_core/task/python/colcon_distutils_commands:/home/pfe/SlamGit/lk-s-2026-miloje-slam/install/my_robot_slam/lib/python3.12/site-packages:${PYTHONPATH} /usr/bin/python3 -W ignore:setup.py install is deprecated -W ignore:easy_install command is deprecated setup.py egg_info --egg-base ../../build/my_robot_slam build --build-base /home/pfe/SlamGit/lk-s-2026-miloje-slam/build/my_robot_slam/build install --record /home/pfe/SlamGit/lk-s-2026-miloje-slam/build/my_robot_slam/install.log --install-scripts $base/lib/my_robot_slam --single-version-externally-managed install_data
[18.493s] DEBUG:colcon.colcon_core.event_handler.log_command:Invoked command in '/home/pfe/SlamGit/lk-s-2026-miloje-slam/src/my_robot_slam' returned '0': PYTHONPATH=/home/pfe/SlamGit/lk-s-2026-miloje-slam/build/my_robot_slam/prefix_override:/usr/lib/python3/dist-packages/colcon_core/task/python/colcon_distutils_commands:/home/pfe/SlamGit/lk-s-2026-miloje-slam/install/my_robot_slam/lib/python3.12/site-packages:${PYTHONPATH} /usr/bin/python3 -W ignore:setup.py install is deprecated -W ignore:easy_install command is deprecated setup.py egg_info --egg-base ../../build/my_robot_slam build --build-base /home/pfe/SlamGit/lk-s-2026-miloje-slam/build/my_robot_slam/build install --record /home/pfe/SlamGit/lk-s-2026-miloje-slam/build/my_robot_slam/install.log --install-scripts $base/lib/my_robot_slam --single-version-externally-managed install_data
[18.537s] Level 1:colcon.colcon_core.environment:checking '/home/pfe/SlamGit/lk-s-2026-miloje-slam/install/my_robot_slam' for CMake module files
[18.547s] Level 1:colcon.colcon_core.environment:checking '/home/pfe/SlamGit/lk-s-2026-miloje-slam/install/my_robot_slam' for CMake config files
[18.564s] Level 1:colcon.colcon_core.environment:checking '/home/pfe/SlamGit/lk-s-2026-miloje-slam/install/my_robot_slam/lib'
[18.566s] Level 1:colcon.colcon_core.environment:checking '/home/pfe/SlamGit/lk-s-2026-miloje-slam/install/my_robot_slam/bin'
[18.567s] Level 1:colcon.colcon_core.environment:checking '/home/pfe/SlamGit/lk-s-2026-miloje-slam/install/my_robot_slam/lib/pkgconfig/my_robot_slam.pc'
[18.569s] Level 1:colcon.colcon_core.environment:checking '/home/pfe/SlamGit/lk-s-2026-miloje-slam/install/my_robot_slam/lib/python3.12/site-packages'
[18.571s] Level 1:colcon.colcon_core.shell:create_environment_hook('my_robot_slam', 'pythonpath')
[18.572s] INFO:colcon.colcon_core.shell:Creating environment hook '/home/pfe/SlamGit/lk-s-2026-miloje-slam/install/my_robot_slam/share/my_robot_slam/hook/pythonpath.ps1'
[18.576s] INFO:colcon.colcon_core.shell:Creating environment descriptor '/home/pfe/SlamGit/lk-s-2026-miloje-slam/install/my_robot_slam/share/my_robot_slam/hook/pythonpath.dsv'
[18.580s] INFO:colcon.colcon_core.shell:Creating environment hook '/home/pfe/SlamGit/lk-s-2026-miloje-slam/install/my_robot_slam/share/my_robot_slam/hook/pythonpath.sh'
[18.587s] Level 1:colcon.colcon_core.environment:checking '/home/pfe/SlamGit/lk-s-2026-miloje-slam/install/my_robot_slam/bin'
[18.587s] Level 1:colcon.colcon_core.environment:create_environment_scripts_only(my_robot_slam)
[18.589s] INFO:colcon.colcon_core.shell:Creating package script '/home/pfe/SlamGit/lk-s-2026-miloje-slam/install/my_robot_slam/share/my_robot_slam/package.ps1'
[19.311s] INFO:colcon.colcon_core.shell:Creating package descriptor '/home/pfe/SlamGit/lk-s-2026-miloje-slam/install/my_robot_slam/share/my_robot_slam/package.dsv'
[19.318s] INFO:colcon.colcon_core.shell:Creating package script '/home/pfe/SlamGit/lk-s-2026-miloje-slam/install/my_robot_slam/share/my_robot_slam/package.sh'
[19.329s] INFO:colcon.colcon_core.shell:Creating package script '/home/pfe/SlamGit/lk-s-2026-miloje-slam/install/my_robot_slam/share/my_robot_slam/package.bash'
[19.339s] INFO:colcon.colcon_core.shell:Creating package script '/home/pfe/SlamGit/lk-s-2026-miloje-slam/install/my_robot_slam/share/my_robot_slam/package.zsh'
[19.348s] Level 1:colcon.colcon_core.environment:create_file_with_runtime_dependencies(/home/pfe/SlamGit/lk-s-2026-miloje-slam/install/my_robot_slam/share/colcon-core/packages/my_robot_slam)
[19.351s] DEBUG:colcon.colcon_parallel_executor.executor.parallel:closing loop
[19.354s] DEBUG:colcon.colcon_parallel_executor.executor.parallel:loop closed
[19.355s] DEBUG:colcon.colcon_parallel_executor.executor.parallel:run_until_complete finished with '0'
[19.356s] DEBUG:colcon.colcon_core.event_reactor:joining thread
[19.359s] DEBUG:colcon.colcon_core.event_reactor:joined thread
[19.361s] INFO:colcon.colcon_core.shell:Creating prefix script '/home/pfe/SlamGit/lk-s-2026-miloje-slam/install/local_setup.ps1'
[19.370s] INFO:colcon.colcon_core.shell:Creating prefix util module '/home/pfe/SlamGit/lk-s-2026-miloje-slam/install/_local_setup_util_ps1.py'
[19.384s] INFO:colcon.colcon_core.shell:Creating prefix chain script '/home/pfe/SlamGit/lk-s-2026-miloje-slam/install/setup.ps1'
[19.403s] INFO:colcon.colcon_core.shell:Creating prefix script '/home/pfe/SlamGit/lk-s-2026-miloje-slam/install/local_setup.sh'
[19.419s] INFO:colcon.colcon_core.shell:Creating prefix util module '/home/pfe/SlamGit/lk-s-2026-miloje-slam/install/_local_setup_util_sh.py'
[19.428s] INFO:colcon.colcon_core.shell:Creating prefix chain script '/home/pfe/SlamGit/lk-s-2026-miloje-slam/install/setup.sh'
[19.437s] INFO:colcon.colcon_core.shell:Creating prefix script '/home/pfe/SlamGit/lk-s-2026-miloje-slam/install/local_setup.bash'
[19.443s] INFO:colcon.colcon_core.shell:Creating prefix chain script '/home/pfe/SlamGit/lk-s-2026-miloje-slam/install/setup.bash'
[19.451s] INFO:colcon.colcon_core.shell:Creating prefix script '/home/pfe/SlamGit/lk-s-2026-miloje-slam/install/local_setup.zsh'
[19.459s] INFO:colcon.colcon_core.shell:Creating prefix chain script '/home/pfe/SlamGit/lk-s-2026-miloje-slam/install/setup.zsh'
