[0.098s] DEBUG:colcon:Command line arguments: ['/usr/bin/colcon', 'build']
[0.098s] DEBUG:colcon:Parsed command line arguments: Namespace(log_base=None, log_level=None, verb_name='build', build_base='build', install_base='install', merge_install=False, symlink_install=False, test_result_base=None, continue_on_error=False, executor='parallel', parallel_workers=8, event_handlers=None, ignore_user_meta=False, metas=['./colcon.meta'], base_paths=['.'], packages_ignore=None, packages_ignore_regex=None, paths=None, packages_up_to=None, packages_up_to_regex=None, packages_above=None, packages_above_and_dependencies=None, packages_above_depth=None, packages_select_by_dep=None, packages_skip_by_dep=None, packages_skip_up_to=None, packages_select_build_failed=False, packages_skip_build_finished=False, packages_select_test_failures=False, packages_skip_test_passed=False, packages_select=None, packages_skip=None, packages_select_regex=None, packages_skip_regex=None, packages_start=None, packages_end=None, allow_overriding=[], cmake_args=None, cmake_target=None, cmake_target_skip_unavailable=False, cmake_clean_cache=False, cmake_clean_first=False, cmake_force_configure=False, ament_cmake_args=None, catkin_cmake_args=None, catkin_skip_building_tests=False, verb_parser=<colcon_defaults.argument_parser.defaults.DefaultArgumentsDecorator object at 0x7faebd979f00>, verb_extension=<colcon_core.verb.build.BuildVerb object at 0x7faebdcb3610>, main=<bound method BuildVerb.main of <colcon_core.verb.build.BuildVerb object at 0x7faebdcb3610>>)
[0.203s] Level 1:colcon.colcon_core.package_discovery:discover_packages(colcon_meta) check parameters
[0.203s] Level 1:colcon.colcon_core.package_discovery:discover_packages(recursive) check parameters
[0.203s] Level 1:colcon.colcon_core.package_discovery:discover_packages(ignore) check parameters
[0.203s] Level 1:colcon.colcon_core.package_discovery:discover_packages(path) check parameters
[0.203s] Level 1:colcon.colcon_core.package_discovery:discover_packages(colcon_meta) discover
[0.203s] Level 1:colcon.colcon_core.package_discovery:discover_packages(recursive) discover
[0.203s] INFO:colcon.colcon_core.package_discovery:Crawling recursively for packages in '/home/veljkogalovic/robot_ws/git@github.com:pfe-rs'
[0.203s] Level 1:colcon.colcon_core.package_identification:_identify(.) by extensions ['ignore', 'ignore_ament_install']
[0.203s] Level 1:colcon.colcon_core.package_identification:_identify(.) by extension 'ignore'
[0.204s] Level 1:colcon.colcon_core.package_identification:_identify(.) by extension 'ignore_ament_install'
[0.204s] Level 1:colcon.colcon_core.package_identification:_identify(.) by extensions ['colcon_pkg']
[0.204s] Level 1:colcon.colcon_core.package_identification:_identify(.) by extension 'colcon_pkg'
[0.204s] Level 1:colcon.colcon_core.package_identification:_identify(.) by extensions ['colcon_meta']
[0.204s] Level 1:colcon.colcon_core.package_identification:_identify(.) by extension 'colcon_meta'
[0.204s] Level 1:colcon.colcon_core.package_identification:_identify(.) by extensions ['ros']
[0.204s] Level 1:colcon.colcon_core.package_identification:_identify(.) by extension 'ros'
[0.215s] Level 1:colcon.colcon_core.package_identification:_identify(.) by extensions ['cmake', 'python']
[0.215s] Level 1:colcon.colcon_core.package_identification:_identify(.) by extension 'cmake'
[0.216s] Level 1:colcon.colcon_core.package_identification:_identify(.) by extension 'python'
[0.216s] Level 1:colcon.colcon_core.package_identification:_identify(.) by extensions ['python_setup_py']
[0.216s] Level 1:colcon.colcon_core.package_identification:_identify(.) by extension 'python_setup_py'
[0.216s] Level 1:colcon.colcon_core.package_identification:_identify(NewWorkspace) by extensions ['ignore', 'ignore_ament_install']
[0.216s] Level 1:colcon.colcon_core.package_identification:_identify(NewWorkspace) by extension 'ignore'
[0.216s] Level 1:colcon.colcon_core.package_identification:_identify(NewWorkspace) by extension 'ignore_ament_install'
[0.216s] Level 1:colcon.colcon_core.package_identification:_identify(NewWorkspace) by extensions ['colcon_pkg']
[0.216s] Level 1:colcon.colcon_core.package_identification:_identify(NewWorkspace) by extension 'colcon_pkg'
[0.216s] Level 1:colcon.colcon_core.package_identification:_identify(NewWorkspace) by extensions ['colcon_meta']
[0.216s] Level 1:colcon.colcon_core.package_identification:_identify(NewWorkspace) by extension 'colcon_meta'
[0.216s] Level 1:colcon.colcon_core.package_identification:_identify(NewWorkspace) by extensions ['ros']
[0.216s] Level 1:colcon.colcon_core.package_identification:_identify(NewWorkspace) by extension 'ros'
[0.216s] Level 1:colcon.colcon_core.package_identification:_identify(NewWorkspace) by extensions ['cmake', 'python']
[0.216s] Level 1:colcon.colcon_core.package_identification:_identify(NewWorkspace) by extension 'cmake'
[0.216s] Level 1:colcon.colcon_core.package_identification:_identify(NewWorkspace) by extension 'python'
[0.216s] Level 1:colcon.colcon_core.package_identification:_identify(NewWorkspace) by extensions ['python_setup_py']
[0.216s] Level 1:colcon.colcon_core.package_identification:_identify(NewWorkspace) by extension 'python_setup_py'
[0.216s] Level 1:colcon.colcon_core.package_identification:_identify(NewWorkspace/build) by extensions ['ignore', 'ignore_ament_install']
[0.216s] Level 1:colcon.colcon_core.package_identification:_identify(NewWorkspace/build) by extension 'ignore'
[0.216s] Level 1:colcon.colcon_core.package_identification:_identify(NewWorkspace/build) ignored
[0.217s] Level 1:colcon.colcon_core.package_identification:_identify(NewWorkspace/install) by extensions ['ignore', 'ignore_ament_install']
[0.217s] Level 1:colcon.colcon_core.package_identification:_identify(NewWorkspace/install) by extension 'ignore'
[0.217s] Level 1:colcon.colcon_core.package_identification:_identify(NewWorkspace/install) ignored
[0.217s] Level 1:colcon.colcon_core.package_identification:_identify(NewWorkspace/log) by extensions ['ignore', 'ignore_ament_install']
[0.217s] Level 1:colcon.colcon_core.package_identification:_identify(NewWorkspace/log) by extension 'ignore'
[0.217s] Level 1:colcon.colcon_core.package_identification:_identify(NewWorkspace/log) ignored
[0.217s] Level 1:colcon.colcon_core.package_identification:_identify(NewWorkspace/src) by extensions ['ignore', 'ignore_ament_install']
[0.217s] Level 1:colcon.colcon_core.package_identification:_identify(NewWorkspace/src) by extension 'ignore'
[0.217s] Level 1:colcon.colcon_core.package_identification:_identify(NewWorkspace/src) by extension 'ignore_ament_install'
[0.217s] Level 1:colcon.colcon_core.package_identification:_identify(NewWorkspace/src) by extensions ['colcon_pkg']
[0.217s] Level 1:colcon.colcon_core.package_identification:_identify(NewWorkspace/src) by extension 'colcon_pkg'
[0.217s] Level 1:colcon.colcon_core.package_identification:_identify(NewWorkspace/src) by extensions ['colcon_meta']
[0.217s] Level 1:colcon.colcon_core.package_identification:_identify(NewWorkspace/src) by extension 'colcon_meta'
[0.217s] Level 1:colcon.colcon_core.package_identification:_identify(NewWorkspace/src) by extensions ['ros']
[0.217s] Level 1:colcon.colcon_core.package_identification:_identify(NewWorkspace/src) by extension 'ros'
[0.217s] Level 1:colcon.colcon_core.package_identification:_identify(NewWorkspace/src) by extensions ['cmake', 'python']
[0.217s] Level 1:colcon.colcon_core.package_identification:_identify(NewWorkspace/src) by extension 'cmake'
[0.217s] Level 1:colcon.colcon_core.package_identification:_identify(NewWorkspace/src) by extension 'python'
[0.217s] Level 1:colcon.colcon_core.package_identification:_identify(NewWorkspace/src) by extensions ['python_setup_py']
[0.218s] Level 1:colcon.colcon_core.package_identification:_identify(NewWorkspace/src) by extension 'python_setup_py'
[0.218s] Level 1:colcon.colcon_core.package_identification:_identify(NewWorkspace/src/lidar_msgs) by extensions ['ignore', 'ignore_ament_install']
[0.218s] Level 1:colcon.colcon_core.package_identification:_identify(NewWorkspace/src/lidar_msgs) by extension 'ignore'
[0.218s] Level 1:colcon.colcon_core.package_identification:_identify(NewWorkspace/src/lidar_msgs) by extension 'ignore_ament_install'
[0.218s] Level 1:colcon.colcon_core.package_identification:_identify(NewWorkspace/src/lidar_msgs) by extensions ['colcon_pkg']
[0.218s] Level 1:colcon.colcon_core.package_identification:_identify(NewWorkspace/src/lidar_msgs) by extension 'colcon_pkg'
[0.218s] Level 1:colcon.colcon_core.package_identification:_identify(NewWorkspace/src/lidar_msgs) by extensions ['colcon_meta']
[0.218s] Level 1:colcon.colcon_core.package_identification:_identify(NewWorkspace/src/lidar_msgs) by extension 'colcon_meta'
[0.218s] Level 1:colcon.colcon_core.package_identification:_identify(NewWorkspace/src/lidar_msgs) by extensions ['ros']
[0.218s] Level 1:colcon.colcon_core.package_identification:_identify(NewWorkspace/src/lidar_msgs) by extension 'ros'
[0.220s] DEBUG:colcon.colcon_core.package_identification:Package 'NewWorkspace/src/lidar_msgs' with type 'ros.ament_cmake' and name 'lidar_msgs'
[0.221s] Level 1:colcon.colcon_core.package_identification:_identify(NewWorkspace/src/lidar_pkg) by extensions ['ignore', 'ignore_ament_install']
[0.221s] Level 1:colcon.colcon_core.package_identification:_identify(NewWorkspace/src/lidar_pkg) by extension 'ignore'
[0.221s] Level 1:colcon.colcon_core.package_identification:_identify(NewWorkspace/src/lidar_pkg) by extension 'ignore_ament_install'
[0.221s] Level 1:colcon.colcon_core.package_identification:_identify(NewWorkspace/src/lidar_pkg) by extensions ['colcon_pkg']
[0.221s] Level 1:colcon.colcon_core.package_identification:_identify(NewWorkspace/src/lidar_pkg) by extension 'colcon_pkg'
[0.221s] Level 1:colcon.colcon_core.package_identification:_identify(NewWorkspace/src/lidar_pkg) by extensions ['colcon_meta']
[0.221s] Level 1:colcon.colcon_core.package_identification:_identify(NewWorkspace/src/lidar_pkg) by extension 'colcon_meta'
[0.221s] Level 1:colcon.colcon_core.package_identification:_identify(NewWorkspace/src/lidar_pkg) by extensions ['ros']
[0.221s] Level 1:colcon.colcon_core.package_identification:_identify(NewWorkspace/src/lidar_pkg) by extension 'ros'
[0.222s] DEBUG:colcon.colcon_core.package_identification:Package 'NewWorkspace/src/lidar_pkg' with type 'ros.ament_python' and name 'lidar_pkg'
[0.222s] Level 1:colcon.colcon_core.package_identification:_identify(build) by extensions ['ignore', 'ignore_ament_install']
[0.222s] Level 1:colcon.colcon_core.package_identification:_identify(build) by extension 'ignore'
[0.222s] Level 1:colcon.colcon_core.package_identification:_identify(build) ignored
[0.222s] Level 1:colcon.colcon_core.package_identification:_identify(install) by extensions ['ignore', 'ignore_ament_install']
[0.222s] Level 1:colcon.colcon_core.package_identification:_identify(install) by extension 'ignore'
[0.222s] Level 1:colcon.colcon_core.package_identification:_identify(install) ignored
[0.222s] Level 1:colcon.colcon_core.package_identification:_identify(lk-s-2026-miloje-slam) by extensions ['ignore', 'ignore_ament_install']
[0.222s] Level 1:colcon.colcon_core.package_identification:_identify(lk-s-2026-miloje-slam) by extension 'ignore'
[0.222s] Level 1:colcon.colcon_core.package_identification:_identify(lk-s-2026-miloje-slam) by extension 'ignore_ament_install'
[0.222s] Level 1:colcon.colcon_core.package_identification:_identify(lk-s-2026-miloje-slam) by extensions ['colcon_pkg']
[0.222s] Level 1:colcon.colcon_core.package_identification:_identify(lk-s-2026-miloje-slam) by extension 'colcon_pkg'
[0.222s] Level 1:colcon.colcon_core.package_identification:_identify(lk-s-2026-miloje-slam) by extensions ['colcon_meta']
[0.222s] Level 1:colcon.colcon_core.package_identification:_identify(lk-s-2026-miloje-slam) by extension 'colcon_meta'
[0.222s] Level 1:colcon.colcon_core.package_identification:_identify(lk-s-2026-miloje-slam) by extensions ['ros']
[0.222s] Level 1:colcon.colcon_core.package_identification:_identify(lk-s-2026-miloje-slam) by extension 'ros'
[0.222s] Level 1:colcon.colcon_core.package_identification:_identify(lk-s-2026-miloje-slam) by extensions ['cmake', 'python']
[0.222s] Level 1:colcon.colcon_core.package_identification:_identify(lk-s-2026-miloje-slam) by extension 'cmake'
[0.223s] Level 1:colcon.colcon_core.package_identification:_identify(lk-s-2026-miloje-slam) by extension 'python'
[0.223s] Level 1:colcon.colcon_core.package_identification:_identify(lk-s-2026-miloje-slam) by extensions ['python_setup_py']
[0.223s] Level 1:colcon.colcon_core.package_identification:_identify(lk-s-2026-miloje-slam) by extension 'python_setup_py'
[0.223s] Level 1:colcon.colcon_core.package_identification:_identify(lk-s-2026-miloje-slam/RPLidarA1Viz) by extensions ['ignore', 'ignore_ament_install']
[0.223s] Level 1:colcon.colcon_core.package_identification:_identify(lk-s-2026-miloje-slam/RPLidarA1Viz) by extension 'ignore'
[0.223s] Level 1:colcon.colcon_core.package_identification:_identify(lk-s-2026-miloje-slam/RPLidarA1Viz) by extension 'ignore_ament_install'
[0.223s] Level 1:colcon.colcon_core.package_identification:_identify(lk-s-2026-miloje-slam/RPLidarA1Viz) by extensions ['colcon_pkg']
[0.223s] Level 1:colcon.colcon_core.package_identification:_identify(lk-s-2026-miloje-slam/RPLidarA1Viz) by extension 'colcon_pkg'
[0.223s] Level 1:colcon.colcon_core.package_identification:_identify(lk-s-2026-miloje-slam/RPLidarA1Viz) by extensions ['colcon_meta']
[0.223s] Level 1:colcon.colcon_core.package_identification:_identify(lk-s-2026-miloje-slam/RPLidarA1Viz) by extension 'colcon_meta'
[0.223s] Level 1:colcon.colcon_core.package_identification:_identify(lk-s-2026-miloje-slam/RPLidarA1Viz) by extensions ['ros']
[0.223s] Level 1:colcon.colcon_core.package_identification:_identify(lk-s-2026-miloje-slam/RPLidarA1Viz) by extension 'ros'
[0.223s] Level 1:colcon.colcon_core.package_identification:_identify(lk-s-2026-miloje-slam/RPLidarA1Viz) by extensions ['cmake', 'python']
[0.223s] Level 1:colcon.colcon_core.package_identification:_identify(lk-s-2026-miloje-slam/RPLidarA1Viz) by extension 'cmake'
[0.223s] Level 1:colcon.colcon_core.package_identification:_identify(lk-s-2026-miloje-slam/RPLidarA1Viz) by extension 'python'
[0.223s] Level 1:colcon.colcon_core.package_identification:_identify(lk-s-2026-miloje-slam/RPLidarA1Viz) by extensions ['python_setup_py']
[0.223s] Level 1:colcon.colcon_core.package_identification:_identify(lk-s-2026-miloje-slam/RPLidarA1Viz) by extension 'python_setup_py'
[0.223s] Level 1:colcon.colcon_core.package_identification:_identify(lk-s-2026-miloje-slam/build) by extensions ['ignore', 'ignore_ament_install']
[0.223s] Level 1:colcon.colcon_core.package_identification:_identify(lk-s-2026-miloje-slam/build) by extension 'ignore'
[0.223s] Level 1:colcon.colcon_core.package_identification:_identify(lk-s-2026-miloje-slam/build) ignored
[0.223s] Level 1:colcon.colcon_core.package_identification:_identify(lk-s-2026-miloje-slam/install) by extensions ['ignore', 'ignore_ament_install']
[0.224s] Level 1:colcon.colcon_core.package_identification:_identify(lk-s-2026-miloje-slam/install) by extension 'ignore'
[0.224s] Level 1:colcon.colcon_core.package_identification:_identify(lk-s-2026-miloje-slam/install) ignored
[0.224s] Level 1:colcon.colcon_core.package_identification:_identify(lk-s-2026-miloje-slam/log) by extensions ['ignore', 'ignore_ament_install']
[0.224s] Level 1:colcon.colcon_core.package_identification:_identify(lk-s-2026-miloje-slam/log) by extension 'ignore'
[0.224s] Level 1:colcon.colcon_core.package_identification:_identify(lk-s-2026-miloje-slam/log) ignored
[0.224s] Level 1:colcon.colcon_core.package_identification:_identify(lk-s-2026-miloje-slam/src) by extensions ['ignore', 'ignore_ament_install']
[0.224s] Level 1:colcon.colcon_core.package_identification:_identify(lk-s-2026-miloje-slam/src) by extension 'ignore'
[0.224s] Level 1:colcon.colcon_core.package_identification:_identify(lk-s-2026-miloje-slam/src) by extension 'ignore_ament_install'
[0.224s] Level 1:colcon.colcon_core.package_identification:_identify(lk-s-2026-miloje-slam/src) by extensions ['colcon_pkg']
[0.224s] Level 1:colcon.colcon_core.package_identification:_identify(lk-s-2026-miloje-slam/src) by extension 'colcon_pkg'
[0.224s] Level 1:colcon.colcon_core.package_identification:_identify(lk-s-2026-miloje-slam/src) by extensions ['colcon_meta']
[0.224s] Level 1:colcon.colcon_core.package_identification:_identify(lk-s-2026-miloje-slam/src) by extension 'colcon_meta'
[0.224s] Level 1:colcon.colcon_core.package_identification:_identify(lk-s-2026-miloje-slam/src) by extensions ['ros']
[0.224s] Level 1:colcon.colcon_core.package_identification:_identify(lk-s-2026-miloje-slam/src) by extension 'ros'
[0.224s] Level 1:colcon.colcon_core.package_identification:_identify(lk-s-2026-miloje-slam/src) by extensions ['cmake', 'python']
[0.224s] Level 1:colcon.colcon_core.package_identification:_identify(lk-s-2026-miloje-slam/src) by extension 'cmake'
[0.224s] Level 1:colcon.colcon_core.package_identification:_identify(lk-s-2026-miloje-slam/src) by extension 'python'
[0.224s] Level 1:colcon.colcon_core.package_identification:_identify(lk-s-2026-miloje-slam/src) by extensions ['python_setup_py']
[0.224s] Level 1:colcon.colcon_core.package_identification:_identify(lk-s-2026-miloje-slam/src) by extension 'python_setup_py'
[0.224s] Level 1:colcon.colcon_core.package_identification:_identify(lk-s-2026-miloje-slam/src/my_robot_slam) by extensions ['ignore', 'ignore_ament_install']
[0.224s] Level 1:colcon.colcon_core.package_identification:_identify(lk-s-2026-miloje-slam/src/my_robot_slam) by extension 'ignore'
[0.225s] Level 1:colcon.colcon_core.package_identification:_identify(lk-s-2026-miloje-slam/src/my_robot_slam) by extension 'ignore_ament_install'
[0.225s] Level 1:colcon.colcon_core.package_identification:_identify(lk-s-2026-miloje-slam/src/my_robot_slam) by extensions ['colcon_pkg']
[0.225s] Level 1:colcon.colcon_core.package_identification:_identify(lk-s-2026-miloje-slam/src/my_robot_slam) by extension 'colcon_pkg'
[0.225s] Level 1:colcon.colcon_core.package_identification:_identify(lk-s-2026-miloje-slam/src/my_robot_slam) by extensions ['colcon_meta']
[0.225s] Level 1:colcon.colcon_core.package_identification:_identify(lk-s-2026-miloje-slam/src/my_robot_slam) by extension 'colcon_meta'
[0.225s] Level 1:colcon.colcon_core.package_identification:_identify(lk-s-2026-miloje-slam/src/my_robot_slam) by extensions ['ros']
[0.225s] Level 1:colcon.colcon_core.package_identification:_identify(lk-s-2026-miloje-slam/src/my_robot_slam) by extension 'ros'
[0.225s] DEBUG:colcon.colcon_core.package_identification:Package 'lk-s-2026-miloje-slam/src/my_robot_slam' with type 'ros.ament_python' and name 'my_robot_slam'
[0.225s] Level 1:colcon.colcon_core.package_identification:_identify(log) by extensions ['ignore', 'ignore_ament_install']
[0.226s] Level 1:colcon.colcon_core.package_identification:_identify(log) by extension 'ignore'
[0.226s] Level 1:colcon.colcon_core.package_identification:_identify(log) ignored
[0.226s] Level 1:colcon.colcon_core.package_discovery:discover_packages(recursive) using defaults
[0.226s] Level 1:colcon.colcon_core.package_discovery:discover_packages(ignore) discover
[0.226s] Level 1:colcon.colcon_core.package_discovery:discover_packages(ignore) using defaults
[0.226s] Level 1:colcon.colcon_core.package_discovery:discover_packages(path) discover
[0.226s] Level 1:colcon.colcon_core.package_discovery:discover_packages(path) using defaults
[0.248s] Level 1:colcon.colcon_core.package_discovery:discover_packages(prefix_path) check parameters
[0.248s] Level 1:colcon.colcon_core.package_discovery:discover_packages(prefix_path) discover
[0.248s] Level 1:colcon.colcon_core.package_discovery:discover_packages(prefix_path) using defaults
[0.250s] Level 5:colcon.colcon_core.verb:set package 'lidar_msgs' build argument 'cmake_args' from command line to 'None'
[0.250s] Level 5:colcon.colcon_core.verb:set package 'lidar_msgs' build argument 'cmake_target' from command line to 'None'
[0.250s] Level 5:colcon.colcon_core.verb:set package 'lidar_msgs' build argument 'cmake_target_skip_unavailable' from command line to 'False'
[0.250s] Level 5:colcon.colcon_core.verb:set package 'lidar_msgs' build argument 'cmake_clean_cache' from command line to 'False'
[0.250s] Level 5:colcon.colcon_core.verb:set package 'lidar_msgs' build argument 'cmake_clean_first' from command line to 'False'
[0.250s] Level 5:colcon.colcon_core.verb:set package 'lidar_msgs' build argument 'cmake_force_configure' from command line to 'False'
[0.250s] Level 5:colcon.colcon_core.verb:set package 'lidar_msgs' build argument 'ament_cmake_args' from command line to 'None'
[0.250s] Level 5:colcon.colcon_core.verb:set package 'lidar_msgs' build argument 'catkin_cmake_args' from command line to 'None'
[0.250s] Level 5:colcon.colcon_core.verb:set package 'lidar_msgs' build argument 'catkin_skip_building_tests' from command line to 'False'
[0.250s] DEBUG:colcon.colcon_core.verb:Building package 'lidar_msgs' with the following arguments: {'ament_cmake_args': None, 'build_base': '/home/veljkogalovic/robot_ws/git@github.com:pfe-rs/build/lidar_msgs', 'catkin_cmake_args': None, 'catkin_skip_building_tests': False, 'cmake_args': None, 'cmake_clean_cache': False, 'cmake_clean_first': False, 'cmake_force_configure': False, 'cmake_target': None, 'cmake_target_skip_unavailable': False, 'install_base': '/home/veljkogalovic/robot_ws/git@github.com:pfe-rs/install/lidar_msgs', 'merge_install': False, 'path': '/home/veljkogalovic/robot_ws/git@github.com:pfe-rs/NewWorkspace/src/lidar_msgs', 'symlink_install': False, 'test_result_base': None}
[0.250s] Level 5:colcon.colcon_core.verb:set package 'my_robot_slam' build argument 'cmake_args' from command line to 'None'
[0.250s] Level 5:colcon.colcon_core.verb:set package 'my_robot_slam' build argument 'cmake_target' from command line to 'None'
[0.250s] Level 5:colcon.colcon_core.verb:set package 'my_robot_slam' build argument 'cmake_target_skip_unavailable' from command line to 'False'
[0.250s] Level 5:colcon.colcon_core.verb:set package 'my_robot_slam' build argument 'cmake_clean_cache' from command line to 'False'
[0.250s] Level 5:colcon.colcon_core.verb:set package 'my_robot_slam' build argument 'cmake_clean_first' from command line to 'False'
[0.250s] Level 5:colcon.colcon_core.verb:set package 'my_robot_slam' build argument 'cmake_force_configure' from command line to 'False'
[0.250s] Level 5:colcon.colcon_core.verb:set package 'my_robot_slam' build argument 'ament_cmake_args' from command line to 'None'
[0.250s] Level 5:colcon.colcon_core.verb:set package 'my_robot_slam' build argument 'catkin_cmake_args' from command line to 'None'
[0.250s] Level 5:colcon.colcon_core.verb:set package 'my_robot_slam' build argument 'catkin_skip_building_tests' from command line to 'False'
[0.250s] DEBUG:colcon.colcon_core.verb:Building package 'my_robot_slam' with the following arguments: {'ament_cmake_args': None, 'build_base': '/home/veljkogalovic/robot_ws/git@github.com:pfe-rs/build/my_robot_slam', 'catkin_cmake_args': None, 'catkin_skip_building_tests': False, 'cmake_args': None, 'cmake_clean_cache': False, 'cmake_clean_first': False, 'cmake_force_configure': False, 'cmake_target': None, 'cmake_target_skip_unavailable': False, 'install_base': '/home/veljkogalovic/robot_ws/git@github.com:pfe-rs/install/my_robot_slam', 'merge_install': False, 'path': '/home/veljkogalovic/robot_ws/git@github.com:pfe-rs/lk-s-2026-miloje-slam/src/my_robot_slam', 'symlink_install': False, 'test_result_base': None}
[0.251s] Level 5:colcon.colcon_core.verb:set package 'lidar_pkg' build argument 'cmake_args' from command line to 'None'
[0.251s] Level 5:colcon.colcon_core.verb:set package 'lidar_pkg' build argument 'cmake_target' from command line to 'None'
[0.251s] Level 5:colcon.colcon_core.verb:set package 'lidar_pkg' build argument 'cmake_target_skip_unavailable' from command line to 'False'
[0.251s] Level 5:colcon.colcon_core.verb:set package 'lidar_pkg' build argument 'cmake_clean_cache' from command line to 'False'
[0.251s] Level 5:colcon.colcon_core.verb:set package 'lidar_pkg' build argument 'cmake_clean_first' from command line to 'False'
[0.251s] Level 5:colcon.colcon_core.verb:set package 'lidar_pkg' build argument 'cmake_force_configure' from command line to 'False'
[0.251s] Level 5:colcon.colcon_core.verb:set package 'lidar_pkg' build argument 'ament_cmake_args' from command line to 'None'
[0.251s] Level 5:colcon.colcon_core.verb:set package 'lidar_pkg' build argument 'catkin_cmake_args' from command line to 'None'
[0.251s] Level 5:colcon.colcon_core.verb:set package 'lidar_pkg' build argument 'catkin_skip_building_tests' from command line to 'False'
[0.251s] DEBUG:colcon.colcon_core.verb:Building package 'lidar_pkg' with the following arguments: {'ament_cmake_args': None, 'build_base': '/home/veljkogalovic/robot_ws/git@github.com:pfe-rs/build/lidar_pkg', 'catkin_cmake_args': None, 'catkin_skip_building_tests': False, 'cmake_args': None, 'cmake_clean_cache': False, 'cmake_clean_first': False, 'cmake_force_configure': False, 'cmake_target': None, 'cmake_target_skip_unavailable': False, 'install_base': '/home/veljkogalovic/robot_ws/git@github.com:pfe-rs/install/lidar_pkg', 'merge_install': False, 'path': '/home/veljkogalovic/robot_ws/git@github.com:pfe-rs/NewWorkspace/src/lidar_pkg', 'symlink_install': False, 'test_result_base': None}
[0.251s] INFO:colcon.colcon_core.executor:Executing jobs using 'parallel' executor
[0.252s] DEBUG:colcon.colcon_parallel_executor.executor.parallel:run_until_complete
[0.252s] INFO:colcon.colcon_ros.task.ament_cmake.build:Building ROS package in '/home/veljkogalovic/robot_ws/git@github.com:pfe-rs/NewWorkspace/src/lidar_msgs' with build type 'ament_cmake'
[0.252s] INFO:colcon.colcon_cmake.task.cmake.build:Building CMake package in '/home/veljkogalovic/robot_ws/git@github.com:pfe-rs/NewWorkspace/src/lidar_msgs'
[0.254s] INFO:colcon.colcon_core.plugin_system:Skipping extension 'colcon_core.shell.bat': Not used on non-Windows systems
[0.255s] INFO:colcon.colcon_core.shell:Skip shell extension 'powershell' for command environment: Not usable outside of PowerShell
[0.255s] DEBUG:colcon.colcon_core.shell:Skip shell extension 'dsv' for command environment
[0.256s] INFO:colcon.colcon_ros.task.ament_python.build:Building ROS package in '/home/veljkogalovic/robot_ws/git@github.com:pfe-rs/lk-s-2026-miloje-slam/src/my_robot_slam' with build type 'ament_python'
[0.256s] Level 1:colcon.colcon_core.shell:create_environment_hook('my_robot_slam', 'ament_prefix_path')
[0.257s] INFO:colcon.colcon_core.shell:Creating environment hook '/home/veljkogalovic/robot_ws/git@github.com:pfe-rs/install/my_robot_slam/share/my_robot_slam/hook/ament_prefix_path.ps1'
[0.257s] INFO:colcon.colcon_core.shell:Creating environment descriptor '/home/veljkogalovic/robot_ws/git@github.com:pfe-rs/install/my_robot_slam/share/my_robot_slam/hook/ament_prefix_path.dsv'
[0.258s] INFO:colcon.colcon_core.shell:Creating environment hook '/home/veljkogalovic/robot_ws/git@github.com:pfe-rs/install/my_robot_slam/share/my_robot_slam/hook/ament_prefix_path.sh'
[0.258s] INFO:colcon.colcon_core.shell:Skip shell extension 'powershell' for command environment: Not usable outside of PowerShell
[0.259s] DEBUG:colcon.colcon_core.shell:Skip shell extension 'dsv' for command environment
[0.264s] DEBUG:colcon.colcon_core.event_handler.log_command:Invoking command in '/home/veljkogalovic/robot_ws/git@github.com:pfe-rs/build/lidar_msgs': PS1=📦[\u@ros2-env \W]$ /usr/bin/cmake /home/veljkogalovic/robot_ws/git@github.com:pfe-rs/NewWorkspace/src/lidar_msgs -DCMAKE_INSTALL_PREFIX=/home/veljkogalovic/robot_ws/git@github.com:pfe-rs/install/lidar_msgs
[0.459s] INFO:colcon.colcon_core.task.python.build:Building Python package in '/home/veljkogalovic/robot_ws/git@github.com:pfe-rs/lk-s-2026-miloje-slam/src/my_robot_slam'
[0.459s] INFO:colcon.colcon_core.shell:Skip shell extension 'powershell' for command environment: Not usable outside of PowerShell
[0.459s] DEBUG:colcon.colcon_core.shell:Skip shell extension 'dsv' for command environment
[0.579s] DEBUG:colcon.colcon_core.event_handler.log_command:Invoked command in '/home/veljkogalovic/robot_ws/git@github.com:pfe-rs/build/lidar_msgs' returned '1': PS1=📦[\u@ros2-env \W]$ /usr/bin/cmake /home/veljkogalovic/robot_ws/git@github.com:pfe-rs/NewWorkspace/src/lidar_msgs -DCMAKE_INSTALL_PREFIX=/home/veljkogalovic/robot_ws/git@github.com:pfe-rs/install/lidar_msgs
[0.590s] Level 1:colcon.colcon_core.environment:create_environment_scripts_only(lidar_msgs)
[0.592s] Level 1:colcon.colcon_core.environment:checking '/home/veljkogalovic/robot_ws/git@github.com:pfe-rs/install/lidar_msgs' for CMake module files
[0.592s] Level 1:colcon.colcon_core.environment:checking '/home/veljkogalovic/robot_ws/git@github.com:pfe-rs/install/lidar_msgs' for CMake config files
[0.593s] Level 1:colcon.colcon_core.environment:checking '/home/veljkogalovic/robot_ws/git@github.com:pfe-rs/install/lidar_msgs/bin'
[0.593s] Level 1:colcon.colcon_core.environment:checking '/home/veljkogalovic/robot_ws/git@github.com:pfe-rs/install/lidar_msgs/lib/pkgconfig/lidar_msgs.pc'
[0.593s] Level 1:colcon.colcon_core.environment:checking '/home/veljkogalovic/robot_ws/git@github.com:pfe-rs/install/lidar_msgs/lib/python3.10/site-packages'
[0.593s] Level 1:colcon.colcon_core.environment:checking '/home/veljkogalovic/robot_ws/git@github.com:pfe-rs/install/lidar_msgs/bin'
[0.594s] INFO:colcon.colcon_core.shell:Creating package script '/home/veljkogalovic/robot_ws/git@github.com:pfe-rs/install/lidar_msgs/share/lidar_msgs/package.ps1'
[0.595s] INFO:colcon.colcon_core.shell:Creating package descriptor '/home/veljkogalovic/robot_ws/git@github.com:pfe-rs/install/lidar_msgs/share/lidar_msgs/package.dsv'
[0.595s] INFO:colcon.colcon_core.shell:Creating package script '/home/veljkogalovic/robot_ws/git@github.com:pfe-rs/install/lidar_msgs/share/lidar_msgs/package.sh'
[0.596s] INFO:colcon.colcon_core.shell:Creating package script '/home/veljkogalovic/robot_ws/git@github.com:pfe-rs/install/lidar_msgs/share/lidar_msgs/package.bash'
[0.597s] INFO:colcon.colcon_core.shell:Creating package script '/home/veljkogalovic/robot_ws/git@github.com:pfe-rs/install/lidar_msgs/share/lidar_msgs/package.zsh'
[0.597s] Level 1:colcon.colcon_core.environment:create_file_with_runtime_dependencies(/home/veljkogalovic/robot_ws/git@github.com:pfe-rs/install/lidar_msgs/share/colcon-core/packages/lidar_msgs)
[0.739s] DEBUG:colcon.colcon_parallel_executor.executor.parallel:closing loop
[0.739s] DEBUG:colcon.colcon_parallel_executor.executor.parallel:loop closed
[0.739s] DEBUG:colcon.colcon_parallel_executor.executor.parallel:run_until_complete finished with '1'
[0.739s] DEBUG:colcon.colcon_core.event_reactor:joining thread
[0.744s] INFO:colcon.colcon_core.plugin_system:Skipping extension 'colcon_notification.desktop_notification.notify_send': Could not find 'notify-send'
[0.744s] INFO:colcon.colcon_core.plugin_system:Skipping extension 'colcon_notification.desktop_notification.terminal_notifier': Not used on non-Darwin systems
[0.744s] INFO:colcon.colcon_core.plugin_system:Skipping extension 'colcon_notification.desktop_notification.win32': Not used on non-Windows systems
[0.744s] INFO:colcon.colcon_notification.desktop_notification:Sending desktop notification using 'notify2'
[0.747s] DEBUG:colcon.colcon_notification.desktop_notification.notify2:Failed to initialize notify2: org.freedesktop.DBus.Error.Spawn.ExecFailed: /usr/bin/dbus-launch terminated abnormally without any error message
[0.747s] DEBUG:colcon.colcon_core.event_reactor:joined thread
[0.748s] INFO:colcon.colcon_core.shell:Creating prefix script '/home/veljkogalovic/robot_ws/git@github.com:pfe-rs/install/local_setup.ps1'
[0.749s] INFO:colcon.colcon_core.shell:Creating prefix util module '/home/veljkogalovic/robot_ws/git@github.com:pfe-rs/install/_local_setup_util_ps1.py'
[0.751s] INFO:colcon.colcon_core.shell:Creating prefix chain script '/home/veljkogalovic/robot_ws/git@github.com:pfe-rs/install/setup.ps1'
[0.752s] INFO:colcon.colcon_core.shell:Creating prefix script '/home/veljkogalovic/robot_ws/git@github.com:pfe-rs/install/local_setup.sh'
[0.752s] INFO:colcon.colcon_core.shell:Creating prefix util module '/home/veljkogalovic/robot_ws/git@github.com:pfe-rs/install/_local_setup_util_sh.py'
[0.753s] INFO:colcon.colcon_core.shell:Creating prefix chain script '/home/veljkogalovic/robot_ws/git@github.com:pfe-rs/install/setup.sh'
[0.754s] INFO:colcon.colcon_core.shell:Creating prefix script '/home/veljkogalovic/robot_ws/git@github.com:pfe-rs/install/local_setup.bash'
[0.755s] INFO:colcon.colcon_core.shell:Creating prefix chain script '/home/veljkogalovic/robot_ws/git@github.com:pfe-rs/install/setup.bash'
[0.756s] INFO:colcon.colcon_core.shell:Creating prefix script '/home/veljkogalovic/robot_ws/git@github.com:pfe-rs/install/local_setup.zsh'
[0.756s] INFO:colcon.colcon_core.shell:Creating prefix chain script '/home/veljkogalovic/robot_ws/git@github.com:pfe-rs/install/setup.zsh'
