running develop
Removing /run/host/home/veljkogalovic/robot_ws/install/my_robot_slam/lib/python3.10/site-packages/my-robot-slam.egg-link (link to .)
Link points to ['/home/veljkogalovic/robot_ws/build/my_robot_slam', '.']: uninstall aborted
running egg_info
writing ../../build/my_robot_slam/my_robot_slam.egg-info/PKG-INFO
writing dependency_links to ../../build/my_robot_slam/my_robot_slam.egg-info/dependency_links.txt
writing entry points to ../../build/my_robot_slam/my_robot_slam.egg-info/entry_points.txt
writing requirements to ../../build/my_robot_slam/my_robot_slam.egg-info/requires.txt
writing top-level names to ../../build/my_robot_slam/my_robot_slam.egg-info/top_level.txt
reading manifest file '../../build/my_robot_slam/my_robot_slam.egg-info/SOURCES.txt'
writing manifest file '../../build/my_robot_slam/my_robot_slam.egg-info/SOURCES.txt'
running build
running build_py
creating /run/host/home/veljkogalovic/robot_ws/build/my_robot_slam/build
creating /run/host/home/veljkogalovic/robot_ws/build/my_robot_slam/build/lib
creating /run/host/home/veljkogalovic/robot_ws/build/my_robot_slam/build/lib/my_robot_slam
copying my_robot_slam/__init__.py -> /run/host/home/veljkogalovic/robot_ws/build/my_robot_slam/build/lib/my_robot_slam
copying my_robot_slam/slam_processor.py -> /run/host/home/veljkogalovic/robot_ws/build/my_robot_slam/build/lib/my_robot_slam
copying my_robot_slam/path_planner.py -> /run/host/home/veljkogalovic/robot_ws/build/my_robot_slam/build/lib/my_robot_slam
copying my_robot_slam/motion_planner.py -> /run/host/home/veljkogalovic/robot_ws/build/my_robot_slam/build/lib/my_robot_slam
copying my_robot_slam/battery_monitor.py -> /run/host/home/veljkogalovic/robot_ws/build/my_robot_slam/build/lib/my_robot_slam
copying my_robot_slam/mock_laser.py -> /run/host/home/veljkogalovic/robot_ws/build/my_robot_slam/build/lib/my_robot_slam
copying my_robot_slam/desni_motor.py -> /run/host/home/veljkogalovic/robot_ws/build/my_robot_slam/build/lib/my_robot_slam
copying my_robot_slam/komunikacija.py -> /run/host/home/veljkogalovic/robot_ws/build/my_robot_slam/build/lib/my_robot_slam
copying my_robot_slam/levi_motor.py -> /run/host/home/veljkogalovic/robot_ws/build/my_robot_slam/build/lib/my_robot_slam
running install
running install_lib
creating /run/host/home/veljkogalovic/robot_ws/install/my_robot_slam/lib/python3.10/site-packages/my_robot_slam
copying /run/host/home/veljkogalovic/robot_ws/build/my_robot_slam/build/lib/my_robot_slam/__init__.py -> /run/host/home/veljkogalovic/robot_ws/install/my_robot_slam/lib/python3.10/site-packages/my_robot_slam
copying /run/host/home/veljkogalovic/robot_ws/build/my_robot_slam/build/lib/my_robot_slam/slam_processor.py -> /run/host/home/veljkogalovic/robot_ws/install/my_robot_slam/lib/python3.10/site-packages/my_robot_slam
copying /run/host/home/veljkogalovic/robot_ws/build/my_robot_slam/build/lib/my_robot_slam/path_planner.py -> /run/host/home/veljkogalovic/robot_ws/install/my_robot_slam/lib/python3.10/site-packages/my_robot_slam
copying /run/host/home/veljkogalovic/robot_ws/build/my_robot_slam/build/lib/my_robot_slam/motion_planner.py -> /run/host/home/veljkogalovic/robot_ws/install/my_robot_slam/lib/python3.10/site-packages/my_robot_slam
copying /run/host/home/veljkogalovic/robot_ws/build/my_robot_slam/build/lib/my_robot_slam/battery_monitor.py -> /run/host/home/veljkogalovic/robot_ws/install/my_robot_slam/lib/python3.10/site-packages/my_robot_slam
copying /run/host/home/veljkogalovic/robot_ws/build/my_robot_slam/build/lib/my_robot_slam/mock_laser.py -> /run/host/home/veljkogalovic/robot_ws/install/my_robot_slam/lib/python3.10/site-packages/my_robot_slam
copying /run/host/home/veljkogalovic/robot_ws/build/my_robot_slam/build/lib/my_robot_slam/desni_motor.py -> /run/host/home/veljkogalovic/robot_ws/install/my_robot_slam/lib/python3.10/site-packages/my_robot_slam
copying /run/host/home/veljkogalovic/robot_ws/build/my_robot_slam/build/lib/my_robot_slam/komunikacija.py -> /run/host/home/veljkogalovic/robot_ws/install/my_robot_slam/lib/python3.10/site-packages/my_robot_slam
copying /run/host/home/veljkogalovic/robot_ws/build/my_robot_slam/build/lib/my_robot_slam/levi_motor.py -> /run/host/home/veljkogalovic/robot_ws/install/my_robot_slam/lib/python3.10/site-packages/my_robot_slam
byte-compiling /run/host/home/veljkogalovic/robot_ws/install/my_robot_slam/lib/python3.10/site-packages/my_robot_slam/__init__.py to __init__.cpython-310.pyc
byte-compiling /run/host/home/veljkogalovic/robot_ws/install/my_robot_slam/lib/python3.10/site-packages/my_robot_slam/slam_processor.py to slam_processor.cpython-310.pyc
byte-compiling /run/host/home/veljkogalovic/robot_ws/install/my_robot_slam/lib/python3.10/site-packages/my_robot_slam/path_planner.py to path_planner.cpython-310.pyc
byte-compiling /run/host/home/veljkogalovic/robot_ws/install/my_robot_slam/lib/python3.10/site-packages/my_robot_slam/motion_planner.py to motion_planner.cpython-310.pyc
byte-compiling /run/host/home/veljkogalovic/robot_ws/install/my_robot_slam/lib/python3.10/site-packages/my_robot_slam/battery_monitor.py to battery_monitor.cpython-310.pyc
byte-compiling /run/host/home/veljkogalovic/robot_ws/install/my_robot_slam/lib/python3.10/site-packages/my_robot_slam/mock_laser.py to mock_laser.cpython-310.pyc
byte-compiling /run/host/home/veljkogalovic/robot_ws/install/my_robot_slam/lib/python3.10/site-packages/my_robot_slam/desni_motor.py to desni_motor.cpython-310.pyc
byte-compiling /run/host/home/veljkogalovic/robot_ws/install/my_robot_slam/lib/python3.10/site-packages/my_robot_slam/komunikacija.py to komunikacija.cpython-310.pyc
byte-compiling /run/host/home/veljkogalovic/robot_ws/install/my_robot_slam/lib/python3.10/site-packages/my_robot_slam/levi_motor.py to levi_motor.cpython-310.pyc
running install_data
copying resource/my_robot_slam -> /run/host/home/veljkogalovic/robot_ws/install/my_robot_slam/share/ament_index/resource_index/packages
copying package.xml -> /run/host/home/veljkogalovic/robot_ws/install/my_robot_slam/share/my_robot_slam
running install_egg_info
Copying ../../build/my_robot_slam/my_robot_slam.egg-info to /run/host/home/veljkogalovic/robot_ws/install/my_robot_slam/lib/python3.10/site-packages/my_robot_slam-0.0.0-py3.10.egg-info
running install_scripts
Installing battery_monitor script to /run/host/home/veljkogalovic/robot_ws/install/my_robot_slam/lib/my_robot_slam
Installing mock_laser script to /run/host/home/veljkogalovic/robot_ws/install/my_robot_slam/lib/my_robot_slam
Installing motion_planner script to /run/host/home/veljkogalovic/robot_ws/install/my_robot_slam/lib/my_robot_slam
Installing odom_publisher script to /run/host/home/veljkogalovic/robot_ws/install/my_robot_slam/lib/my_robot_slam
Installing path_planner script to /run/host/home/veljkogalovic/robot_ws/install/my_robot_slam/lib/my_robot_slam
Installing slam_processor script to /run/host/home/veljkogalovic/robot_ws/install/my_robot_slam/lib/my_robot_slam
writing list of installed files to '/run/host/home/veljkogalovic/robot_ws/build/my_robot_slam/install.log'
