[0.569s] Invoking command in '/run/host/home/veljkogalovic/robot_ws/build/my_robot_slam': DEBUGINFOD_URLS=ima:enforcing https://debuginfod.fedoraproject.org/ ima:ignore PS1=📦[\u@ros2-env \W]$ PYTHONPATH=/run/host/home/veljkogalovic/robot_ws/build/my_robot_slam/prefix_override:/usr/lib/python3/dist-packages/colcon_core/task/python/colcon_distutils_commands:/run/host/home/veljkogalovic/robot_ws/install/my_robot_slam/lib/python3.10/site-packages:${PYTHONPATH} /usr/bin/python3 -W ignore:setup.py install is deprecated -W ignore:easy_install command is deprecated setup.py develop --uninstall --editable --build-directory /run/host/home/veljkogalovic/robot_ws/build/my_robot_slam/build
[0.821s] running develop
[0.938s] Removing /run/host/home/veljkogalovic/robot_ws/install/my_robot_slam/lib/python3.10/site-packages/my-robot-slam.egg-link (link to .)
[0.938s] Link points to ['/home/veljkogalovic/robot_ws/build/my_robot_slam', '.']: uninstall aborted
[0.965s] Invoked command in '/run/host/home/veljkogalovic/robot_ws/build/my_robot_slam' returned '0': DEBUGINFOD_URLS=ima:enforcing https://debuginfod.fedoraproject.org/ ima:ignore PS1=📦[\u@ros2-env \W]$ PYTHONPATH=/run/host/home/veljkogalovic/robot_ws/build/my_robot_slam/prefix_override:/usr/lib/python3/dist-packages/colcon_core/task/python/colcon_distutils_commands:/run/host/home/veljkogalovic/robot_ws/install/my_robot_slam/lib/python3.10/site-packages:${PYTHONPATH} /usr/bin/python3 -W ignore:setup.py install is deprecated -W ignore:easy_install command is deprecated setup.py develop --uninstall --editable --build-directory /run/host/home/veljkogalovic/robot_ws/build/my_robot_slam/build
[0.967s] Invoking command in '/run/host/home/veljkogalovic/robot_ws/src/my_robot_slam': DEBUGINFOD_URLS=ima:enforcing https://debuginfod.fedoraproject.org/ ima:ignore PS1=📦[\u@ros2-env \W]$ PYTHONPATH=/run/host/home/veljkogalovic/robot_ws/build/my_robot_slam/prefix_override:/usr/lib/python3/dist-packages/colcon_core/task/python/colcon_distutils_commands:/run/host/home/veljkogalovic/robot_ws/install/my_robot_slam/lib/python3.10/site-packages:${PYTHONPATH} /usr/bin/python3 -W ignore:setup.py install is deprecated -W ignore:easy_install command is deprecated setup.py egg_info --egg-base ../../build/my_robot_slam build --build-base /run/host/home/veljkogalovic/robot_ws/build/my_robot_slam/build install --record /run/host/home/veljkogalovic/robot_ws/build/my_robot_slam/install.log --install-scripts $base/lib/my_robot_slam --single-version-externally-managed install_data --force
[1.184s] running egg_info
[1.185s] writing ../../build/my_robot_slam/my_robot_slam.egg-info/PKG-INFO
[1.185s] writing dependency_links to ../../build/my_robot_slam/my_robot_slam.egg-info/dependency_links.txt
[1.185s] writing entry points to ../../build/my_robot_slam/my_robot_slam.egg-info/entry_points.txt
[1.185s] writing requirements to ../../build/my_robot_slam/my_robot_slam.egg-info/requires.txt
[1.186s] writing top-level names to ../../build/my_robot_slam/my_robot_slam.egg-info/top_level.txt
[1.187s] reading manifest file '../../build/my_robot_slam/my_robot_slam.egg-info/SOURCES.txt'
[1.188s] writing manifest file '../../build/my_robot_slam/my_robot_slam.egg-info/SOURCES.txt'
[1.188s] running build
[1.188s] running build_py
[1.188s] creating /run/host/home/veljkogalovic/robot_ws/build/my_robot_slam/build
[1.188s] creating /run/host/home/veljkogalovic/robot_ws/build/my_robot_slam/build/lib
[1.189s] creating /run/host/home/veljkogalovic/robot_ws/build/my_robot_slam/build/lib/my_robot_slam
[1.189s] copying my_robot_slam/__init__.py -> /run/host/home/veljkogalovic/robot_ws/build/my_robot_slam/build/lib/my_robot_slam
[1.189s] copying my_robot_slam/slam_processor.py -> /run/host/home/veljkogalovic/robot_ws/build/my_robot_slam/build/lib/my_robot_slam
[1.189s] copying my_robot_slam/path_planner.py -> /run/host/home/veljkogalovic/robot_ws/build/my_robot_slam/build/lib/my_robot_slam
[1.189s] copying my_robot_slam/motion_planner.py -> /run/host/home/veljkogalovic/robot_ws/build/my_robot_slam/build/lib/my_robot_slam
[1.189s] copying my_robot_slam/battery_monitor.py -> /run/host/home/veljkogalovic/robot_ws/build/my_robot_slam/build/lib/my_robot_slam
[1.189s] copying my_robot_slam/mock_laser.py -> /run/host/home/veljkogalovic/robot_ws/build/my_robot_slam/build/lib/my_robot_slam
[1.189s] copying my_robot_slam/desni_motor.py -> /run/host/home/veljkogalovic/robot_ws/build/my_robot_slam/build/lib/my_robot_slam
[1.189s] copying my_robot_slam/komunikacija.py -> /run/host/home/veljkogalovic/robot_ws/build/my_robot_slam/build/lib/my_robot_slam
[1.189s] copying my_robot_slam/levi_motor.py -> /run/host/home/veljkogalovic/robot_ws/build/my_robot_slam/build/lib/my_robot_slam
[1.189s] running install
[1.190s] running install_lib
[1.190s] creating /run/host/home/veljkogalovic/robot_ws/install/my_robot_slam/lib/python3.10/site-packages/my_robot_slam
[1.190s] copying /run/host/home/veljkogalovic/robot_ws/build/my_robot_slam/build/lib/my_robot_slam/__init__.py -> /run/host/home/veljkogalovic/robot_ws/install/my_robot_slam/lib/python3.10/site-packages/my_robot_slam
[1.190s] copying /run/host/home/veljkogalovic/robot_ws/build/my_robot_slam/build/lib/my_robot_slam/slam_processor.py -> /run/host/home/veljkogalovic/robot_ws/install/my_robot_slam/lib/python3.10/site-packages/my_robot_slam
[1.191s] copying /run/host/home/veljkogalovic/robot_ws/build/my_robot_slam/build/lib/my_robot_slam/path_planner.py -> /run/host/home/veljkogalovic/robot_ws/install/my_robot_slam/lib/python3.10/site-packages/my_robot_slam
[1.191s] copying /run/host/home/veljkogalovic/robot_ws/build/my_robot_slam/build/lib/my_robot_slam/motion_planner.py -> /run/host/home/veljkogalovic/robot_ws/install/my_robot_slam/lib/python3.10/site-packages/my_robot_slam
[1.191s] copying /run/host/home/veljkogalovic/robot_ws/build/my_robot_slam/build/lib/my_robot_slam/battery_monitor.py -> /run/host/home/veljkogalovic/robot_ws/install/my_robot_slam/lib/python3.10/site-packages/my_robot_slam
[1.191s] copying /run/host/home/veljkogalovic/robot_ws/build/my_robot_slam/build/lib/my_robot_slam/mock_laser.py -> /run/host/home/veljkogalovic/robot_ws/install/my_robot_slam/lib/python3.10/site-packages/my_robot_slam
[1.191s] copying /run/host/home/veljkogalovic/robot_ws/build/my_robot_slam/build/lib/my_robot_slam/desni_motor.py -> /run/host/home/veljkogalovic/robot_ws/install/my_robot_slam/lib/python3.10/site-packages/my_robot_slam
[1.191s] copying /run/host/home/veljkogalovic/robot_ws/build/my_robot_slam/build/lib/my_robot_slam/komunikacija.py -> /run/host/home/veljkogalovic/robot_ws/install/my_robot_slam/lib/python3.10/site-packages/my_robot_slam
[1.191s] copying /run/host/home/veljkogalovic/robot_ws/build/my_robot_slam/build/lib/my_robot_slam/levi_motor.py -> /run/host/home/veljkogalovic/robot_ws/install/my_robot_slam/lib/python3.10/site-packages/my_robot_slam
[1.191s] byte-compiling /run/host/home/veljkogalovic/robot_ws/install/my_robot_slam/lib/python3.10/site-packages/my_robot_slam/__init__.py to __init__.cpython-310.pyc
[1.191s] byte-compiling /run/host/home/veljkogalovic/robot_ws/install/my_robot_slam/lib/python3.10/site-packages/my_robot_slam/slam_processor.py to slam_processor.cpython-310.pyc
[1.192s] byte-compiling /run/host/home/veljkogalovic/robot_ws/install/my_robot_slam/lib/python3.10/site-packages/my_robot_slam/path_planner.py to path_planner.cpython-310.pyc
[1.193s] byte-compiling /run/host/home/veljkogalovic/robot_ws/install/my_robot_slam/lib/python3.10/site-packages/my_robot_slam/motion_planner.py to motion_planner.cpython-310.pyc
[1.193s] byte-compiling /run/host/home/veljkogalovic/robot_ws/install/my_robot_slam/lib/python3.10/site-packages/my_robot_slam/battery_monitor.py to battery_monitor.cpython-310.pyc
[1.194s] byte-compiling /run/host/home/veljkogalovic/robot_ws/install/my_robot_slam/lib/python3.10/site-packages/my_robot_slam/mock_laser.py to mock_laser.cpython-310.pyc
[1.194s] byte-compiling /run/host/home/veljkogalovic/robot_ws/install/my_robot_slam/lib/python3.10/site-packages/my_robot_slam/desni_motor.py to desni_motor.cpython-310.pyc
[1.195s] byte-compiling /run/host/home/veljkogalovic/robot_ws/install/my_robot_slam/lib/python3.10/site-packages/my_robot_slam/komunikacija.py to komunikacija.cpython-310.pyc
[1.195s] byte-compiling /run/host/home/veljkogalovic/robot_ws/install/my_robot_slam/lib/python3.10/site-packages/my_robot_slam/levi_motor.py to levi_motor.cpython-310.pyc
[1.195s] running install_data
[1.196s] copying resource/my_robot_slam -> /run/host/home/veljkogalovic/robot_ws/install/my_robot_slam/share/ament_index/resource_index/packages
[1.196s] copying package.xml -> /run/host/home/veljkogalovic/robot_ws/install/my_robot_slam/share/my_robot_slam
[1.196s] running install_egg_info
[1.197s] Copying ../../build/my_robot_slam/my_robot_slam.egg-info to /run/host/home/veljkogalovic/robot_ws/install/my_robot_slam/lib/python3.10/site-packages/my_robot_slam-0.0.0-py3.10.egg-info
[1.198s] running install_scripts
[1.219s] Installing battery_monitor script to /run/host/home/veljkogalovic/robot_ws/install/my_robot_slam/lib/my_robot_slam
[1.219s] Installing mock_laser script to /run/host/home/veljkogalovic/robot_ws/install/my_robot_slam/lib/my_robot_slam
[1.219s] Installing motion_planner script to /run/host/home/veljkogalovic/robot_ws/install/my_robot_slam/lib/my_robot_slam
[1.219s] Installing odom_publisher script to /run/host/home/veljkogalovic/robot_ws/install/my_robot_slam/lib/my_robot_slam
[1.219s] Installing path_planner script to /run/host/home/veljkogalovic/robot_ws/install/my_robot_slam/lib/my_robot_slam
[1.220s] Installing slam_processor script to /run/host/home/veljkogalovic/robot_ws/install/my_robot_slam/lib/my_robot_slam
[1.220s] writing list of installed files to '/run/host/home/veljkogalovic/robot_ws/build/my_robot_slam/install.log'
[1.244s] Invoked command in '/run/host/home/veljkogalovic/robot_ws/src/my_robot_slam' returned '0': DEBUGINFOD_URLS=ima:enforcing https://debuginfod.fedoraproject.org/ ima:ignore PS1=📦[\u@ros2-env \W]$ PYTHONPATH=/run/host/home/veljkogalovic/robot_ws/build/my_robot_slam/prefix_override:/usr/lib/python3/dist-packages/colcon_core/task/python/colcon_distutils_commands:/run/host/home/veljkogalovic/robot_ws/install/my_robot_slam/lib/python3.10/site-packages:${PYTHONPATH} /usr/bin/python3 -W ignore:setup.py install is deprecated -W ignore:easy_install command is deprecated setup.py egg_info --egg-base ../../build/my_robot_slam build --build-base /run/host/home/veljkogalovic/robot_ws/build/my_robot_slam/build install --record /run/host/home/veljkogalovic/robot_ws/build/my_robot_slam/install.log --install-scripts $base/lib/my_robot_slam --single-version-externally-managed install_data --force
