[1.939s] DEBUG:colcon:Command line arguments: ['/usr/bin/colcon', 'build']
[1.939s] DEBUG:colcon:Parsed command line arguments: Namespace(log_base=None, log_level=None, verb_name='build', build_base='build', install_base='install', merge_install=False, symlink_install=False, test_result_base=None, continue_on_error=False, executor='parallel', parallel_workers=4, event_handlers=None, ignore_user_meta=False, metas=['./colcon.meta'], base_paths=['.'], packages_ignore=None, packages_ignore_regex=None, paths=None, packages_up_to=None, packages_up_to_regex=None, packages_above=None, packages_above_and_dependencies=None, packages_above_depth=None, packages_select_by_dep=None, packages_skip_by_dep=None, packages_skip_up_to=None, packages_select_build_failed=False, packages_skip_build_finished=False, packages_select_test_failures=False, packages_skip_test_passed=False, packages_select=None, packages_skip=None, packages_select_regex=None, packages_skip_regex=None, packages_start=None, packages_end=None, allow_overriding=[], cmake_args=None, cmake_target=None, cmake_target_skip_unavailable=False, cmake_clean_cache=False, cmake_clean_first=False, cmake_force_configure=False, ament_cmake_args=None, catkin_cmake_args=None, catkin_skip_building_tests=False, verb_parser=<colcon_defaults.argument_parser.defaults.DefaultArgumentsDecorator object at 0xffff82ce0f20>, verb_extension=<colcon_core.verb.build.BuildVerb object at 0xffff82e8ddc0>, main=<bound method BuildVerb.main of <colcon_core.verb.build.BuildVerb object at 0xffff82e8ddc0>>)
[2.818s] Level 1:colcon.colcon_core.package_discovery:discover_packages(colcon_meta) check parameters
[2.820s] Level 1:colcon.colcon_core.package_discovery:discover_packages(recursive) check parameters
[2.820s] Level 1:colcon.colcon_core.package_discovery:discover_packages(ignore) check parameters
[2.821s] Level 1:colcon.colcon_core.package_discovery:discover_packages(path) check parameters
[2.821s] Level 1:colcon.colcon_core.package_discovery:discover_packages(colcon_meta) discover
[2.823s] Level 1:colcon.colcon_core.package_discovery:discover_packages(recursive) discover
[2.823s] INFO:colcon.colcon_core.package_discovery:Crawling recursively for packages in '/home/pfe/SlamGit/lk-s-2026-miloje-slam'
[2.825s] Level 1:colcon.colcon_core.package_identification:_identify(.) by extensions ['ignore', 'ignore_ament_install']
[2.827s] Level 1:colcon.colcon_core.package_identification:_identify(.) by extension 'ignore'
[2.828s] Level 1:colcon.colcon_core.package_identification:_identify(.) by extension 'ignore_ament_install'
[2.829s] Level 1:colcon.colcon_core.package_identification:_identify(.) by extensions ['colcon_pkg']
[2.829s] Level 1:colcon.colcon_core.package_identification:_identify(.) by extension 'colcon_pkg'
[2.830s] Level 1:colcon.colcon_core.package_identification:_identify(.) by extensions ['colcon_meta']
[2.831s] Level 1:colcon.colcon_core.package_identification:_identify(.) by extension 'colcon_meta'
[2.831s] Level 1:colcon.colcon_core.package_identification:_identify(.) by extensions ['ros']
[2.832s] Level 1:colcon.colcon_core.package_identification:_identify(.) by extension 'ros'
[3.199s] Level 1:colcon.colcon_core.package_identification:_identify(.) by extensions ['cmake', 'python']
[3.200s] Level 1:colcon.colcon_core.package_identification:_identify(.) by extension 'cmake'
[3.201s] Level 1:colcon.colcon_core.package_identification:_identify(.) by extension 'python'
[3.201s] Level 1:colcon.colcon_core.package_identification:_identify(.) by extensions ['python_setup_py']
[3.201s] Level 1:colcon.colcon_core.package_identification:_identify(.) by extension 'python_setup_py'
[3.202s] Level 1:colcon.colcon_core.package_identification:_identify(RPLidarA1Viz) by extensions ['ignore', 'ignore_ament_install']
[3.203s] Level 1:colcon.colcon_core.package_identification:_identify(RPLidarA1Viz) by extension 'ignore'
[3.204s] Level 1:colcon.colcon_core.package_identification:_identify(RPLidarA1Viz) by extension 'ignore_ament_install'
[3.204s] Level 1:colcon.colcon_core.package_identification:_identify(RPLidarA1Viz) by extensions ['colcon_pkg']
[3.205s] Level 1:colcon.colcon_core.package_identification:_identify(RPLidarA1Viz) by extension 'colcon_pkg'
[3.205s] Level 1:colcon.colcon_core.package_identification:_identify(RPLidarA1Viz) by extensions ['colcon_meta']
[3.205s] Level 1:colcon.colcon_core.package_identification:_identify(RPLidarA1Viz) by extension 'colcon_meta'
[3.206s] Level 1:colcon.colcon_core.package_identification:_identify(RPLidarA1Viz) by extensions ['ros']
[3.206s] Level 1:colcon.colcon_core.package_identification:_identify(RPLidarA1Viz) by extension 'ros'
[3.207s] Level 1:colcon.colcon_core.package_identification:_identify(RPLidarA1Viz) by extensions ['cmake', 'python']
[3.207s] Level 1:colcon.colcon_core.package_identification:_identify(RPLidarA1Viz) by extension 'cmake'
[3.208s] Level 1:colcon.colcon_core.package_identification:_identify(RPLidarA1Viz) by extension 'python'
[3.208s] Level 1:colcon.colcon_core.package_identification:_identify(RPLidarA1Viz) by extensions ['python_setup_py']
[3.208s] Level 1:colcon.colcon_core.package_identification:_identify(RPLidarA1Viz) by extension 'python_setup_py'
[3.209s] Level 1:colcon.colcon_core.package_identification:_identify(build) by extensions ['ignore', 'ignore_ament_install']
[3.210s] Level 1:colcon.colcon_core.package_identification:_identify(build) by extension 'ignore'
[3.211s] Level 1:colcon.colcon_core.package_identification:_identify(build) ignored
[3.212s] Level 1:colcon.colcon_core.package_identification:_identify(git@github.com:pfe-rs) by extensions ['ignore', 'ignore_ament_install']
[3.212s] Level 1:colcon.colcon_core.package_identification:_identify(git@github.com:pfe-rs) by extension 'ignore'
[3.213s] Level 1:colcon.colcon_core.package_identification:_identify(git@github.com:pfe-rs) by extension 'ignore_ament_install'
[3.213s] Level 1:colcon.colcon_core.package_identification:_identify(git@github.com:pfe-rs) by extensions ['colcon_pkg']
[3.214s] Level 1:colcon.colcon_core.package_identification:_identify(git@github.com:pfe-rs) by extension 'colcon_pkg'
[3.214s] Level 1:colcon.colcon_core.package_identification:_identify(git@github.com:pfe-rs) by extensions ['colcon_meta']
[3.214s] Level 1:colcon.colcon_core.package_identification:_identify(git@github.com:pfe-rs) by extension 'colcon_meta'
[3.215s] Level 1:colcon.colcon_core.package_identification:_identify(git@github.com:pfe-rs) by extensions ['ros']
[3.215s] Level 1:colcon.colcon_core.package_identification:_identify(git@github.com:pfe-rs) by extension 'ros'
[3.216s] Level 1:colcon.colcon_core.package_identification:_identify(git@github.com:pfe-rs) by extensions ['cmake', 'python']
[3.216s] Level 1:colcon.colcon_core.package_identification:_identify(git@github.com:pfe-rs) by extension 'cmake'
[3.217s] Level 1:colcon.colcon_core.package_identification:_identify(git@github.com:pfe-rs) by extension 'python'
[3.217s] Level 1:colcon.colcon_core.package_identification:_identify(git@github.com:pfe-rs) by extensions ['python_setup_py']
[3.217s] Level 1:colcon.colcon_core.package_identification:_identify(git@github.com:pfe-rs) by extension 'python_setup_py'
[3.218s] Level 1:colcon.colcon_core.package_identification:_identify(git@github.com:pfe-rs/lk-s-2026-miloje-slam) by extensions ['ignore', 'ignore_ament_install']
[3.219s] Level 1:colcon.colcon_core.package_identification:_identify(git@github.com:pfe-rs/lk-s-2026-miloje-slam) by extension 'ignore'
[3.219s] Level 1:colcon.colcon_core.package_identification:_identify(git@github.com:pfe-rs/lk-s-2026-miloje-slam) by extension 'ignore_ament_install'
[3.220s] Level 1:colcon.colcon_core.package_identification:_identify(git@github.com:pfe-rs/lk-s-2026-miloje-slam) by extensions ['colcon_pkg']
[3.220s] Level 1:colcon.colcon_core.package_identification:_identify(git@github.com:pfe-rs/lk-s-2026-miloje-slam) by extension 'colcon_pkg'
[3.221s] Level 1:colcon.colcon_core.package_identification:_identify(git@github.com:pfe-rs/lk-s-2026-miloje-slam) by extensions ['colcon_meta']
[3.221s] Level 1:colcon.colcon_core.package_identification:_identify(git@github.com:pfe-rs/lk-s-2026-miloje-slam) by extension 'colcon_meta'
[3.222s] Level 1:colcon.colcon_core.package_identification:_identify(git@github.com:pfe-rs/lk-s-2026-miloje-slam) by extensions ['ros']
[3.222s] Level 1:colcon.colcon_core.package_identification:_identify(git@github.com:pfe-rs/lk-s-2026-miloje-slam) by extension 'ros'
[3.223s] Level 1:colcon.colcon_core.package_identification:_identify(git@github.com:pfe-rs/lk-s-2026-miloje-slam) by extensions ['cmake', 'python']
[3.223s] Level 1:colcon.colcon_core.package_identification:_identify(git@github.com:pfe-rs/lk-s-2026-miloje-slam) by extension 'cmake'
[3.224s] Level 1:colcon.colcon_core.package_identification:_identify(git@github.com:pfe-rs/lk-s-2026-miloje-slam) by extension 'python'
[3.224s] Level 1:colcon.colcon_core.package_identification:_identify(git@github.com:pfe-rs/lk-s-2026-miloje-slam) by extensions ['python_setup_py']
[3.225s] Level 1:colcon.colcon_core.package_identification:_identify(git@github.com:pfe-rs/lk-s-2026-miloje-slam) by extension 'python_setup_py'
[3.226s] Level 1:colcon.colcon_core.package_identification:_identify(install) by extensions ['ignore', 'ignore_ament_install']
[3.226s] Level 1:colcon.colcon_core.package_identification:_identify(install) by extension 'ignore'
[3.227s] Level 1:colcon.colcon_core.package_identification:_identify(install) ignored
[3.229s] Level 1:colcon.colcon_core.package_identification:_identify(log) by extensions ['ignore', 'ignore_ament_install']
[3.229s] Level 1:colcon.colcon_core.package_identification:_identify(log) by extension 'ignore'
[3.230s] Level 1:colcon.colcon_core.package_identification:_identify(log) ignored
[3.230s] Level 1:colcon.colcon_core.package_identification:_identify(src) by extensions ['ignore', 'ignore_ament_install']
[3.231s] Level 1:colcon.colcon_core.package_identification:_identify(src) by extension 'ignore'
[3.232s] Level 1:colcon.colcon_core.package_identification:_identify(src) by extension 'ignore_ament_install'
[3.232s] Level 1:colcon.colcon_core.package_identification:_identify(src) by extensions ['colcon_pkg']
[3.233s] Level 1:colcon.colcon_core.package_identification:_identify(src) by extension 'colcon_pkg'
[3.233s] Level 1:colcon.colcon_core.package_identification:_identify(src) by extensions ['colcon_meta']
[3.233s] Level 1:colcon.colcon_core.package_identification:_identify(src) by extension 'colcon_meta'
[3.234s] Level 1:colcon.colcon_core.package_identification:_identify(src) by extensions ['ros']
[3.234s] Level 1:colcon.colcon_core.package_identification:_identify(src) by extension 'ros'
[3.235s] Level 1:colcon.colcon_core.package_identification:_identify(src) by extensions ['cmake', 'python']
[3.235s] Level 1:colcon.colcon_core.package_identification:_identify(src) by extension 'cmake'
[3.236s] Level 1:colcon.colcon_core.package_identification:_identify(src) by extension 'python'
[3.236s] Level 1:colcon.colcon_core.package_identification:_identify(src) by extensions ['python_setup_py']
[3.236s] Level 1:colcon.colcon_core.package_identification:_identify(src) by extension 'python_setup_py'
[3.237s] Level 1:colcon.colcon_core.package_identification:_identify(src/my_robot_slam) by extensions ['ignore', 'ignore_ament_install']
[3.238s] Level 1:colcon.colcon_core.package_identification:_identify(src/my_robot_slam) by extension 'ignore'
[3.239s] Level 1:colcon.colcon_core.package_identification:_identify(src/my_robot_slam) by extension 'ignore_ament_install'
[3.239s] Level 1:colcon.colcon_core.package_identification:_identify(src/my_robot_slam) by extensions ['colcon_pkg']
[3.240s] Level 1:colcon.colcon_core.package_identification:_identify(src/my_robot_slam) by extension 'colcon_pkg'
[3.240s] Level 1:colcon.colcon_core.package_identification:_identify(src/my_robot_slam) by extensions ['colcon_meta']
[3.240s] Level 1:colcon.colcon_core.package_identification:_identify(src/my_robot_slam) by extension 'colcon_meta'
[3.241s] Level 1:colcon.colcon_core.package_identification:_identify(src/my_robot_slam) by extensions ['ros']
[3.241s] Level 1:colcon.colcon_core.package_identification:_identify(src/my_robot_slam) by extension 'ros'
[3.279s] DEBUG:colcon.colcon_core.package_identification:Package 'src/my_robot_slam' with type 'ros.ament_python' and name 'my_robot_slam'
[3.280s] Level 1:colcon.colcon_core.package_discovery:discover_packages(recursive) using defaults
[3.280s] Level 1:colcon.colcon_core.package_discovery:discover_packages(ignore) discover
[3.281s] Level 1:colcon.colcon_core.package_discovery:discover_packages(ignore) using defaults
[3.281s] Level 1:colcon.colcon_core.package_discovery:discover_packages(path) discover
[3.281s] Level 1:colcon.colcon_core.package_discovery:discover_packages(path) using defaults
[3.492s] Level 1:colcon.colcon_core.package_discovery:discover_packages(prefix_path) check parameters
[3.493s] Level 1:colcon.colcon_core.package_discovery:discover_packages(prefix_path) discover
[3.530s] DEBUG:colcon.colcon_installed_package_information.package_discovery:Found 197 installed packages in /opt/ros/jazzy
[3.537s] Level 1:colcon.colcon_core.package_discovery:discover_packages(prefix_path) using defaults
[3.905s] Level 5:colcon.colcon_core.verb:set package 'my_robot_slam' build argument 'cmake_args' from command line to 'None'
[3.906s] Level 5:colcon.colcon_core.verb:set package 'my_robot_slam' build argument 'cmake_target' from command line to 'None'
[3.906s] Level 5:colcon.colcon_core.verb:set package 'my_robot_slam' build argument 'cmake_target_skip_unavailable' from command line to 'False'
[3.906s] Level 5:colcon.colcon_core.verb:set package 'my_robot_slam' build argument 'cmake_clean_cache' from command line to 'False'
[3.906s] Level 5:colcon.colcon_core.verb:set package 'my_robot_slam' build argument 'cmake_clean_first' from command line to 'False'
[3.907s] Level 5:colcon.colcon_core.verb:set package 'my_robot_slam' build argument 'cmake_force_configure' from command line to 'False'
[3.907s] Level 5:colcon.colcon_core.verb:set package 'my_robot_slam' build argument 'ament_cmake_args' from command line to 'None'
[3.907s] Level 5:colcon.colcon_core.verb:set package 'my_robot_slam' build argument 'catkin_cmake_args' from command line to 'None'
[3.907s] Level 5:colcon.colcon_core.verb:set package 'my_robot_slam' build argument 'catkin_skip_building_tests' from command line to 'False'
[3.907s] DEBUG:colcon.colcon_core.verb:Building package 'my_robot_slam' with the following arguments: {'ament_cmake_args': None, 'build_base': '/home/pfe/SlamGit/lk-s-2026-miloje-slam/build/my_robot_slam', 'catkin_cmake_args': None, 'catkin_skip_building_tests': False, 'cmake_args': None, 'cmake_clean_cache': False, 'cmake_clean_first': False, 'cmake_force_configure': False, 'cmake_target': None, 'cmake_target_skip_unavailable': False, 'install_base': '/home/pfe/SlamGit/lk-s-2026-miloje-slam/install/my_robot_slam', 'merge_install': False, 'path': '/home/pfe/SlamGit/lk-s-2026-miloje-slam/src/my_robot_slam', 'symlink_install': False, 'test_result_base': None}
[3.908s] INFO:colcon.colcon_core.executor:Executing jobs using 'parallel' executor
[3.915s] DEBUG:colcon.colcon_parallel_executor.executor.parallel:run_until_complete
[3.917s] INFO:colcon.colcon_ros.task.ament_python.build:Building ROS package in '/home/pfe/SlamGit/lk-s-2026-miloje-slam/src/my_robot_slam' with build type 'ament_python'
[3.918s] Level 1:colcon.colcon_core.shell:create_environment_hook('my_robot_slam', 'ament_prefix_path')
[3.955s] INFO:colcon.colcon_core.plugin_system:Skipping extension 'colcon_core.shell.bat': Not used on non-Windows systems
[3.958s] INFO:colcon.colcon_core.shell:Creating environment hook '/home/pfe/SlamGit/lk-s-2026-miloje-slam/install/my_robot_slam/share/my_robot_slam/hook/ament_prefix_path.ps1'
[3.976s] INFO:colcon.colcon_core.shell:Creating environment descriptor '/home/pfe/SlamGit/lk-s-2026-miloje-slam/install/my_robot_slam/share/my_robot_slam/hook/ament_prefix_path.dsv'
[3.983s] INFO:colcon.colcon_core.shell:Creating environment hook '/home/pfe/SlamGit/lk-s-2026-miloje-slam/install/my_robot_slam/share/my_robot_slam/hook/ament_prefix_path.sh'
[3.991s] INFO:colcon.colcon_core.shell:Skip shell extension 'powershell' for command environment: Not usable outside of PowerShell
[3.992s] DEBUG:colcon.colcon_core.shell:Skip shell extension 'dsv' for command environment
[7.376s] INFO:colcon.colcon_core.task.python.build:Building Python package in '/home/pfe/SlamGit/lk-s-2026-miloje-slam/src/my_robot_slam'
[7.378s] INFO:colcon.colcon_core.shell:Skip shell extension 'powershell' for command environment: Not usable outside of PowerShell
[7.379s] DEBUG:colcon.colcon_core.shell:Skip shell extension 'dsv' for command environment
[23.511s] DEBUG:colcon.colcon_core.task.python.build:Available setuptools commands: compile_catalog, upload, extract_messages, install_data, egg_info, upload_docs, install_lib, bdist_egg, saveopts, build_ext, build, update_catalog, build_scripts, sdist, bdist_wheel, rotate, clean, symlink_data, install_headers, install_scripts, init_catalog, editable_wheel, build_py, check, build_clib, alias, dist_info, install, bdist, bdist_dumb, easy_install, setopt, develop, test, bdist_rpm, register, install_egg_info
[23.536s] DEBUG:colcon.colcon_core.event_handler.log_command:Invoking command in '/home/pfe/SlamGit/lk-s-2026-miloje-slam/src/my_robot_slam': PYTHONPATH=/home/pfe/SlamGit/lk-s-2026-miloje-slam/build/my_robot_slam/prefix_override:/usr/lib/python3/dist-packages/colcon_core/task/python/colcon_distutils_commands:/home/pfe/SlamGit/lk-s-2026-miloje-slam/install/my_robot_slam/lib/python3.12/site-packages:${PYTHONPATH} /usr/bin/python3 -W ignore:setup.py install is deprecated -W ignore:easy_install command is deprecated setup.py egg_info --egg-base ../../build/my_robot_slam build --build-base /home/pfe/SlamGit/lk-s-2026-miloje-slam/build/my_robot_slam/build install --record /home/pfe/SlamGit/lk-s-2026-miloje-slam/build/my_robot_slam/install.log --install-scripts $base/lib/my_robot_slam --single-version-externally-managed install_data
[32.167s] DEBUG:colcon.colcon_core.event_handler.log_command:Invoked command in '/home/pfe/SlamGit/lk-s-2026-miloje-slam/src/my_robot_slam' returned '0': PYTHONPATH=/home/pfe/SlamGit/lk-s-2026-miloje-slam/build/my_robot_slam/prefix_override:/usr/lib/python3/dist-packages/colcon_core/task/python/colcon_distutils_commands:/home/pfe/SlamGit/lk-s-2026-miloje-slam/install/my_robot_slam/lib/python3.12/site-packages:${PYTHONPATH} /usr/bin/python3 -W ignore:setup.py install is deprecated -W ignore:easy_install command is deprecated setup.py egg_info --egg-base ../../build/my_robot_slam build --build-base /home/pfe/SlamGit/lk-s-2026-miloje-slam/build/my_robot_slam/build install --record /home/pfe/SlamGit/lk-s-2026-miloje-slam/build/my_robot_slam/install.log --install-scripts $base/lib/my_robot_slam --single-version-externally-managed install_data
[32.230s] Level 1:colcon.colcon_core.environment:checking '/home/pfe/SlamGit/lk-s-2026-miloje-slam/install/my_robot_slam' for CMake module files
[32.246s] Level 1:colcon.colcon_core.environment:checking '/home/pfe/SlamGit/lk-s-2026-miloje-slam/install/my_robot_slam' for CMake config files
[32.267s] Level 1:colcon.colcon_core.environment:checking '/home/pfe/SlamGit/lk-s-2026-miloje-slam/install/my_robot_slam/lib'
[32.269s] Level 1:colcon.colcon_core.environment:checking '/home/pfe/SlamGit/lk-s-2026-miloje-slam/install/my_robot_slam/bin'
[32.271s] Level 1:colcon.colcon_core.environment:checking '/home/pfe/SlamGit/lk-s-2026-miloje-slam/install/my_robot_slam/lib/pkgconfig/my_robot_slam.pc'
[32.275s] Level 1:colcon.colcon_core.environment:checking '/home/pfe/SlamGit/lk-s-2026-miloje-slam/install/my_robot_slam/lib/python3.12/site-packages'
[32.277s] Level 1:colcon.colcon_core.shell:create_environment_hook('my_robot_slam', 'pythonpath')
[32.280s] INFO:colcon.colcon_core.shell:Creating environment hook '/home/pfe/SlamGit/lk-s-2026-miloje-slam/install/my_robot_slam/share/my_robot_slam/hook/pythonpath.ps1'
[32.286s] INFO:colcon.colcon_core.shell:Creating environment descriptor '/home/pfe/SlamGit/lk-s-2026-miloje-slam/install/my_robot_slam/share/my_robot_slam/hook/pythonpath.dsv'
[32.292s] INFO:colcon.colcon_core.shell:Creating environment hook '/home/pfe/SlamGit/lk-s-2026-miloje-slam/install/my_robot_slam/share/my_robot_slam/hook/pythonpath.sh'
[32.305s] Level 1:colcon.colcon_core.environment:checking '/home/pfe/SlamGit/lk-s-2026-miloje-slam/install/my_robot_slam/bin'
[32.306s] Level 1:colcon.colcon_core.environment:create_environment_scripts_only(my_robot_slam)
[32.310s] INFO:colcon.colcon_core.shell:Creating package script '/home/pfe/SlamGit/lk-s-2026-miloje-slam/install/my_robot_slam/share/my_robot_slam/package.ps1'
[32.328s] INFO:colcon.colcon_core.shell:Creating package descriptor '/home/pfe/SlamGit/lk-s-2026-miloje-slam/install/my_robot_slam/share/my_robot_slam/package.dsv'
[32.339s] INFO:colcon.colcon_core.shell:Creating package script '/home/pfe/SlamGit/lk-s-2026-miloje-slam/install/my_robot_slam/share/my_robot_slam/package.sh'
[32.355s] INFO:colcon.colcon_core.shell:Creating package script '/home/pfe/SlamGit/lk-s-2026-miloje-slam/install/my_robot_slam/share/my_robot_slam/package.bash'
[32.369s] INFO:colcon.colcon_core.shell:Creating package script '/home/pfe/SlamGit/lk-s-2026-miloje-slam/install/my_robot_slam/share/my_robot_slam/package.zsh'
[32.382s] Level 1:colcon.colcon_core.environment:create_file_with_runtime_dependencies(/home/pfe/SlamGit/lk-s-2026-miloje-slam/install/my_robot_slam/share/colcon-core/packages/my_robot_slam)
[32.386s] DEBUG:colcon.colcon_parallel_executor.executor.parallel:closing loop
[32.391s] DEBUG:colcon.colcon_parallel_executor.executor.parallel:loop closed
[32.393s] DEBUG:colcon.colcon_parallel_executor.executor.parallel:run_until_complete finished with '0'
[32.395s] DEBUG:colcon.colcon_core.event_reactor:joining thread
[32.400s] DEBUG:colcon.colcon_core.event_reactor:joined thread
[32.403s] INFO:colcon.colcon_core.shell:Creating prefix script '/home/pfe/SlamGit/lk-s-2026-miloje-slam/install/local_setup.ps1'
[32.416s] INFO:colcon.colcon_core.shell:Creating prefix util module '/home/pfe/SlamGit/lk-s-2026-miloje-slam/install/_local_setup_util_ps1.py'
[32.439s] INFO:colcon.colcon_core.shell:Creating prefix chain script '/home/pfe/SlamGit/lk-s-2026-miloje-slam/install/setup.ps1'
[32.456s] INFO:colcon.colcon_core.shell:Creating prefix script '/home/pfe/SlamGit/lk-s-2026-miloje-slam/install/local_setup.sh'
[32.466s] INFO:colcon.colcon_core.shell:Creating prefix util module '/home/pfe/SlamGit/lk-s-2026-miloje-slam/install/_local_setup_util_sh.py'
[32.477s] INFO:colcon.colcon_core.shell:Creating prefix chain script '/home/pfe/SlamGit/lk-s-2026-miloje-slam/install/setup.sh'
[32.492s] INFO:colcon.colcon_core.shell:Creating prefix script '/home/pfe/SlamGit/lk-s-2026-miloje-slam/install/local_setup.bash'
[32.501s] INFO:colcon.colcon_core.shell:Creating prefix chain script '/home/pfe/SlamGit/lk-s-2026-miloje-slam/install/setup.bash'
[32.516s] INFO:colcon.colcon_core.shell:Creating prefix script '/home/pfe/SlamGit/lk-s-2026-miloje-slam/install/local_setup.zsh'
[32.526s] INFO:colcon.colcon_core.shell:Creating prefix chain script '/home/pfe/SlamGit/lk-s-2026-miloje-slam/install/setup.zsh'
