[7.467s] Invoking command in '/home/pfe/SlamGit/lk-s-2026-miloje-slam/src/my_robot_slam': PYTHONPATH=/home/pfe/SlamGit/lk-s-2026-miloje-slam/build/my_robot_slam/prefix_override:/usr/lib/python3/dist-packages/colcon_core/task/python/colcon_distutils_commands:/home/pfe/SlamGit/lk-s-2026-miloje-slam/install/my_robot_slam/lib/python3.12/site-packages:${PYTHONPATH} /usr/bin/python3 -W ignore:setup.py install is deprecated -W ignore:easy_install command is deprecated setup.py egg_info --egg-base ../../build/my_robot_slam build --build-base /home/pfe/SlamGit/lk-s-2026-miloje-slam/build/my_robot_slam/build install --record /home/pfe/SlamGit/lk-s-2026-miloje-slam/build/my_robot_slam/install.log --install-scripts $base/lib/my_robot_slam --single-version-externally-managed install_data
[9.890s] running egg_info
[10.060s] writing ../../build/my_robot_slam/my_robot_slam.egg-info/PKG-INFO
[10.063s] writing dependency_links to ../../build/my_robot_slam/my_robot_slam.egg-info/dependency_links.txt
[10.065s] writing entry points to ../../build/my_robot_slam/my_robot_slam.egg-info/entry_points.txt
[10.067s] writing requirements to ../../build/my_robot_slam/my_robot_slam.egg-info/requires.txt
[10.068s] writing top-level names to ../../build/my_robot_slam/my_robot_slam.egg-info/top_level.txt
[10.420s] reading manifest file '../../build/my_robot_slam/my_robot_slam.egg-info/SOURCES.txt'
[10.430s] writing manifest file '../../build/my_robot_slam/my_robot_slam.egg-info/SOURCES.txt'
[10.431s] running build
[10.432s] running build_py
[10.441s] running install
[10.506s] running install_lib
[10.693s] running install_data
[10.695s] running install_egg_info
[10.879s] removing '/home/pfe/SlamGit/lk-s-2026-miloje-slam/install/my_robot_slam/lib/python3.12/site-packages/my_robot_slam-0.0.0-py3.12.egg-info' (and everything under it)
[10.883s] Copying ../../build/my_robot_slam/my_robot_slam.egg-info to /home/pfe/SlamGit/lk-s-2026-miloje-slam/install/my_robot_slam/lib/python3.12/site-packages/my_robot_slam-0.0.0-py3.12.egg-info
[10.895s] running install_scripts
[12.124s] Installing battery_monitor script to /home/pfe/SlamGit/lk-s-2026-miloje-slam/install/my_robot_slam/lib/my_robot_slam
[12.126s] Installing desni_motor script to /home/pfe/SlamGit/lk-s-2026-miloje-slam/install/my_robot_slam/lib/my_robot_slam
[12.128s] Installing enkoder_sim script to /home/pfe/SlamGit/lk-s-2026-miloje-slam/install/my_robot_slam/lib/my_robot_slam
[12.130s] Installing komunikacija script to /home/pfe/SlamGit/lk-s-2026-miloje-slam/install/my_robot_slam/lib/my_robot_slam
[12.132s] Installing levi_motor script to /home/pfe/SlamGit/lk-s-2026-miloje-slam/install/my_robot_slam/lib/my_robot_slam
[12.134s] Installing mock_laser script to /home/pfe/SlamGit/lk-s-2026-miloje-slam/install/my_robot_slam/lib/my_robot_slam
[12.136s] Installing motion_planner script to /home/pfe/SlamGit/lk-s-2026-miloje-slam/install/my_robot_slam/lib/my_robot_slam
[12.137s] Installing odometrija script to /home/pfe/SlamGit/lk-s-2026-miloje-slam/install/my_robot_slam/lib/my_robot_slam
[12.139s] Installing path_planner script to /home/pfe/SlamGit/lk-s-2026-miloje-slam/install/my_robot_slam/lib/my_robot_slam
[12.141s] Installing slam_processor script to /home/pfe/SlamGit/lk-s-2026-miloje-slam/install/my_robot_slam/lib/my_robot_slam
[12.146s] writing list of installed files to '/home/pfe/SlamGit/lk-s-2026-miloje-slam/build/my_robot_slam/install.log'
[12.442s] Invoked command in '/home/pfe/SlamGit/lk-s-2026-miloje-slam/src/my_robot_slam' returned '0': PYTHONPATH=/home/pfe/SlamGit/lk-s-2026-miloje-slam/build/my_robot_slam/prefix_override:/usr/lib/python3/dist-packages/colcon_core/task/python/colcon_distutils_commands:/home/pfe/SlamGit/lk-s-2026-miloje-slam/install/my_robot_slam/lib/python3.12/site-packages:${PYTHONPATH} /usr/bin/python3 -W ignore:setup.py install is deprecated -W ignore:easy_install command is deprecated setup.py egg_info --egg-base ../../build/my_robot_slam build --build-base /home/pfe/SlamGit/lk-s-2026-miloje-slam/build/my_robot_slam/build install --record /home/pfe/SlamGit/lk-s-2026-miloje-slam/build/my_robot_slam/install.log --install-scripts $base/lib/my_robot_slam --single-version-externally-managed install_data
