[1.013s] DEBUG:colcon:Command line arguments: ['/usr/bin/colcon', 'build', '--packages-select', 'my_robot_slam']
[1.014s] DEBUG:colcon:Parsed command line arguments: Namespace(log_base=None, log_level=None, verb_name='build', build_base='build', install_base='install', merge_install=False, symlink_install=False, test_result_base=None, continue_on_error=False, executor='parallel', parallel_workers=4, event_handlers=None, ignore_user_meta=False, metas=['./colcon.meta'], base_paths=['.'], packages_ignore=None, packages_ignore_regex=None, paths=None, packages_up_to=None, packages_up_to_regex=None, packages_above=None, packages_above_and_dependencies=None, packages_above_depth=None, packages_select_by_dep=None, packages_skip_by_dep=None, packages_skip_up_to=None, packages_select_build_failed=False, packages_skip_build_finished=False, packages_select_test_failures=False, packages_skip_test_passed=False, packages_select=['my_robot_slam'], packages_skip=None, packages_select_regex=None, packages_skip_regex=None, packages_start=None, packages_end=None, allow_overriding=[], cmake_args=None, cmake_target=None, cmake_target_skip_unavailable=False, cmake_clean_cache=False, cmake_clean_first=False, cmake_force_configure=False, ament_cmake_args=None, catkin_cmake_args=None, catkin_skip_building_tests=False, verb_parser=<colcon_defaults.argument_parser.defaults.DefaultArgumentsDecorator object at 0xffffab8e5610>, verb_extension=<colcon_core.verb.build.BuildVerb object at 0xffffaba8e150>, main=<bound method BuildVerb.main of <colcon_core.verb.build.BuildVerb object at 0xffffaba8e150>>)
[1.396s] Level 1:colcon.colcon_core.package_discovery:discover_packages(colcon_meta) check parameters
[1.397s] Level 1:colcon.colcon_core.package_discovery:discover_packages(recursive) check parameters
[1.397s] Level 1:colcon.colcon_core.package_discovery:discover_packages(ignore) check parameters
[1.397s] Level 1:colcon.colcon_core.package_discovery:discover_packages(path) check parameters
[1.398s] Level 1:colcon.colcon_core.package_discovery:discover_packages(colcon_meta) discover
[1.398s] Level 1:colcon.colcon_core.package_discovery:discover_packages(recursive) discover
[1.398s] INFO:colcon.colcon_core.package_discovery:Crawling recursively for packages in '/home/pfe/SlamGit/lk-s-2026-miloje-slam'
[1.399s] Level 1:colcon.colcon_core.package_identification:_identify(.) by extensions ['ignore', 'ignore_ament_install']
[1.400s] Level 1:colcon.colcon_core.package_identification:_identify(.) by extension 'ignore'
[1.401s] Level 1:colcon.colcon_core.package_identification:_identify(.) by extension 'ignore_ament_install'
[1.401s] Level 1:colcon.colcon_core.package_identification:_identify(.) by extensions ['colcon_pkg']
[1.401s] Level 1:colcon.colcon_core.package_identification:_identify(.) by extension 'colcon_pkg'
[1.402s] Level 1:colcon.colcon_core.package_identification:_identify(.) by extensions ['colcon_meta']
[1.402s] Level 1:colcon.colcon_core.package_identification:_identify(.) by extension 'colcon_meta'
[1.402s] Level 1:colcon.colcon_core.package_identification:_identify(.) by extensions ['ros']
[1.403s] Level 1:colcon.colcon_core.package_identification:_identify(.) by extension 'ros'
[1.635s] Level 1:colcon.colcon_core.package_identification:_identify(.) by extensions ['cmake', 'python']
[1.636s] Level 1:colcon.colcon_core.package_identification:_identify(.) by extension 'cmake'
[1.636s] Level 1:colcon.colcon_core.package_identification:_identify(.) by extension 'python'
[1.637s] Level 1:colcon.colcon_core.package_identification:_identify(.) by extensions ['python_setup_py']
[1.637s] Level 1:colcon.colcon_core.package_identification:_identify(.) by extension 'python_setup_py'
[1.638s] Level 1:colcon.colcon_core.package_identification:_identify(RPLidarA1Viz) by extensions ['ignore', 'ignore_ament_install']
[1.638s] Level 1:colcon.colcon_core.package_identification:_identify(RPLidarA1Viz) by extension 'ignore'
[1.639s] Level 1:colcon.colcon_core.package_identification:_identify(RPLidarA1Viz) by extension 'ignore_ament_install'
[1.640s] Level 1:colcon.colcon_core.package_identification:_identify(RPLidarA1Viz) by extensions ['colcon_pkg']
[1.640s] Level 1:colcon.colcon_core.package_identification:_identify(RPLidarA1Viz) by extension 'colcon_pkg'
[1.640s] Level 1:colcon.colcon_core.package_identification:_identify(RPLidarA1Viz) by extensions ['colcon_meta']
[1.641s] Level 1:colcon.colcon_core.package_identification:_identify(RPLidarA1Viz) by extension 'colcon_meta'
[1.641s] Level 1:colcon.colcon_core.package_identification:_identify(RPLidarA1Viz) by extensions ['ros']
[1.641s] Level 1:colcon.colcon_core.package_identification:_identify(RPLidarA1Viz) by extension 'ros'
[1.642s] Level 1:colcon.colcon_core.package_identification:_identify(RPLidarA1Viz) by extensions ['cmake', 'python']
[1.642s] Level 1:colcon.colcon_core.package_identification:_identify(RPLidarA1Viz) by extension 'cmake'
[1.643s] Level 1:colcon.colcon_core.package_identification:_identify(RPLidarA1Viz) by extension 'python'
[1.643s] Level 1:colcon.colcon_core.package_identification:_identify(RPLidarA1Viz) by extensions ['python_setup_py']
[1.643s] Level 1:colcon.colcon_core.package_identification:_identify(RPLidarA1Viz) by extension 'python_setup_py'
[1.644s] Level 1:colcon.colcon_core.package_identification:_identify(build) by extensions ['ignore', 'ignore_ament_install']
[1.645s] Level 1:colcon.colcon_core.package_identification:_identify(build) by extension 'ignore'
[1.645s] Level 1:colcon.colcon_core.package_identification:_identify(build) ignored
[1.646s] Level 1:colcon.colcon_core.package_identification:_identify(git@github.com:pfe-rs) by extensions ['ignore', 'ignore_ament_install']
[1.647s] Level 1:colcon.colcon_core.package_identification:_identify(git@github.com:pfe-rs) by extension 'ignore'
[1.647s] Level 1:colcon.colcon_core.package_identification:_identify(git@github.com:pfe-rs) by extension 'ignore_ament_install'
[1.648s] Level 1:colcon.colcon_core.package_identification:_identify(git@github.com:pfe-rs) by extensions ['colcon_pkg']
[1.648s] Level 1:colcon.colcon_core.package_identification:_identify(git@github.com:pfe-rs) by extension 'colcon_pkg'
[1.649s] Level 1:colcon.colcon_core.package_identification:_identify(git@github.com:pfe-rs) by extensions ['colcon_meta']
[1.649s] Level 1:colcon.colcon_core.package_identification:_identify(git@github.com:pfe-rs) by extension 'colcon_meta'
[1.649s] Level 1:colcon.colcon_core.package_identification:_identify(git@github.com:pfe-rs) by extensions ['ros']
[1.649s] Level 1:colcon.colcon_core.package_identification:_identify(git@github.com:pfe-rs) by extension 'ros'
[1.650s] Level 1:colcon.colcon_core.package_identification:_identify(git@github.com:pfe-rs) by extensions ['cmake', 'python']
[1.650s] Level 1:colcon.colcon_core.package_identification:_identify(git@github.com:pfe-rs) by extension 'cmake'
[1.651s] Level 1:colcon.colcon_core.package_identification:_identify(git@github.com:pfe-rs) by extension 'python'
[1.651s] Level 1:colcon.colcon_core.package_identification:_identify(git@github.com:pfe-rs) by extensions ['python_setup_py']
[1.651s] Level 1:colcon.colcon_core.package_identification:_identify(git@github.com:pfe-rs) by extension 'python_setup_py'
[1.652s] Level 1:colcon.colcon_core.package_identification:_identify(git@github.com:pfe-rs/lk-s-2026-miloje-slam) by extensions ['ignore', 'ignore_ament_install']
[1.653s] Level 1:colcon.colcon_core.package_identification:_identify(git@github.com:pfe-rs/lk-s-2026-miloje-slam) by extension 'ignore'
[1.653s] Level 1:colcon.colcon_core.package_identification:_identify(git@github.com:pfe-rs/lk-s-2026-miloje-slam) by extension 'ignore_ament_install'
[1.654s] Level 1:colcon.colcon_core.package_identification:_identify(git@github.com:pfe-rs/lk-s-2026-miloje-slam) by extensions ['colcon_pkg']
[1.654s] Level 1:colcon.colcon_core.package_identification:_identify(git@github.com:pfe-rs/lk-s-2026-miloje-slam) by extension 'colcon_pkg'
[1.655s] Level 1:colcon.colcon_core.package_identification:_identify(git@github.com:pfe-rs/lk-s-2026-miloje-slam) by extensions ['colcon_meta']
[1.655s] Level 1:colcon.colcon_core.package_identification:_identify(git@github.com:pfe-rs/lk-s-2026-miloje-slam) by extension 'colcon_meta'
[1.655s] Level 1:colcon.colcon_core.package_identification:_identify(git@github.com:pfe-rs/lk-s-2026-miloje-slam) by extensions ['ros']
[1.656s] Level 1:colcon.colcon_core.package_identification:_identify(git@github.com:pfe-rs/lk-s-2026-miloje-slam) by extension 'ros'
[1.656s] Level 1:colcon.colcon_core.package_identification:_identify(git@github.com:pfe-rs/lk-s-2026-miloje-slam) by extensions ['cmake', 'python']
[1.657s] Level 1:colcon.colcon_core.package_identification:_identify(git@github.com:pfe-rs/lk-s-2026-miloje-slam) by extension 'cmake'
[1.657s] Level 1:colcon.colcon_core.package_identification:_identify(git@github.com:pfe-rs/lk-s-2026-miloje-slam) by extension 'python'
[1.658s] Level 1:colcon.colcon_core.package_identification:_identify(git@github.com:pfe-rs/lk-s-2026-miloje-slam) by extensions ['python_setup_py']
[1.658s] Level 1:colcon.colcon_core.package_identification:_identify(git@github.com:pfe-rs/lk-s-2026-miloje-slam) by extension 'python_setup_py'
[1.659s] Level 1:colcon.colcon_core.package_identification:_identify(install) by extensions ['ignore', 'ignore_ament_install']
[1.660s] Level 1:colcon.colcon_core.package_identification:_identify(install) by extension 'ignore'
[1.660s] Level 1:colcon.colcon_core.package_identification:_identify(install) ignored
[1.662s] Level 1:colcon.colcon_core.package_identification:_identify(log) by extensions ['ignore', 'ignore_ament_install']
[1.663s] Level 1:colcon.colcon_core.package_identification:_identify(log) by extension 'ignore'
[1.663s] Level 1:colcon.colcon_core.package_identification:_identify(log) ignored
[1.664s] Level 1:colcon.colcon_core.package_identification:_identify(src) by extensions ['ignore', 'ignore_ament_install']
[1.664s] Level 1:colcon.colcon_core.package_identification:_identify(src) by extension 'ignore'
[1.665s] Level 1:colcon.colcon_core.package_identification:_identify(src) by extension 'ignore_ament_install'
[1.665s] Level 1:colcon.colcon_core.package_identification:_identify(src) by extensions ['colcon_pkg']
[1.666s] Level 1:colcon.colcon_core.package_identification:_identify(src) by extension 'colcon_pkg'
[1.666s] Level 1:colcon.colcon_core.package_identification:_identify(src) by extensions ['colcon_meta']
[1.666s] Level 1:colcon.colcon_core.package_identification:_identify(src) by extension 'colcon_meta'
[1.667s] Level 1:colcon.colcon_core.package_identification:_identify(src) by extensions ['ros']
[1.667s] Level 1:colcon.colcon_core.package_identification:_identify(src) by extension 'ros'
[1.668s] Level 1:colcon.colcon_core.package_identification:_identify(src) by extensions ['cmake', 'python']
[1.668s] Level 1:colcon.colcon_core.package_identification:_identify(src) by extension 'cmake'
[1.668s] Level 1:colcon.colcon_core.package_identification:_identify(src) by extension 'python'
[1.669s] Level 1:colcon.colcon_core.package_identification:_identify(src) by extensions ['python_setup_py']
[1.669s] Level 1:colcon.colcon_core.package_identification:_identify(src) by extension 'python_setup_py'
[1.670s] Level 1:colcon.colcon_core.package_identification:_identify(src/my_robot_slam) by extensions ['ignore', 'ignore_ament_install']
[1.671s] Level 1:colcon.colcon_core.package_identification:_identify(src/my_robot_slam) by extension 'ignore'
[1.671s] Level 1:colcon.colcon_core.package_identification:_identify(src/my_robot_slam) by extension 'ignore_ament_install'
[1.672s] Level 1:colcon.colcon_core.package_identification:_identify(src/my_robot_slam) by extensions ['colcon_pkg']
[1.672s] Level 1:colcon.colcon_core.package_identification:_identify(src/my_robot_slam) by extension 'colcon_pkg'
[1.672s] Level 1:colcon.colcon_core.package_identification:_identify(src/my_robot_slam) by extensions ['colcon_meta']
[1.673s] Level 1:colcon.colcon_core.package_identification:_identify(src/my_robot_slam) by extension 'colcon_meta'
[1.673s] Level 1:colcon.colcon_core.package_identification:_identify(src/my_robot_slam) by extensions ['ros']
[1.673s] Level 1:colcon.colcon_core.package_identification:_identify(src/my_robot_slam) by extension 'ros'
[1.703s] DEBUG:colcon.colcon_core.package_identification:Package 'src/my_robot_slam' with type 'ros.ament_python' and name 'my_robot_slam'
[1.704s] Level 1:colcon.colcon_core.package_discovery:discover_packages(recursive) using defaults
[1.704s] Level 1:colcon.colcon_core.package_discovery:discover_packages(ignore) discover
[1.704s] Level 1:colcon.colcon_core.package_discovery:discover_packages(ignore) using defaults
[1.704s] Level 1:colcon.colcon_core.package_discovery:discover_packages(path) discover
[1.705s] Level 1:colcon.colcon_core.package_discovery:discover_packages(path) using defaults
[1.856s] Level 1:colcon.colcon_core.package_discovery:discover_packages(prefix_path) check parameters
[1.856s] Level 1:colcon.colcon_core.package_discovery:discover_packages(prefix_path) discover
[1.864s] WARNING:colcon.colcon_ros.prefix_path.ament:The path '/home/pfe/SlamGit/lk-s-2026-miloje-slam/install/my_robot_slam' in the environment variable AMENT_PREFIX_PATH doesn't exist
[1.872s] DEBUG:colcon.colcon_installed_package_information.package_discovery:Found 0 installed packages in /home/pfe/SlamGit/lk-s-2026-miloje-slam/install
[1.876s] DEBUG:colcon.colcon_installed_package_information.package_discovery:Found 1 installed packages in /home/pfe/install
[1.892s] DEBUG:colcon.colcon_installed_package_information.package_discovery:Found 197 installed packages in /opt/ros/jazzy
[1.899s] Level 1:colcon.colcon_core.package_discovery:discover_packages(prefix_path) using defaults
[2.240s] Level 5:colcon.colcon_core.verb:set package 'my_robot_slam' build argument 'cmake_args' from command line to 'None'
[2.241s] Level 5:colcon.colcon_core.verb:set package 'my_robot_slam' build argument 'cmake_target' from command line to 'None'
[2.241s] Level 5:colcon.colcon_core.verb:set package 'my_robot_slam' build argument 'cmake_target_skip_unavailable' from command line to 'False'
[2.241s] Level 5:colcon.colcon_core.verb:set package 'my_robot_slam' build argument 'cmake_clean_cache' from command line to 'False'
[2.241s] Level 5:colcon.colcon_core.verb:set package 'my_robot_slam' build argument 'cmake_clean_first' from command line to 'False'
[2.242s] Level 5:colcon.colcon_core.verb:set package 'my_robot_slam' build argument 'cmake_force_configure' from command line to 'False'
[2.242s] Level 5:colcon.colcon_core.verb:set package 'my_robot_slam' build argument 'ament_cmake_args' from command line to 'None'
[2.242s] Level 5:colcon.colcon_core.verb:set package 'my_robot_slam' build argument 'catkin_cmake_args' from command line to 'None'
[2.242s] Level 5:colcon.colcon_core.verb:set package 'my_robot_slam' build argument 'catkin_skip_building_tests' from command line to 'False'
[2.243s] DEBUG:colcon.colcon_core.verb:Building package 'my_robot_slam' with the following arguments: {'ament_cmake_args': None, 'build_base': '/home/pfe/SlamGit/lk-s-2026-miloje-slam/build/my_robot_slam', 'catkin_cmake_args': None, 'catkin_skip_building_tests': False, 'cmake_args': None, 'cmake_clean_cache': False, 'cmake_clean_first': False, 'cmake_force_configure': False, 'cmake_target': None, 'cmake_target_skip_unavailable': False, 'install_base': '/home/pfe/SlamGit/lk-s-2026-miloje-slam/install/my_robot_slam', 'merge_install': False, 'path': '/home/pfe/SlamGit/lk-s-2026-miloje-slam/src/my_robot_slam', 'symlink_install': False, 'test_result_base': None}
[2.244s] INFO:colcon.colcon_core.executor:Executing jobs using 'parallel' executor
[2.250s] DEBUG:colcon.colcon_parallel_executor.executor.parallel:run_until_complete
[2.252s] INFO:colcon.colcon_ros.task.ament_python.build:Building ROS package in '/home/pfe/SlamGit/lk-s-2026-miloje-slam/src/my_robot_slam' with build type 'ament_python'
[2.253s] Level 1:colcon.colcon_core.shell:create_environment_hook('my_robot_slam', 'ament_prefix_path')
[2.270s] INFO:colcon.colcon_core.plugin_system:Skipping extension 'colcon_core.shell.bat': Not used on non-Windows systems
[2.272s] INFO:colcon.colcon_core.shell:Creating environment hook '/home/pfe/SlamGit/lk-s-2026-miloje-slam/install/my_robot_slam/share/my_robot_slam/hook/ament_prefix_path.ps1'
[2.287s] INFO:colcon.colcon_core.shell:Creating environment descriptor '/home/pfe/SlamGit/lk-s-2026-miloje-slam/install/my_robot_slam/share/my_robot_slam/hook/ament_prefix_path.dsv'
[2.291s] INFO:colcon.colcon_core.shell:Creating environment hook '/home/pfe/SlamGit/lk-s-2026-miloje-slam/install/my_robot_slam/share/my_robot_slam/hook/ament_prefix_path.sh'
[2.296s] INFO:colcon.colcon_core.shell:Skip shell extension 'powershell' for command environment: Not usable outside of PowerShell
[2.297s] DEBUG:colcon.colcon_core.shell:Skip shell extension 'dsv' for command environment
[4.312s] INFO:colcon.colcon_core.task.python.build:Building Python package in '/home/pfe/SlamGit/lk-s-2026-miloje-slam/src/my_robot_slam'
[4.314s] INFO:colcon.colcon_core.shell:Skip shell extension 'powershell' for command environment: Not usable outside of PowerShell
[4.314s] DEBUG:colcon.colcon_core.shell:Skip shell extension 'dsv' for command environment
[9.735s] DEBUG:colcon.colcon_core.task.python.build:Available setuptools commands: saveopts, bdist_wheel, rotate, build_ext, dist_info, upload_docs, install_headers, develop, compile_catalog, install_egg_info, upload, easy_install, build_clib, bdist_rpm, install_lib, check, alias, bdist_egg, init_catalog, symlink_data, install_scripts, sdist, extract_messages, build, install_data, egg_info, install, register, bdist_dumb, update_catalog, build_scripts, build_py, clean, bdist, setopt, test, editable_wheel
[9.758s] DEBUG:colcon.colcon_core.event_handler.log_command:Invoking command in '/home/pfe/SlamGit/lk-s-2026-miloje-slam/src/my_robot_slam': PYTHONPATH=/home/pfe/SlamGit/lk-s-2026-miloje-slam/build/my_robot_slam/prefix_override:/usr/lib/python3/dist-packages/colcon_core/task/python/colcon_distutils_commands:/home/pfe/SlamGit/lk-s-2026-miloje-slam/install/my_robot_slam/lib/python3.12/site-packages:${PYTHONPATH} /usr/bin/python3 -W ignore:setup.py install is deprecated -W ignore:easy_install command is deprecated setup.py egg_info --egg-base ../../build/my_robot_slam build --build-base /home/pfe/SlamGit/lk-s-2026-miloje-slam/build/my_robot_slam/build install --record /home/pfe/SlamGit/lk-s-2026-miloje-slam/build/my_robot_slam/install.log --install-scripts $base/lib/my_robot_slam --single-version-externally-managed install_data
[14.848s] DEBUG:colcon.colcon_core.event_handler.log_command:Invoked command in '/home/pfe/SlamGit/lk-s-2026-miloje-slam/src/my_robot_slam' returned '0': PYTHONPATH=/home/pfe/SlamGit/lk-s-2026-miloje-slam/build/my_robot_slam/prefix_override:/usr/lib/python3/dist-packages/colcon_core/task/python/colcon_distutils_commands:/home/pfe/SlamGit/lk-s-2026-miloje-slam/install/my_robot_slam/lib/python3.12/site-packages:${PYTHONPATH} /usr/bin/python3 -W ignore:setup.py install is deprecated -W ignore:easy_install command is deprecated setup.py egg_info --egg-base ../../build/my_robot_slam build --build-base /home/pfe/SlamGit/lk-s-2026-miloje-slam/build/my_robot_slam/build install --record /home/pfe/SlamGit/lk-s-2026-miloje-slam/build/my_robot_slam/install.log --install-scripts $base/lib/my_robot_slam --single-version-externally-managed install_data
[14.869s] Level 1:colcon.colcon_core.environment:checking '/home/pfe/SlamGit/lk-s-2026-miloje-slam/install/my_robot_slam' for CMake module files
[14.876s] Level 1:colcon.colcon_core.environment:checking '/home/pfe/SlamGit/lk-s-2026-miloje-slam/install/my_robot_slam' for CMake config files
[14.884s] Level 1:colcon.colcon_core.environment:checking '/home/pfe/SlamGit/lk-s-2026-miloje-slam/install/my_robot_slam/lib'
[14.886s] Level 1:colcon.colcon_core.environment:checking '/home/pfe/SlamGit/lk-s-2026-miloje-slam/install/my_robot_slam/bin'
[14.887s] Level 1:colcon.colcon_core.environment:checking '/home/pfe/SlamGit/lk-s-2026-miloje-slam/install/my_robot_slam/lib/pkgconfig/my_robot_slam.pc'
[14.889s] Level 1:colcon.colcon_core.environment:checking '/home/pfe/SlamGit/lk-s-2026-miloje-slam/install/my_robot_slam/lib/python3.12/site-packages'
[14.890s] Level 1:colcon.colcon_core.shell:create_environment_hook('my_robot_slam', 'pythonpath')
[14.891s] INFO:colcon.colcon_core.shell:Creating environment hook '/home/pfe/SlamGit/lk-s-2026-miloje-slam/install/my_robot_slam/share/my_robot_slam/hook/pythonpath.ps1'
[14.895s] INFO:colcon.colcon_core.shell:Creating environment descriptor '/home/pfe/SlamGit/lk-s-2026-miloje-slam/install/my_robot_slam/share/my_robot_slam/hook/pythonpath.dsv'
[14.898s] INFO:colcon.colcon_core.shell:Creating environment hook '/home/pfe/SlamGit/lk-s-2026-miloje-slam/install/my_robot_slam/share/my_robot_slam/hook/pythonpath.sh'
[14.904s] Level 1:colcon.colcon_core.environment:checking '/home/pfe/SlamGit/lk-s-2026-miloje-slam/install/my_robot_slam/bin'
[14.905s] Level 1:colcon.colcon_core.environment:create_environment_scripts_only(my_robot_slam)
[14.907s] INFO:colcon.colcon_core.shell:Creating package script '/home/pfe/SlamGit/lk-s-2026-miloje-slam/install/my_robot_slam/share/my_robot_slam/package.ps1'
[14.915s] INFO:colcon.colcon_core.shell:Creating package descriptor '/home/pfe/SlamGit/lk-s-2026-miloje-slam/install/my_robot_slam/share/my_robot_slam/package.dsv'
[14.920s] INFO:colcon.colcon_core.shell:Creating package script '/home/pfe/SlamGit/lk-s-2026-miloje-slam/install/my_robot_slam/share/my_robot_slam/package.sh'
[14.927s] INFO:colcon.colcon_core.shell:Creating package script '/home/pfe/SlamGit/lk-s-2026-miloje-slam/install/my_robot_slam/share/my_robot_slam/package.bash'
[14.933s] INFO:colcon.colcon_core.shell:Creating package script '/home/pfe/SlamGit/lk-s-2026-miloje-slam/install/my_robot_slam/share/my_robot_slam/package.zsh'
[14.938s] Level 1:colcon.colcon_core.environment:create_file_with_runtime_dependencies(/home/pfe/SlamGit/lk-s-2026-miloje-slam/install/my_robot_slam/share/colcon-core/packages/my_robot_slam)
[14.941s] DEBUG:colcon.colcon_parallel_executor.executor.parallel:closing loop
[14.944s] DEBUG:colcon.colcon_parallel_executor.executor.parallel:loop closed
[14.945s] DEBUG:colcon.colcon_parallel_executor.executor.parallel:run_until_complete finished with '0'
[14.945s] DEBUG:colcon.colcon_core.event_reactor:joining thread
[14.948s] DEBUG:colcon.colcon_core.event_reactor:joined thread
[14.950s] INFO:colcon.colcon_core.shell:Creating prefix script '/home/pfe/SlamGit/lk-s-2026-miloje-slam/install/local_setup.ps1'
[14.957s] INFO:colcon.colcon_core.shell:Creating prefix util module '/home/pfe/SlamGit/lk-s-2026-miloje-slam/install/_local_setup_util_ps1.py'
[14.968s] INFO:colcon.colcon_core.shell:Creating prefix chain script '/home/pfe/SlamGit/lk-s-2026-miloje-slam/install/setup.ps1'
[14.977s] INFO:colcon.colcon_core.shell:Creating prefix script '/home/pfe/SlamGit/lk-s-2026-miloje-slam/install/local_setup.sh'
[14.982s] INFO:colcon.colcon_core.shell:Creating prefix util module '/home/pfe/SlamGit/lk-s-2026-miloje-slam/install/_local_setup_util_sh.py'
[14.988s] INFO:colcon.colcon_core.shell:Creating prefix chain script '/home/pfe/SlamGit/lk-s-2026-miloje-slam/install/setup.sh'
[14.996s] INFO:colcon.colcon_core.shell:Creating prefix script '/home/pfe/SlamGit/lk-s-2026-miloje-slam/install/local_setup.bash'
[15.000s] INFO:colcon.colcon_core.shell:Creating prefix chain script '/home/pfe/SlamGit/lk-s-2026-miloje-slam/install/setup.bash'
[15.009s] INFO:colcon.colcon_core.shell:Creating prefix script '/home/pfe/SlamGit/lk-s-2026-miloje-slam/install/local_setup.zsh'
[15.013s] INFO:colcon.colcon_core.shell:Creating prefix chain script '/home/pfe/SlamGit/lk-s-2026-miloje-slam/install/setup.zsh'
