[0.572s] Invoking command in '/run/host/home/veljkogalovic/robot_ws/src/my_robot_slam': DEBUGINFOD_URLS=ima:enforcing https://debuginfod.fedoraproject.org/ ima:ignore PS1=📦[\u@ros2-env \W]$ PYTHONPATH=/run/host/home/veljkogalovic/robot_ws/build/my_robot_slam/prefix_override:/usr/lib/python3/dist-packages/colcon_core/task/python/colcon_distutils_commands:/run/host/home/veljkogalovic/robot_ws/install/my_robot_slam/lib/python3.10/site-packages:${PYTHONPATH} /usr/bin/python3 -W ignore:setup.py install is deprecated -W ignore:easy_install command is deprecated setup.py egg_info --egg-base ../../build/my_robot_slam build --build-base /run/host/home/veljkogalovic/robot_ws/build/my_robot_slam/build install --record /run/host/home/veljkogalovic/robot_ws/build/my_robot_slam/install.log --install-scripts $base/lib/my_robot_slam --single-version-externally-managed install_data
[0.791s] running egg_info
[0.791s] writing ../../build/my_robot_slam/my_robot_slam.egg-info/PKG-INFO
[0.791s] writing dependency_links to ../../build/my_robot_slam/my_robot_slam.egg-info/dependency_links.txt
[0.792s] writing entry points to ../../build/my_robot_slam/my_robot_slam.egg-info/entry_points.txt
[0.792s] writing requirements to ../../build/my_robot_slam/my_robot_slam.egg-info/requires.txt
[0.792s] writing top-level names to ../../build/my_robot_slam/my_robot_slam.egg-info/top_level.txt
[0.794s] reading manifest file '../../build/my_robot_slam/my_robot_slam.egg-info/SOURCES.txt'
[0.794s] writing manifest file '../../build/my_robot_slam/my_robot_slam.egg-info/SOURCES.txt'
[0.795s] running build
[0.795s] running build_py
[0.795s] running install
[0.795s] running install_lib
[0.797s] running install_data
[0.797s] running install_egg_info
[0.798s] removing '/run/host/home/veljkogalovic/robot_ws/install/my_robot_slam/lib/python3.10/site-packages/my_robot_slam-0.0.0-py3.10.egg-info' (and everything under it)
[0.799s] Copying ../../build/my_robot_slam/my_robot_slam.egg-info to /run/host/home/veljkogalovic/robot_ws/install/my_robot_slam/lib/python3.10/site-packages/my_robot_slam-0.0.0-py3.10.egg-info
[0.799s] running install_scripts
[0.820s] Installing battery_monitor script to /run/host/home/veljkogalovic/robot_ws/install/my_robot_slam/lib/my_robot_slam
[0.821s] Installing desni_motor script to /run/host/home/veljkogalovic/robot_ws/install/my_robot_slam/lib/my_robot_slam
[0.821s] Installing komunikacija script to /run/host/home/veljkogalovic/robot_ws/install/my_robot_slam/lib/my_robot_slam
[0.821s] Installing levi_motor script to /run/host/home/veljkogalovic/robot_ws/install/my_robot_slam/lib/my_robot_slam
[0.821s] Installing mock_laser script to /run/host/home/veljkogalovic/robot_ws/install/my_robot_slam/lib/my_robot_slam
[0.821s] Installing motion_planner script to /run/host/home/veljkogalovic/robot_ws/install/my_robot_slam/lib/my_robot_slam
[0.821s] Installing odom_publisher script to /run/host/home/veljkogalovic/robot_ws/install/my_robot_slam/lib/my_robot_slam
[0.821s] Installing path_planner script to /run/host/home/veljkogalovic/robot_ws/install/my_robot_slam/lib/my_robot_slam
[0.821s] Installing slam_processor script to /run/host/home/veljkogalovic/robot_ws/install/my_robot_slam/lib/my_robot_slam
[0.821s] writing list of installed files to '/run/host/home/veljkogalovic/robot_ws/build/my_robot_slam/install.log'
[0.846s] Invoked command in '/run/host/home/veljkogalovic/robot_ws/src/my_robot_slam' returned '0': DEBUGINFOD_URLS=ima:enforcing https://debuginfod.fedoraproject.org/ ima:ignore PS1=📦[\u@ros2-env \W]$ PYTHONPATH=/run/host/home/veljkogalovic/robot_ws/build/my_robot_slam/prefix_override:/usr/lib/python3/dist-packages/colcon_core/task/python/colcon_distutils_commands:/run/host/home/veljkogalovic/robot_ws/install/my_robot_slam/lib/python3.10/site-packages:${PYTHONPATH} /usr/bin/python3 -W ignore:setup.py install is deprecated -W ignore:easy_install command is deprecated setup.py egg_info --egg-base ../../build/my_robot_slam build --build-base /run/host/home/veljkogalovic/robot_ws/build/my_robot_slam/build install --record /run/host/home/veljkogalovic/robot_ws/build/my_robot_slam/install.log --install-scripts $base/lib/my_robot_slam --single-version-externally-managed install_data
