[8.658s] Invoking command in '/home/pfe/SlamGit/lk-s-2026-miloje-slam/src/my_robot_slam': PYTHONPATH=/home/pfe/SlamGit/lk-s-2026-miloje-slam/build/my_robot_slam/prefix_override:/usr/lib/python3/dist-packages/colcon_core/task/python/colcon_distutils_commands:/home/pfe/SlamGit/lk-s-2026-miloje-slam/install/my_robot_slam/lib/python3.12/site-packages:${PYTHONPATH} /usr/bin/python3 -W ignore:setup.py install is deprecated -W ignore:easy_install command is deprecated setup.py egg_info --egg-base ../../build/my_robot_slam build --build-base /home/pfe/SlamGit/lk-s-2026-miloje-slam/build/my_robot_slam/build install --record /home/pfe/SlamGit/lk-s-2026-miloje-slam/build/my_robot_slam/install.log --install-scripts $base/lib/my_robot_slam --single-version-externally-managed install_data
[11.085s] running egg_info
[11.257s] writing ../../build/my_robot_slam/my_robot_slam.egg-info/PKG-INFO
[11.261s] writing dependency_links to ../../build/my_robot_slam/my_robot_slam.egg-info/dependency_links.txt
[11.263s] writing entry points to ../../build/my_robot_slam/my_robot_slam.egg-info/entry_points.txt
[11.265s] writing requirements to ../../build/my_robot_slam/my_robot_slam.egg-info/requires.txt
[11.267s] writing top-level names to ../../build/my_robot_slam/my_robot_slam.egg-info/top_level.txt
[11.620s] reading manifest file '../../build/my_robot_slam/my_robot_slam.egg-info/SOURCES.txt'
[11.630s] writing manifest file '../../build/my_robot_slam/my_robot_slam.egg-info/SOURCES.txt'
[11.632s] running build
[11.633s] running build_py
[11.641s] copying my_robot_slam/komunikacija.py -> /home/pfe/SlamGit/lk-s-2026-miloje-slam/build/my_robot_slam/build/lib/my_robot_slam
[11.648s] running install
[11.713s] running install_lib
[11.895s] copying /home/pfe/SlamGit/lk-s-2026-miloje-slam/build/my_robot_slam/build/lib/my_robot_slam/komunikacija.py -> /home/pfe/SlamGit/lk-s-2026-miloje-slam/install/my_robot_slam/lib/python3.12/site-packages/my_robot_slam
[11.907s] byte-compiling /home/pfe/SlamGit/lk-s-2026-miloje-slam/install/my_robot_slam/lib/python3.12/site-packages/my_robot_slam/komunikacija.py to komunikacija.cpython-312.pyc
[11.916s] running install_data
[11.921s] running install_egg_info
[12.107s] removing '/home/pfe/SlamGit/lk-s-2026-miloje-slam/install/my_robot_slam/lib/python3.12/site-packages/my_robot_slam-0.0.0-py3.12.egg-info' (and everything under it)
[12.111s] Copying ../../build/my_robot_slam/my_robot_slam.egg-info to /home/pfe/SlamGit/lk-s-2026-miloje-slam/install/my_robot_slam/lib/python3.12/site-packages/my_robot_slam-0.0.0-py3.12.egg-info
[12.814s] running install_scripts
[14.039s] Installing battery_monitor script to /home/pfe/SlamGit/lk-s-2026-miloje-slam/install/my_robot_slam/lib/my_robot_slam
[14.381s] Installing desni_motor script to /home/pfe/SlamGit/lk-s-2026-miloje-slam/install/my_robot_slam/lib/my_robot_slam
[14.384s] Installing enkoder_sim script to /home/pfe/SlamGit/lk-s-2026-miloje-slam/install/my_robot_slam/lib/my_robot_slam
[14.386s] Installing komunikacija script to /home/pfe/SlamGit/lk-s-2026-miloje-slam/install/my_robot_slam/lib/my_robot_slam
[14.388s] Installing levi_motor script to /home/pfe/SlamGit/lk-s-2026-miloje-slam/install/my_robot_slam/lib/my_robot_slam
[14.390s] Installing mock_laser script to /home/pfe/SlamGit/lk-s-2026-miloje-slam/install/my_robot_slam/lib/my_robot_slam
[14.392s] Installing motion_planner script to /home/pfe/SlamGit/lk-s-2026-miloje-slam/install/my_robot_slam/lib/my_robot_slam
[14.394s] Installing odometrija script to /home/pfe/SlamGit/lk-s-2026-miloje-slam/install/my_robot_slam/lib/my_robot_slam
[14.396s] Installing path_planner script to /home/pfe/SlamGit/lk-s-2026-miloje-slam/install/my_robot_slam/lib/my_robot_slam
[14.398s] Installing slam_processor script to /home/pfe/SlamGit/lk-s-2026-miloje-slam/install/my_robot_slam/lib/my_robot_slam
[14.403s] writing list of installed files to '/home/pfe/SlamGit/lk-s-2026-miloje-slam/build/my_robot_slam/install.log'
[14.700s] Invoked command in '/home/pfe/SlamGit/lk-s-2026-miloje-slam/src/my_robot_slam' returned '0': PYTHONPATH=/home/pfe/SlamGit/lk-s-2026-miloje-slam/build/my_robot_slam/prefix_override:/usr/lib/python3/dist-packages/colcon_core/task/python/colcon_distutils_commands:/home/pfe/SlamGit/lk-s-2026-miloje-slam/install/my_robot_slam/lib/python3.12/site-packages:${PYTHONPATH} /usr/bin/python3 -W ignore:setup.py install is deprecated -W ignore:easy_install command is deprecated setup.py egg_info --egg-base ../../build/my_robot_slam build --build-base /home/pfe/SlamGit/lk-s-2026-miloje-slam/build/my_robot_slam/build install --record /home/pfe/SlamGit/lk-s-2026-miloje-slam/build/my_robot_slam/install.log --install-scripts $base/lib/my_robot_slam --single-version-externally-managed install_data
